[ 2016-12-23T12:40:38+08:00 ] ::1 /CES/index.php/Home/Data/getTotalUser
INFO: [ app_init ] --START--
INFO: Run Behavior\BuildLiteBehavior [ RunTime:0.000011s ]
INFO: [ app_init ] --END-- [ RunTime:0.000530s ]
INFO: [ app_begin ] --START--
INFO: Run Behavior\ReadHtmlCacheBehavior [ RunTime:0.000525s ]
INFO: [ app_begin ] --END-- [ RunTime:0.000559s ]
NOTIC: [8] A session had already been started - ignoring session_start() /Users/lawrance/Data/CES/ThinkPHP/Common/functions.php 第 1263 行.
NOTIC: [2] curl_setopt(): Disabling safe uploads is no longer supported /Users/lawrance/Data/CES/CES/Home/Controller/MenuController.class.php 第 86 行.
INFO: [ app_end ] --START--
INFO: Run Behavior\ShowPageTraceBehavior [ RunTime:0.001533s ]
INFO: [ app_end ] --END-- [ RunTime:0.001576s ]

[ 2016-12-23T12:41:07+08:00 ] ::1 /CES/index.php/Home/Data/getTotalUser
INFO: [ app_init ] --START--
INFO: Run Behavior\BuildLiteBehavior [ RunTime:0.000005s ]
INFO: [ app_init ] --END-- [ RunTime:0.000192s ]
INFO: [ app_begin ] --START--
INFO: Run Behavior\ReadHtmlCacheBehavior [ RunTime:0.000214s ]
INFO: [ app_begin ] --END-- [ RunTime:0.000233s ]
NOTIC: [8] A session had already been started - ignoring session_start() /Users/lawrance/Data/CES/ThinkPHP/Common/functions.php 第 1263 行.
NOTIC: [2] curl_setopt(): Disabling safe uploads is no longer supported /Users/lawrance/Data/CES/CES/Home/Controller/MenuController.class.php 第 86 行.
INFO: [ app_end ] --START--
INFO: Run Behavior\ShowPageTraceBehavior [ RunTime:0.000300s ]
INFO: [ app_end ] --END-- [ RunTime:0.000335s ]

[ 2016-12-23T12:41:21+08:00 ] ::1 /CES/index.php/Home/Data/getTotalUser
INFO: [ app_init ] --START--
INFO: Run Behavior\BuildLiteBehavior [ RunTime:0.000008s ]
INFO: [ app_init ] --END-- [ RunTime:0.000210s ]
INFO: [ app_begin ] --START--
INFO: Run Behavior\ReadHtmlCacheBehavior [ RunTime:0.000226s ]
INFO: [ app_begin ] --END-- [ RunTime:0.000244s ]
NOTIC: [8] A session had already been started - ignoring session_start() /Users/lawrance/Data/CES/ThinkPHP/Common/functions.php 第 1263 行.
NOTIC: [2] curl_setopt(): Disabling safe uploads is no longer supported /Users/lawrance/Data/CES/CES/Home/Controller/MenuController.class.php 第 86 行.
NOTIC: [8] Object of class Org\Util\Date could not be converted to int /Users/lawrance/Data/CES/CES/Home/Controller/DataController.class.php 第 151 行.
INFO: [ app_end ] --START--
INFO: Run Behavior\ShowPageTraceBehavior [ RunTime:0.000296s ]
INFO: [ app_end ] --END-- [ RunTime:0.000319s ]

[ 2016-12-23T12:45:11+08:00 ] ::1 /CES/index.php/Home/Data/getTotalUser
INFO: [ app_init ] --START--
INFO: Run Behavior\BuildLiteBehavior [ RunTime:0.000008s ]
INFO: [ app_init ] --END-- [ RunTime:0.000418s ]
INFO: [ app_begin ] --START--
INFO: Run Behavior\ReadHtmlCacheBehavior [ RunTime:0.000469s ]
INFO: [ app_begin ] --END-- [ RunTime:0.000502s ]
NOTIC: [8] A session had already been started - ignoring session_start() /Users/lawrance/Data/CES/ThinkPHP/Common/functions.php 第 1263 行.
NOTIC: [2] curl_setopt(): Disabling safe uploads is no longer supported /Users/lawrance/Data/CES/CES/Home/Controller/MenuController.class.php 第 86 行.
INFO: [ app_end ] --START--
INFO: Run Behavior\ShowPageTraceBehavior [ RunTime:0.001463s ]
INFO: [ app_end ] --END-- [ RunTime:0.001505s ]

[ 2016-12-23T12:46:00+08:00 ] ::1 /CES/index.php/Home/Data/getTotalUser
INFO: [ app_init ] --START--
INFO: Run Behavior\BuildLiteBehavior [ RunTime:0.000007s ]
INFO: [ app_init ] --END-- [ RunTime:0.000191s ]
INFO: [ app_begin ] --START--
INFO: Run Behavior\ReadHtmlCacheBehavior [ RunTime:0.000301s ]
INFO: [ app_begin ] --END-- [ RunTime:0.000347s ]
NOTIC: [8] A session had already been started - ignoring session_start() /Users/lawrance/Data/CES/ThinkPHP/Common/functions.php 第 1263 行.
NOTIC: [2] curl_setopt(): Disabling safe uploads is no longer supported /Users/lawrance/Data/CES/CES/Home/Controller/MenuController.class.php 第 86 行.
INFO: [ app_end ] --START--
INFO: Run Behavior\ShowPageTraceBehavior [ RunTime:0.000518s ]
INFO: [ app_end ] --END-- [ RunTime:0.000584s ]

[ 2016-12-23T12:48:32+08:00 ] ::1 /CES/index.php/Home/Data/getTotalUser
INFO: [ app_init ] --START--
INFO: Run Behavior\BuildLiteBehavior [ RunTime:0.000009s ]
INFO: [ app_init ] --END-- [ RunTime:0.000207s ]
INFO: [ app_begin ] --START--
INFO: Run Behavior\ReadHtmlCacheBehavior [ RunTime:0.000235s ]
INFO: [ app_begin ] --END-- [ RunTime:0.000286s ]
NOTIC: [8] A session had already been started - ignoring session_start() /Users/lawrance/Data/CES/ThinkPHP/Common/functions.php 第 1263 行.
NOTIC: [2] curl_setopt(): Disabling safe uploads is no longer supported /Users/lawrance/Data/CES/CES/Home/Controller/MenuController.class.php 第 86 行.
NOTIC: [2] curl_setopt(): Disabling safe uploads is no longer supported /Users/lawrance/Data/CES/CES/Home/Controller/MenuController.class.php 第 86 行.

[ 2016-12-23T12:49:37+08:00 ] ::1 /CES/index.php/Home/Data/getTotalUser
INFO: [ app_init ] --START--
INFO: Run Behavior\BuildLiteBehavior [ RunTime:0.000005s ]
INFO: [ app_init ] --END-- [ RunTime:0.000158s ]
INFO: [ app_begin ] --START--
INFO: Run Behavior\ReadHtmlCacheBehavior [ RunTime:0.000204s ]
INFO: [ app_begin ] --END-- [ RunTime:0.000222s ]
NOTIC: [8] A session had already been started - ignoring session_start() /Users/lawrance/Data/CES/ThinkPHP/Common/functions.php 第 1263 行.
NOTIC: [2] curl_setopt(): Disabling safe uploads is no longer supported /Users/lawrance/Data/CES/CES/Home/Controller/MenuController.class.php 第 86 行.
NOTIC: [2] curl_setopt(): Disabling safe uploads is no longer supported /Users/lawrance/Data/CES/CES/Home/Controller/MenuController.class.php 第 86 行.

[ 2016-12-23T12:49:42+08:00 ] ::1 /CES/index.php/Home/Data/getTotalUser
INFO: [ app_init ] --START--
INFO: Run Behavior\BuildLiteBehavior [ RunTime:0.000005s ]
INFO: [ app_init ] --END-- [ RunTime:0.000175s ]
INFO: [ app_begin ] --START--
INFO: Run Behavior\ReadHtmlCacheBehavior [ RunTime:0.000199s ]
INFO: [ app_begin ] --END-- [ RunTime:0.000217s ]
NOTIC: [8] A session had already been started - ignoring session_start() /Users/lawrance/Data/CES/ThinkPHP/Common/functions.php 第 1263 行.
NOTIC: [2] curl_setopt(): Disabling safe uploads is no longer supported /Users/lawrance/Data/CES/CES/Home/Controller/MenuController.class.php 第 86 行.
NOTIC: [2] curl_setopt(): Disabling safe uploads is no longer supported /Users/lawrance/Data/CES/CES/Home/Controller/MenuController.class.php 第 86 行.

[ 2016-12-23T12:49:53+08:00 ] ::1 /CES/index.php/Home/Data/getTotalUser
INFO: [ app_init ] --START--
INFO: Run Behavior\BuildLiteBehavior [ RunTime:0.000007s ]
INFO: [ app_init ] --END-- [ RunTime:0.000254s ]
INFO: [ app_begin ] --START--
INFO: Run Behavior\ReadHtmlCacheBehavior [ RunTime:0.000217s ]
INFO: [ app_begin ] --END-- [ RunTime:0.000236s ]
NOTIC: [8] A session had already been started - ignoring session_start() /Users/lawrance/Data/CES/ThinkPHP/Common/functions.php 第 1263 行.
NOTIC: [2] curl_setopt(): Disabling safe uploads is no longer supported /Users/lawrance/Data/CES/CES/Home/Controller/MenuController.class.php 第 86 行.
NOTIC: [2] curl_setopt(): Disabling safe uploads is no longer supported /Users/lawrance/Data/CES/CES/Home/Controller/MenuController.class.php 第 86 行.

[ 2016-12-23T12:52:22+08:00 ] ::1 /CES/index.php/Home/Data/getTotalUser
INFO: [ app_init ] --START--
INFO: Run Behavior\BuildLiteBehavior [ RunTime:0.000010s ]
INFO: [ app_init ] --END-- [ RunTime:0.000246s ]
INFO: [ app_begin ] --START--
INFO: Run Behavior\ReadHtmlCacheBehavior [ RunTime:0.000259s ]
INFO: [ app_begin ] --END-- [ RunTime:0.000280s ]
NOTIC: [8] A session had already been started - ignoring session_start() /Users/lawrance/Data/CES/ThinkPHP/Common/functions.php 第 1263 行.
NOTIC: [2] curl_setopt(): Disabling safe uploads is no longer supported /Users/lawrance/Data/CES/CES/Home/Controller/MenuController.class.php 第 86 行.
NOTIC: [2] curl_setopt(): Disabling safe uploads is no longer supported /Users/lawrance/Data/CES/CES/Home/Controller/MenuController.class.php 第 86 行.

[ 2016-12-23T12:52:26+08:00 ] ::1 /CES/index.php/Home/Data/getTotalUser
INFO: [ app_init ] --START--
INFO: Run Behavior\BuildLiteBehavior [ RunTime:0.000009s ]
INFO: [ app_init ] --END-- [ RunTime:0.000254s ]
INFO: [ app_begin ] --START--
INFO: Run Behavior\ReadHtmlCacheBehavior [ RunTime:0.000331s ]
INFO: [ app_begin ] --END-- [ RunTime:0.000362s ]
NOTIC: [8] A session had already been started - ignoring session_start() /Users/lawrance/Data/CES/ThinkPHP/Common/functions.php 第 1263 行.
NOTIC: [2] curl_setopt(): Disabling safe uploads is no longer supported /Users/lawrance/Data/CES/CES/Home/Controller/MenuController.class.php 第 86 行.
NOTIC: [2] curl_setopt(): Disabling safe uploads is no longer supported /Users/lawrance/Data/CES/CES/Home/Controller/MenuController.class.php 第 86 行.

[ 2016-12-23T12:52:33+08:00 ] ::1 /CES/index.php/Home/Data/getTotalUser
INFO: [ app_init ] --START--
INFO: Run Behavior\BuildLiteBehavior [ RunTime:0.000006s ]
INFO: [ app_init ] --END-- [ RunTime:0.000210s ]
INFO: [ app_begin ] --START--
INFO: Run Behavior\ReadHtmlCacheBehavior [ RunTime:0.000547s ]
INFO: [ app_begin ] --END-- [ RunTime:0.000629s ]
NOTIC: [8] A session had already been started - ignoring session_start() /Users/lawrance/Data/CES/ThinkPHP/Common/functions.php 第 1263 行.
NOTIC: [2] curl_setopt(): Disabling safe uploads is no longer supported /Users/lawrance/Data/CES/CES/Home/Controller/MenuController.class.php 第 86 行.
NOTIC: [2] curl_setopt(): Disabling safe uploads is no longer supported /Users/lawrance/Data/CES/CES/Home/Controller/MenuController.class.php 第 86 行.

[ 2016-12-23T12:52:51+08:00 ] ::1 /CES/index.php/Home/Data/getTotalUser
INFO: [ app_init ] --START--
INFO: Run Behavior\BuildLiteBehavior [ RunTime:0.000005s ]
INFO: [ app_init ] --END-- [ RunTime:0.000164s ]
INFO: [ app_begin ] --START--
INFO: Run Behavior\ReadHtmlCacheBehavior [ RunTime:0.000215s ]
INFO: [ app_begin ] --END-- [ RunTime:0.000234s ]
NOTIC: [8] A session had already been started - ignoring session_start() /Users/lawrance/Data/CES/ThinkPHP/Common/functions.php 第 1263 行.
NOTIC: [2] curl_setopt(): Disabling safe uploads is no longer supported /Users/lawrance/Data/CES/CES/Home/Controller/MenuController.class.php 第 86 行.
NOTIC: [2] curl_setopt(): Disabling safe uploads is no longer supported /Users/lawrance/Data/CES/CES/Home/Controller/MenuController.class.php 第 86 行.

[ 2016-12-23T12:53:10+08:00 ] ::1 /CES/index.php/Home/Data/getTotalUser
INFO: [ app_init ] --START--
INFO: Run Behavior\BuildLiteBehavior [ RunTime:0.000006s ]
INFO: [ app_init ] --END-- [ RunTime:0.000194s ]
INFO: [ app_begin ] --START--
INFO: Run Behavior\ReadHtmlCacheBehavior [ RunTime:0.000217s ]
INFO: [ app_begin ] --END-- [ RunTime:0.000237s ]
NOTIC: [8] A session had already been started - ignoring session_start() /Users/lawrance/Data/CES/ThinkPHP/Common/functions.php 第 1263 行.
NOTIC: [2] curl_setopt(): Disabling safe uploads is no longer supported /Users/lawrance/Data/CES/CES/Home/Controller/MenuController.class.php 第 86 行.
NOTIC: [2] curl_setopt(): Disabling safe uploads is no longer supported /Users/lawrance/Data/CES/CES/Home/Controller/MenuController.class.php 第 86 行.

[ 2016-12-23T12:53:14+08:00 ] ::1 /CES/index.php/Home/Data/getTotalUser
INFO: [ app_init ] --START--
INFO: Run Behavior\BuildLiteBehavior [ RunTime:0.000006s ]
INFO: [ app_init ] --END-- [ RunTime:0.000166s ]
INFO: [ app_begin ] --START--
INFO: Run Behavior\ReadHtmlCacheBehavior [ RunTime:0.000201s ]
INFO: [ app_begin ] --END-- [ RunTime:0.000220s ]
NOTIC: [8] A session had already been started - ignoring session_start() /Users/lawrance/Data/CES/ThinkPHP/Common/functions.php 第 1263 行.
NOTIC: [2] curl_setopt(): Disabling safe uploads is no longer supported /Users/lawrance/Data/CES/CES/Home/Controller/MenuController.class.php 第 86 行.
NOTIC: [2] curl_setopt(): Disabling safe uploads is no longer supported /Users/lawrance/Data/CES/CES/Home/Controller/MenuController.class.php 第 86 行.

[ 2016-12-23T12:53:24+08:00 ] ::1 /CES/index.php/Home/Data/getTotalUser
INFO: [ app_init ] --START--
INFO: Run Behavior\BuildLiteBehavior [ RunTime:0.000005s ]
INFO: [ app_init ] --END-- [ RunTime:0.000171s ]
INFO: [ app_begin ] --START--
INFO: Run Behavior\ReadHtmlCacheBehavior [ RunTime:0.000212s ]
INFO: [ app_begin ] --END-- [ RunTime:0.000231s ]
NOTIC: [8] A session had already been started - ignoring session_start() /Users/lawrance/Data/CES/ThinkPHP/Common/functions.php 第 1263 行.
NOTIC: [2] curl_setopt(): Disabling safe uploads is no longer supported /Users/lawrance/Data/CES/CES/Home/Controller/MenuController.class.php 第 86 行.
NOTIC: [2] curl_setopt(): Disabling safe uploads is no longer supported /Users/lawrance/Data/CES/CES/Home/Controller/MenuController.class.php 第 86 行.

[ 2016-12-23T12:59:02+08:00 ] ::1 /CES/index.php/Home/Data/getTotalUser
INFO: [ app_init ] --START--
INFO: Run Behavior\BuildLiteBehavior [ RunTime:0.000006s ]
INFO: [ app_init ] --END-- [ RunTime:0.000165s ]
INFO: [ app_begin ] --START--
INFO: Run Behavior\ReadHtmlCacheBehavior [ RunTime:0.000212s ]
INFO: [ app_begin ] --END-- [ RunTime:0.000231s ]
NOTIC: [8] A session had already been started - ignoring session_start() /Users/lawrance/Data/CES/ThinkPHP/Common/functions.php 第 1263 行.
NOTIC: [2] curl_setopt(): Disabling safe uploads is no longer supported /Users/lawrance/Data/CES/CES/Home/Controller/MenuController.class.php 第 86 行.
NOTIC: [2] curl_setopt(): Disabling safe uploads is no longer supported /Users/lawrance/Data/CES/CES/Home/Controller/MenuController.class.php 第 86 行.

[ 2016-12-23T12:59:48+08:00 ] ::1 /CES/index.php/Home/Data/getTotalUser
INFO: [ app_init ] --START--
INFO: Run Behavior\BuildLiteBehavior [ RunTime:0.000008s ]
INFO: [ app_init ] --END-- [ RunTime:0.000449s ]
INFO: [ app_begin ] --START--
INFO: Run Behavior\ReadHtmlCacheBehavior [ RunTime:0.000470s ]
INFO: [ app_begin ] --END-- [ RunTime:0.000503s ]
NOTIC: [8] A session had already been started - ignoring session_start() /Users/lawrance/Data/CES/ThinkPHP/Common/functions.php 第 1263 行.
NOTIC: [2] curl_setopt(): Disabling safe uploads is no longer supported /Users/lawrance/Data/CES/CES/Home/Controller/MenuController.class.php 第 86 行.
NOTIC: [2] curl_setopt(): Disabling safe uploads is no longer supported /Users/lawrance/Data/CES/CES/Home/Controller/MenuController.class.php 第 86 行.

[ 2016-12-23T13:00:03+08:00 ] ::1 /CES/index.php/Home/Data/getTotalUser
INFO: [ app_init ] --START--
INFO: Run Behavior\BuildLiteBehavior [ RunTime:0.000005s ]
INFO: [ app_init ] --END-- [ RunTime:0.000165s ]
INFO: [ app_begin ] --START--
INFO: Run Behavior\ReadHtmlCacheBehavior [ RunTime:0.000209s ]
INFO: [ app_begin ] --END-- [ RunTime:0.000229s ]
NOTIC: [8] A session had already been started - ignoring session_start() /Users/lawrance/Data/CES/ThinkPHP/Common/functions.php 第 1263 行.
NOTIC: [2] curl_setopt(): Disabling safe uploads is no longer supported /Users/lawrance/Data/CES/CES/Home/Controller/MenuController.class.php 第 86 行.
NOTIC: [8] Undefined variable: result /Users/lawrance/Data/CES/CES/Home/Controller/DataController.class.php 第 159 行.
NOTIC: [8] Undefined variable: result /Users/lawrance/Data/CES/CES/Home/Controller/DataController.class.php 第 162 行.
NOTIC: [8] Trying to get property of non-object /Users/lawrance/Data/CES/CES/Home/Controller/DataController.class.php 第 164 行.
NOTIC: [8] Trying to get property of non-object /Users/lawrance/Data/CES/CES/Home/Controller/DataController.class.php 第 168 行.

[ 2016-12-23T13:00:18+08:00 ] ::1 /CES/index.php/Home/Data/getTotalUser
INFO: [ app_init ] --START--
INFO: Run Behavior\BuildLiteBehavior [ RunTime:0.000007s ]
INFO: [ app_init ] --END-- [ RunTime:0.000172s ]
INFO: [ app_begin ] --START--
INFO: Run Behavior\ReadHtmlCacheBehavior [ RunTime:0.000215s ]
INFO: [ app_begin ] --END-- [ RunTime:0.000236s ]
NOTIC: [8] A session had already been started - ignoring session_start() /Users/lawrance/Data/CES/ThinkPHP/Common/functions.php 第 1263 行.
NOTIC: [2] curl_setopt(): Disabling safe uploads is no longer supported /Users/lawrance/Data/CES/CES/Home/Controller/MenuController.class.php 第 86 行.
NOTIC: [8] Undefined variable: result /Users/lawrance/Data/CES/CES/Home/Controller/DataController.class.php 第 159 行.
NOTIC: [8] Undefined variable: result /Users/lawrance/Data/CES/CES/Home/Controller/DataController.class.php 第 162 行.
NOTIC: [8] Trying to get property of non-object /Users/lawrance/Data/CES/CES/Home/Controller/DataController.class.php 第 164 行.
NOTIC: [8] Trying to get property of non-object /Users/lawrance/Data/CES/CES/Home/Controller/DataController.class.php 第 168 行.

[ 2016-12-23T13:00:33+08:00 ] ::1 /CES/index.php/Home/Data/getTotalUser
INFO: [ app_init ] --START--
INFO: Run Behavior\BuildLiteBehavior [ RunTime:0.000006s ]
INFO: [ app_init ] --END-- [ RunTime:0.000182s ]
INFO: [ app_begin ] --START--
INFO: Run Behavior\ReadHtmlCacheBehavior [ RunTime:0.000438s ]
INFO: [ app_begin ] --END-- [ RunTime:0.000479s ]
NOTIC: [8] A session had already been started - ignoring session_start() /Users/lawrance/Data/CES/ThinkPHP/Common/functions.php 第 1263 行.
NOTIC: [2] curl_setopt(): Disabling safe uploads is no longer supported /Users/lawrance/Data/CES/CES/Home/Controller/MenuController.class.php 第 86 行.
NOTIC: [2] curl_setopt(): Disabling safe uploads is no longer supported /Users/lawrance/Data/CES/CES/Home/Controller/MenuController.class.php 第 86 行.
NOTIC: [8] Undefined property: stdClass::$errmsg /Users/lawrance/Data/CES/CES/Home/Controller/DataController.class.php 第 164 行.
NOTIC: [8] Undefined property: stdClass::$errcode /Users/lawrance/Data/CES/CES/Home/Controller/DataController.class.php 第 168 行.

[ 2016-12-23T13:09:03+08:00 ] ::1 /CES/index.php/Home/Data/getTotalUser
INFO: [ app_init ] --START--
INFO: Run Behavior\BuildLiteBehavior [ RunTime:0.000005s ]
INFO: [ app_init ] --END-- [ RunTime:0.000156s ]
INFO: [ app_begin ] --START--
INFO: Run Behavior\ReadHtmlCacheBehavior [ RunTime:0.000196s ]
INFO: [ app_begin ] --END-- [ RunTime:0.000215s ]
NOTIC: [8] A session had already been started - ignoring session_start() /Users/lawrance/Data/CES/ThinkPHP/Common/functions.php 第 1263 行.
NOTIC: [2] curl_setopt(): Disabling safe uploads is no longer supported /Users/lawrance/Data/CES/CES/Home/Controller/MenuController.class.php 第 86 行.
NOTIC: [2] curl_setopt(): Disabling safe uploads is no longer supported /Users/lawrance/Data/CES/CES/Home/Controller/MenuController.class.php 第 86 行.

[ 2016-12-23T14:57:55+08:00 ] ::1 /CES/index.php/Home/Data/getTotalUser
INFO: [ app_init ] --START--
INFO: Run Behavior\BuildLiteBehavior [ RunTime:0.000006s ]
INFO: [ app_init ] --END-- [ RunTime:0.000374s ]
INFO: [ app_begin ] --START--
INFO: Run Behavior\ReadHtmlCacheBehavior [ RunTime:0.000794s ]
INFO: [ app_begin ] --END-- [ RunTime:0.000827s ]
NOTIC: [8] A session had already been started - ignoring session_start() /Users/lawrance/Data/CES/ThinkPHP/Common/functions.php 第 1263 行.
NOTIC: [2] curl_setopt(): Disabling safe uploads is no longer supported /Users/lawrance/Data/CES/CES/Home/Controller/MenuController.class.php 第 86 行.
NOTIC: [2] curl_setopt(): Disabling safe uploads is no longer supported /Users/lawrance/Data/CES/CES/Home/Controller/MenuController.class.php 第 86 行.
NOTIC: [8] Undefined property: stdClass::$list /Users/lawrance/Data/CES/CES/Home/Controller/DataController.class.php 第 184 行.

[ 2016-12-23T14:58:56+08:00 ] ::1 /CES/index.php/Home/Data/getTotalUser
INFO: [ app_init ] --START--
INFO: Run Behavior\BuildLiteBehavior [ RunTime:0.000006s ]
INFO: [ app_init ] --END-- [ RunTime:0.000195s ]
INFO: [ app_begin ] --START--
INFO: Run Behavior\ReadHtmlCacheBehavior [ RunTime:0.000219s ]
INFO: [ app_begin ] --END-- [ RunTime:0.000240s ]
NOTIC: [8] A session had already been started - ignoring session_start() /Users/lawrance/Data/CES/ThinkPHP/Common/functions.php 第 1263 行.
NOTIC: [2] curl_setopt(): Disabling safe uploads is no longer supported /Users/lawrance/Data/CES/CES/Home/Controller/MenuController.class.php 第 86 行.
NOTIC: [2] curl_setopt(): Disabling safe uploads is no longer supported /Users/lawrance/Data/CES/CES/Home/Controller/MenuController.class.php 第 86 行.
NOTIC: [8] Undefined property: stdClass::$errmsg /Users/lawrance/Data/CES/CES/Home/Controller/DataController.class.php 第 187 行.
NOTIC: [8] Undefined property: stdClass::$errcode /Users/lawrance/Data/CES/CES/Home/Controller/DataController.class.php 第 191 行.

[ 2016-12-23T14:59:43+08:00 ] ::1 /CES/index.php/Home/Data/getTotalUser
INFO: [ app_init ] --START--
INFO: Run Behavior\BuildLiteBehavior [ RunTime:0.000005s ]
INFO: [ app_init ] --END-- [ RunTime:0.000172s ]
INFO: [ app_begin ] --START--
INFO: Run Behavior\ReadHtmlCacheBehavior [ RunTime:0.000212s ]
INFO: [ app_begin ] --END-- [ RunTime:0.000232s ]
NOTIC: [8] A session had already been started - ignoring session_start() /Users/lawrance/Data/CES/ThinkPHP/Common/functions.php 第 1263 行.
NOTIC: [2] curl_setopt(): Disabling safe uploads is no longer supported /Users/lawrance/Data/CES/CES/Home/Controller/MenuController.class.php 第 86 行.
NOTIC: [8] Undefined variable: result /Users/lawrance/Data/CES/CES/Home/Controller/DataController.class.php 第 182 行.
NOTIC: [8] Undefined variable: result /Users/lawrance/Data/CES/CES/Home/Controller/DataController.class.php 第 184 行.
NOTIC: [8] Trying to get property of non-object /Users/lawrance/Data/CES/CES/Home/Controller/DataController.class.php 第 185 行.
NOTIC: [8] Trying to get property of non-object /Users/lawrance/Data/CES/CES/Home/Controller/DataController.class.php 第 187 行.
NOTIC: [8] Trying to get property of non-object /Users/lawrance/Data/CES/CES/Home/Controller/DataController.class.php 第 191 行.

[ 2016-12-23T15:02:45+08:00 ] ::1 /CES/index.php/Home/Data/getTotalUser
INFO: [ app_init ] --START--
INFO: Run Behavior\BuildLiteBehavior [ RunTime:0.000009s ]
INFO: [ app_init ] --END-- [ RunTime:0.000219s ]
INFO: [ app_begin ] --START--
INFO: Run Behavior\ReadHtmlCacheBehavior [ RunTime:0.000224s ]
INFO: [ app_begin ] --END-- [ RunTime:0.000244s ]
NOTIC: [8] A session had already been started - ignoring session_start() /Users/lawrance/Data/CES/ThinkPHP/Common/functions.php 第 1263 行.
NOTIC: [2] curl_setopt(): Disabling safe uploads is no longer supported /Users/lawrance/Data/CES/CES/Home/Controller/MenuController.class.php 第 86 行.
NOTIC: [2] curl_setopt(): Disabling safe uploads is no longer supported /Users/lawrance/Data/CES/CES/Home/Controller/MenuController.class.php 第 86 行.
NOTIC: [8] Undefined property: stdClass::$errmsg /Users/lawrance/Data/CES/CES/Home/Controller/DataController.class.php 第 187 行.
NOTIC: [8] Undefined property: stdClass::$errcode /Users/lawrance/Data/CES/CES/Home/Controller/DataController.class.php 第 191 行.

[ 2016-12-23T15:03:22+08:00 ] ::1 /CES/index.php/Home/Data/getTotalUser
INFO: [ app_init ] --START--
INFO: Run Behavior\BuildLiteBehavior [ RunTime:0.000006s ]
INFO: [ app_init ] --END-- [ RunTime:0.000202s ]
INFO: [ app_begin ] --START--
INFO: Run Behavior\ReadHtmlCacheBehavior [ RunTime:0.000227s ]
INFO: [ app_begin ] --END-- [ RunTime:0.000246s ]
NOTIC: [8] A session had already been started - ignoring session_start() /Users/lawrance/Data/CES/ThinkPHP/Common/functions.php 第 1263 行.
NOTIC: [2] curl_setopt(): Disabling safe uploads is no longer supported /Users/lawrance/Data/CES/CES/Home/Controller/MenuController.class.php 第 86 行.
NOTIC: [2] curl_setopt(): Disabling safe uploads is no longer supported /Users/lawrance/Data/CES/CES/Home/Controller/MenuController.class.php 第 86 行.
NOTIC: [4096] Object of class stdClass could not be converted to string /Users/lawrance/Data/CES/CES/Home/Controller/DataController.class.php 第 182 行.
NOTIC: [8] Undefined property: stdClass::$errmsg /Users/lawrance/Data/CES/CES/Home/Controller/DataController.class.php 第 187 行.
NOTIC: [8] Undefined property: stdClass::$errcode /Users/lawrance/Data/CES/CES/Home/Controller/DataController.class.php 第 191 行.

[ 2016-12-23T15:04:19+08:00 ] ::1 /CES/index.php/Home/Data/getTotalUser
INFO: [ app_init ] --START--
INFO: Run Behavior\BuildLiteBehavior [ RunTime:0.000009s ]
INFO: [ app_init ] --END-- [ RunTime:0.000211s ]
INFO: [ app_begin ] --START--
INFO: Run Behavior\ReadHtmlCacheBehavior [ RunTime:0.000224s ]
INFO: [ app_begin ] --END-- [ RunTime:0.000243s ]
NOTIC: [8] A session had already been started - ignoring session_start() /Users/lawrance/Data/CES/ThinkPHP/Common/functions.php 第 1263 行.
NOTIC: [2] curl_setopt(): Disabling safe uploads is no longer supported /Users/lawrance/Data/CES/CES/Home/Controller/MenuController.class.php 第 86 行.
NOTIC: [2] curl_setopt(): Disabling safe uploads is no longer supported /Users/lawrance/Data/CES/CES/Home/Controller/MenuController.class.php 第 86 行.
NOTIC: [8] Undefined variable: temp /Users/lawrance/Data/CES/CES/Home/Controller/DataController.class.php 第 187 行.

[ 2016-12-23T15:04:51+08:00 ] ::1 /CES/index.php/Home/Data/getTotalUser
INFO: [ app_init ] --START--
INFO: Run Behavior\BuildLiteBehavior [ RunTime:0.000005s ]
INFO: [ app_init ] --END-- [ RunTime:0.000165s ]
INFO: [ app_begin ] --START--
INFO: Run Behavior\ReadHtmlCacheBehavior [ RunTime:0.000212s ]
INFO: [ app_begin ] --END-- [ RunTime:0.000230s ]
NOTIC: [8] A session had already been started - ignoring session_start() /Users/lawrance/Data/CES/ThinkPHP/Common/functions.php 第 1263 行.
NOTIC: [2] curl_setopt(): Disabling safe uploads is no longer supported /Users/lawrance/Data/CES/CES/Home/Controller/MenuController.class.php 第 86 行.
NOTIC: [2] curl_setopt(): Disabling safe uploads is no longer supported /Users/lawrance/Data/CES/CES/Home/Controller/MenuController.class.php 第 86 行.

[ 2016-12-23T15:05:04+08:00 ] ::1 /CES/index.php/Home/Data/getTotalUser
INFO: [ app_init ] --START--
INFO: Run Behavior\BuildLiteBehavior [ RunTime:0.000005s ]
INFO: [ app_init ] --END-- [ RunTime:0.000175s ]
INFO: [ app_begin ] --START--
INFO: Run Behavior\ReadHtmlCacheBehavior [ RunTime:0.000212s ]
INFO: [ app_begin ] --END-- [ RunTime:0.000230s ]
NOTIC: [8] A session had already been started - ignoring session_start() /Users/lawrance/Data/CES/ThinkPHP/Common/functions.php 第 1263 行.
NOTIC: [2] curl_setopt(): Disabling safe uploads is no longer supported /Users/lawrance/Data/CES/CES/Home/Controller/MenuController.class.php 第 86 行.
NOTIC: [2] curl_setopt(): Disabling safe uploads is no longer supported /Users/lawrance/Data/CES/CES/Home/Controller/MenuController.class.php 第 86 行.

[ 2016-12-23T15:05:06+08:00 ] ::1 /CES/index.php/Home/Data/getTotalUser
INFO: [ app_init ] --START--
INFO: Run Behavior\BuildLiteBehavior [ RunTime:0.000005s ]
INFO: [ app_init ] --END-- [ RunTime:0.000161s ]
INFO: [ app_begin ] --START--
INFO: Run Behavior\ReadHtmlCacheBehavior [ RunTime:0.000203s ]
INFO: [ app_begin ] --END-- [ RunTime:0.000222s ]
NOTIC: [8] A session had already been started - ignoring session_start() /Users/lawrance/Data/CES/ThinkPHP/Common/functions.php 第 1263 行.
NOTIC: [2] curl_setopt(): Disabling safe uploads is no longer supported /Users/lawrance/Data/CES/CES/Home/Controller/MenuController.class.php 第 86 行.
NOTIC: [2] curl_setopt(): Disabling safe uploads is no longer supported /Users/lawrance/Data/CES/CES/Home/Controller/MenuController.class.php 第 86 行.
NOTIC: [8] Undefined property: stdClass::$list /Users/lawrance/Data/CES/CES/Home/Controller/DataController.class.php 第 185 行.

[ 2016-12-23T15:05:13+08:00 ] ::1 /CES/index.php/Home/Data/getTotalUser
INFO: [ app_init ] --START--
INFO: Run Behavior\BuildLiteBehavior [ RunTime:0.000006s ]
INFO: [ app_init ] --END-- [ RunTime:0.000191s ]
INFO: [ app_begin ] --START--
INFO: Run Behavior\ReadHtmlCacheBehavior [ RunTime:0.000219s ]
INFO: [ app_begin ] --END-- [ RunTime:0.000238s ]
NOTIC: [8] A session had already been started - ignoring session_start() /Users/lawrance/Data/CES/ThinkPHP/Common/functions.php 第 1263 行.
NOTIC: [2] curl_setopt(): Disabling safe uploads is no longer supported /Users/lawrance/Data/CES/CES/Home/Controller/MenuController.class.php 第 86 行.
NOTIC: [2] curl_setopt(): Disabling safe uploads is no longer supported /Users/lawrance/Data/CES/CES/Home/Controller/MenuController.class.php 第 86 行.
NOTIC: [8] Undefined property: stdClass::$list /Users/lawrance/Data/CES/CES/Home/Controller/DataController.class.php 第 185 行.

[ 2016-12-23T15:09:25+08:00 ] ::1 /CES/index.php/Home/Data/getTotalUser
INFO: [ app_init ] --START--
INFO: Run Behavior\BuildLiteBehavior [ RunTime:0.000008s ]
INFO: [ app_init ] --END-- [ RunTime:0.000392s ]
INFO: [ app_begin ] --START--
INFO: Run Behavior\ReadHtmlCacheBehavior [ RunTime:0.000437s ]
INFO: [ app_begin ] --END-- [ RunTime:0.000467s ]
NOTIC: [8] A session had already been started - ignoring session_start() /Users/lawrance/Data/CES/ThinkPHP/Common/functions.php 第 1263 行.
NOTIC: [2] curl_setopt(): Disabling safe uploads is no longer supported /Users/lawrance/Data/CES/CES/Home/Controller/MenuController.class.php 第 86 行.
NOTIC: [2] curl_setopt(): Disabling safe uploads is no longer supported /Users/lawrance/Data/CES/CES/Home/Controller/MenuController.class.php 第 86 行.
NOTIC: [4096] Object of class stdClass could not be converted to string /Users/lawrance/Data/CES/CES/Home/Controller/DataController.class.php 第 182 行.
NOTIC: [8] Undefined property: stdClass::$list /Users/lawrance/Data/CES/CES/Home/Controller/DataController.class.php 第 185 行.
NOTIC: [8] Trying to get property of non-object /Users/lawrance/Data/CES/CES/Home/Controller/DataController.class.php 第 187 行.
NOTIC: [8] Trying to get property of non-object /Users/lawrance/Data/CES/CES/Home/Controller/DataController.class.php 第 188 行.

[ 2016-12-23T15:09:44+08:00 ] ::1 /CES/index.php/Home/Data/getTotalUser
INFO: [ app_init ] --START--
INFO: Run Behavior\BuildLiteBehavior [ RunTime:0.000005s ]
INFO: [ app_init ] --END-- [ RunTime:0.000165s ]
INFO: [ app_begin ] --START--
INFO: Run Behavior\ReadHtmlCacheBehavior [ RunTime:0.000210s ]
INFO: [ app_begin ] --END-- [ RunTime:0.000229s ]
NOTIC: [8] A session had already been started - ignoring session_start() /Users/lawrance/Data/CES/ThinkPHP/Common/functions.php 第 1263 行.
NOTIC: [2] curl_setopt(): Disabling safe uploads is no longer supported /Users/lawrance/Data/CES/CES/Home/Controller/MenuController.class.php 第 86 行.
NOTIC: [2] curl_setopt(): Disabling safe uploads is no longer supported /Users/lawrance/Data/CES/CES/Home/Controller/MenuController.class.php 第 86 行.
NOTIC: [4096] Object of class stdClass could not be converted to string /Users/lawrance/Data/CES/CES/Home/Controller/DataController.class.php 第 182 行.
NOTIC: [8] Undefined property: stdClass::$list /Users/lawrance/Data/CES/CES/Home/Controller/DataController.class.php 第 185 行.
NOTIC: [8] Trying to get property of non-object /Users/lawrance/Data/CES/CES/Home/Controller/DataController.class.php 第 187 行.
NOTIC: [8] Trying to get property of non-object /Users/lawrance/Data/CES/CES/Home/Controller/DataController.class.php 第 188 行.

[ 2016-12-23T15:24:45+08:00 ] ::1 /CES/index.php/Home/Data/getTotalUser
INFO: [ app_init ] --START--
INFO: Run Behavior\BuildLiteBehavior [ RunTime:0.000005s ]
INFO: [ app_init ] --END-- [ RunTime:0.000166s ]
INFO: [ app_begin ] --START--
INFO: Run Behavior\ReadHtmlCacheBehavior [ RunTime:0.000209s ]
INFO: [ app_begin ] --END-- [ RunTime:0.000229s ]
NOTIC: [8] A session had already been started - ignoring session_start() /Users/lawrance/Data/CES/ThinkPHP/Common/functions.php 第 1263 行.
SQL: SHOW COLUMNS FROM `tb_user` [ RunTime:0.0016s ]
SQL: SELECT count(*) AS total FROM `tb_user`  WHERE ( openid!='NULL' ) [ RunTime:0.0003s ]
INFO: [ app_end ] --START--
INFO: Run Behavior\ShowPageTraceBehavior [ RunTime:0.000555s ]
INFO: [ app_end ] --END-- [ RunTime:0.000579s ]

[ 2016-12-23T15:25:06+08:00 ] ::1 /CES/index.php/Home/Data/getTotalUser1
INFO: [ app_init ] --START--
INFO: Run Behavior\BuildLiteBehavior [ RunTime:0.000006s ]
INFO: [ app_init ] --END-- [ RunTime:0.000164s ]
INFO: [ app_begin ] --START--
INFO: Run Behavior\ReadHtmlCacheBehavior [ RunTime:0.000202s ]
INFO: [ app_begin ] --END-- [ RunTime:0.000221s ]
NOTIC: [8] A session had already been started - ignoring session_start() /Users/lawrance/Data/CES/ThinkPHP/Common/functions.php 第 1263 行.
NOTIC: [2] curl_setopt(): Disabling safe uploads is no longer supported /Users/lawrance/Data/CES/CES/Home/Controller/MenuController.class.php 第 86 行.
NOTIC: [2] curl_setopt(): Disabling safe uploads is no longer supported /Users/lawrance/Data/CES/CES/Home/Controller/MenuController.class.php 第 86 行.
NOTIC: [4096] Object of class stdClass could not be converted to string /Users/lawrance/Data/CES/CES/Home/Controller/DataController.class.php 第 179 行.
NOTIC: [8] Undefined property: stdClass::$list /Users/lawrance/Data/CES/CES/Home/Controller/DataController.class.php 第 182 行.
NOTIC: [8] Trying to get property of non-object /Users/lawrance/Data/CES/CES/Home/Controller/DataController.class.php 第 185 行.
NOTIC: [8] Trying to get property of non-object /Users/lawrance/Data/CES/CES/Home/Controller/DataController.class.php 第 187 行.
NOTIC: [2] curl_setopt(): Disabling safe uploads is no longer supported /Users/lawrance/Data/CES/CES/Home/Controller/MenuController.class.php 第 86 行.
NOTIC: [8] Undefined property: stdClass::$list /Users/lawrance/Data/CES/CES/Home/Controller/DataController.class.php 第 211 行.
NOTIC: [8] Trying to get property of non-object /Users/lawrance/Data/CES/CES/Home/Controller/DataController.class.php 第 214 行.
NOTIC: [8] Trying to get property of non-object /Users/lawrance/Data/CES/CES/Home/Controller/DataController.class.php 第 216 行.
SQL: SHOW COLUMNS FROM `tb_survey_plan` [ RunTime:0.0020s ]
SQL: SELECT count(*) AS total FROM `tb_survey_plan` [ RunTime:0.0001s ]
SQL: SHOW COLUMNS FROM `tb_user` [ RunTime:0.0009s ]
SQL: SELECT count(*) AS total FROM `tb_user`  WHERE ( openid!='NULL' ) [ RunTime:0.0002s ]

[ 2016-12-23T15:37:18+08:00 ] ::1 /CES/index.php/Home/Data/getTotalUser1
INFO: [ app_init ] --START--
INFO: Run Behavior\BuildLiteBehavior [ RunTime:0.000009s ]
INFO: [ app_init ] --END-- [ RunTime:0.000208s ]
INFO: [ app_begin ] --START--
INFO: Run Behavior\ReadHtmlCacheBehavior [ RunTime:0.000228s ]
INFO: [ app_begin ] --END-- [ RunTime:0.000247s ]
NOTIC: [8] A session had already been started - ignoring session_start() /Users/lawrance/Data/CES/ThinkPHP/Common/functions.php 第 1263 行.
NOTIC: [2] curl_setopt(): Disabling safe uploads is no longer supported /Users/lawrance/Data/CES/CES/Home/Controller/MenuController.class.php 第 86 行.
NOTIC: [2] curl_setopt(): Disabling safe uploads is no longer supported /Users/lawrance/Data/CES/CES/Home/Controller/MenuController.class.php 第 86 行.
NOTIC: [4096] Object of class stdClass could not be converted to string /Users/lawrance/Data/CES/CES/Home/Controller/DataController.class.php 第 179 行.
NOTIC: [8] Undefined property: stdClass::$list /Users/lawrance/Data/CES/CES/Home/Controller/DataController.class.php 第 182 行.
NOTIC: [8] Trying to get property of non-object /Users/lawrance/Data/CES/CES/Home/Controller/DataController.class.php 第 185 行.
NOTIC: [8] Trying to get property of non-object /Users/lawrance/Data/CES/CES/Home/Controller/DataController.class.php 第 187 行.
NOTIC: [2] curl_setopt(): Disabling safe uploads is no longer supported /Users/lawrance/Data/CES/CES/Home/Controller/MenuController.class.php 第 86 行.
NOTIC: [8] Undefined property: stdClass::$list /Users/lawrance/Data/CES/CES/Home/Controller/DataController.class.php 第 211 行.
NOTIC: [8] Trying to get property of non-object /Users/lawrance/Data/CES/CES/Home/Controller/DataController.class.php 第 214 行.
NOTIC: [8] Trying to get property of non-object /Users/lawrance/Data/CES/CES/Home/Controller/DataController.class.php 第 216 行.
SQL: SHOW COLUMNS FROM `tb_survey_plan` [ RunTime:0.0031s ]
SQL: SELECT count(*) AS total FROM `tb_survey_plan` [ RunTime:0.0002s ]
SQL: SHOW COLUMNS FROM `tb_user` [ RunTime:0.0009s ]
SQL: SELECT count(*) AS total FROM `tb_user`  WHERE ( openid!='NULL' ) [ RunTime:0.0002s ]
SQL: SHOW COLUMNS FROM `tb_home_count` [ RunTime:0.0009s ]
SQL: INSERT INTO `tb_home_count` (`time`,`new`,`all_user`,`survey`,`is_match`) VALUES ('2013-12-12','0','0','17','49') [ RunTime:0.0191s ]

[ 2016-12-23T15:38:00+08:00 ] ::1 /CES/index.php/Home/Data/getTotalUser1
INFO: [ app_init ] --START--
INFO: Run Behavior\BuildLiteBehavior [ RunTime:0.000005s ]
INFO: [ app_init ] --END-- [ RunTime:0.000165s ]
INFO: [ app_begin ] --START--
INFO: Run Behavior\ReadHtmlCacheBehavior [ RunTime:0.000415s ]
INFO: [ app_begin ] --END-- [ RunTime:0.000454s ]
NOTIC: [8] A session had already been started - ignoring session_start() /Users/lawrance/Data/CES/ThinkPHP/Common/functions.php 第 1263 行.
NOTIC: [2] curl_setopt(): Disabling safe uploads is no longer supported /Users/lawrance/Data/CES/CES/Home/Controller/MenuController.class.php 第 86 行.
NOTIC: [2] curl_setopt(): Disabling safe uploads is no longer supported /Users/lawrance/Data/CES/CES/Home/Controller/MenuController.class.php 第 86 行.
NOTIC: [4096] Object of class stdClass could not be converted to string /Users/lawrance/Data/CES/CES/Home/Controller/DataController.class.php 第 179 行.
NOTIC: [8] Undefined property: stdClass::$list /Users/lawrance/Data/CES/CES/Home/Controller/DataController.class.php 第 182 行.
NOTIC: [8] Trying to get property of non-object /Users/lawrance/Data/CES/CES/Home/Controller/DataController.class.php 第 185 行.
NOTIC: [8] Trying to get property of non-object /Users/lawrance/Data/CES/CES/Home/Controller/DataController.class.php 第 187 行.
NOTIC: [2] curl_setopt(): Disabling safe uploads is no longer supported /Users/lawrance/Data/CES/CES/Home/Controller/MenuController.class.php 第 86 行.
NOTIC: [8] Undefined property: stdClass::$list /Users/lawrance/Data/CES/CES/Home/Controller/DataController.class.php 第 211 行.
NOTIC: [8] Trying to get property of non-object /Users/lawrance/Data/CES/CES/Home/Controller/DataController.class.php 第 214 行.
NOTIC: [8] Trying to get property of non-object /Users/lawrance/Data/CES/CES/Home/Controller/DataController.class.php 第 216 行.
SQL: SHOW COLUMNS FROM `tb_survey_plan` [ RunTime:0.0018s ]
SQL: SELECT count(*) AS total FROM `tb_survey_plan` [ RunTime:0.0002s ]
SQL: SHOW COLUMNS FROM `tb_user` [ RunTime:0.0009s ]
SQL: SELECT count(*) AS total FROM `tb_user`  WHERE ( openid!='NULL' ) [ RunTime:0.0002s ]
SQL: SHOW COLUMNS FROM `tb_home_count` [ RunTime:0.0010s ]
ERR: 1062:Duplicate entry '2013-12-12' for key 'time'
 [ SQL语句 ] : INSERT INTO `tb_home_count` (`time`,`new`,`all_user`,`survey`,`is_match`) VALUES ('2013-12-12','0','0','17','49')
ERR: 1062:Duplicate entry '2013-12-12' for key 'time'
 [ SQL语句 ] : INSERT INTO `tb_home_count` (`time`,`new`,`all_user`,`survey`,`is_match`) VALUES ('2013-12-12','0','0','17','49')

[ 2016-12-23T15:40:43+08:00 ] ::1 /CES/index.php/Home/Data/getTotalUser1
INFO: [ app_init ] --START--
INFO: Run Behavior\BuildLiteBehavior [ RunTime:0.000005s ]
INFO: [ app_init ] --END-- [ RunTime:0.000164s ]
INFO: [ app_begin ] --START--
INFO: Run Behavior\ReadHtmlCacheBehavior [ RunTime:0.000203s ]
INFO: [ app_begin ] --END-- [ RunTime:0.000220s ]
NOTIC: [8] A session had already been started - ignoring session_start() /Users/lawrance/Data/CES/ThinkPHP/Common/functions.php 第 1263 行.
NOTIC: [2] curl_setopt(): Disabling safe uploads is no longer supported /Users/lawrance/Data/CES/CES/Home/Controller/MenuController.class.php 第 86 行.
NOTIC: [2] curl_setopt(): Disabling safe uploads is no longer supported /Users/lawrance/Data/CES/CES/Home/Controller/MenuController.class.php 第 86 行.
NOTIC: [4096] Object of class stdClass could not be converted to string /Users/lawrance/Data/CES/CES/Home/Controller/DataController.class.php 第 179 行.
NOTIC: [8] Undefined property: stdClass::$list /Users/lawrance/Data/CES/CES/Home/Controller/DataController.class.php 第 182 行.
NOTIC: [8] Trying to get property of non-object /Users/lawrance/Data/CES/CES/Home/Controller/DataController.class.php 第 185 行.
NOTIC: [8] Trying to get property of non-object /Users/lawrance/Data/CES/CES/Home/Controller/DataController.class.php 第 187 行.
NOTIC: [2] curl_setopt(): Disabling safe uploads is no longer supported /Users/lawrance/Data/CES/CES/Home/Controller/MenuController.class.php 第 86 行.
NOTIC: [8] Undefined property: stdClass::$list /Users/lawrance/Data/CES/CES/Home/Controller/DataController.class.php 第 211 行.
NOTIC: [8] Trying to get property of non-object /Users/lawrance/Data/CES/CES/Home/Controller/DataController.class.php 第 214 行.
NOTIC: [8] Trying to get property of non-object /Users/lawrance/Data/CES/CES/Home/Controller/DataController.class.php 第 216 行.
SQL: SHOW COLUMNS FROM `tb_survey_plan` [ RunTime:0.0022s ]
SQL: SELECT count(*) AS total FROM `tb_survey_plan` [ RunTime:0.0002s ]
SQL: SHOW COLUMNS FROM `tb_user` [ RunTime:0.0011s ]
SQL: SELECT count(*) AS total FROM `tb_user`  WHERE ( openid!='NULL' ) [ RunTime:0.0003s ]
SQL: SHOW COLUMNS FROM `tb_home_count` [ RunTime:0.0010s ]
SQL: SELECT * FROM `tb_home_count` WHERE `time` = null  [ RunTime:0.0002s ]
ERR: 1062:Duplicate entry '2013-12-12' for key 'time'
 [ SQL语句 ] : INSERT INTO `tb_home_count` (`time`,`new`,`all_user`,`survey`,`is_match`) VALUES ('2013-12-12','0','0','17','49')
ERR: 1062:Duplicate entry '2013-12-12' for key 'time'
 [ SQL语句 ] : INSERT INTO `tb_home_count` (`time`,`new`,`all_user`,`survey`,`is_match`) VALUES ('2013-12-12','0','0','17','49')

[ 2016-12-23T15:41:21+08:00 ] ::1 /CES/index.php/Home/Data/getTotalUser1
INFO: [ app_init ] --START--
INFO: Run Behavior\BuildLiteBehavior [ RunTime:0.000006s ]
INFO: [ app_init ] --END-- [ RunTime:0.000157s ]
INFO: [ app_begin ] --START--
INFO: Run Behavior\ReadHtmlCacheBehavior [ RunTime:0.000199s ]
INFO: [ app_begin ] --END-- [ RunTime:0.000217s ]
NOTIC: [8] A session had already been started - ignoring session_start() /Users/lawrance/Data/CES/ThinkPHP/Common/functions.php 第 1263 行.
NOTIC: [2] curl_setopt(): Disabling safe uploads is no longer supported /Users/lawrance/Data/CES/CES/Home/Controller/MenuController.class.php 第 86 行.
NOTIC: [2] curl_setopt(): Disabling safe uploads is no longer supported /Users/lawrance/Data/CES/CES/Home/Controller/MenuController.class.php 第 86 行.
NOTIC: [4096] Object of class stdClass could not be converted to string /Users/lawrance/Data/CES/CES/Home/Controller/DataController.class.php 第 179 行.
NOTIC: [8] Undefined property: stdClass::$list /Users/lawrance/Data/CES/CES/Home/Controller/DataController.class.php 第 182 行.
NOTIC: [8] Trying to get property of non-object /Users/lawrance/Data/CES/CES/Home/Controller/DataController.class.php 第 185 行.
NOTIC: [8] Trying to get property of non-object /Users/lawrance/Data/CES/CES/Home/Controller/DataController.class.php 第 187 行.
NOTIC: [2] curl_setopt(): Disabling safe uploads is no longer supported /Users/lawrance/Data/CES/CES/Home/Controller/MenuController.class.php 第 86 行.
NOTIC: [8] Undefined property: stdClass::$list /Users/lawrance/Data/CES/CES/Home/Controller/DataController.class.php 第 211 行.
NOTIC: [8] Trying to get property of non-object /Users/lawrance/Data/CES/CES/Home/Controller/DataController.class.php 第 214 行.
NOTIC: [8] Trying to get property of non-object /Users/lawrance/Data/CES/CES/Home/Controller/DataController.class.php 第 216 行.
SQL: SHOW COLUMNS FROM `tb_survey_plan` [ RunTime:0.0022s ]
SQL: SELECT count(*) AS total FROM `tb_survey_plan` [ RunTime:0.0002s ]
SQL: SHOW COLUMNS FROM `tb_user` [ RunTime:0.0010s ]
SQL: SELECT count(*) AS total FROM `tb_user`  WHERE ( openid!='NULL' ) [ RunTime:0.0002s ]
SQL: SHOW COLUMNS FROM `tb_home_count` [ RunTime:0.0010s ]
SQL: SELECT * FROM `tb_home_count` WHERE `time` = ''  [ RunTime:0.0005s ]
ERR: 1062:Duplicate entry '2013-12-12' for key 'time'
 [ SQL语句 ] : INSERT INTO `tb_home_count` (`time`,`new`,`all_user`,`survey`,`is_match`) VALUES ('2013-12-12','0','0','17','49')
ERR: 1062:Duplicate entry '2013-12-12' for key 'time'
 [ SQL语句 ] : INSERT INTO `tb_home_count` (`time`,`new`,`all_user`,`survey`,`is_match`) VALUES ('2013-12-12','0','0','17','49')

[ 2016-12-23T15:41:27+08:00 ] ::1 /CES/index.php/Home/Data/getTotalUser1
INFO: [ app_init ] --START--
INFO: Run Behavior\BuildLiteBehavior [ RunTime:0.000005s ]
INFO: [ app_init ] --END-- [ RunTime:0.000167s ]
INFO: [ app_begin ] --START--
INFO: Run Behavior\ReadHtmlCacheBehavior [ RunTime:0.000210s ]
INFO: [ app_begin ] --END-- [ RunTime:0.000229s ]
NOTIC: [8] A session had already been started - ignoring session_start() /Users/lawrance/Data/CES/ThinkPHP/Common/functions.php 第 1263 行.
NOTIC: [2] curl_setopt(): Disabling safe uploads is no longer supported /Users/lawrance/Data/CES/CES/Home/Controller/MenuController.class.php 第 86 行.
NOTIC: [2] curl_setopt(): Disabling safe uploads is no longer supported /Users/lawrance/Data/CES/CES/Home/Controller/MenuController.class.php 第 86 行.
NOTIC: [4096] Object of class stdClass could not be converted to string /Users/lawrance/Data/CES/CES/Home/Controller/DataController.class.php 第 179 行.
NOTIC: [8] Undefined property: stdClass::$list /Users/lawrance/Data/CES/CES/Home/Controller/DataController.class.php 第 182 行.
NOTIC: [8] Trying to get property of non-object /Users/lawrance/Data/CES/CES/Home/Controller/DataController.class.php 第 185 行.
NOTIC: [8] Trying to get property of non-object /Users/lawrance/Data/CES/CES/Home/Controller/DataController.class.php 第 187 行.
NOTIC: [2] curl_setopt(): Disabling safe uploads is no longer supported /Users/lawrance/Data/CES/CES/Home/Controller/MenuController.class.php 第 86 行.
NOTIC: [8] Undefined property: stdClass::$list /Users/lawrance/Data/CES/CES/Home/Controller/DataController.class.php 第 211 行.
NOTIC: [8] Trying to get property of non-object /Users/lawrance/Data/CES/CES/Home/Controller/DataController.class.php 第 214 行.
NOTIC: [8] Trying to get property of non-object /Users/lawrance/Data/CES/CES/Home/Controller/DataController.class.php 第 216 行.
SQL: SHOW COLUMNS FROM `tb_survey_plan` [ RunTime:0.0020s ]
SQL: SELECT count(*) AS total FROM `tb_survey_plan` [ RunTime:0.0001s ]
SQL: SHOW COLUMNS FROM `tb_user` [ RunTime:0.0010s ]
SQL: SELECT count(*) AS total FROM `tb_user`  WHERE ( openid!='NULL' ) [ RunTime:0.0002s ]
SQL: SHOW COLUMNS FROM `tb_home_count` [ RunTime:0.0010s ]
SQL: SELECT * FROM `tb_home_count` WHERE `time` = ''  [ RunTime:0.0002s ]
ERR: 1062:Duplicate entry '2013-12-12' for key 'time'
 [ SQL语句 ] : INSERT INTO `tb_home_count` (`time`,`new`,`all_user`,`survey`,`is_match`) VALUES ('2013-12-12','0','0','17','49')
ERR: 1062:Duplicate entry '2013-12-12' for key 'time'
 [ SQL语句 ] : INSERT INTO `tb_home_count` (`time`,`new`,`all_user`,`survey`,`is_match`) VALUES ('2013-12-12','0','0','17','49')

[ 2016-12-23T15:42:22+08:00 ] ::1 /CES/index.php/Home/Data/getTotalUser1
INFO: [ app_init ] --START--
INFO: Run Behavior\BuildLiteBehavior [ RunTime:0.000007s ]
INFO: [ app_init ] --END-- [ RunTime:0.000413s ]
INFO: [ app_begin ] --START--
INFO: Run Behavior\ReadHtmlCacheBehavior [ RunTime:0.000452s ]
INFO: [ app_begin ] --END-- [ RunTime:0.000474s ]
NOTIC: [8] A session had already been started - ignoring session_start() /Users/lawrance/Data/CES/ThinkPHP/Common/functions.php 第 1263 行.
NOTIC: [2] curl_setopt(): Disabling safe uploads is no longer supported /Users/lawrance/Data/CES/CES/Home/Controller/MenuController.class.php 第 86 行.
NOTIC: [2] curl_setopt(): Disabling safe uploads is no longer supported /Users/lawrance/Data/CES/CES/Home/Controller/MenuController.class.php 第 86 行.
NOTIC: [4096] Object of class stdClass could not be converted to string /Users/lawrance/Data/CES/CES/Home/Controller/DataController.class.php 第 179 行.
NOTIC: [8] Undefined property: stdClass::$list /Users/lawrance/Data/CES/CES/Home/Controller/DataController.class.php 第 182 行.
NOTIC: [8] Trying to get property of non-object /Users/lawrance/Data/CES/CES/Home/Controller/DataController.class.php 第 185 行.
NOTIC: [8] Trying to get property of non-object /Users/lawrance/Data/CES/CES/Home/Controller/DataController.class.php 第 187 行.
NOTIC: [2] curl_setopt(): Disabling safe uploads is no longer supported /Users/lawrance/Data/CES/CES/Home/Controller/MenuController.class.php 第 86 行.
NOTIC: [8] Undefined property: stdClass::$list /Users/lawrance/Data/CES/CES/Home/Controller/DataController.class.php 第 211 行.
NOTIC: [8] Trying to get property of non-object /Users/lawrance/Data/CES/CES/Home/Controller/DataController.class.php 第 214 行.
NOTIC: [8] Trying to get property of non-object /Users/lawrance/Data/CES/CES/Home/Controller/DataController.class.php 第 216 行.
SQL: SHOW COLUMNS FROM `tb_survey_plan` [ RunTime:0.0021s ]
SQL: SELECT count(*) AS total FROM `tb_survey_plan` [ RunTime:0.0002s ]
SQL: SHOW COLUMNS FROM `tb_user` [ RunTime:0.0009s ]
SQL: SELECT count(*) AS total FROM `tb_user`  WHERE ( openid!='NULL' ) [ RunTime:0.0002s ]
SQL: SHOW COLUMNS FROM `tb_home_count` [ RunTime:0.0010s ]
SQL: SELECT * FROM `tb_home_count` WHERE `time` = ''  [ RunTime:0.0003s ]
ERR: 1062:Duplicate entry '2013-12-12' for key 'time'
 [ SQL语句 ] : INSERT INTO `tb_home_count` (`time`,`new`,`all_user`,`survey`,`is_match`) VALUES ('2013-12-12','0','0','17','49')
ERR: 1062:Duplicate entry '2013-12-12' for key 'time'
 [ SQL语句 ] : INSERT INTO `tb_home_count` (`time`,`new`,`all_user`,`survey`,`is_match`) VALUES ('2013-12-12','0','0','17','49')

[ 2016-12-23T15:42:27+08:00 ] ::1 /CES/index.php/Home/Data/getTotalUser1
INFO: [ app_init ] --START--
INFO: Run Behavior\BuildLiteBehavior [ RunTime:0.000008s ]
INFO: [ app_init ] --END-- [ RunTime:0.000176s ]
INFO: [ app_begin ] --START--
INFO: Run Behavior\ReadHtmlCacheBehavior [ RunTime:0.000213s ]
INFO: [ app_begin ] --END-- [ RunTime:0.000232s ]
NOTIC: [8] A session had already been started - ignoring session_start() /Users/lawrance/Data/CES/ThinkPHP/Common/functions.php 第 1263 行.
NOTIC: [2] curl_setopt(): Disabling safe uploads is no longer supported /Users/lawrance/Data/CES/CES/Home/Controller/MenuController.class.php 第 86 行.
NOTIC: [2] curl_setopt(): Disabling safe uploads is no longer supported /Users/lawrance/Data/CES/CES/Home/Controller/MenuController.class.php 第 86 行.
NOTIC: [4096] Object of class stdClass could not be converted to string /Users/lawrance/Data/CES/CES/Home/Controller/DataController.class.php 第 179 行.
NOTIC: [8] Undefined property: stdClass::$list /Users/lawrance/Data/CES/CES/Home/Controller/DataController.class.php 第 182 行.
NOTIC: [8] Trying to get property of non-object /Users/lawrance/Data/CES/CES/Home/Controller/DataController.class.php 第 185 行.
NOTIC: [8] Trying to get property of non-object /Users/lawrance/Data/CES/CES/Home/Controller/DataController.class.php 第 187 行.
NOTIC: [2] curl_setopt(): Disabling safe uploads is no longer supported /Users/lawrance/Data/CES/CES/Home/Controller/MenuController.class.php 第 86 行.
NOTIC: [8] Undefined property: stdClass::$list /Users/lawrance/Data/CES/CES/Home/Controller/DataController.class.php 第 211 行.
NOTIC: [8] Trying to get property of non-object /Users/lawrance/Data/CES/CES/Home/Controller/DataController.class.php 第 214 行.
NOTIC: [8] Trying to get property of non-object /Users/lawrance/Data/CES/CES/Home/Controller/DataController.class.php 第 216 行.
SQL: SHOW COLUMNS FROM `tb_survey_plan` [ RunTime:0.0010s ]
SQL: SELECT count(*) AS total FROM `tb_survey_plan` [ RunTime:0.0001s ]
SQL: SHOW COLUMNS FROM `tb_user` [ RunTime:0.0009s ]
SQL: SELECT count(*) AS total FROM `tb_user`  WHERE ( openid!='NULL' ) [ RunTime:0.0002s ]
SQL: SHOW COLUMNS FROM `tb_home_count` [ RunTime:0.0009s ]
SQL: SELECT * FROM `tb_home_count` WHERE `time` = ''  [ RunTime:0.0002s ]
ERR: 1062:Duplicate entry '2013-12-12' for key 'time'
 [ SQL语句 ] : INSERT INTO `tb_home_count` (`time`,`new`,`all_user`,`survey`,`is_match`) VALUES ('2013-12-12','0','0','17','49')
ERR: 1062:Duplicate entry '2013-12-12' for key 'time'
 [ SQL语句 ] : INSERT INTO `tb_home_count` (`time`,`new`,`all_user`,`survey`,`is_match`) VALUES ('2013-12-12','0','0','17','49')

[ 2016-12-23T15:42:42+08:00 ] ::1 /CES/index.php/Home/Data/getTotalUser1
INFO: [ app_init ] --START--
INFO: Run Behavior\BuildLiteBehavior [ RunTime:0.000006s ]
INFO: [ app_init ] --END-- [ RunTime:0.000158s ]
INFO: [ app_begin ] --START--
INFO: Run Behavior\ReadHtmlCacheBehavior [ RunTime:0.000197s ]
INFO: [ app_begin ] --END-- [ RunTime:0.000214s ]
NOTIC: [8] A session had already been started - ignoring session_start() /Users/lawrance/Data/CES/ThinkPHP/Common/functions.php 第 1263 行.
NOTIC: [2] curl_setopt(): Disabling safe uploads is no longer supported /Users/lawrance/Data/CES/CES/Home/Controller/MenuController.class.php 第 86 行.
NOTIC: [2] curl_setopt(): Disabling safe uploads is no longer supported /Users/lawrance/Data/CES/CES/Home/Controller/MenuController.class.php 第 86 行.
NOTIC: [4096] Object of class stdClass could not be converted to string /Users/lawrance/Data/CES/CES/Home/Controller/DataController.class.php 第 179 行.
NOTIC: [8] Undefined property: stdClass::$list /Users/lawrance/Data/CES/CES/Home/Controller/DataController.class.php 第 182 行.
NOTIC: [8] Trying to get property of non-object /Users/lawrance/Data/CES/CES/Home/Controller/DataController.class.php 第 185 行.
NOTIC: [8] Trying to get property of non-object /Users/lawrance/Data/CES/CES/Home/Controller/DataController.class.php 第 187 行.
NOTIC: [2] curl_setopt(): Disabling safe uploads is no longer supported /Users/lawrance/Data/CES/CES/Home/Controller/MenuController.class.php 第 86 行.
NOTIC: [8] Undefined property: stdClass::$list /Users/lawrance/Data/CES/CES/Home/Controller/DataController.class.php 第 211 行.
NOTIC: [8] Trying to get property of non-object /Users/lawrance/Data/CES/CES/Home/Controller/DataController.class.php 第 214 行.
NOTIC: [8] Trying to get property of non-object /Users/lawrance/Data/CES/CES/Home/Controller/DataController.class.php 第 216 行.
SQL: SHOW COLUMNS FROM `tb_survey_plan` [ RunTime:0.0020s ]
SQL: SELECT count(*) AS total FROM `tb_survey_plan` [ RunTime:0.0002s ]
SQL: SHOW COLUMNS FROM `tb_user` [ RunTime:0.0010s ]
SQL: SELECT count(*) AS total FROM `tb_user`  WHERE ( openid!='NULL' ) [ RunTime:0.0002s ]
SQL: SHOW COLUMNS FROM `tb_home_count` [ RunTime:0.0010s ]
SQL: SELECT * FROM `tb_home_count` WHERE `time` = ''  [ RunTime:0.0002s ]
ERR: 1062:Duplicate entry '2013-12-12' for key 'time'
 [ SQL语句 ] : INSERT INTO `tb_home_count` (`time`,`new`,`all_user`,`survey`,`is_match`) VALUES ('2013-12-12','0','0','17','49')
ERR: 1062:Duplicate entry '2013-12-12' for key 'time'
 [ SQL语句 ] : INSERT INTO `tb_home_count` (`time`,`new`,`all_user`,`survey`,`is_match`) VALUES ('2013-12-12','0','0','17','49')

[ 2016-12-23T15:43:31+08:00 ] ::1 /CES/index.php/Home/Data/getTotalUser1
INFO: [ app_init ] --START--
INFO: Run Behavior\BuildLiteBehavior [ RunTime:0.000066s ]
INFO: [ app_init ] --END-- [ RunTime:0.000559s ]
INFO: [ app_begin ] --START--
INFO: Run Behavior\ReadHtmlCacheBehavior [ RunTime:0.000302s ]
INFO: [ app_begin ] --END-- [ RunTime:0.000378s ]
NOTIC: [8] A session had already been started - ignoring session_start() /Users/lawrance/Data/CES/ThinkPHP/Common/functions.php 第 1263 行.
NOTIC: [2] curl_setopt(): Disabling safe uploads is no longer supported /Users/lawrance/Data/CES/CES/Home/Controller/MenuController.class.php 第 86 行.
NOTIC: [2] curl_setopt(): Disabling safe uploads is no longer supported /Users/lawrance/Data/CES/CES/Home/Controller/MenuController.class.php 第 86 行.
NOTIC: [4096] Object of class stdClass could not be converted to string /Users/lawrance/Data/CES/CES/Home/Controller/DataController.class.php 第 179 行.
NOTIC: [8] Undefined property: stdClass::$list /Users/lawrance/Data/CES/CES/Home/Controller/DataController.class.php 第 182 行.
NOTIC: [8] Trying to get property of non-object /Users/lawrance/Data/CES/CES/Home/Controller/DataController.class.php 第 185 行.
NOTIC: [8] Trying to get property of non-object /Users/lawrance/Data/CES/CES/Home/Controller/DataController.class.php 第 187 行.
NOTIC: [2] curl_setopt(): Disabling safe uploads is no longer supported /Users/lawrance/Data/CES/CES/Home/Controller/MenuController.class.php 第 86 行.
NOTIC: [8] Undefined property: stdClass::$list /Users/lawrance/Data/CES/CES/Home/Controller/DataController.class.php 第 211 行.
NOTIC: [8] Trying to get property of non-object /Users/lawrance/Data/CES/CES/Home/Controller/DataController.class.php 第 214 行.
NOTIC: [8] Trying to get property of non-object /Users/lawrance/Data/CES/CES/Home/Controller/DataController.class.php 第 216 行.
SQL: SHOW COLUMNS FROM `tb_survey_plan` [ RunTime:0.0021s ]
SQL: SELECT count(*) AS total FROM `tb_survey_plan` [ RunTime:0.0001s ]
SQL: SHOW COLUMNS FROM `tb_user` [ RunTime:0.0014s ]
SQL: SELECT count(*) AS total FROM `tb_user`  WHERE ( openid!='NULL' ) [ RunTime:0.0003s ]
SQL: SHOW COLUMNS FROM `tb_home_count` [ RunTime:0.0010s ]
SQL: SELECT * FROM `tb_home_count` WHERE `time` = '2013-12-12'  [ RunTime:0.0002s ]

