[ 2016-12-07T10:28:33+08:00 ] 127.0.0.1 /CES/index.php/Home/Access/access?signature=aaa22f1840592a96d04ac0c024921cf1232e8156&timestamp=1481077713&nonce=396169639&openid=ocoIvxLTumwc3gpi6SPvKWrzYlt0
INFO: [ app_init ] --START--
INFO: Run Behavior\BuildLiteBehavior [ RunTime:0.000008s ]
INFO: [ app_init ] --END-- [ RunTime:0.000419s ]
INFO: [ app_begin ] --START--
INFO: Run Behavior\ReadHtmlCacheBehavior [ RunTime:0.000483s ]
INFO: [ app_begin ] --END-- [ RunTime:0.000517s ]
NOTIC: [8] Undefined index: echostr /Users/lawrance/Data/CES/CES/Home/Controller/AccessController.class.php 第 77 行.
SQL: SHOW COLUMNS FROM `tb_user` [ RunTime:0.0011s ]
SQL: SELECT * FROM `tb_user` WHERE `openid` = 'ocoIvxLTumwc3gpi6SPvKWrzYlt0' LIMIT 1   [ RunTime:0.0002s ]
SQL: SHOW COLUMNS FROM `tb_survey_plan` [ RunTime:0.0007s ]
SQL: SELECT * FROM `tb_survey_plan` WHERE `openid` = 'ocoIvxLTumwc3gpi6SPvKWrzYlt0' AND `is_finish` = '0'  [ RunTime:0.0002s ]

[ 2016-12-07T10:54:26+08:00 ] 127.0.0.1 /CES/index.php/Home/UserManager/addOpenInfo?id=ocoIvxLTumwc3gpi6SPvKWrzYlt0
INFO: [ app_init ] --START--
INFO: Run Behavior\BuildLiteBehavior [ RunTime:0.000008s ]
INFO: [ app_init ] --END-- [ RunTime:0.000460s ]
INFO: [ app_begin ] --START--
INFO: Run Behavior\ReadHtmlCacheBehavior [ RunTime:0.000472s ]
INFO: [ app_begin ] --END-- [ RunTime:0.000505s ]
INFO: [ view_parse ] --START--
INFO: [ template_filter ] --START--
INFO: Run Behavior\ContentReplaceBehavior [ RunTime:0.000032s ]
INFO: [ template_filter ] --END-- [ RunTime:0.000062s ]
INFO: Run Behavior\ParseTemplateBehavior [ RunTime:0.006394s ]
INFO: [ view_parse ] --END-- [ RunTime:0.006447s ]
INFO: [ view_filter ] --START--
INFO: Run Behavior\WriteHtmlCacheBehavior [ RunTime:0.000525s ]
INFO: [ view_filter ] --END-- [ RunTime:0.000545s ]
INFO: [ app_end ] --START--
INFO: Run Behavior\ShowPageTraceBehavior [ RunTime:0.000581s ]
INFO: [ app_end ] --END-- [ RunTime:0.000604s ]

[ 2016-12-07T11:03:09+08:00 ] 127.0.0.1 /CES/index.php/Home/UserManager/addOpenInfo?id=ocoIvxLTumwc3gpi6SPvKWrzYlt0
INFO: [ app_init ] --START--
INFO: Run Behavior\BuildLiteBehavior [ RunTime:0.000006s ]
INFO: [ app_init ] --END-- [ RunTime:0.000185s ]
INFO: [ app_begin ] --START--
INFO: Run Behavior\ReadHtmlCacheBehavior [ RunTime:0.000230s ]
INFO: [ app_begin ] --END-- [ RunTime:0.000251s ]
SQL: SHOW COLUMNS FROM `tb_user` [ RunTime:0.0019s ]
SQL: SELECT `stu_name` FROM `tb_user` WHERE `openid` = 'ocoIvxLTumwc3gpi6SPvKWrzYlt0'  [ RunTime:0.0002s ]
NOTIC: [2] Declaration of Home\Controller\ShowController::show($openid = NULL) should be compatible with Think\Controller::show($content, $charset = '', $contentType = '', $prefix = '') /Users/lawrance/Data/CES/CES/Home/Controller/ShowController.class.php 第 29 行.
INFO: [ view_parse ] --START--
INFO: [ template_filter ] --START--
INFO: Run Behavior\ContentReplaceBehavior [ RunTime:0.000021s ]
INFO: [ template_filter ] --END-- [ RunTime:0.000040s ]
INFO: Run Behavior\ParseTemplateBehavior [ RunTime:0.002358s ]
INFO: [ view_parse ] --END-- [ RunTime:0.002378s ]
INFO: [ view_filter ] --START--
INFO: Run Behavior\WriteHtmlCacheBehavior [ RunTime:0.000082s ]
INFO: [ view_filter ] --END-- [ RunTime:0.000096s ]
INFO: [ app_end ] --START--
INFO: Run Behavior\ShowPageTraceBehavior [ RunTime:0.000247s ]
INFO: [ app_end ] --END-- [ RunTime:0.000261s ]

[ 2016-12-07T11:04:30+08:00 ] 127.0.0.1 /CES/index.php/Home/UserManager/addOpenInfo?id=ocoIvxLTumwc3gpi6SPvKWrzYlt0
INFO: [ app_init ] --START--
INFO: Run Behavior\BuildLiteBehavior [ RunTime:0.000006s ]
INFO: [ app_init ] --END-- [ RunTime:0.000181s ]
INFO: [ app_begin ] --START--
INFO: Run Behavior\ReadHtmlCacheBehavior [ RunTime:0.000225s ]
INFO: [ app_begin ] --END-- [ RunTime:0.000247s ]
SQL: SHOW COLUMNS FROM `tb_user` [ RunTime:0.0018s ]
SQL: SELECT `stu_name` FROM `tb_user` WHERE `openid` = 'ocoIvxLTumwc3gpi6SPvKWrzYlt0'  [ RunTime:0.0002s ]
NOTIC: [2] Declaration of Home\Controller\ShowController::show($openid = NULL) should be compatible with Think\Controller::show($content, $charset = '', $contentType = '', $prefix = '') /Users/lawrance/Data/CES/CES/Home/Controller/ShowController.class.php 第 29 行.
INFO: [ view_parse ] --START--
INFO: [ template_filter ] --START--
INFO: Run Behavior\ContentReplaceBehavior [ RunTime:0.000020s ]
INFO: [ template_filter ] --END-- [ RunTime:0.000039s ]
INFO: Run Behavior\ParseTemplateBehavior [ RunTime:0.002270s ]
INFO: [ view_parse ] --END-- [ RunTime:0.002290s ]
INFO: [ view_filter ] --START--
INFO: Run Behavior\WriteHtmlCacheBehavior [ RunTime:0.000079s ]
INFO: [ view_filter ] --END-- [ RunTime:0.000091s ]
INFO: [ app_end ] --START--
INFO: Run Behavior\ShowPageTraceBehavior [ RunTime:0.000227s ]
INFO: [ app_end ] --END-- [ RunTime:0.000241s ]

[ 2016-12-07T11:05:17+08:00 ] 127.0.0.1 /CES/index.php/Home/UserManager/addOpenInfo?id=ocoIvxLTumwc3gpi6SPvKWrzYlt0
INFO: [ app_init ] --START--
INFO: Run Behavior\BuildLiteBehavior [ RunTime:0.000006s ]
INFO: [ app_init ] --END-- [ RunTime:0.000184s ]
INFO: [ app_begin ] --START--
INFO: Run Behavior\ReadHtmlCacheBehavior [ RunTime:0.000230s ]
INFO: [ app_begin ] --END-- [ RunTime:0.000252s ]
SQL: SHOW COLUMNS FROM `tb_user` [ RunTime:0.0020s ]
SQL: SELECT `stu_name` FROM `tb_user` WHERE `openid` = 'ocoIvxLTumwc3gpi6SPvKWrzYlt0'  [ RunTime:0.0002s ]
NOTIC: [2] Declaration of Home\Controller\ShowController::show($openid = NULL) should be compatible with Think\Controller::show($content, $charset = '', $contentType = '', $prefix = '') /Users/lawrance/Data/CES/CES/Home/Controller/ShowController.class.php 第 29 行.
INFO: [ view_parse ] --START--
INFO: [ template_filter ] --START--
INFO: Run Behavior\ContentReplaceBehavior [ RunTime:0.000020s ]
INFO: [ template_filter ] --END-- [ RunTime:0.000047s ]
INFO: Run Behavior\ParseTemplateBehavior [ RunTime:0.002587s ]
INFO: [ view_parse ] --END-- [ RunTime:0.002607s ]
INFO: [ view_filter ] --START--
INFO: Run Behavior\WriteHtmlCacheBehavior [ RunTime:0.000085s ]
INFO: [ view_filter ] --END-- [ RunTime:0.000098s ]
INFO: [ app_end ] --START--
INFO: Run Behavior\ShowPageTraceBehavior [ RunTime:0.000247s ]
INFO: [ app_end ] --END-- [ RunTime:0.000262s ]

[ 2016-12-07T11:05:58+08:00 ] 127.0.0.1 /CES/index.php/Home/UserManager/addOpenInfo?id=ocoIvxLTumwc3gpi6SPvKWrzYlt0
INFO: [ app_init ] --START--
INFO: Run Behavior\BuildLiteBehavior [ RunTime:0.000006s ]
INFO: [ app_init ] --END-- [ RunTime:0.000185s ]
INFO: [ app_begin ] --START--
INFO: Run Behavior\ReadHtmlCacheBehavior [ RunTime:0.000226s ]
INFO: [ app_begin ] --END-- [ RunTime:0.000247s ]
SQL: SHOW COLUMNS FROM `tb_user` [ RunTime:0.0020s ]
SQL: SELECT `stu_name` FROM `tb_user` WHERE `openid` = 'ocoIvxLTumwc3gpi6SPvKWrzYlt0'  [ RunTime:0.0002s ]
NOTIC: [2] Declaration of Home\Controller\ShowController::show($openid = NULL) should be compatible with Think\Controller::show($content, $charset = '', $contentType = '', $prefix = '') /Users/lawrance/Data/CES/CES/Home/Controller/ShowController.class.php 第 29 行.
INFO: [ view_parse ] --START--
INFO: [ template_filter ] --START--
INFO: Run Behavior\ContentReplaceBehavior [ RunTime:0.000022s ]
INFO: [ template_filter ] --END-- [ RunTime:0.000041s ]
INFO: Run Behavior\ParseTemplateBehavior [ RunTime:0.002345s ]
INFO: [ view_parse ] --END-- [ RunTime:0.002365s ]
INFO: [ view_filter ] --START--
INFO: Run Behavior\WriteHtmlCacheBehavior [ RunTime:0.000082s ]
INFO: [ view_filter ] --END-- [ RunTime:0.000095s ]
INFO: [ app_end ] --START--
INFO: Run Behavior\ShowPageTraceBehavior [ RunTime:0.000245s ]
INFO: [ app_end ] --END-- [ RunTime:0.000259s ]

[ 2016-12-07T11:07:50+08:00 ] 127.0.0.1 /CES/index.php/Home/UserManager/addOpenInfo?id=ocoIvxLTumwc3gpi6SPvKWrzYlt0
INFO: [ app_init ] --START--
INFO: Run Behavior\BuildLiteBehavior [ RunTime:0.000006s ]
INFO: [ app_init ] --END-- [ RunTime:0.000182s ]
INFO: [ app_begin ] --START--
INFO: Run Behavior\ReadHtmlCacheBehavior [ RunTime:0.000252s ]
INFO: [ app_begin ] --END-- [ RunTime:0.000280s ]
SQL: SHOW COLUMNS FROM `tb_user` [ RunTime:0.0019s ]
SQL: SELECT `stu_name` FROM `tb_user` WHERE `openid` = 'ocoIvxLTumwc3gpi6SPvKWrzYlt0'  [ RunTime:0.0002s ]
INFO: [ view_parse ] --START--
INFO: [ template_filter ] --START--
INFO: Run Behavior\ContentReplaceBehavior [ RunTime:0.000035s ]
INFO: [ template_filter ] --END-- [ RunTime:0.000059s ]
INFO: Run Behavior\ParseTemplateBehavior [ RunTime:0.002533s ]
INFO: [ view_parse ] --END-- [ RunTime:0.002561s ]
INFO: [ view_filter ] --START--
INFO: Run Behavior\WriteHtmlCacheBehavior [ RunTime:0.000084s ]
INFO: [ view_filter ] --END-- [ RunTime:0.000095s ]
INFO: [ app_end ] --START--
INFO: Run Behavior\ShowPageTraceBehavior [ RunTime:0.000237s ]
INFO: [ app_end ] --END-- [ RunTime:0.000252s ]

[ 2016-12-07T11:08:00+08:00 ] 127.0.0.1 /CES/index.php/Home/UserManager/bindUserInfo
INFO: [ app_init ] --START--
INFO: Run Behavior\BuildLiteBehavior [ RunTime:0.000005s ]
INFO: [ app_init ] --END-- [ RunTime:0.000184s ]
INFO: [ app_begin ] --START--
INFO: Run Behavior\ReadHtmlCacheBehavior [ RunTime:0.000228s ]
INFO: [ app_begin ] --END-- [ RunTime:0.000249s ]
SQL: SHOW COLUMNS FROM `tb_user` [ RunTime:0.0019s ]
SQL: SELECT * FROM `tb_user` WHERE `stu_num` = '20135580'  [ RunTime:0.0002s ]
SQL: SELECT * FROM `tb_user` WHERE `openid` = 'ocoIvxLTumwc3gpi6SPvKWrzYlt0' LIMIT 1   [ RunTime:0.0001s ]
SQL: UPDATE `tb_user` SET `openid`='ocoIvxLTumwc3gpi6SPvKWrzYlt0' WHERE `stu_num` = '20135580' [ RunTime:0.0007s ]

[ 2016-12-07T11:10:30+08:00 ] 127.0.0.1 /CES/index.php/Home/UserManager/addOpenInfo?id=ocoIvxLTumwc3gpi6SPvKWrzYlt0
INFO: [ app_init ] --START--
INFO: Run Behavior\BuildLiteBehavior [ RunTime:0.000007s ]
INFO: [ app_init ] --END-- [ RunTime:0.000186s ]
INFO: [ app_begin ] --START--
INFO: Run Behavior\ReadHtmlCacheBehavior [ RunTime:0.000229s ]
INFO: [ app_begin ] --END-- [ RunTime:0.000250s ]
SQL: SHOW COLUMNS FROM `tb_user` [ RunTime:0.0020s ]
SQL: SELECT `stu_name` FROM `tb_user` WHERE `openid` = 'ocoIvxLTumwc3gpi6SPvKWrzYlt0'  [ RunTime:0.0001s ]
INFO: [ view_parse ] --START--
INFO: [ template_filter ] --START--
INFO: Run Behavior\ContentReplaceBehavior [ RunTime:0.000035s ]
INFO: [ template_filter ] --END-- [ RunTime:0.000054s ]
INFO: Run Behavior\ParseTemplateBehavior [ RunTime:0.002546s ]
INFO: [ view_parse ] --END-- [ RunTime:0.002563s ]
INFO: [ view_filter ] --START--
INFO: Run Behavior\WriteHtmlCacheBehavior [ RunTime:0.000081s ]
INFO: [ view_filter ] --END-- [ RunTime:0.000093s ]
INFO: [ app_end ] --START--
INFO: Run Behavior\ShowPageTraceBehavior [ RunTime:0.000228s ]
INFO: [ app_end ] --END-- [ RunTime:0.000243s ]

[ 2016-12-07T11:10:39+08:00 ] 127.0.0.1 /CES/index.php/Home/UserManager/bindUserInfo
INFO: [ app_init ] --START--
INFO: Run Behavior\BuildLiteBehavior [ RunTime:0.000006s ]
INFO: [ app_init ] --END-- [ RunTime:0.000182s ]
INFO: [ app_begin ] --START--
INFO: Run Behavior\ReadHtmlCacheBehavior [ RunTime:0.000224s ]
INFO: [ app_begin ] --END-- [ RunTime:0.000244s ]
SQL: SHOW COLUMNS FROM `tb_user` [ RunTime:0.0020s ]
SQL: SELECT * FROM `tb_user` WHERE `stu_num` = '20135580'  [ RunTime:0.0002s ]
SQL: SELECT * FROM `tb_user` WHERE `openid` = 'ocoIvxLTumwc3gpi6SPvKWrzYlt0' LIMIT 1   [ RunTime:0.0001s ]
SQL: UPDATE `tb_user` SET `openid`='ocoIvxLTumwc3gpi6SPvKWrzYlt0' WHERE `stu_num` = '20135580' [ RunTime:0.0007s ]

[ 2016-12-07T11:10:46+08:00 ] 127.0.0.1 /CES/index.php/Home/UserManager/addOpenInfo?id=ocoIvxLTumwc3gpi6SPvKWrzYlt0
INFO: [ app_init ] --START--
INFO: Run Behavior\BuildLiteBehavior [ RunTime:0.000006s ]
INFO: [ app_init ] --END-- [ RunTime:0.000185s ]
INFO: [ app_begin ] --START--
INFO: Run Behavior\ReadHtmlCacheBehavior [ RunTime:0.000230s ]
INFO: [ app_begin ] --END-- [ RunTime:0.000250s ]
SQL: SHOW COLUMNS FROM `tb_user` [ RunTime:0.0026s ]
SQL: SELECT `stu_name` FROM `tb_user` WHERE `openid` = 'ocoIvxLTumwc3gpi6SPvKWrzYlt0'  [ RunTime:0.0002s ]
NOTIC: [2] Declaration of Home\Controller\ShowController::show($openid = NULL) should be compatible with Think\Controller::show($content, $charset = '', $contentType = '', $prefix = '') /Users/lawrance/Data/CES/CES/Home/Controller/ShowController.class.php 第 29 行.
INFO: [ view_parse ] --START--
INFO: [ template_filter ] --START--
INFO: Run Behavior\ContentReplaceBehavior [ RunTime:0.000021s ]
INFO: [ template_filter ] --END-- [ RunTime:0.000041s ]
INFO: Run Behavior\ParseTemplateBehavior [ RunTime:0.002295s ]
INFO: [ view_parse ] --END-- [ RunTime:0.002317s ]
INFO: [ view_filter ] --START--
INFO: Run Behavior\WriteHtmlCacheBehavior [ RunTime:0.000086s ]
INFO: [ view_filter ] --END-- [ RunTime:0.000098s ]
INFO: [ app_end ] --START--
INFO: Run Behavior\ShowPageTraceBehavior [ RunTime:0.000242s ]
INFO: [ app_end ] --END-- [ RunTime:0.000257s ]

[ 2016-12-07T11:11:25+08:00 ] 127.0.0.1 /CES/index.php/Home/UserManager/addOpenInfo?id=ocoIvxLTumwc3gpi6SPvKWrzYlt0
INFO: [ app_init ] --START--
INFO: Run Behavior\BuildLiteBehavior [ RunTime:0.000007s ]
INFO: [ app_init ] --END-- [ RunTime:0.000199s ]
INFO: [ app_begin ] --START--
INFO: Run Behavior\ReadHtmlCacheBehavior [ RunTime:0.000238s ]
INFO: [ app_begin ] --END-- [ RunTime:0.000259s ]
SQL: SHOW COLUMNS FROM `tb_user` [ RunTime:0.0017s ]
SQL: SELECT `stu_name` FROM `tb_user` WHERE `openid` = 'ocoIvxLTumwc3gpi6SPvKWrzYlt0'  [ RunTime:0.0002s ]
NOTIC: [2] Declaration of Home\Controller\ShowController::show($openid = NULL) should be compatible with Think\Controller::show($content, $charset = '', $contentType = '', $prefix = '') /Users/lawrance/Data/CES/CES/Home/Controller/ShowController.class.php 第 29 行.
INFO: [ view_parse ] --START--
INFO: [ template_filter ] --START--
INFO: Run Behavior\ContentReplaceBehavior [ RunTime:0.000021s ]
INFO: [ template_filter ] --END-- [ RunTime:0.000041s ]
INFO: Run Behavior\ParseTemplateBehavior [ RunTime:0.002297s ]
INFO: [ view_parse ] --END-- [ RunTime:0.002316s ]
INFO: [ view_filter ] --START--
INFO: Run Behavior\WriteHtmlCacheBehavior [ RunTime:0.000084s ]
INFO: [ view_filter ] --END-- [ RunTime:0.000097s ]
INFO: [ app_end ] --START--
INFO: Run Behavior\ShowPageTraceBehavior [ RunTime:0.000245s ]
INFO: [ app_end ] --END-- [ RunTime:0.000259s ]

[ 2016-12-07T11:14:28+08:00 ] 127.0.0.1 /CES/index.php/Home/UserManager/addOpenInfo?id=ocoIvxLTumwc3gpi6SPvKWrzYlt0
INFO: [ app_init ] --START--
INFO: Run Behavior\BuildLiteBehavior [ RunTime:0.000009s ]
INFO: [ app_init ] --END-- [ RunTime:0.000457s ]
INFO: [ app_begin ] --START--
INFO: Run Behavior\ReadHtmlCacheBehavior [ RunTime:0.000488s ]
INFO: [ app_begin ] --END-- [ RunTime:0.000522s ]
SQL: SHOW COLUMNS FROM `tb_user` [ RunTime:0.0010s ]
SQL: SELECT `stu_name` FROM `tb_user` WHERE `openid` = 'ocoIvxLTumwc3gpi6SPvKWrzYlt0'  [ RunTime:0.0002s ]
INFO: [ view_parse ] --START--
INFO: [ template_filter ] --START--
INFO: Run Behavior\ContentReplaceBehavior [ RunTime:0.000037s ]
INFO: [ template_filter ] --END-- [ RunTime:0.000059s ]
INFO: Run Behavior\ParseTemplateBehavior [ RunTime:0.003521s ]
INFO: [ view_parse ] --END-- [ RunTime:0.003539s ]
INFO: [ view_filter ] --START--
INFO: Run Behavior\WriteHtmlCacheBehavior [ RunTime:0.000304s ]
INFO: [ view_filter ] --END-- [ RunTime:0.000321s ]
INFO: [ app_end ] --START--
INFO: Run Behavior\ShowPageTraceBehavior [ RunTime:0.000440s ]
INFO: [ app_end ] --END-- [ RunTime:0.000458s ]

[ 2016-12-07T11:14:58+08:00 ] 127.0.0.1 /CES/index.php/Home/UserManager/bindUserInfo
INFO: [ app_init ] --START--
INFO: Run Behavior\BuildLiteBehavior [ RunTime:0.000005s ]
INFO: [ app_init ] --END-- [ RunTime:0.000178s ]
INFO: [ app_begin ] --START--
INFO: Run Behavior\ReadHtmlCacheBehavior [ RunTime:0.000225s ]
INFO: [ app_begin ] --END-- [ RunTime:0.000245s ]
SQL: SHOW COLUMNS FROM `tb_user` [ RunTime:0.0020s ]
SQL: SELECT * FROM `tb_user` WHERE `stu_num` = '20135589'  [ RunTime:0.0002s ]

[ 2016-12-07T11:15:22+08:00 ] 127.0.0.1 /CES/index.php/Home/UserManager/addOpenInfo?id=ocoIvxLTumwc3gpi6SPvKWrzYlt0
INFO: [ app_init ] --START--
INFO: Run Behavior\BuildLiteBehavior [ RunTime:0.000005s ]
INFO: [ app_init ] --END-- [ RunTime:0.000175s ]
INFO: [ app_begin ] --START--
INFO: Run Behavior\ReadHtmlCacheBehavior [ RunTime:0.000222s ]
INFO: [ app_begin ] --END-- [ RunTime:0.000243s ]
SQL: SHOW COLUMNS FROM `tb_user` [ RunTime:0.0020s ]
SQL: SELECT `stu_name` FROM `tb_user` WHERE `openid` = 'ocoIvxLTumwc3gpi6SPvKWrzYlt0'  [ RunTime:0.0001s ]
INFO: [ view_parse ] --START--
INFO: [ template_filter ] --START--
INFO: Run Behavior\ContentReplaceBehavior [ RunTime:0.000036s ]
INFO: [ template_filter ] --END-- [ RunTime:0.000057s ]
INFO: Run Behavior\ParseTemplateBehavior [ RunTime:0.002532s ]
INFO: [ view_parse ] --END-- [ RunTime:0.002551s ]
INFO: [ view_filter ] --START--
INFO: Run Behavior\WriteHtmlCacheBehavior [ RunTime:0.000081s ]
INFO: [ view_filter ] --END-- [ RunTime:0.000092s ]
INFO: [ app_end ] --START--
INFO: Run Behavior\ShowPageTraceBehavior [ RunTime:0.000233s ]
INFO: [ app_end ] --END-- [ RunTime:0.000247s ]

[ 2016-12-07T11:15:30+08:00 ] 127.0.0.1 /CES/index.php/Home/UserManager/bindUserInfo
INFO: [ app_init ] --START--
INFO: Run Behavior\BuildLiteBehavior [ RunTime:0.000007s ]
INFO: [ app_init ] --END-- [ RunTime:0.000162s ]
INFO: [ app_begin ] --START--
INFO: Run Behavior\ReadHtmlCacheBehavior [ RunTime:0.000198s ]
INFO: [ app_begin ] --END-- [ RunTime:0.000217s ]
SQL: SHOW COLUMNS FROM `tb_user` [ RunTime:0.0018s ]
SQL: SELECT * FROM `tb_user` WHERE `stu_num` = '20135589'  [ RunTime:0.0002s ]

[ 2016-12-07T11:15:35+08:00 ] 127.0.0.1 /CES/index.php/Home/UserManager/bindUserInfo
INFO: [ app_init ] --START--
INFO: Run Behavior\BuildLiteBehavior [ RunTime:0.000006s ]
INFO: [ app_init ] --END-- [ RunTime:0.000175s ]
INFO: [ app_begin ] --START--
INFO: Run Behavior\ReadHtmlCacheBehavior [ RunTime:0.000222s ]
INFO: [ app_begin ] --END-- [ RunTime:0.000242s ]
SQL: SHOW COLUMNS FROM `tb_user` [ RunTime:0.0019s ]
SQL: SELECT * FROM `tb_user` WHERE `stu_num` = '20135589'  [ RunTime:0.0002s ]

[ 2016-12-07T11:15:42+08:00 ] 127.0.0.1 /CES/index.php/Home/UserManager/bindUserInfo
INFO: [ app_init ] --START--
INFO: Run Behavior\BuildLiteBehavior [ RunTime:0.000007s ]
INFO: [ app_init ] --END-- [ RunTime:0.000183s ]
INFO: [ app_begin ] --START--
INFO: Run Behavior\ReadHtmlCacheBehavior [ RunTime:0.000225s ]
INFO: [ app_begin ] --END-- [ RunTime:0.000246s ]
SQL: SHOW COLUMNS FROM `tb_user` [ RunTime:0.0019s ]
SQL: SELECT * FROM `tb_user` WHERE `stu_num` = '20135580'  [ RunTime:0.0002s ]

[ 2016-12-07T11:15:48+08:00 ] 127.0.0.1 /CES/index.php/Home/UserManager/bindUserInfo
INFO: [ app_init ] --START--
INFO: Run Behavior\BuildLiteBehavior [ RunTime:0.000006s ]
INFO: [ app_init ] --END-- [ RunTime:0.000179s ]
INFO: [ app_begin ] --START--
INFO: Run Behavior\ReadHtmlCacheBehavior [ RunTime:0.000224s ]
INFO: [ app_begin ] --END-- [ RunTime:0.000245s ]
SQL: SHOW COLUMNS FROM `tb_user` [ RunTime:0.0018s ]
SQL: SELECT * FROM `tb_user` WHERE `stu_num` = '20135580'  [ RunTime:0.0002s ]
SQL: SELECT * FROM `tb_user` WHERE `openid` = 'ocoIvxLTumwc3gpi6SPvKWrzYlt0' LIMIT 1   [ RunTime:0.0001s ]
SQL: UPDATE `tb_user` SET `openid`='ocoIvxLTumwc3gpi6SPvKWrzYlt0' WHERE `stu_num` = '20135580' AND `is_match` = '是' [ RunTime:0.0002s ]

[ 2016-12-07T11:15:54+08:00 ] 127.0.0.1 /CES/index.php/Home/UserManager/bindUserInfo
INFO: [ app_init ] --START--
INFO: Run Behavior\BuildLiteBehavior [ RunTime:0.000006s ]
INFO: [ app_init ] --END-- [ RunTime:0.000183s ]
INFO: [ app_begin ] --START--
INFO: Run Behavior\ReadHtmlCacheBehavior [ RunTime:0.000225s ]
INFO: [ app_begin ] --END-- [ RunTime:0.000246s ]
SQL: SHOW COLUMNS FROM `tb_user` [ RunTime:0.0019s ]
SQL: SELECT * FROM `tb_user` WHERE `stu_num` = '20135580'  [ RunTime:0.0002s ]
SQL: SELECT * FROM `tb_user` WHERE `openid` = 'ocoIvxLTumwc3gpi6SPvKWrzYlt0' LIMIT 1   [ RunTime:0.0001s ]
SQL: UPDATE `tb_user` SET `openid`='ocoIvxLTumwc3gpi6SPvKWrzYlt0' WHERE `stu_num` = '20135580' AND `is_match` = '是' [ RunTime:0.0002s ]

[ 2016-12-07T11:16:34+08:00 ] 127.0.0.1 /CES/index.php/Home/UserManager/bindUserInfo
INFO: [ app_init ] --START--
INFO: Run Behavior\BuildLiteBehavior [ RunTime:0.000006s ]
INFO: [ app_init ] --END-- [ RunTime:0.000183s ]
INFO: [ app_begin ] --START--
INFO: Run Behavior\ReadHtmlCacheBehavior [ RunTime:0.000227s ]
INFO: [ app_begin ] --END-- [ RunTime:0.000248s ]
SQL: SHOW COLUMNS FROM `tb_user` [ RunTime:0.0012s ]
SQL: SELECT * FROM `tb_user` WHERE `stu_num` = '20135580'  [ RunTime:0.0002s ]
SQL: SELECT * FROM `tb_user` WHERE `openid` = 'ocoIvxLTumwc3gpi6SPvKWrzYlt0' LIMIT 1   [ RunTime:0.0001s ]
SQL: UPDATE `tb_user` SET `openid`='ocoIvxLTumwc3gpi6SPvKWrzYlt0',`is_match`='是' WHERE `stu_num` = '20135580' [ RunTime:0.0008s ]

[ 2016-12-07T11:16:39+08:00 ] 127.0.0.1 /CES/index.php/Home/UserManager/addOpenInfo?id=ocoIvxLTumwc3gpi6SPvKWrzYlt0
INFO: [ app_init ] --START--
INFO: Run Behavior\BuildLiteBehavior [ RunTime:0.000006s ]
INFO: [ app_init ] --END-- [ RunTime:0.000185s ]
INFO: [ app_begin ] --START--
INFO: Run Behavior\ReadHtmlCacheBehavior [ RunTime:0.000228s ]
INFO: [ app_begin ] --END-- [ RunTime:0.000249s ]
SQL: SHOW COLUMNS FROM `tb_user` [ RunTime:0.0009s ]
SQL: SELECT `stu_name` FROM `tb_user` WHERE `openid` = 'ocoIvxLTumwc3gpi6SPvKWrzYlt0'  [ RunTime:0.0002s ]
NOTIC: [2] Declaration of Home\Controller\ShowController::show($openid = NULL) should be compatible with Think\Controller::show($content, $charset = '', $contentType = '', $prefix = '') /Users/lawrance/Data/CES/CES/Home/Controller/ShowController.class.php 第 29 行.
INFO: [ view_parse ] --START--
INFO: [ template_filter ] --START--
INFO: Run Behavior\ContentReplaceBehavior [ RunTime:0.000021s ]
INFO: [ template_filter ] --END-- [ RunTime:0.000043s ]
INFO: Run Behavior\ParseTemplateBehavior [ RunTime:0.002519s ]
INFO: [ view_parse ] --END-- [ RunTime:0.002539s ]
INFO: [ view_filter ] --START--
INFO: Run Behavior\WriteHtmlCacheBehavior [ RunTime:0.000084s ]
INFO: [ view_filter ] --END-- [ RunTime:0.000096s ]
INFO: [ app_end ] --START--
INFO: Run Behavior\ShowPageTraceBehavior [ RunTime:0.000237s ]
INFO: [ app_end ] --END-- [ RunTime:0.000251s ]

[ 2016-12-07T15:30:49+08:00 ] 127.0.0.1 /CES/index.php/Home/Access/access?signature=a873214db6994f0d9283c8802252cd3f4cd048d1&timestamp=1481095849&nonce=1270571845&openid=ocoIvxLTumwc3gpi6SPvKWrzYlt0
INFO: [ app_init ] --START--
INFO: Run Behavior\BuildLiteBehavior [ RunTime:0.000009s ]
INFO: [ app_init ] --END-- [ RunTime:0.000443s ]
INFO: [ app_begin ] --START--
INFO: Run Behavior\ReadHtmlCacheBehavior [ RunTime:0.000523s ]
INFO: [ app_begin ] --END-- [ RunTime:0.000557s ]
NOTIC: [8] Undefined index: echostr /Users/lawrance/Data/CES/CES/Home/Controller/AccessController.class.php 第 77 行.
ERR: SQLSTATE[HY000] [1045] Access denied for user 'root'@'localhost' (using password: YES)

[ 2016-12-07T15:32:07+08:00 ] 127.0.0.1 /CES/index.php/Home/Access/access?signature=f363c9f25c85319e53928066092000e4018ec16f&timestamp=1481095926&nonce=566330093&openid=ocoIvxLTumwc3gpi6SPvKWrzYlt0
INFO: [ app_init ] --START--
INFO: Run Behavior\BuildLiteBehavior [ RunTime:0.000006s ]
INFO: [ app_init ] --END-- [ RunTime:0.000183s ]
INFO: [ app_begin ] --START--
INFO: Run Behavior\ReadHtmlCacheBehavior [ RunTime:0.000224s ]
INFO: [ app_begin ] --END-- [ RunTime:0.000245s ]
NOTIC: [8] Undefined index: echostr /Users/lawrance/Data/CES/CES/Home/Controller/AccessController.class.php 第 77 行.
ERR: SQLSTATE[HY000] [1045] Access denied for user 'root'@'localhost' (using password: YES)

[ 2016-12-07T15:32:33+08:00 ] 127.0.0.1 /CES/index.php/Home/Access/access?signature=117d143620c0831cbd2116988141c07c6e50eb3c&timestamp=1481095953&nonce=132608641&openid=ocoIvxLTumwc3gpi6SPvKWrzYlt0
INFO: [ app_init ] --START--
INFO: Run Behavior\BuildLiteBehavior [ RunTime:0.000007s ]
INFO: [ app_init ] --END-- [ RunTime:0.000182s ]
INFO: [ app_begin ] --START--
INFO: Run Behavior\ReadHtmlCacheBehavior [ RunTime:0.000225s ]
INFO: [ app_begin ] --END-- [ RunTime:0.000247s ]
NOTIC: [8] Undefined index: echostr /Users/lawrance/Data/CES/CES/Home/Controller/AccessController.class.php 第 77 行.
ERR: SQLSTATE[HY000] [1045] Access denied for user 'root'@'localhost' (using password: YES)

[ 2016-12-07T15:33:00+08:00 ] 127.0.0.1 /CES/index.php/Home/Access/access?signature=86a92a89fd314e1d4ba9b9a4839a9ad8214a50e6&timestamp=1481095980&nonce=353053149&openid=ocoIvxLTumwc3gpi6SPvKWrzYlt0
INFO: [ app_init ] --START--
INFO: Run Behavior\BuildLiteBehavior [ RunTime:0.000007s ]
INFO: [ app_init ] --END-- [ RunTime:0.000184s ]
INFO: [ app_begin ] --START--
INFO: Run Behavior\ReadHtmlCacheBehavior [ RunTime:0.000230s ]
INFO: [ app_begin ] --END-- [ RunTime:0.000251s ]
NOTIC: [8] Undefined index: echostr /Users/lawrance/Data/CES/CES/Home/Controller/AccessController.class.php 第 77 行.
ERR: SQLSTATE[HY000] [1045] Access denied for user 'root'@'localhost' (using password: YES)

[ 2016-12-07T15:33:47+08:00 ] 127.0.0.1 /CES/index.php/Home/Access/access?signature=9a37652cd20b8a8690174784e54238a2764f7bf7&timestamp=1481096027&nonce=1066425686&openid=ocoIvxLTumwc3gpi6SPvKWrzYlt0
INFO: [ app_init ] --START--
INFO: Run Behavior\BuildLiteBehavior [ RunTime:0.000007s ]
INFO: [ app_init ] --END-- [ RunTime:0.000195s ]
INFO: [ app_begin ] --START--
INFO: Run Behavior\ReadHtmlCacheBehavior [ RunTime:0.000286s ]
INFO: [ app_begin ] --END-- [ RunTime:0.000309s ]
NOTIC: [8] Undefined index: echostr /Users/lawrance/Data/CES/CES/Home/Controller/AccessController.class.php 第 77 行.
ERR: SQLSTATE[HY000] [1045] Access denied for user 'root'@'localhost' (using password: YES)

[ 2016-12-07T15:34:00+08:00 ] 127.0.0.1 /CES/index.php/Home/Access/access?signature=769e18aad7d36b16ff1ac258be0949c6fcb7854a&timestamp=1481096040&nonce=1312370560&openid=ocoIvxLTumwc3gpi6SPvKWrzYlt0
INFO: [ app_init ] --START--
INFO: Run Behavior\BuildLiteBehavior [ RunTime:0.000007s ]
INFO: [ app_init ] --END-- [ RunTime:0.000186s ]
INFO: [ app_begin ] --START--
INFO: Run Behavior\ReadHtmlCacheBehavior [ RunTime:0.000227s ]
INFO: [ app_begin ] --END-- [ RunTime:0.000250s ]
NOTIC: [8] Undefined index: echostr /Users/lawrance/Data/CES/CES/Home/Controller/AccessController.class.php 第 77 行.
ERR: SQLSTATE[HY000] [1045] Access denied for user 'root'@'localhost' (using password: YES)

[ 2016-12-07T15:34:14+08:00 ] 127.0.0.1 /CES/index.php/Home/Access/access?signature=cfd18fed82be7d57f10ea0299ac6d29de163b21e&timestamp=1481096054&nonce=344010711&openid=ocoIvxLTumwc3gpi6SPvKWrzYlt0
INFO: [ app_init ] --START--
INFO: Run Behavior\BuildLiteBehavior [ RunTime:0.000007s ]
INFO: [ app_init ] --END-- [ RunTime:0.000185s ]
INFO: [ app_begin ] --START--
INFO: Run Behavior\ReadHtmlCacheBehavior [ RunTime:0.000229s ]
INFO: [ app_begin ] --END-- [ RunTime:0.000250s ]
NOTIC: [8] Undefined index: echostr /Users/lawrance/Data/CES/CES/Home/Controller/AccessController.class.php 第 77 行.
ERR: SQLSTATE[HY000] [1045] Access denied for user 'root'@'localhost' (using password: YES)

[ 2016-12-07T15:35:26+08:00 ] 127.0.0.1 /CES/index.php/Home/Access/access?signature=714500e8091f5dd4333ef29d171e965170ffd9ed&echostr=9174085630833966078&timestamp=1481096126&nonce=496562678
INFO: [ app_init ] --START--
INFO: Run Behavior\BuildLiteBehavior [ RunTime:0.000006s ]
INFO: [ app_init ] --END-- [ RunTime:0.000180s ]
INFO: [ app_begin ] --START--
INFO: Run Behavior\ReadHtmlCacheBehavior [ RunTime:0.000226s ]
INFO: [ app_begin ] --END-- [ RunTime:0.000247s ]

[ 2016-12-07T15:35:36+08:00 ] 127.0.0.1 /CES/index.php/Home/Access/access?signature=9558c18240ae66b69a77c5bac4e643d7ab6f714a&timestamp=1481096136&nonce=395677906&openid=ocoIvxLTumwc3gpi6SPvKWrzYlt0
INFO: [ app_init ] --START--
INFO: Run Behavior\BuildLiteBehavior [ RunTime:0.000006s ]
INFO: [ app_init ] --END-- [ RunTime:0.000180s ]
INFO: [ app_begin ] --START--
INFO: Run Behavior\ReadHtmlCacheBehavior [ RunTime:0.000221s ]
INFO: [ app_begin ] --END-- [ RunTime:0.000243s ]
NOTIC: [8] Undefined index: echostr /Users/lawrance/Data/CES/CES/Home/Controller/AccessController.class.php 第 77 行.
ERR: SQLSTATE[HY000] [1045] Access denied for user 'root'@'localhost' (using password: YES)

[ 2016-12-07T15:35:54+08:00 ] 127.0.0.1 /CES/index.php/Home/Access/access?signature=489f70fd50816f7f95aa8afea3ef57bd61c5c3c9&timestamp=1481096154&nonce=952617174&openid=ocoIvxLTumwc3gpi6SPvKWrzYlt0
INFO: [ app_init ] --START--
INFO: Run Behavior\BuildLiteBehavior [ RunTime:0.000006s ]
INFO: [ app_init ] --END-- [ RunTime:0.000185s ]
INFO: [ app_begin ] --START--
INFO: Run Behavior\ReadHtmlCacheBehavior [ RunTime:0.000236s ]
INFO: [ app_begin ] --END-- [ RunTime:0.000259s ]
NOTIC: [8] Undefined index: echostr /Users/lawrance/Data/CES/CES/Home/Controller/AccessController.class.php 第 77 行.
ERR: SQLSTATE[HY000] [1045] Access denied for user 'root'@'localhost' (using password: YES)

[ 2016-12-07T15:35:56+08:00 ] 127.0.0.1 /CES/index.php/Home/Access/access?signature=4bc62744943a87c0b9e7de07527d48191f23470e&timestamp=1481096156&nonce=174978868&openid=ocoIvxLTumwc3gpi6SPvKWrzYlt0
INFO: [ app_init ] --START--
INFO: Run Behavior\BuildLiteBehavior [ RunTime:0.000007s ]
INFO: [ app_init ] --END-- [ RunTime:0.000185s ]
INFO: [ app_begin ] --START--
INFO: Run Behavior\ReadHtmlCacheBehavior [ RunTime:0.000228s ]
INFO: [ app_begin ] --END-- [ RunTime:0.000250s ]
NOTIC: [8] Undefined index: echostr /Users/lawrance/Data/CES/CES/Home/Controller/AccessController.class.php 第 77 行.
ERR: SQLSTATE[HY000] [1045] Access denied for user 'root'@'localhost' (using password: YES)

[ 2016-12-07T15:37:03+08:00 ] ::1 /CES/index.php/Home/Access/output
INFO: [ app_init ] --START--
INFO: Run Behavior\BuildLiteBehavior [ RunTime:0.000006s ]
INFO: [ app_init ] --END-- [ RunTime:0.000169s ]
INFO: [ app_begin ] --START--
INFO: Run Behavior\ReadHtmlCacheBehavior [ RunTime:0.000207s ]
INFO: [ app_begin ] --END-- [ RunTime:0.000227s ]
ERR: 参数错误或者未定义:object

[ 2016-12-07T15:37:43+08:00 ] ::1 /CES/index.php/Home/Access/output
INFO: [ app_init ] --START--
INFO: Run Behavior\BuildLiteBehavior [ RunTime:0.000007s ]
INFO: [ app_init ] --END-- [ RunTime:0.000176s ]
INFO: [ app_begin ] --START--
INFO: Run Behavior\ReadHtmlCacheBehavior [ RunTime:0.000217s ]
INFO: [ app_begin ] --END-- [ RunTime:0.000237s ]
ERR: SQLSTATE[HY000] [1045] Access denied for user 'root'@'localhost' (using password: YES)

[ 2016-12-07T15:38:28+08:00 ] ::1 /CES/index.php/Home/Access/output
INFO: [ app_init ] --START--
INFO: Run Behavior\BuildLiteBehavior [ RunTime:0.000007s ]
INFO: [ app_init ] --END-- [ RunTime:0.000174s ]
INFO: [ app_begin ] --START--
INFO: Run Behavior\ReadHtmlCacheBehavior [ RunTime:0.000209s ]
INFO: [ app_begin ] --END-- [ RunTime:0.000228s ]
ERR: SQLSTATE[HY000] [1045] Access denied for user 'root'@'localhost' (using password: YES)

[ 2016-12-07T15:38:32+08:00 ] ::1 /CES/index.php/Home/Access/output
INFO: [ app_init ] --START--
INFO: Run Behavior\BuildLiteBehavior [ RunTime:0.000013s ]
INFO: [ app_init ] --END-- [ RunTime:0.000252s ]
INFO: [ app_begin ] --START--
INFO: Run Behavior\ReadHtmlCacheBehavior [ RunTime:0.000261s ]
INFO: [ app_begin ] --END-- [ RunTime:0.000285s ]
ERR: SQLSTATE[HY000] [1045] Access denied for user 'root'@'localhost' (using password: YES)

[ 2016-12-07T15:38:34+08:00 ] ::1 /CES/index.php/Home/Access/output
INFO: [ app_init ] --START--
INFO: Run Behavior\BuildLiteBehavior [ RunTime:0.000010s ]
INFO: [ app_init ] --END-- [ RunTime:0.000278s ]
INFO: [ app_begin ] --START--
INFO: Run Behavior\ReadHtmlCacheBehavior [ RunTime:0.000312s ]
INFO: [ app_begin ] --END-- [ RunTime:0.000342s ]
ERR: SQLSTATE[HY000] [1045] Access denied for user 'root'@'localhost' (using password: YES)

[ 2016-12-07T15:38:37+08:00 ] ::1 /CES/index.php/Home/Access/output
INFO: [ app_init ] --START--
INFO: Run Behavior\BuildLiteBehavior [ RunTime:0.000007s ]
INFO: [ app_init ] --END-- [ RunTime:0.000186s ]
INFO: [ app_begin ] --START--
INFO: Run Behavior\ReadHtmlCacheBehavior [ RunTime:0.000244s ]
INFO: [ app_begin ] --END-- [ RunTime:0.000270s ]
ERR: SQLSTATE[HY000] [1045] Access denied for user 'root'@'localhost' (using password: YES)

[ 2016-12-07T15:38:40+08:00 ] ::1 /CES/index.php/Home/Access/output
INFO: [ app_init ] --START--
INFO: Run Behavior\BuildLiteBehavior [ RunTime:0.000007s ]
INFO: [ app_init ] --END-- [ RunTime:0.000228s ]
INFO: [ app_begin ] --START--
INFO: Run Behavior\ReadHtmlCacheBehavior [ RunTime:0.000314s ]
INFO: [ app_begin ] --END-- [ RunTime:0.000338s ]
ERR: SQLSTATE[HY000] [1045] Access denied for user 'root'@'localhost' (using password: YES)

[ 2016-12-07T15:40:09+08:00 ] ::1 /CES/index.php/Home/Access/output
INFO: [ app_init ] --START--
INFO: Run Behavior\BuildLiteBehavior [ RunTime:0.000010s ]
INFO: [ app_init ] --END-- [ RunTime:0.000450s ]
INFO: [ app_begin ] --START--
INFO: Run Behavior\ReadHtmlCacheBehavior [ RunTime:0.000457s ]
INFO: [ app_begin ] --END-- [ RunTime:0.000479s ]
SQL: SHOW COLUMNS FROM `tb_auto_response` [ RunTime:0.0013s ]
SQL: SELECT `user_input` FROM `tb_auto_response`  [ RunTime:0.0001s ]
INFO: [ app_end ] --START--
INFO: Run Behavior\ShowPageTraceBehavior [ RunTime:0.000483s ]
INFO: [ app_end ] --END-- [ RunTime:0.000504s ]

[ 2016-12-07T15:40:14+08:00 ] 127.0.0.1 /CES/index.php/Home/Access/access?signature=ad19acd90cd133134562ca2a13581d9b646a4e64&timestamp=1481096414&nonce=1542262606&openid=ocoIvxLTumwc3gpi6SPvKWrzYlt0
INFO: [ app_init ] --START--
INFO: Run Behavior\BuildLiteBehavior [ RunTime:0.000007s ]
INFO: [ app_init ] --END-- [ RunTime:0.000181s ]
INFO: [ app_begin ] --START--
INFO: Run Behavior\ReadHtmlCacheBehavior [ RunTime:0.000231s ]
INFO: [ app_begin ] --END-- [ RunTime:0.000252s ]
NOTIC: [8] Undefined index: echostr /Users/lawrance/Data/CES/CES/Home/Controller/AccessController.class.php 第 77 行.
SQL: SHOW COLUMNS FROM `tb_user` [ RunTime:0.0010s ]
SQL: SELECT * FROM `tb_user` WHERE `openid` = 'ocoIvxLTumwc3gpi6SPvKWrzYlt0' LIMIT 1   [ RunTime:0.0002s ]
SQL: SHOW COLUMNS FROM `tb_auto_response` [ RunTime:0.0007s ]
SQL: SELECT * FROM `tb_auto_response` WHERE `user_input` = '测试' LIMIT 1   [ RunTime:0.0002s ]

[ 2016-12-07T15:40:19+08:00 ] 127.0.0.1 /CES/index.php/Home/Access/access?signature=69f9eb796a2aae7a096c48202047e8912dbe539c&timestamp=1481096419&nonce=191237303&openid=ocoIvxLTumwc3gpi6SPvKWrzYlt0
INFO: [ app_init ] --START--
INFO: Run Behavior\BuildLiteBehavior [ RunTime:0.000006s ]
INFO: [ app_init ] --END-- [ RunTime:0.000177s ]
INFO: [ app_begin ] --START--
INFO: Run Behavior\ReadHtmlCacheBehavior [ RunTime:0.000227s ]
INFO: [ app_begin ] --END-- [ RunTime:0.000247s ]
NOTIC: [8] Undefined index: echostr /Users/lawrance/Data/CES/CES/Home/Controller/AccessController.class.php 第 77 行.
SQL: SHOW COLUMNS FROM `tb_user` [ RunTime:0.0012s ]
SQL: SELECT * FROM `tb_user` WHERE `openid` = 'ocoIvxLTumwc3gpi6SPvKWrzYlt0' LIMIT 1   [ RunTime:0.0002s ]
SQL: SHOW COLUMNS FROM `tb_auto_response` [ RunTime:0.0008s ]
SQL: SELECT * FROM `tb_auto_response` WHERE `user_input` = '哈' LIMIT 1   [ RunTime:0.0001s ]
SQL: SELECT `user_input` FROM `tb_auto_response`  [ RunTime:0.0001s ]

[ 2016-12-07T15:40:37+08:00 ] 127.0.0.1 /CES/index.php/Home/Access/access?signature=0cc884465f32df3e9b9e6fbc61921cddc3f540d0&timestamp=1481096436&nonce=1503055244&openid=ocoIvxLTumwc3gpi6SPvKWrzYlt0
INFO: [ app_init ] --START--
INFO: Run Behavior\BuildLiteBehavior [ RunTime:0.000009s ]
INFO: [ app_init ] --END-- [ RunTime:0.000234s ]
INFO: [ app_begin ] --START--
INFO: Run Behavior\ReadHtmlCacheBehavior [ RunTime:0.000234s ]
INFO: [ app_begin ] --END-- [ RunTime:0.000255s ]
NOTIC: [8] Undefined index: echostr /Users/lawrance/Data/CES/CES/Home/Controller/AccessController.class.php 第 77 行.
SQL: SHOW COLUMNS FROM `tb_user` [ RunTime:0.0020s ]
SQL: SELECT * FROM `tb_user` WHERE `openid` = 'ocoIvxLTumwc3gpi6SPvKWrzYlt0' LIMIT 1   [ RunTime:0.0002s ]
SQL: SHOW COLUMNS FROM `tb_auto_response` [ RunTime:0.0008s ]
SQL: SELECT * FROM `tb_auto_response` WHERE `user_input` = '活该' LIMIT 1   [ RunTime:0.0001s ]
SQL: SELECT `user_input` FROM `tb_auto_response`  [ RunTime:0.0001s ]

[ 2016-12-07T15:41:19+08:00 ] 127.0.0.1 /CES/index.php/Home/Access/access?signature=99f40ae16eea09d43414c2a111291caaa5534686&timestamp=1481096479&nonce=1908107625&openid=ocoIvxLTumwc3gpi6SPvKWrzYlt0
INFO: [ app_init ] --START--
INFO: Run Behavior\BuildLiteBehavior [ RunTime:0.000007s ]
INFO: [ app_init ] --END-- [ RunTime:0.000186s ]
INFO: [ app_begin ] --START--
INFO: Run Behavior\ReadHtmlCacheBehavior [ RunTime:0.000227s ]
INFO: [ app_begin ] --END-- [ RunTime:0.000249s ]
NOTIC: [8] Undefined index: echostr /Users/lawrance/Data/CES/CES/Home/Controller/AccessController.class.php 第 77 行.
SQL: SHOW COLUMNS FROM `tb_user` [ RunTime:0.0010s ]
SQL: SELECT * FROM `tb_user` WHERE `openid` = 'ocoIvxLTumwc3gpi6SPvKWrzYlt0' LIMIT 1   [ RunTime:0.0002s ]
SQL: SHOW COLUMNS FROM `tb_auto_response` [ RunTime:0.0008s ]
SQL: SELECT * FROM `tb_auto_response` WHERE `user_input` = '更好' LIMIT 1   [ RunTime:0.0001s ]
SQL: SELECT `user_input` FROM `tb_auto_response`  [ RunTime:0.0001s ]

[ 2016-12-07T15:41:33+08:00 ] 127.0.0.1 /CES/index.php/Home/Access/access?signature=99e83e155f2a53035a700eba891628a619c455fc&timestamp=1481096493&nonce=1175768009&openid=ocoIvxLTumwc3gpi6SPvKWrzYlt0
INFO: [ app_init ] --START--
INFO: Run Behavior\BuildLiteBehavior [ RunTime:0.000006s ]
INFO: [ app_init ] --END-- [ RunTime:0.000188s ]
INFO: [ app_begin ] --START--
INFO: Run Behavior\ReadHtmlCacheBehavior [ RunTime:0.000288s ]
INFO: [ app_begin ] --END-- [ RunTime:0.000316s ]
NOTIC: [8] Undefined index: echostr /Users/lawrance/Data/CES/CES/Home/Controller/AccessController.class.php 第 77 行.
SQL: SHOW COLUMNS FROM `tb_user` [ RunTime:0.0010s ]
SQL: SELECT * FROM `tb_user` WHERE `openid` = 'ocoIvxLTumwc3gpi6SPvKWrzYlt0' LIMIT 1   [ RunTime:0.0002s ]
SQL: SHOW COLUMNS FROM `tb_auto_response` [ RunTime:0.0008s ]
SQL: SELECT * FROM `tb_auto_response` WHERE `user_input` = '好吧' LIMIT 1   [ RunTime:0.0001s ]
SQL: SELECT `user_input` FROM `tb_auto_response`  [ RunTime:0.0001s ]

[ 2016-12-07T15:42:48+08:00 ] 127.0.0.1 /CES/index.php/Home/Access/access?signature=754af5302489e7ff92ac775a27b8257e8c1d4244&timestamp=1481096567&nonce=1395033226&openid=ocoIvxLTumwc3gpi6SPvKWrzYlt0
INFO: [ app_init ] --START--
INFO: Run Behavior\BuildLiteBehavior [ RunTime:0.000006s ]
INFO: [ app_init ] --END-- [ RunTime:0.000184s ]
INFO: [ app_begin ] --START--
INFO: Run Behavior\ReadHtmlCacheBehavior [ RunTime:0.000224s ]
INFO: [ app_begin ] --END-- [ RunTime:0.000246s ]
NOTIC: [8] Undefined index: echostr /Users/lawrance/Data/CES/CES/Home/Controller/AccessController.class.php 第 77 行.
SQL: SHOW COLUMNS FROM `tb_user` [ RunTime:0.0019s ]
SQL: SELECT * FROM `tb_user` WHERE `openid` = 'ocoIvxLTumwc3gpi6SPvKWrzYlt0' LIMIT 1   [ RunTime:0.0002s ]
SQL: SHOW COLUMNS FROM `tb_auto_response` [ RunTime:0.0008s ]
SQL: SELECT * FROM `tb_auto_response` WHERE `user_input` = '更好' LIMIT 1   [ RunTime:0.0001s ]
SQL: SELECT `user_input` FROM `tb_auto_response`  [ RunTime:0.0001s ]

[ 2016-12-07T15:43:18+08:00 ] 127.0.0.1 /CES/index.php/Home/Access/access?signature=7dd19866d4eb3113d1eab535ca3dd0087d30b793&timestamp=1481096598&nonce=124453919&openid=ocoIvxLTumwc3gpi6SPvKWrzYlt0
INFO: [ app_init ] --START--
INFO: Run Behavior\BuildLiteBehavior [ RunTime:0.000006s ]
INFO: [ app_init ] --END-- [ RunTime:0.000169s ]
INFO: [ app_begin ] --START--
INFO: Run Behavior\ReadHtmlCacheBehavior [ RunTime:0.000215s ]
INFO: [ app_begin ] --END-- [ RunTime:0.000236s ]
NOTIC: [8] Undefined index: echostr /Users/lawrance/Data/CES/CES/Home/Controller/AccessController.class.php 第 77 行.
SQL: SHOW COLUMNS FROM `tb_user` [ RunTime:0.0020s ]
SQL: SELECT * FROM `tb_user` WHERE `openid` = 'ocoIvxLTumwc3gpi6SPvKWrzYlt0' LIMIT 1   [ RunTime:0.0002s ]
SQL: SHOW COLUMNS FROM `tb_auto_response` [ RunTime:0.0008s ]
SQL: SELECT * FROM `tb_auto_response` WHERE `user_input` = '会更好' LIMIT 1   [ RunTime:0.0001s ]
SQL: SELECT `user_input` FROM `tb_auto_response`  [ RunTime:0.0001s ]

[ 2016-12-07T15:43:39+08:00 ] 127.0.0.1 /CES/index.php/Home/Access/access?signature=b685cfde6ec2121421d9a9bd962b7a4ff8ec0a30&timestamp=1481096619&nonce=203904314&openid=ocoIvxLTumwc3gpi6SPvKWrzYlt0
INFO: [ app_init ] --START--
INFO: Run Behavior\BuildLiteBehavior [ RunTime:0.000006s ]
INFO: [ app_init ] --END-- [ RunTime:0.000175s ]
INFO: [ app_begin ] --START--
INFO: Run Behavior\ReadHtmlCacheBehavior [ RunTime:0.000358s ]
INFO: [ app_begin ] --END-- [ RunTime:0.000395s ]
NOTIC: [8] Undefined index: echostr /Users/lawrance/Data/CES/CES/Home/Controller/AccessController.class.php 第 77 行.
SQL: SHOW COLUMNS FROM `tb_user` [ RunTime:0.0017s ]
SQL: SELECT * FROM `tb_user` WHERE `openid` = 'ocoIvxLTumwc3gpi6SPvKWrzYlt0' LIMIT 1   [ RunTime:0.0002s ]
SQL: SHOW COLUMNS FROM `tb_auto_response` [ RunTime:0.0008s ]
SQL: SELECT * FROM `tb_auto_response` WHERE `user_input` = '姑姑' LIMIT 1   [ RunTime:0.0001s ]
SQL: SELECT `user_input` FROM `tb_auto_response`  [ RunTime:0.0001s ]

[ 2016-12-07T15:44:34+08:00 ] 127.0.0.1 /CES/index.php/Home/Access/access?signature=4fa9db183cc52d311d0ff67a316f0101f50a0856&timestamp=1481096674&nonce=2046406728&openid=ocoIvxLTumwc3gpi6SPvKWrzYlt0
INFO: [ app_init ] --START--
INFO: Run Behavior\BuildLiteBehavior [ RunTime:0.000010s ]
INFO: [ app_init ] --END-- [ RunTime:0.000236s ]
INFO: [ app_begin ] --START--
INFO: Run Behavior\ReadHtmlCacheBehavior [ RunTime:0.000236s ]
INFO: [ app_begin ] --END-- [ RunTime:0.000258s ]
NOTIC: [8] Undefined index: echostr /Users/lawrance/Data/CES/CES/Home/Controller/AccessController.class.php 第 77 行.
SQL: SHOW COLUMNS FROM `tb_user` [ RunTime:0.0021s ]
SQL: SELECT * FROM `tb_user` WHERE `openid` = 'ocoIvxLTumwc3gpi6SPvKWrzYlt0' LIMIT 1   [ RunTime:0.0002s ]
SQL: SHOW COLUMNS FROM `tb_auto_response` [ RunTime:0.0008s ]
SQL: SELECT * FROM `tb_auto_response` WHERE `user_input` = 'vyc' LIMIT 1   [ RunTime:0.0001s ]
SQL: SELECT `user_input` FROM `tb_auto_response`  [ RunTime:0.0001s ]

[ 2016-12-07T15:44:52+08:00 ] 127.0.0.1 /CES/index.php/Home/Access/access?signature=c4f9341f0c13af325be9fc4e8471ac85cc5f8c54&timestamp=1481096692&nonce=1593916076&openid=ocoIvxLTumwc3gpi6SPvKWrzYlt0
INFO: [ app_init ] --START--
INFO: Run Behavior\BuildLiteBehavior [ RunTime:0.000006s ]
INFO: [ app_init ] --END-- [ RunTime:0.000181s ]
INFO: [ app_begin ] --START--
INFO: Run Behavior\ReadHtmlCacheBehavior [ RunTime:0.000223s ]
INFO: [ app_begin ] --END-- [ RunTime:0.000250s ]
NOTIC: [8] Undefined index: echostr /Users/lawrance/Data/CES/CES/Home/Controller/AccessController.class.php 第 77 行.
SQL: SHOW COLUMNS FROM `tb_user` [ RunTime:0.0020s ]
SQL: SELECT * FROM `tb_user` WHERE `openid` = 'ocoIvxLTumwc3gpi6SPvKWrzYlt0' LIMIT 1   [ RunTime:0.0002s ]
SQL: SHOW COLUMNS FROM `tb_auto_response` [ RunTime:0.0008s ]
SQL: SELECT * FROM `tb_auto_response` WHERE `user_input` = '故此' LIMIT 1   [ RunTime:0.0001s ]
SQL: SELECT `user_input` FROM `tb_auto_response`  [ RunTime:0.0001s ]

[ 2016-12-07T15:45:34+08:00 ] 127.0.0.1 /CES/index.php/Home/Access/access?signature=cf8c9edf5292e75114c3263e74d8d8025a651678&timestamp=1481096734&nonce=1241606472&openid=ocoIvxLTumwc3gpi6SPvKWrzYlt0
INFO: [ app_init ] --START--
INFO: Run Behavior\BuildLiteBehavior [ RunTime:0.000005s ]
INFO: [ app_init ] --END-- [ RunTime:0.000178s ]
INFO: [ app_begin ] --START--
INFO: Run Behavior\ReadHtmlCacheBehavior [ RunTime:0.000221s ]
INFO: [ app_begin ] --END-- [ RunTime:0.000242s ]
NOTIC: [8] Undefined index: echostr /Users/lawrance/Data/CES/CES/Home/Controller/AccessController.class.php 第 77 行.
SQL: SHOW COLUMNS FROM `tb_user` [ RunTime:0.0020s ]
SQL: SELECT * FROM `tb_user` WHERE `openid` = 'ocoIvxLTumwc3gpi6SPvKWrzYlt0' LIMIT 1   [ RunTime:0.0002s ]
SQL: SHOW COLUMNS FROM `tb_auto_response` [ RunTime:0.0007s ]
SQL: SELECT * FROM `tb_auto_response` WHERE `user_input` = '新闻' LIMIT 1   [ RunTime:0.0002s ]

[ 2016-12-07T15:45:37+08:00 ] 127.0.0.1 /CES/index.php/Home/Access/access?signature=c2bd6ff856bd58997b8793ce82faf09bece56cae&timestamp=1481096737&nonce=1725953618&openid=ocoIvxLTumwc3gpi6SPvKWrzYlt0
INFO: [ app_init ] --START--
INFO: Run Behavior\BuildLiteBehavior [ RunTime:0.000006s ]
INFO: [ app_init ] --END-- [ RunTime:0.000182s ]
INFO: [ app_begin ] --START--
INFO: Run Behavior\ReadHtmlCacheBehavior [ RunTime:0.000224s ]
INFO: [ app_begin ] --END-- [ RunTime:0.000246s ]
NOTIC: [8] Undefined index: echostr /Users/lawrance/Data/CES/CES/Home/Controller/AccessController.class.php 第 77 行.
SQL: SHOW COLUMNS FROM `tb_user` [ RunTime:0.0019s ]
SQL: SELECT * FROM `tb_user` WHERE `openid` = 'ocoIvxLTumwc3gpi6SPvKWrzYlt0' LIMIT 1   [ RunTime:0.0002s ]
SQL: SHOW COLUMNS FROM `tb_auto_response` [ RunTime:0.0007s ]
SQL: SELECT * FROM `tb_auto_response` WHERE `user_input` = '测试' LIMIT 1   [ RunTime:0.0001s ]

[ 2016-12-07T15:45:42+08:00 ] 127.0.0.1 /CES/index.php/Home/Access/access?signature=1cca67f8a6a7fe632a6b5259cc32a02c161bff76&timestamp=1481096742&nonce=27764660&openid=ocoIvxLTumwc3gpi6SPvKWrzYlt0
INFO: [ app_init ] --START--
INFO: Run Behavior\BuildLiteBehavior [ RunTime:0.000006s ]
INFO: [ app_init ] --END-- [ RunTime:0.000195s ]
INFO: [ app_begin ] --START--
INFO: Run Behavior\ReadHtmlCacheBehavior [ RunTime:0.000223s ]
INFO: [ app_begin ] --END-- [ RunTime:0.000244s ]
NOTIC: [8] Undefined index: echostr /Users/lawrance/Data/CES/CES/Home/Controller/AccessController.class.php 第 77 行.
SQL: SHOW COLUMNS FROM `tb_user` [ RunTime:0.0018s ]
SQL: SELECT * FROM `tb_user` WHERE `openid` = 'ocoIvxLTumwc3gpi6SPvKWrzYlt0' LIMIT 1   [ RunTime:0.0003s ]
SQL: SHOW COLUMNS FROM `tb_survey_plan` [ RunTime:0.0010s ]
SQL: SELECT * FROM `tb_survey_plan` WHERE `openid` = 'ocoIvxLTumwc3gpi6SPvKWrzYlt0' AND `is_finish` = '0'  [ RunTime:0.0002s ]

[ 2016-12-07T15:45:55+08:00 ] 127.0.0.1 /CES/index.php/Home/Access/access?signature=9138bebf13600356d65e4961ebbe7599fbbc3534&timestamp=1481096755&nonce=1129329320&openid=ocoIvxLTumwc3gpi6SPvKWrzYlt0
INFO: [ app_init ] --START--
INFO: Run Behavior\BuildLiteBehavior [ RunTime:0.000011s ]
INFO: [ app_init ] --END-- [ RunTime:0.000275s ]
INFO: [ app_begin ] --START--
INFO: Run Behavior\ReadHtmlCacheBehavior [ RunTime:0.000248s ]
INFO: [ app_begin ] --END-- [ RunTime:0.000271s ]
NOTIC: [8] Undefined index: echostr /Users/lawrance/Data/CES/CES/Home/Controller/AccessController.class.php 第 77 行.
SQL: SHOW COLUMNS FROM `tb_user` [ RunTime:0.0010s ]
SQL: SELECT * FROM `tb_user` WHERE `openid` = 'ocoIvxLTumwc3gpi6SPvKWrzYlt0' LIMIT 1   [ RunTime:0.0003s ]
SQL: SHOW COLUMNS FROM `tb_auto_response` [ RunTime:0.0009s ]
SQL: SELECT * FROM `tb_auto_response` WHERE `user_input` = '是谁' LIMIT 1   [ RunTime:0.0002s ]
SQL: SELECT `user_input` FROM `tb_auto_response`  [ RunTime:0.0002s ]

[ 2016-12-07T16:00:05+08:00 ] ::1 /CES/index.php/Home/GroupSend/allSendNews
INFO: [ app_init ] --START--
INFO: Run Behavior\BuildLiteBehavior [ RunTime:0.000008s ]
INFO: [ app_init ] --END-- [ RunTime:0.000408s ]
INFO: [ app_begin ] --START--
INFO: Run Behavior\ReadHtmlCacheBehavior [ RunTime:0.000476s ]
INFO: [ app_begin ] --END-- [ RunTime:0.000510s ]
NOTIC: [8] Undefined index: ispost /Users/lawrance/Data/CES/CES/Home/Controller/GroupSendController.class.php 第 29 行.
NOTIC: [2] curl_setopt(): Disabling safe uploads is no longer supported /Users/lawrance/Data/CES/CES/Home/Controller/MenuController.class.php 第 86 行.
NOTIC: [2] curl_setopt(): Disabling safe uploads is no longer supported /Users/lawrance/Data/CES/CES/Home/Controller/MenuController.class.php 第 86 行.

[ 2016-12-07T16:00:07+08:00 ] 127.0.0.1 /CES/index.php/Home/Access/access?signature=c17aea4c343256bc3de9661363ce24ad8939b699&timestamp=1481097606&nonce=1070033992&openid=ocoIvxO2yhmOTeuhoA2gmRCVDnSo
INFO: [ app_init ] --START--
INFO: Run Behavior\BuildLiteBehavior [ RunTime:0.000037s ]
INFO: [ app_init ] --END-- [ RunTime:0.000668s ]
INFO: [ app_begin ] --START--
INFO: Run Behavior\ReadHtmlCacheBehavior [ RunTime:0.000389s ]
INFO: [ app_begin ] --END-- [ RunTime:0.000434s ]
NOTIC: [8] Undefined index: echostr /Users/lawrance/Data/CES/CES/Home/Controller/AccessController.class.php 第 77 行.
SQL: SHOW COLUMNS FROM `tb_user` [ RunTime:0.0016s ]
SQL: SELECT * FROM `tb_user` WHERE `openid` = 'ocoIvxO2yhmOTeuhoA2gmRCVDnSo' LIMIT 1   [ RunTime:0.0003s ]

[ 2016-12-07T16:11:23+08:00 ] ::1 /CES/index.php/Home/GroupSend/allSendNews
INFO: [ app_init ] --START--
INFO: Run Behavior\BuildLiteBehavior [ RunTime:0.000009s ]
INFO: [ app_init ] --END-- [ RunTime:0.000433s ]
INFO: [ app_begin ] --START--
INFO: Run Behavior\ReadHtmlCacheBehavior [ RunTime:0.000473s ]
INFO: [ app_begin ] --END-- [ RunTime:0.000505s ]
NOTIC: [8] Undefined index: ispost /Users/lawrance/Data/CES/CES/Home/Controller/GroupSendController.class.php 第 29 行.
NOTIC: [2] curl_setopt(): Disabling safe uploads is no longer supported /Users/lawrance/Data/CES/CES/Home/Controller/MenuController.class.php 第 86 行.
NOTIC: [2] curl_setopt(): Disabling safe uploads is no longer supported /Users/lawrance/Data/CES/CES/Home/Controller/MenuController.class.php 第 86 行.

[ 2016-12-07T16:11:25+08:00 ] 127.0.0.1 /CES/index.php/Home/Access/access?signature=087dde298a6cff5a701e5b0ef2c922e09d1d2c90&timestamp=1481098285&nonce=836820569&openid=ocoIvxO2yhmOTeuhoA2gmRCVDnSo
INFO: [ app_init ] --START--
INFO: Run Behavior\BuildLiteBehavior [ RunTime:0.000011s ]
INFO: [ app_init ] --END-- [ RunTime:0.000337s ]
INFO: [ app_begin ] --START--
INFO: Run Behavior\ReadHtmlCacheBehavior [ RunTime:0.000537s ]
INFO: [ app_begin ] --END-- [ RunTime:0.000595s ]
NOTIC: [8] Undefined index: echostr /Users/lawrance/Data/CES/CES/Home/Controller/AccessController.class.php 第 77 行.
SQL: SHOW COLUMNS FROM `tb_user` [ RunTime:0.0018s ]
SQL: SELECT * FROM `tb_user` WHERE `openid` = 'ocoIvxO2yhmOTeuhoA2gmRCVDnSo' LIMIT 1   [ RunTime:0.0004s ]

[ 2016-12-07T16:12:44+08:00 ] ::1 /CES/index.php/Home/GroupSend/allSendNews
INFO: [ app_init ] --START--
INFO: Run Behavior\BuildLiteBehavior [ RunTime:0.000015s ]
INFO: [ app_init ] --END-- [ RunTime:0.000389s ]
INFO: [ app_begin ] --START--
INFO: Run Behavior\ReadHtmlCacheBehavior [ RunTime:0.000523s ]
INFO: [ app_begin ] --END-- [ RunTime:0.000583s ]
NOTIC: [8] Undefined index: ispost /Users/lawrance/Data/CES/CES/Home/Controller/GroupSendController.class.php 第 29 行.
NOTIC: [2] curl_setopt(): Disabling safe uploads is no longer supported /Users/lawrance/Data/CES/CES/Home/Controller/MenuController.class.php 第 86 行.
NOTIC: [2] curl_setopt(): Disabling safe uploads is no longer supported /Users/lawrance/Data/CES/CES/Home/Controller/MenuController.class.php 第 86 行.

[ 2016-12-07T16:12:46+08:00 ] 127.0.0.1 /CES/index.php/Home/Access/access?signature=6937bdeb9375fc4c68dd494d9cfbc29048c546f4&timestamp=1481098365&nonce=520218023&openid=ocoIvxO2yhmOTeuhoA2gmRCVDnSo
INFO: [ app_init ] --START--
INFO: Run Behavior\BuildLiteBehavior [ RunTime:0.000006s ]
INFO: [ app_init ] --END-- [ RunTime:0.000174s ]
INFO: [ app_begin ] --START--
INFO: Run Behavior\ReadHtmlCacheBehavior [ RunTime:0.000211s ]
INFO: [ app_begin ] --END-- [ RunTime:0.000231s ]
NOTIC: [8] Undefined index: echostr /Users/lawrance/Data/CES/CES/Home/Controller/AccessController.class.php 第 77 行.
SQL: SHOW COLUMNS FROM `tb_user` [ RunTime:0.0013s ]
SQL: SELECT * FROM `tb_user` WHERE `openid` = 'ocoIvxO2yhmOTeuhoA2gmRCVDnSo' LIMIT 1   [ RunTime:0.0002s ]

[ 2016-12-07T16:13:07+08:00 ] 127.0.0.1 /CES/index.php/Home/Access/access?signature=afba33ed9520df7fa07d60c903a43e638b02a66e&timestamp=1481098387&nonce=805089080&openid=ocoIvxLTumwc3gpi6SPvKWrzYlt0
INFO: [ app_init ] --START--
INFO: Run Behavior\BuildLiteBehavior [ RunTime:0.000006s ]
INFO: [ app_init ] --END-- [ RunTime:0.000179s ]
INFO: [ app_begin ] --START--
INFO: Run Behavior\ReadHtmlCacheBehavior [ RunTime:0.000225s ]
INFO: [ app_begin ] --END-- [ RunTime:0.000247s ]
NOTIC: [8] Undefined index: echostr /Users/lawrance/Data/CES/CES/Home/Controller/AccessController.class.php 第 77 行.
SQL: SHOW COLUMNS FROM `tb_user` [ RunTime:0.0010s ]
SQL: SELECT * FROM `tb_user` WHERE `openid` = 'ocoIvxLTumwc3gpi6SPvKWrzYlt0' LIMIT 1   [ RunTime:0.0002s ]
SQL: SHOW COLUMNS FROM `tb_menu_content` [ RunTime:0.0009s ]
SQL: SELECT `content` FROM `tb_menu_content` WHERE `keyid` = 'fAiNC1479188229000' LIMIT 1   [ RunTime:0.0007s ]

