[ 2016-11-08T13:50:47+08:00 ] 127.0.0.1 /CES/index.php/Home/Access/access?signature=ba46cf6d5723501a25e5610a00f38b7abe8a9710&timestamp=1478584247&nonce=445625386&openid=ocoIvxBJBKQx1b_qZsQY_rnxzpGA
INFO: [ app_init ] --START--
INFO: Run Behavior\BuildLiteBehavior [ RunTime:0.000008s ]
INFO: [ app_init ] --END-- [ RunTime:0.000422s ]
INFO: [ app_begin ] --START--
INFO: Run Behavior\ReadHtmlCacheBehavior [ RunTime:0.000511s ]
INFO: [ app_begin ] --END-- [ RunTime:0.000544s ]
NOTIC: [8] Undefined index: echostr /Users/lawrance/Data/CES/CES/Home/Controller/AccessController.class.php 第 312 行.
SQL: SHOW COLUMNS FROM `tb_user` [ RunTime:0.0028s ]
SQL: SELECT * FROM `tb_user` WHERE `openid` = 'ocoIvxBJBKQx1b_qZsQY_rnxzpGA' LIMIT 1   [ RunTime:0.0016s ]
SQL: SHOW COLUMNS FROM `tb_course_list` [ RunTime:0.0013s ]
SQL: SELECT * FROM `tb_course_list` WHERE `course_name` = '舆情监控系统的设计与实现' LIMIT 1   [ RunTime:0.0003s ]

[ 2016-11-08T14:06:53+08:00 ] 127.0.0.1 /CES/index.php/Home/Access/access?signature=53479df5f133cf083695e55f801bcb353445c2d7&timestamp=1478585212&nonce=812518079&openid=ocoIvxAOT8j_D0cwKdx7cuQFUV98
INFO: [ app_init ] --START--
INFO: Run Behavior\BuildLiteBehavior [ RunTime:0.000007s ]
INFO: [ app_init ] --END-- [ RunTime:0.000373s ]
INFO: [ app_begin ] --START--
INFO: Run Behavior\ReadHtmlCacheBehavior [ RunTime:0.000410s ]
INFO: [ app_begin ] --END-- [ RunTime:0.000435s ]
NOTIC: [8] Undefined index: echostr /Users/lawrance/Data/CES/CES/Home/Controller/AccessController.class.php 第 312 行.
SQL: SHOW COLUMNS FROM `tb_user` [ RunTime:0.0028s ]
SQL: SELECT * FROM `tb_user` WHERE `openid` = 'ocoIvxAOT8j_D0cwKdx7cuQFUV98' LIMIT 1   [ RunTime:0.0013s ]
SQL: SHOW COLUMNS FROM `tb_course_list` [ RunTime:0.0009s ]
SQL: SELECT * FROM `tb_course_list` WHERE `course_name` = '郭凯杰' LIMIT 1   [ RunTime:0.0001s ]
NOTIC: [8] Undefined offset: 1 /Users/lawrance/Data/CES/CES/Home/Controller/AccessController.class.php 第 133 行.

[ 2016-11-08T14:07:07+08:00 ] 127.0.0.1 /CES/index.php/Home/Access/access?signature=0c7be1afe302cdd5723dd59673b0ac5fe1f65a83&timestamp=1478585227&nonce=1703122608&openid=ocoIvxAOT8j_D0cwKdx7cuQFUV98
INFO: [ app_init ] --START--
INFO: Run Behavior\BuildLiteBehavior [ RunTime:0.000010s ]
INFO: [ app_init ] --END-- [ RunTime:0.000253s ]
INFO: [ app_begin ] --START--
INFO: Run Behavior\ReadHtmlCacheBehavior [ RunTime:0.000248s ]
INFO: [ app_begin ] --END-- [ RunTime:0.000281s ]
NOTIC: [8] Undefined index: echostr /Users/lawrance/Data/CES/CES/Home/Controller/AccessController.class.php 第 312 行.
SQL: SHOW COLUMNS FROM `tb_user` [ RunTime:0.0012s ]
SQL: SELECT * FROM `tb_user` WHERE `openid` = 'ocoIvxAOT8j_D0cwKdx7cuQFUV98' LIMIT 1   [ RunTime:0.0004s ]
SQL: SHOW COLUMNS FROM `tb_course_list` [ RunTime:0.0021s ]
SQL: SELECT * FROM `tb_course_list` WHERE `course_name` = '基于HTML5的小游戏——飞机大战' LIMIT 1   [ RunTime:0.0010s ]

[ 2016-11-08T14:29:17+08:00 ] 127.0.0.1 /CES/index.php/Home/Access/access?signature=5e472ffd68d77d272a1935497254e3ac88d4281f&timestamp=1478586556&nonce=1799155375&openid=ocoIvxPi7ykiJGsjA1wTg5Fosxtg
INFO: [ app_init ] --START--
INFO: Run Behavior\BuildLiteBehavior [ RunTime:0.000011s ]
INFO: [ app_init ] --END-- [ RunTime:0.000268s ]
INFO: [ app_begin ] --START--
INFO: Run Behavior\ReadHtmlCacheBehavior [ RunTime:0.000487s ]
INFO: [ app_begin ] --END-- [ RunTime:0.000529s ]
NOTIC: [8] Undefined index: echostr /Users/lawrance/Data/CES/CES/Home/Controller/AccessController.class.php 第 312 行.
SQL: SHOW COLUMNS FROM `tb_user` [ RunTime:0.0013s ]
SQL: SELECT * FROM `tb_user` WHERE `openid` = 'ocoIvxPi7ykiJGsjA1wTg5Fosxtg' LIMIT 1   [ RunTime:0.0002s ]
SQL: SHOW COLUMNS FROM `tb_course_list` [ RunTime:0.0010s ]
SQL: SELECT * FROM `tb_course_list` WHERE `course_name` = '基于Android平台的语音识别系统' LIMIT 1   [ RunTime:0.0003s ]

[ 2016-11-08T14:35:01+08:00 ] 127.0.0.1 /CES/index.php/Home/Access/access?signature=2918a2f5c0254146641ee6d6399d7b57f10be897&timestamp=1478586901&nonce=92072821&openid=ocoIvxCmK7qJaOO6jQr7CpRhfR9w
INFO: [ app_init ] --START--
INFO: Run Behavior\BuildLiteBehavior [ RunTime:0.000006s ]
INFO: [ app_init ] --END-- [ RunTime:0.000181s ]
INFO: [ app_begin ] --START--
INFO: Run Behavior\ReadHtmlCacheBehavior [ RunTime:0.000224s ]
INFO: [ app_begin ] --END-- [ RunTime:0.000245s ]
NOTIC: [8] Undefined index: echostr /Users/lawrance/Data/CES/CES/Home/Controller/AccessController.class.php 第 312 行.
SQL: SHOW COLUMNS FROM `tb_user` [ RunTime:0.0013s ]
SQL: SELECT * FROM `tb_user` WHERE `openid` = 'ocoIvxCmK7qJaOO6jQr7CpRhfR9w' LIMIT 1   [ RunTime:0.0002s ]
SQL: SHOW COLUMNS FROM `tb_course_list` [ RunTime:0.0008s ]
SQL: SELECT * FROM `tb_course_list` WHERE `course_name` = '基于c/s结构的文件上传下载管理系统的设计与实现+王禹鑫' LIMIT 1   [ RunTime:0.0001s ]
SQL: SELECT * FROM `tb_course_list` WHERE `course_name` = '基于c/s结构的文件上传下载管理系统的设计与实现' LIMIT 1   [ RunTime:0.0001s ]

[ 2016-11-08T19:47:49+08:00 ] 127.0.0.1 /CES/index.php/Home/Access/access?signature=8429de7191136e3cfcac6ff5a1b3a25e99af18c4&timestamp=1478605669&nonce=861691567&openid=ocoIvxAOlC2Qb2-F3Jd8e_35ytPI
INFO: [ app_init ] --START--
INFO: Run Behavior\BuildLiteBehavior [ RunTime:0.000013s ]
INFO: [ app_init ] --END-- [ RunTime:0.000507s ]
INFO: [ app_begin ] --START--
INFO: Run Behavior\ReadHtmlCacheBehavior [ RunTime:0.000497s ]
INFO: [ app_begin ] --END-- [ RunTime:0.000532s ]
NOTIC: [8] Undefined index: echostr /Users/lawrance/Data/CES/CES/Home/Controller/AccessController.class.php 第 312 行.
SQL: SHOW COLUMNS FROM `tb_user` [ RunTime:0.0011s ]
SQL: SELECT * FROM `tb_user` WHERE `openid` = 'ocoIvxAOlC2Qb2-F3Jd8e_35ytPI' LIMIT 1   [ RunTime:0.0006s ]
SQL: SHOW COLUMNS FROM `tb_course_list` [ RunTime:0.0007s ]
SQL: SELECT * FROM `tb_course_list` WHERE `course_name` = '海上石油平台SACS模型文件数据接口的设计与实现+王瑞涛' LIMIT 1   [ RunTime:0.0001s ]
SQL: SELECT * FROM `tb_course_list` WHERE `course_name` = '海上石油平台SACS模型文件数据接口的设计与实现' LIMIT 1   [ RunTime:0.0001s ]

[ 2016-11-08T19:48:36+08:00 ] 127.0.0.1 /CES/index.php/Home/Access/access?signature=7649b905b4bea54e39deadaa142fdde650f30775&timestamp=1478605715&nonce=489587018&openid=ocoIvxCrWuqqEa2MLUrItF7bnCYE
INFO: [ app_init ] --START--
INFO: Run Behavior\BuildLiteBehavior [ RunTime:0.000006s ]
INFO: [ app_init ] --END-- [ RunTime:0.000176s ]
INFO: [ app_begin ] --START--
INFO: Run Behavior\ReadHtmlCacheBehavior [ RunTime:0.000221s ]
INFO: [ app_begin ] --END-- [ RunTime:0.000241s ]
NOTIC: [8] Undefined index: echostr /Users/lawrance/Data/CES/CES/Home/Controller/AccessController.class.php 第 312 行.
SQL: SHOW COLUMNS FROM `tb_user` [ RunTime:0.0019s ]
SQL: SELECT * FROM `tb_user` WHERE `openid` = 'ocoIvxCrWuqqEa2MLUrItF7bnCYE' LIMIT 1   [ RunTime:0.0002s ]
SQL: SHOW COLUMNS FROM `tb_course_list` [ RunTime:0.0007s ]
SQL: SELECT * FROM `tb_course_list` WHERE `course_name` = '基于Android平台的阅读App+姓名' LIMIT 1   [ RunTime:0.0001s ]
SQL: SELECT * FROM `tb_course_list` WHERE `course_name` = '基于Android平台的阅读App' LIMIT 1   [ RunTime:0.0001s ]

