[ 2016-12-05T16:40:14+08:00 ] ::1 /CES/index.php/Home/Access/searchSurvey
INFO: [ app_init ] --START--
INFO: Run Behavior\BuildLiteBehavior [ RunTime:0.000007s ]
INFO: [ app_init ] --END-- [ RunTime:0.000383s ]
INFO: [ app_begin ] --START--
INFO: Run Behavior\ReadHtmlCacheBehavior [ RunTime:0.000425s ]
INFO: [ app_begin ] --END-- [ RunTime:0.000447s ]
SQL: SELECT `survey_id` FROM tb_survey_plan  WHERE `openid` = null AND is_finish=0  [ RunTime:0.0002s ]
NOTIC: [8] Array to string conversion /Users/lawrance/Data/CES/CES/Home/Controller/AccessController.class.php 第 104 行.
INFO: [ app_end ] --START--
INFO: Run Behavior\ShowPageTraceBehavior [ RunTime:0.000528s ]
INFO: [ app_end ] --END-- [ RunTime:0.000548s ]

[ 2016-12-05T16:40:31+08:00 ] ::1 /CES/index.php/Home/Access/searchSurvey
INFO: [ app_init ] --START--
INFO: Run Behavior\BuildLiteBehavior [ RunTime:0.000006s ]
INFO: [ app_init ] --END-- [ RunTime:0.000172s ]
INFO: [ app_begin ] --START--
INFO: Run Behavior\ReadHtmlCacheBehavior [ RunTime:0.000247s ]
INFO: [ app_begin ] --END-- [ RunTime:0.000267s ]
SQL: SELECT `survey_id` FROM tb_survey_plan  WHERE `openid` = null AND is_finish=0  [ RunTime:0.0003s ]
INFO: [ app_end ] --START--
INFO: Run Behavior\ShowPageTraceBehavior [ RunTime:0.000464s ]
INFO: [ app_end ] --END-- [ RunTime:0.000500s ]

[ 2016-12-05T16:40:52+08:00 ] ::1 /CES/index.php/Home/Access/searchSurvey
INFO: [ app_init ] --START--
INFO: Run Behavior\BuildLiteBehavior [ RunTime:0.000006s ]
INFO: [ app_init ] --END-- [ RunTime:0.000165s ]
INFO: [ app_begin ] --START--
INFO: Run Behavior\ReadHtmlCacheBehavior [ RunTime:0.000196s ]
INFO: [ app_begin ] --END-- [ RunTime:0.000215s ]
SQL: SELECT `survey_id` FROM tb_survey_plan  WHERE `openid` = 'ocoIvxLTumwc3gpi6SPvKWrzYlt0' AND is_finish=0  [ RunTime:0.0002s ]
INFO: [ app_end ] --START--
INFO: Run Behavior\ShowPageTraceBehavior [ RunTime:0.000278s ]
INFO: [ app_end ] --END-- [ RunTime:0.000297s ]

[ 2016-12-05T16:48:45+08:00 ] 127.0.0.1 /CES/index.php/Home/Access/access?signature=ba5e2d350886198f1df5f98e8dff9417f362b9c1&echostr=7448687338904710127&timestamp=1480927723&nonce=242071243
INFO: [ app_init ] --START--
INFO: Run Behavior\BuildLiteBehavior [ RunTime:0.000008s ]
INFO: [ app_init ] --END-- [ RunTime:0.000394s ]
INFO: [ app_begin ] --START--
INFO: Run Behavior\ReadHtmlCacheBehavior [ RunTime:0.000460s ]
INFO: [ app_begin ] --END-- [ RunTime:0.000488s ]

[ 2016-12-05T16:48:57+08:00 ] 127.0.0.1 /CES/index.php/Home/Access/access?signature=880789430c85c2e8ecdf5886c292eb1595922d9d&timestamp=1480927737&nonce=408896730&openid=ocoIvxLTumwc3gpi6SPvKWrzYlt0
INFO: [ app_init ] --START--
INFO: Run Behavior\BuildLiteBehavior [ RunTime:0.000006s ]
INFO: [ app_init ] --END-- [ RunTime:0.000181s ]
INFO: [ app_begin ] --START--
INFO: Run Behavior\ReadHtmlCacheBehavior [ RunTime:0.000224s ]
INFO: [ app_begin ] --END-- [ RunTime:0.000250s ]
NOTIC: [8] Undefined index: echostr /Users/lawrance/Data/CES/CES/Home/Controller/AccessController.class.php 第 77 行.
SQL: SHOW COLUMNS FROM `tb_user` [ RunTime:0.0014s ]
SQL: SELECT * FROM `tb_user` WHERE `openid` = 'ocoIvxLTumwc3gpi6SPvKWrzYlt0' LIMIT 1   [ RunTime:0.0007s ]
ERR: 1054:Unknown column 'ocoIvxLTumwc3gpi6SPvKWrzYlt0' in 'where clause'
 [ SQL语句 ] : SELECT `survey_id` FROM tb_survey_plan  WHERE `openid` = ocoIvxLTumwc3gpi6SPvKWrzYlt0 AND is_finish=0 
ERR: 1054:Unknown column 'ocoIvxLTumwc3gpi6SPvKWrzYlt0' in 'where clause'
 [ SQL语句 ] : SELECT `survey_id` FROM tb_survey_plan  WHERE `openid` = ocoIvxLTumwc3gpi6SPvKWrzYlt0 AND is_finish=0 

[ 2016-12-05T16:49:07+08:00 ] 127.0.0.1 /CES/index.php/Home/Access/access?signature=2255334bf4753de7ea0d129f676067bdc8ce8093&timestamp=1480927747&nonce=249141521&openid=ocoIvxLTumwc3gpi6SPvKWrzYlt0
INFO: [ app_init ] --START--
INFO: Run Behavior\BuildLiteBehavior [ RunTime:0.000006s ]
INFO: [ app_init ] --END-- [ RunTime:0.000183s ]
INFO: [ app_begin ] --START--
INFO: Run Behavior\ReadHtmlCacheBehavior [ RunTime:0.000226s ]
INFO: [ app_begin ] --END-- [ RunTime:0.000247s ]
NOTIC: [8] Undefined index: echostr /Users/lawrance/Data/CES/CES/Home/Controller/AccessController.class.php 第 77 行.
SQL: SHOW COLUMNS FROM `tb_user` [ RunTime:0.0019s ]
SQL: SELECT * FROM `tb_user` WHERE `openid` = 'ocoIvxLTumwc3gpi6SPvKWrzYlt0' LIMIT 1   [ RunTime:0.0002s ]
SQL: SHOW COLUMNS FROM `tb_auto_response` [ RunTime:0.0008s ]
SQL: SELECT * FROM `tb_auto_response` WHERE `user_input` = '测试' LIMIT 1   [ RunTime:0.0002s ]

[ 2016-12-05T16:49:12+08:00 ] 127.0.0.1 /CES/index.php/Home/Access/access?signature=641ec474163dcc1ee7053aca3909228496440315&timestamp=1480927751&nonce=1928166735&openid=ocoIvxLTumwc3gpi6SPvKWrzYlt0
INFO: [ app_init ] --START--
INFO: Run Behavior\BuildLiteBehavior [ RunTime:0.000009s ]
INFO: [ app_init ] --END-- [ RunTime:0.000226s ]
INFO: [ app_begin ] --START--
INFO: Run Behavior\ReadHtmlCacheBehavior [ RunTime:0.000277s ]
INFO: [ app_begin ] --END-- [ RunTime:0.000305s ]
NOTIC: [8] Undefined index: echostr /Users/lawrance/Data/CES/CES/Home/Controller/AccessController.class.php 第 77 行.
SQL: SHOW COLUMNS FROM `tb_user` [ RunTime:0.0009s ]
SQL: SELECT * FROM `tb_user` WHERE `openid` = 'ocoIvxLTumwc3gpi6SPvKWrzYlt0' LIMIT 1   [ RunTime:0.0002s ]
SQL: SHOW COLUMNS FROM `tb_auto_response` [ RunTime:0.0007s ]
SQL: SELECT * FROM `tb_auto_response` WHERE `user_input` = '新闻' LIMIT 1   [ RunTime:0.0002s ]

[ 2016-12-05T16:50:20+08:00 ] 127.0.0.1 /CES/index.php/Home/Access/access?signature=75b26769b8a49a27b54048530fc2b68026a20238&timestamp=1480927820&nonce=1642531865&openid=ocoIvxLTumwc3gpi6SPvKWrzYlt0
INFO: [ app_init ] --START--
INFO: Run Behavior\BuildLiteBehavior [ RunTime:0.000006s ]
INFO: [ app_init ] --END-- [ RunTime:0.000177s ]
INFO: [ app_begin ] --START--
INFO: Run Behavior\ReadHtmlCacheBehavior [ RunTime:0.000215s ]
INFO: [ app_begin ] --END-- [ RunTime:0.000236s ]
NOTIC: [8] Undefined index: echostr /Users/lawrance/Data/CES/CES/Home/Controller/AccessController.class.php 第 77 行.
SQL: SHOW COLUMNS FROM `tb_user` [ RunTime:0.0018s ]
SQL: SELECT * FROM `tb_user` WHERE `openid` = 'ocoIvxLTumwc3gpi6SPvKWrzYlt0' LIMIT 1   [ RunTime:0.0002s ]
ERR: 1054:Unknown column 'ocoIvxLTumwc3gpi6SPvKWrzYlt0' in 'where clause'
 [ SQL语句 ] : SELECT `survey_id` FROM tb_survey_plan  WHERE `openid` = ocoIvxLTumwc3gpi6SPvKWrzYlt0 AND is_finish=0 
ERR: 1054:Unknown column 'ocoIvxLTumwc3gpi6SPvKWrzYlt0' in 'where clause'
 [ SQL语句 ] : SELECT `survey_id` FROM tb_survey_plan  WHERE `openid` = ocoIvxLTumwc3gpi6SPvKWrzYlt0 AND is_finish=0 

[ 2016-12-05T16:50:55+08:00 ] 127.0.0.1 /CES/index.php/Home/Access/access?signature=eb7b6e29009715d33940031022633aea3dac0cef&timestamp=1480927855&nonce=11376765&openid=ocoIvxLTumwc3gpi6SPvKWrzYlt0
INFO: [ app_init ] --START--
INFO: Run Behavior\BuildLiteBehavior [ RunTime:0.000006s ]
INFO: [ app_init ] --END-- [ RunTime:0.000189s ]
INFO: [ app_begin ] --START--
INFO: Run Behavior\ReadHtmlCacheBehavior [ RunTime:0.000225s ]
INFO: [ app_begin ] --END-- [ RunTime:0.000246s ]
NOTIC: [8] Undefined index: echostr /Users/lawrance/Data/CES/CES/Home/Controller/AccessController.class.php 第 77 行.
SQL: SHOW COLUMNS FROM `tb_user` [ RunTime:0.0013s ]
SQL: SELECT * FROM `tb_user` WHERE `openid` = 'ocoIvxLTumwc3gpi6SPvKWrzYlt0' LIMIT 1   [ RunTime:0.0002s ]
ERR: 1054:Unknown column 'ocoIvxLTumwc3gpi6SPvKWrzYlt0' in 'where clause'
 [ SQL语句 ] : SELECT `survey_id` FROM tb_survey_plan  WHERE `openid` = ocoIvxLTumwc3gpi6SPvKWrzYlt0 AND is_finish=0 
ERR: 1054:Unknown column 'ocoIvxLTumwc3gpi6SPvKWrzYlt0' in 'where clause'
 [ SQL语句 ] : SELECT `survey_id` FROM tb_survey_plan  WHERE `openid` = ocoIvxLTumwc3gpi6SPvKWrzYlt0 AND is_finish=0 

[ 2016-12-05T16:51:27+08:00 ] 127.0.0.1 /CES/index.php/Home/Access/access?signature=b69f680f771fb087c8da8c54d7c284bd449258d1&timestamp=1480927887&nonce=158999649&openid=ocoIvxLTumwc3gpi6SPvKWrzYlt0
INFO: [ app_init ] --START--
INFO: Run Behavior\BuildLiteBehavior [ RunTime:0.000006s ]
INFO: [ app_init ] --END-- [ RunTime:0.000178s ]
INFO: [ app_begin ] --START--
INFO: Run Behavior\ReadHtmlCacheBehavior [ RunTime:0.000225s ]
INFO: [ app_begin ] --END-- [ RunTime:0.000245s ]
NOTIC: [8] Undefined index: echostr /Users/lawrance/Data/CES/CES/Home/Controller/AccessController.class.php 第 77 行.
SQL: SHOW COLUMNS FROM `tb_user` [ RunTime:0.0011s ]
SQL: SELECT * FROM `tb_user` WHERE `openid` = 'ocoIvxLTumwc3gpi6SPvKWrzYlt0' LIMIT 1   [ RunTime:0.0002s ]
ERR: 1054:Unknown column 'ocoIvxLTumwc3gpi6SPvKWrzYlt0' in 'where clause'
 [ SQL语句 ] : SELECT `survey_id` FROM tb_survey_plan  WHERE `openid` = ocoIvxLTumwc3gpi6SPvKWrzYlt0 AND is_finish=0 
ERR: 1054:Unknown column 'ocoIvxLTumwc3gpi6SPvKWrzYlt0' in 'where clause'
 [ SQL语句 ] : SELECT `survey_id` FROM tb_survey_plan  WHERE `openid` = ocoIvxLTumwc3gpi6SPvKWrzYlt0 AND is_finish=0 

[ 2016-12-05T16:52:23+08:00 ] 127.0.0.1 /CES/index.php/Home/Access/access?signature=65b829714316e934594b0b94a3f6e611a6476b74&timestamp=1480927943&nonce=1094982540&openid=ocoIvxLTumwc3gpi6SPvKWrzYlt0
INFO: [ app_init ] --START--
INFO: Run Behavior\BuildLiteBehavior [ RunTime:0.000005s ]
INFO: [ app_init ] --END-- [ RunTime:0.000182s ]
INFO: [ app_begin ] --START--
INFO: Run Behavior\ReadHtmlCacheBehavior [ RunTime:0.000223s ]
INFO: [ app_begin ] --END-- [ RunTime:0.000244s ]
NOTIC: [8] Undefined index: echostr /Users/lawrance/Data/CES/CES/Home/Controller/AccessController.class.php 第 77 行.
SQL: SHOW COLUMNS FROM `tb_user` [ RunTime:0.0019s ]
SQL: SELECT * FROM `tb_user` WHERE `openid` = 'ocoIvxLTumwc3gpi6SPvKWrzYlt0' LIMIT 1   [ RunTime:0.0002s ]
ERR: 1054:Unknown column 'ocoIvxLTumwc3gpi6SPvKWrzYlt0' in 'where clause'
 [ SQL语句 ] : SELECT `survey_id` FROM tb_survey_plan  WHERE `openid` = ocoIvxLTumwc3gpi6SPvKWrzYlt0 AND is_finish=0 
ERR: 1054:Unknown column 'ocoIvxLTumwc3gpi6SPvKWrzYlt0' in 'where clause'
 [ SQL语句 ] : SELECT `survey_id` FROM tb_survey_plan  WHERE `openid` = ocoIvxLTumwc3gpi6SPvKWrzYlt0 AND is_finish=0 

[ 2016-12-05T16:52:39+08:00 ] 127.0.0.1 /CES/index.php/Home/Access/access?signature=86788805dcfed7a86e90960ca69ec50b61444be4&timestamp=1480927959&nonce=1988403413&openid=ocoIvxLTumwc3gpi6SPvKWrzYlt0
INFO: [ app_init ] --START--
INFO: Run Behavior\BuildLiteBehavior [ RunTime:0.000007s ]
INFO: [ app_init ] --END-- [ RunTime:0.000188s ]
INFO: [ app_begin ] --START--
INFO: Run Behavior\ReadHtmlCacheBehavior [ RunTime:0.000244s ]
INFO: [ app_begin ] --END-- [ RunTime:0.000271s ]
NOTIC: [8] Undefined index: echostr /Users/lawrance/Data/CES/CES/Home/Controller/AccessController.class.php 第 77 行.
SQL: SHOW COLUMNS FROM `tb_user` [ RunTime:0.0011s ]
SQL: SELECT * FROM `tb_user` WHERE `openid` = 'ocoIvxLTumwc3gpi6SPvKWrzYlt0' LIMIT 1   [ RunTime:0.0002s ]
ERR: 1054:Unknown column 'ocoIvxLTumwc3gpi6SPvKWrzYlt0' in 'where clause'
 [ SQL语句 ] : SELECT `survey_id` FROM tb_survey_plan  WHERE `openid` = ocoIvxLTumwc3gpi6SPvKWrzYlt0 AND is_finish=0 
ERR: 1054:Unknown column 'ocoIvxLTumwc3gpi6SPvKWrzYlt0' in 'where clause'
 [ SQL语句 ] : SELECT `survey_id` FROM tb_survey_plan  WHERE `openid` = ocoIvxLTumwc3gpi6SPvKWrzYlt0 AND is_finish=0 

[ 2016-12-05T16:53:23+08:00 ] 127.0.0.1 /CES/index.php/Home/Access/access?signature=0f4c01d24da30f0560c5cd4637a458ccb2a84971&timestamp=1480928003&nonce=925235795&openid=ocoIvxLTumwc3gpi6SPvKWrzYlt0
INFO: [ app_init ] --START--
INFO: Run Behavior\BuildLiteBehavior [ RunTime:0.000006s ]
INFO: [ app_init ] --END-- [ RunTime:0.000194s ]
INFO: [ app_begin ] --START--
INFO: Run Behavior\ReadHtmlCacheBehavior [ RunTime:0.000222s ]
INFO: [ app_begin ] --END-- [ RunTime:0.000243s ]
NOTIC: [8] Undefined index: echostr /Users/lawrance/Data/CES/CES/Home/Controller/AccessController.class.php 第 77 行.
SQL: SHOW COLUMNS FROM `tb_user` [ RunTime:0.0019s ]
SQL: SELECT * FROM `tb_user` WHERE `openid` = 'ocoIvxLTumwc3gpi6SPvKWrzYlt0' LIMIT 1   [ RunTime:0.0002s ]
ERR: 1054:Unknown column 'ocoIvxLTumwc3gpi6SPvKWrzYlt0' in 'where clause'
 [ SQL语句 ] : SELECT `survey_id` FROM tb_survey_plan  WHERE `openid` = ocoIvxLTumwc3gpi6SPvKWrzYlt0 AND is_finish=0 
ERR: 1054:Unknown column 'ocoIvxLTumwc3gpi6SPvKWrzYlt0' in 'where clause'
 [ SQL语句 ] : SELECT `survey_id` FROM tb_survey_plan  WHERE `openid` = ocoIvxLTumwc3gpi6SPvKWrzYlt0 AND is_finish=0 

[ 2016-12-05T16:53:34+08:00 ] 127.0.0.1 /CES/index.php/Home/Access/access?signature=1d1d25d34da3c8ea4f410e362c4df4ff52fa7f7c&timestamp=1480928014&nonce=4003772&openid=ocoIvxLTumwc3gpi6SPvKWrzYlt0
INFO: [ app_init ] --START--
INFO: Run Behavior\BuildLiteBehavior [ RunTime:0.000005s ]
INFO: [ app_init ] --END-- [ RunTime:0.000177s ]
INFO: [ app_begin ] --START--
INFO: Run Behavior\ReadHtmlCacheBehavior [ RunTime:0.000223s ]
INFO: [ app_begin ] --END-- [ RunTime:0.000243s ]
NOTIC: [8] Undefined index: echostr /Users/lawrance/Data/CES/CES/Home/Controller/AccessController.class.php 第 77 行.
SQL: SHOW COLUMNS FROM `tb_user` [ RunTime:0.0020s ]
SQL: SELECT * FROM `tb_user` WHERE `openid` = 'ocoIvxLTumwc3gpi6SPvKWrzYlt0' LIMIT 1   [ RunTime:0.0002s ]
ERR: 1054:Unknown column 'ocoIvxLTumwc3gpi6SPvKWrzYlt0' in 'where clause'
 [ SQL语句 ] : SELECT `survey_id` FROM tb_survey_plan  WHERE `openid` = ocoIvxLTumwc3gpi6SPvKWrzYlt0 AND is_finish=0 
ERR: 1054:Unknown column 'ocoIvxLTumwc3gpi6SPvKWrzYlt0' in 'where clause'
 [ SQL语句 ] : SELECT `survey_id` FROM tb_survey_plan  WHERE `openid` = ocoIvxLTumwc3gpi6SPvKWrzYlt0 AND is_finish=0 

[ 2016-12-05T16:53:44+08:00 ] 127.0.0.1 /CES/index.php/Home/Access/access?signature=a7e769a082d5a9f25c894fdf836caafdb65d66d9&timestamp=1480928024&nonce=1568336117&openid=ocoIvxLTumwc3gpi6SPvKWrzYlt0
INFO: [ app_init ] --START--
INFO: Run Behavior\BuildLiteBehavior [ RunTime:0.000006s ]
INFO: [ app_init ] --END-- [ RunTime:0.000181s ]
INFO: [ app_begin ] --START--
INFO: Run Behavior\ReadHtmlCacheBehavior [ RunTime:0.000223s ]
INFO: [ app_begin ] --END-- [ RunTime:0.000246s ]
NOTIC: [8] Undefined index: echostr /Users/lawrance/Data/CES/CES/Home/Controller/AccessController.class.php 第 77 行.
SQL: SHOW COLUMNS FROM `tb_user` [ RunTime:0.0020s ]
SQL: SELECT * FROM `tb_user` WHERE `openid` = 'ocoIvxLTumwc3gpi6SPvKWrzYlt0' LIMIT 1   [ RunTime:0.0002s ]
ERR: 1054:Unknown column 'ocoIvxLTumwc3gpi6SPvKWrzYlt0' in 'where clause'
 [ SQL语句 ] : SELECT `survey_id` FROM tb_survey_plan  WHERE `openid` = ocoIvxLTumwc3gpi6SPvKWrzYlt0 AND is_finish=0 
ERR: 1054:Unknown column 'ocoIvxLTumwc3gpi6SPvKWrzYlt0' in 'where clause'
 [ SQL语句 ] : SELECT `survey_id` FROM tb_survey_plan  WHERE `openid` = ocoIvxLTumwc3gpi6SPvKWrzYlt0 AND is_finish=0 

[ 2016-12-05T16:54:47+08:00 ] 127.0.0.1 /CES/index.php/Home/Access/access?signature=79cdfda989c8c522e1e55a5a2b08724bfddcb162&timestamp=1480928086&nonce=885851145&openid=ocoIvxLTumwc3gpi6SPvKWrzYlt0
INFO: [ app_init ] --START--
INFO: Run Behavior\BuildLiteBehavior [ RunTime:0.000005s ]
INFO: [ app_init ] --END-- [ RunTime:0.000179s ]
INFO: [ app_begin ] --START--
INFO: Run Behavior\ReadHtmlCacheBehavior [ RunTime:0.000233s ]
INFO: [ app_begin ] --END-- [ RunTime:0.000256s ]
NOTIC: [8] Undefined index: echostr /Users/lawrance/Data/CES/CES/Home/Controller/AccessController.class.php 第 77 行.
SQL: SHOW COLUMNS FROM `tb_user` [ RunTime:0.0019s ]
SQL: SELECT * FROM `tb_user` WHERE `openid` = 'ocoIvxLTumwc3gpi6SPvKWrzYlt0' LIMIT 1   [ RunTime:0.0002s ]
ERR: 1054:Unknown column 'ocoIvxLTumwc3gpi6SPvKWrzYlt0' in 'where clause'
 [ SQL语句 ] : SELECT `survey_id` FROM tb_survey_plan  WHERE `openid` = ocoIvxLTumwc3gpi6SPvKWrzYlt0 AND `is_finish` = '0' 
ERR: 1054:Unknown column 'ocoIvxLTumwc3gpi6SPvKWrzYlt0' in 'where clause'
 [ SQL语句 ] : SELECT `survey_id` FROM tb_survey_plan  WHERE `openid` = ocoIvxLTumwc3gpi6SPvKWrzYlt0 AND `is_finish` = '0' 

[ 2016-12-05T16:56:33+08:00 ] 127.0.0.1 /CES/index.php/Home/Access/access?signature=35d9f60c53d3ed531e4a4026b723119a67656da9&timestamp=1480928193&nonce=1636474840&openid=ocoIvxLTumwc3gpi6SPvKWrzYlt0
INFO: [ app_init ] --START--
INFO: Run Behavior\BuildLiteBehavior [ RunTime:0.000006s ]
INFO: [ app_init ] --END-- [ RunTime:0.000177s ]
INFO: [ app_begin ] --START--
INFO: Run Behavior\ReadHtmlCacheBehavior [ RunTime:0.000224s ]
INFO: [ app_begin ] --END-- [ RunTime:0.000245s ]
NOTIC: [8] Undefined index: echostr /Users/lawrance/Data/CES/CES/Home/Controller/AccessController.class.php 第 77 行.
SQL: SHOW COLUMNS FROM `tb_user` [ RunTime:0.0019s ]
SQL: SELECT * FROM `tb_user` WHERE `openid` = 'ocoIvxLTumwc3gpi6SPvKWrzYlt0' LIMIT 1   [ RunTime:0.0002s ]
ERR: 1146:Table 'ces.tb_' doesn't exist
 [ SQL语句 ] : SELECT * FROM `tb_` WHERE `openid` = ocoIvxLTumwc3gpi6SPvKWrzYlt0 AND `is_finish` = '0' 
ERR: 1146:Table 'ces.tb_' doesn't exist
 [ SQL语句 ] : SELECT * FROM `tb_` WHERE `openid` = ocoIvxLTumwc3gpi6SPvKWrzYlt0 AND `is_finish` = '0' 

[ 2016-12-05T16:56:57+08:00 ] 127.0.0.1 /CES/index.php/Home/Access/access?signature=898e8f8c21550989320c4d28df1fb5a77693fb15&timestamp=1480928217&nonce=666522975&openid=ocoIvxLTumwc3gpi6SPvKWrzYlt0
INFO: [ app_init ] --START--
INFO: Run Behavior\BuildLiteBehavior [ RunTime:0.000006s ]
INFO: [ app_init ] --END-- [ RunTime:0.000177s ]
INFO: [ app_begin ] --START--
INFO: Run Behavior\ReadHtmlCacheBehavior [ RunTime:0.000221s ]
INFO: [ app_begin ] --END-- [ RunTime:0.000243s ]
NOTIC: [8] Undefined index: echostr /Users/lawrance/Data/CES/CES/Home/Controller/AccessController.class.php 第 77 行.
SQL: SHOW COLUMNS FROM `tb_user` [ RunTime:0.0019s ]
SQL: SELECT * FROM `tb_user` WHERE `openid` = 'ocoIvxLTumwc3gpi6SPvKWrzYlt0' LIMIT 1   [ RunTime:0.0002s ]
ERR: 1146:Table 'ces.tb_' doesn't exist
 [ SQL语句 ] : SELECT * FROM `tb_` WHERE `openid` = ocoIvxLTumwc3gpi6SPvKWrzYlt0 AND `is_finish` = '0' 
ERR: 1146:Table 'ces.tb_' doesn't exist
 [ SQL语句 ] : SELECT * FROM `tb_` WHERE `openid` = ocoIvxLTumwc3gpi6SPvKWrzYlt0 AND `is_finish` = '0' 

[ 2016-12-05T16:57:20+08:00 ] 127.0.0.1 /CES/index.php/Home/Access/access?signature=14c5405e757ddba3ff744b949e4ab5fa566ef6f2&timestamp=1480928239&nonce=2045778162&openid=ocoIvxLTumwc3gpi6SPvKWrzYlt0
INFO: [ app_init ] --START--
INFO: Run Behavior\BuildLiteBehavior [ RunTime:0.000005s ]
INFO: [ app_init ] --END-- [ RunTime:0.000176s ]
INFO: [ app_begin ] --START--
INFO: Run Behavior\ReadHtmlCacheBehavior [ RunTime:0.000254s ]
INFO: [ app_begin ] --END-- [ RunTime:0.000281s ]
NOTIC: [8] Undefined index: echostr /Users/lawrance/Data/CES/CES/Home/Controller/AccessController.class.php 第 77 行.
SQL: SHOW COLUMNS FROM `tb_user` [ RunTime:0.0019s ]
SQL: SELECT * FROM `tb_user` WHERE `openid` = 'ocoIvxLTumwc3gpi6SPvKWrzYlt0' LIMIT 1   [ RunTime:0.0002s ]
ERR: 1146:Table 'ces.tb_' doesn't exist
 [ SQL语句 ] : SELECT * FROM `tb_` WHERE `openid` = ocoIvxLTumwc3gpi6SPvKWrzYlt0 AND `is_finish` = '0' 
ERR: 1146:Table 'ces.tb_' doesn't exist
 [ SQL语句 ] : SELECT * FROM `tb_` WHERE `openid` = ocoIvxLTumwc3gpi6SPvKWrzYlt0 AND `is_finish` = '0' 

[ 2016-12-05T16:57:26+08:00 ] 127.0.0.1 /CES/index.php/Home/Access/access?signature=59d36bc5648ebf0a696e06fd600e60edff5bdbcd&timestamp=1480928246&nonce=1475721105&openid=ocoIvxLTumwc3gpi6SPvKWrzYlt0
INFO: [ app_init ] --START--
INFO: Run Behavior\BuildLiteBehavior [ RunTime:0.000006s ]
INFO: [ app_init ] --END-- [ RunTime:0.000180s ]
INFO: [ app_begin ] --START--
INFO: Run Behavior\ReadHtmlCacheBehavior [ RunTime:0.000224s ]
INFO: [ app_begin ] --END-- [ RunTime:0.000246s ]
NOTIC: [8] Undefined index: echostr /Users/lawrance/Data/CES/CES/Home/Controller/AccessController.class.php 第 77 行.
SQL: SHOW COLUMNS FROM `tb_user` [ RunTime:0.0010s ]
SQL: SELECT * FROM `tb_user` WHERE `openid` = 'ocoIvxLTumwc3gpi6SPvKWrzYlt0' LIMIT 1   [ RunTime:0.0002s ]
SQL: SHOW COLUMNS FROM `tb_auto_response` [ RunTime:0.0008s ]
SQL: SELECT * FROM `tb_auto_response` WHERE `user_input` = '测试' LIMIT 1   [ RunTime:0.0001s ]

[ 2016-12-05T16:58:23+08:00 ] 127.0.0.1 /CES/index.php/Home/Access/access?signature=1bad3ec1e8fc308b208b9d7046d830c12dac835a&timestamp=1480928303&nonce=788478210&openid=ocoIvxLTumwc3gpi6SPvKWrzYlt0
INFO: [ app_init ] --START--
INFO: Run Behavior\BuildLiteBehavior [ RunTime:0.000005s ]
INFO: [ app_init ] --END-- [ RunTime:0.000176s ]
INFO: [ app_begin ] --START--
INFO: Run Behavior\ReadHtmlCacheBehavior [ RunTime:0.000224s ]
INFO: [ app_begin ] --END-- [ RunTime:0.000245s ]
NOTIC: [8] Undefined index: echostr /Users/lawrance/Data/CES/CES/Home/Controller/AccessController.class.php 第 77 行.
SQL: SHOW COLUMNS FROM `tb_user` [ RunTime:0.0020s ]
SQL: SELECT * FROM `tb_user` WHERE `openid` = 'ocoIvxLTumwc3gpi6SPvKWrzYlt0' LIMIT 1   [ RunTime:0.0002s ]
SQL: SHOW COLUMNS FROM `tb_auto_response` [ RunTime:0.0008s ]
SQL: SELECT * FROM `tb_auto_response` WHERE `user_input` = '哈' LIMIT 1   [ RunTime:0.0001s ]
INFO: [ app_end ] --START--
INFO: Run Behavior\ShowPageTraceBehavior [ RunTime:0.000536s ]
INFO: [ app_end ] --END-- [ RunTime:0.000556s ]

[ 2016-12-05T16:58:59+08:00 ] 127.0.0.1 /CES/index.php/Home/Access/access?signature=ba579ab4eeb31836c7a24554f46522f6bc0282d3&timestamp=1480928339&nonce=427110555&openid=ocoIvxLTumwc3gpi6SPvKWrzYlt0
INFO: [ app_init ] --START--
INFO: Run Behavior\BuildLiteBehavior [ RunTime:0.000005s ]
INFO: [ app_init ] --END-- [ RunTime:0.000176s ]
INFO: [ app_begin ] --START--
INFO: Run Behavior\ReadHtmlCacheBehavior [ RunTime:0.000221s ]
INFO: [ app_begin ] --END-- [ RunTime:0.000241s ]
NOTIC: [8] Undefined index: echostr /Users/lawrance/Data/CES/CES/Home/Controller/AccessController.class.php 第 77 行.
SQL: SHOW COLUMNS FROM `tb_user` [ RunTime:0.0022s ]
SQL: SELECT * FROM `tb_user` WHERE `openid` = 'ocoIvxLTumwc3gpi6SPvKWrzYlt0' LIMIT 1   [ RunTime:0.0002s ]
ERR: 1146:Table 'ces.tb_' doesn't exist
 [ SQL语句 ] : SELECT * FROM `tb_` WHERE `openid` = ocoIvxLTumwc3gpi6SPvKWrzYlt0 AND `is_finish` = '0' 
ERR: 1146:Table 'ces.tb_' doesn't exist
 [ SQL语句 ] : SELECT * FROM `tb_` WHERE `openid` = ocoIvxLTumwc3gpi6SPvKWrzYlt0 AND `is_finish` = '0' 

[ 2016-12-05T16:59:48+08:00 ] 127.0.0.1 /CES/index.php/Home/Access/access?signature=3c068f62923309aea8a0e3c6ca12564d3a59f8f3&timestamp=1480928387&nonce=988003261&openid=ocoIvxLTumwc3gpi6SPvKWrzYlt0
INFO: [ app_init ] --START--
INFO: Run Behavior\BuildLiteBehavior [ RunTime:0.000006s ]
INFO: [ app_init ] --END-- [ RunTime:0.000180s ]
INFO: [ app_begin ] --START--
INFO: Run Behavior\ReadHtmlCacheBehavior [ RunTime:0.000225s ]
INFO: [ app_begin ] --END-- [ RunTime:0.000245s ]
NOTIC: [8] Undefined index: echostr /Users/lawrance/Data/CES/CES/Home/Controller/AccessController.class.php 第 77 行.
SQL: SHOW COLUMNS FROM `tb_user` [ RunTime:0.0020s ]
SQL: SELECT * FROM `tb_user` WHERE `openid` = 'ocoIvxLTumwc3gpi6SPvKWrzYlt0' LIMIT 1   [ RunTime:0.0002s ]
SQL: SHOW COLUMNS FROM `tb_survey_plan` [ RunTime:0.0008s ]
ERR: 1054:Unknown column 'ocoIvxLTumwc3gpi6SPvKWrzYlt0' in 'where clause'
 [ SQL语句 ] : SELECT * FROM `tb_survey_plan` WHERE `openid` = ocoIvxLTumwc3gpi6SPvKWrzYlt0 AND `is_finish` = '0' 
ERR: 1054:Unknown column 'ocoIvxLTumwc3gpi6SPvKWrzYlt0' in 'where clause'
 [ SQL语句 ] : SELECT * FROM `tb_survey_plan` WHERE `openid` = ocoIvxLTumwc3gpi6SPvKWrzYlt0 AND `is_finish` = '0' 

[ 2016-12-05T17:00:40+08:00 ] 127.0.0.1 /CES/index.php/Home/Access/access?signature=50edec03a0ee7aeed108a2efa3945423586063ec&timestamp=1480928439&nonce=1543360338&openid=ocoIvxLTumwc3gpi6SPvKWrzYlt0
INFO: [ app_init ] --START--
INFO: Run Behavior\BuildLiteBehavior [ RunTime:0.000006s ]
INFO: [ app_init ] --END-- [ RunTime:0.000179s ]
INFO: [ app_begin ] --START--
INFO: Run Behavior\ReadHtmlCacheBehavior [ RunTime:0.000224s ]
INFO: [ app_begin ] --END-- [ RunTime:0.000245s ]
NOTIC: [8] Undefined index: echostr /Users/lawrance/Data/CES/CES/Home/Controller/AccessController.class.php 第 77 行.
SQL: SHOW COLUMNS FROM `tb_user` [ RunTime:0.0019s ]
SQL: SELECT * FROM `tb_user` WHERE `openid` = 'ocoIvxLTumwc3gpi6SPvKWrzYlt0' LIMIT 1   [ RunTime:0.0002s ]
SQL: SHOW COLUMNS FROM `tb_survey_plan` [ RunTime:0.0012s ]
SQL: SELECT * FROM `tb_survey_plan` WHERE `openid` = 'ocoIvxLTumwc3gpi6SPvKWrzYlt0' AND `is_finish` = '0'  [ RunTime:0.0002s ]

[ 2016-12-05T17:04:57+08:00 ] 127.0.0.1 /CES/index.php/Home/Access/access?signature=2d9e40a99b4bf79d3d8a76df7c645e5297272f1e&timestamp=1480928696&nonce=949456476&openid=ocoIvxLTumwc3gpi6SPvKWrzYlt0
INFO: [ app_init ] --START--
INFO: Run Behavior\BuildLiteBehavior [ RunTime:0.000006s ]
INFO: [ app_init ] --END-- [ RunTime:0.000191s ]
INFO: [ app_begin ] --START--
INFO: Run Behavior\ReadHtmlCacheBehavior [ RunTime:0.000223s ]
INFO: [ app_begin ] --END-- [ RunTime:0.000244s ]
NOTIC: [8] Undefined index: echostr /Users/lawrance/Data/CES/CES/Home/Controller/AccessController.class.php 第 77 行.
SQL: SHOW COLUMNS FROM `tb_user` [ RunTime:0.0010s ]
SQL: SELECT * FROM `tb_user` WHERE `openid` = 'ocoIvxLTumwc3gpi6SPvKWrzYlt0' LIMIT 1   [ RunTime:0.0002s ]
SQL: SHOW COLUMNS FROM `tb_survey_plan` [ RunTime:0.0008s ]
SQL: SELECT * FROM `tb_survey_plan` WHERE `openid` = 'ocoIvxLTumwc3gpi6SPvKWrzYlt0' AND `is_finish` = '0'  [ RunTime:0.0002s ]

[ 2016-12-05T17:24:01+08:00 ] 127.0.0.1 /CES/index.php/Home/Access/access?signature=151e7a8bb04fa90ad879423171f319ad9a020f41&timestamp=1480929841&nonce=1282194467&openid=ocoIvxFEW2V7sT3W6t6L8rZtejC0
INFO: [ app_init ] --START--
INFO: Run Behavior\BuildLiteBehavior [ RunTime:0.000009s ]
INFO: [ app_init ] --END-- [ RunTime:0.000216s ]
INFO: [ app_begin ] --START--
INFO: Run Behavior\ReadHtmlCacheBehavior [ RunTime:0.000224s ]
INFO: [ app_begin ] --END-- [ RunTime:0.000244s ]
NOTIC: [8] Undefined index: echostr /Users/lawrance/Data/CES/CES/Home/Controller/AccessController.class.php 第 77 行.
SQL: SHOW COLUMNS FROM `tb_user` [ RunTime:0.0010s ]
SQL: SELECT * FROM `tb_user` WHERE `openid` = 'ocoIvxFEW2V7sT3W6t6L8rZtejC0' LIMIT 1   [ RunTime:0.0002s ]

[ 2016-12-05T17:24:06+08:00 ] 127.0.0.1 /CES/index.php/Home/UserManager/addOpenInfo?id=ocoIvxFEW2V7sT3W6t6L8rZtejC0
INFO: [ app_init ] --START--
INFO: Run Behavior\BuildLiteBehavior [ RunTime:0.000005s ]
INFO: [ app_init ] --END-- [ RunTime:0.000177s ]
INFO: [ app_begin ] --START--
INFO: Run Behavior\ReadHtmlCacheBehavior [ RunTime:0.000222s ]
INFO: [ app_begin ] --END-- [ RunTime:0.000243s ]
INFO: [ view_parse ] --START--
INFO: [ template_filter ] --START--
INFO: Run Behavior\ContentReplaceBehavior [ RunTime:0.000038s ]
INFO: [ template_filter ] --END-- [ RunTime:0.000065s ]
INFO: Run Behavior\ParseTemplateBehavior [ RunTime:0.007013s ]
INFO: [ view_parse ] --END-- [ RunTime:0.007047s ]
INFO: [ view_filter ] --START--
INFO: Run Behavior\WriteHtmlCacheBehavior [ RunTime:0.000333s ]
INFO: [ view_filter ] --END-- [ RunTime:0.000352s ]
INFO: [ app_end ] --START--
INFO: Run Behavior\ShowPageTraceBehavior [ RunTime:0.000283s ]
INFO: [ app_end ] --END-- [ RunTime:0.000300s ]

[ 2016-12-05T17:26:26+08:00 ] 127.0.0.1 /CES/index.php/Home/UserManager/addOpenInfo?id=ocoIvxFEW2V7sT3W6t6L8rZtejC0
INFO: [ app_init ] --START--
INFO: Run Behavior\BuildLiteBehavior [ RunTime:0.000005s ]
INFO: [ app_init ] --END-- [ RunTime:0.000175s ]
INFO: [ app_begin ] --START--
INFO: Run Behavior\ReadHtmlCacheBehavior [ RunTime:0.000221s ]
INFO: [ app_begin ] --END-- [ RunTime:0.000242s ]
INFO: [ view_parse ] --START--
INFO: [ template_filter ] --START--
INFO: Run Behavior\ContentReplaceBehavior [ RunTime:0.000028s ]
INFO: [ template_filter ] --END-- [ RunTime:0.000049s ]
INFO: Run Behavior\ParseTemplateBehavior [ RunTime:0.003451s ]
INFO: [ view_parse ] --END-- [ RunTime:0.003477s ]
INFO: [ view_filter ] --START--
INFO: Run Behavior\WriteHtmlCacheBehavior [ RunTime:0.000100s ]
INFO: [ view_filter ] --END-- [ RunTime:0.000112s ]
INFO: [ app_end ] --START--
INFO: Run Behavior\ShowPageTraceBehavior [ RunTime:0.000252s ]
INFO: [ app_end ] --END-- [ RunTime:0.000266s ]

[ 2016-12-05T17:28:27+08:00 ] 127.0.0.1 /CES/index.php/Home/UserManager/addOpenInfo?id=ocoIvxFEW2V7sT3W6t6L8rZtejC0
INFO: [ app_init ] --START--
INFO: Run Behavior\BuildLiteBehavior [ RunTime:0.000006s ]
INFO: [ app_init ] --END-- [ RunTime:0.000177s ]
INFO: [ app_begin ] --START--
INFO: Run Behavior\ReadHtmlCacheBehavior [ RunTime:0.000224s ]
INFO: [ app_begin ] --END-- [ RunTime:0.000244s ]
INFO: [ view_parse ] --START--
INFO: [ template_filter ] --START--
INFO: Run Behavior\ContentReplaceBehavior [ RunTime:0.000035s ]
INFO: [ template_filter ] --END-- [ RunTime:0.000056s ]
INFO: Run Behavior\ParseTemplateBehavior [ RunTime:0.003530s ]
INFO: [ view_parse ] --END-- [ RunTime:0.003550s ]
INFO: [ view_filter ] --START--
INFO: Run Behavior\WriteHtmlCacheBehavior [ RunTime:0.000083s ]
INFO: [ view_filter ] --END-- [ RunTime:0.000097s ]
INFO: [ app_end ] --START--
INFO: Run Behavior\ShowPageTraceBehavior [ RunTime:0.000243s ]
INFO: [ app_end ] --END-- [ RunTime:0.000257s ]

[ 2016-12-05T17:28:34+08:00 ] 127.0.0.1 /CES/index.php/Home/UserManager/addOpenInfo?id=ocoIvxFEW2V7sT3W6t6L8rZtejC0
INFO: [ app_init ] --START--
INFO: Run Behavior\BuildLiteBehavior [ RunTime:0.000006s ]
INFO: [ app_init ] --END-- [ RunTime:0.000178s ]
INFO: [ app_begin ] --START--
INFO: Run Behavior\ReadHtmlCacheBehavior [ RunTime:0.000224s ]
INFO: [ app_begin ] --END-- [ RunTime:0.000244s ]
INFO: [ view_parse ] --START--
INFO: [ template_filter ] --START--
INFO: Run Behavior\ContentReplaceBehavior [ RunTime:0.000035s ]
INFO: [ template_filter ] --END-- [ RunTime:0.000057s ]
INFO: Run Behavior\ParseTemplateBehavior [ RunTime:0.003678s ]
INFO: [ view_parse ] --END-- [ RunTime:0.003698s ]
INFO: [ view_filter ] --START--
INFO: Run Behavior\WriteHtmlCacheBehavior [ RunTime:0.000085s ]
INFO: [ view_filter ] --END-- [ RunTime:0.000097s ]
INFO: [ app_end ] --START--
INFO: Run Behavior\ShowPageTraceBehavior [ RunTime:0.000239s ]
INFO: [ app_end ] --END-- [ RunTime:0.000255s ]

[ 2016-12-05T17:29:19+08:00 ] 127.0.0.1 /CES/index.php/Home/UserManager/addOpenInfo?id=ocoIvxFEW2V7sT3W6t6L8rZtejC0
INFO: [ app_init ] --START--
INFO: Run Behavior\BuildLiteBehavior [ RunTime:0.000005s ]
INFO: [ app_init ] --END-- [ RunTime:0.000176s ]
INFO: [ app_begin ] --START--
INFO: Run Behavior\ReadHtmlCacheBehavior [ RunTime:0.000225s ]
INFO: [ app_begin ] --END-- [ RunTime:0.000245s ]
INFO: [ view_parse ] --START--
INFO: [ template_filter ] --START--
INFO: Run Behavior\ContentReplaceBehavior [ RunTime:0.000032s ]
INFO: [ template_filter ] --END-- [ RunTime:0.000055s ]
INFO: Run Behavior\ParseTemplateBehavior [ RunTime:0.002755s ]
INFO: [ view_parse ] --END-- [ RunTime:0.002785s ]
INFO: [ view_filter ] --START--
INFO: Run Behavior\WriteHtmlCacheBehavior [ RunTime:0.000137s ]
INFO: [ view_filter ] --END-- [ RunTime:0.000161s ]
INFO: [ app_end ] --START--
INFO: Run Behavior\ShowPageTraceBehavior [ RunTime:0.000277s ]
INFO: [ app_end ] --END-- [ RunTime:0.000301s ]

[ 2016-12-05T17:30:23+08:00 ] 127.0.0.1 /CES/index.php/Home/UserManager/addOpenInfo?id=ocoIvxFEW2V7sT3W6t6L8rZtejC0
INFO: [ app_init ] --START--
INFO: Run Behavior\BuildLiteBehavior [ RunTime:0.000007s ]
INFO: [ app_init ] --END-- [ RunTime:0.000181s ]
INFO: [ app_begin ] --START--
INFO: Run Behavior\ReadHtmlCacheBehavior [ RunTime:0.000226s ]
INFO: [ app_begin ] --END-- [ RunTime:0.000246s ]
INFO: [ view_parse ] --START--
INFO: [ template_filter ] --START--
INFO: Run Behavior\ContentReplaceBehavior [ RunTime:0.000033s ]
INFO: [ template_filter ] --END-- [ RunTime:0.000055s ]
INFO: Run Behavior\ParseTemplateBehavior [ RunTime:0.002624s ]
INFO: [ view_parse ] --END-- [ RunTime:0.002643s ]
INFO: [ view_filter ] --START--
INFO: Run Behavior\WriteHtmlCacheBehavior [ RunTime:0.000085s ]
INFO: [ view_filter ] --END-- [ RunTime:0.000097s ]
INFO: [ app_end ] --START--
INFO: Run Behavior\ShowPageTraceBehavior [ RunTime:0.000244s ]
INFO: [ app_end ] --END-- [ RunTime:0.000260s ]

[ 2016-12-05T17:31:38+08:00 ] 127.0.0.1 /CES/index.php/Home/UserManager/addOpenInfo?id=ocoIvxFEW2V7sT3W6t6L8rZtejC0
INFO: [ app_init ] --START--
INFO: Run Behavior\BuildLiteBehavior [ RunTime:0.000007s ]
INFO: [ app_init ] --END-- [ RunTime:0.000191s ]
INFO: [ app_begin ] --START--
INFO: Run Behavior\ReadHtmlCacheBehavior [ RunTime:0.000221s ]
INFO: [ app_begin ] --END-- [ RunTime:0.000240s ]
INFO: [ view_parse ] --START--
INFO: [ template_filter ] --START--
INFO: Run Behavior\ContentReplaceBehavior [ RunTime:0.000040s ]
INFO: [ template_filter ] --END-- [ RunTime:0.000065s ]
INFO: Run Behavior\ParseTemplateBehavior [ RunTime:0.002861s ]
INFO: [ view_parse ] --END-- [ RunTime:0.002879s ]
INFO: [ view_filter ] --START--
INFO: Run Behavior\WriteHtmlCacheBehavior [ RunTime:0.000080s ]
INFO: [ view_filter ] --END-- [ RunTime:0.000091s ]
INFO: [ app_end ] --START--
INFO: Run Behavior\ShowPageTraceBehavior [ RunTime:0.000230s ]
INFO: [ app_end ] --END-- [ RunTime:0.000244s ]

[ 2016-12-05T17:32:55+08:00 ] 127.0.0.1 /CES/index.php/Home/UserManager/addOpenInfo?id=ocoIvxFEW2V7sT3W6t6L8rZtejC0
INFO: [ app_init ] --START--
INFO: Run Behavior\BuildLiteBehavior [ RunTime:0.000006s ]
INFO: [ app_init ] --END-- [ RunTime:0.000181s ]
INFO: [ app_begin ] --START--
INFO: Run Behavior\ReadHtmlCacheBehavior [ RunTime:0.000225s ]
INFO: [ app_begin ] --END-- [ RunTime:0.000245s ]
INFO: [ view_parse ] --START--
INFO: [ template_filter ] --START--
INFO: Run Behavior\ContentReplaceBehavior [ RunTime:0.000035s ]
INFO: [ template_filter ] --END-- [ RunTime:0.000061s ]
INFO: Run Behavior\ParseTemplateBehavior [ RunTime:0.002872s ]
INFO: [ view_parse ] --END-- [ RunTime:0.002890s ]
INFO: [ view_filter ] --START--
INFO: Run Behavior\WriteHtmlCacheBehavior [ RunTime:0.000089s ]
INFO: [ view_filter ] --END-- [ RunTime:0.000101s ]
INFO: [ app_end ] --START--
INFO: Run Behavior\ShowPageTraceBehavior [ RunTime:0.000249s ]
INFO: [ app_end ] --END-- [ RunTime:0.000264s ]

[ 2016-12-05T17:33:28+08:00 ] 127.0.0.1 /CES/index.php/Home/UserManager/addOpenInfo?id=ocoIvxFEW2V7sT3W6t6L8rZtejC0
INFO: [ app_init ] --START--
INFO: Run Behavior\BuildLiteBehavior [ RunTime:0.000006s ]
INFO: [ app_init ] --END-- [ RunTime:0.000181s ]
INFO: [ app_begin ] --START--
INFO: Run Behavior\ReadHtmlCacheBehavior [ RunTime:0.000231s ]
INFO: [ app_begin ] --END-- [ RunTime:0.000251s ]
INFO: [ view_parse ] --START--
INFO: [ template_filter ] --START--
INFO: Run Behavior\ContentReplaceBehavior [ RunTime:0.000038s ]
INFO: [ template_filter ] --END-- [ RunTime:0.000059s ]
INFO: Run Behavior\ParseTemplateBehavior [ RunTime:0.003502s ]
INFO: [ view_parse ] --END-- [ RunTime:0.003520s ]
INFO: [ view_filter ] --START--
INFO: Run Behavior\WriteHtmlCacheBehavior [ RunTime:0.000080s ]
INFO: [ view_filter ] --END-- [ RunTime:0.000091s ]
INFO: [ app_end ] --START--
INFO: Run Behavior\ShowPageTraceBehavior [ RunTime:0.000228s ]
INFO: [ app_end ] --END-- [ RunTime:0.000243s ]

[ 2016-12-05T17:33:41+08:00 ] 127.0.0.1 /CES/index.php/Home/UserManager/addOpenInfo?id=ocoIvxFEW2V7sT3W6t6L8rZtejC0
INFO: [ app_init ] --START--
INFO: Run Behavior\BuildLiteBehavior [ RunTime:0.000006s ]
INFO: [ app_init ] --END-- [ RunTime:0.000179s ]
INFO: [ app_begin ] --START--
INFO: Run Behavior\ReadHtmlCacheBehavior [ RunTime:0.000227s ]
INFO: [ app_begin ] --END-- [ RunTime:0.000248s ]
INFO: [ view_parse ] --START--
INFO: [ template_filter ] --START--
INFO: Run Behavior\ContentReplaceBehavior [ RunTime:0.000036s ]
INFO: [ template_filter ] --END-- [ RunTime:0.000061s ]
INFO: Run Behavior\ParseTemplateBehavior [ RunTime:0.002769s ]
INFO: [ view_parse ] --END-- [ RunTime:0.002793s ]
INFO: [ view_filter ] --START--
INFO: Run Behavior\WriteHtmlCacheBehavior [ RunTime:0.000113s ]
INFO: [ view_filter ] --END-- [ RunTime:0.000132s ]
INFO: [ app_end ] --START--
INFO: Run Behavior\ShowPageTraceBehavior [ RunTime:0.000341s ]
INFO: [ app_end ] --END-- [ RunTime:0.000365s ]

[ 2016-12-05T17:34:03+08:00 ] 127.0.0.1 /CES/index.php/Home/UserManager/addOpenInfo?id=ocoIvxFEW2V7sT3W6t6L8rZtejC0
INFO: [ app_init ] --START--
INFO: Run Behavior\BuildLiteBehavior [ RunTime:0.000006s ]
INFO: [ app_init ] --END-- [ RunTime:0.000182s ]
INFO: [ app_begin ] --START--
INFO: Run Behavior\ReadHtmlCacheBehavior [ RunTime:0.000226s ]
INFO: [ app_begin ] --END-- [ RunTime:0.000246s ]
INFO: [ view_parse ] --START--
INFO: [ template_filter ] --START--
INFO: Run Behavior\ContentReplaceBehavior [ RunTime:0.000032s ]
INFO: [ template_filter ] --END-- [ RunTime:0.000053s ]
INFO: Run Behavior\ParseTemplateBehavior [ RunTime:0.002607s ]
INFO: [ view_parse ] --END-- [ RunTime:0.002627s ]
INFO: [ view_filter ] --START--
INFO: Run Behavior\WriteHtmlCacheBehavior [ RunTime:0.000086s ]
INFO: [ view_filter ] --END-- [ RunTime:0.000098s ]
INFO: [ app_end ] --START--
INFO: Run Behavior\ShowPageTraceBehavior [ RunTime:0.000247s ]
INFO: [ app_end ] --END-- [ RunTime:0.000262s ]

[ 2016-12-05T17:34:34+08:00 ] 127.0.0.1 /CES/index.php/Home/UserManager/addOpenInfo?id=ocoIvxFEW2V7sT3W6t6L8rZtejC0
INFO: [ app_init ] --START--
INFO: Run Behavior\BuildLiteBehavior [ RunTime:0.000010s ]
INFO: [ app_init ] --END-- [ RunTime:0.000269s ]
INFO: [ app_begin ] --START--
INFO: Run Behavior\ReadHtmlCacheBehavior [ RunTime:0.000352s ]
INFO: [ app_begin ] --END-- [ RunTime:0.000389s ]
INFO: [ view_parse ] --START--
INFO: [ template_filter ] --START--
INFO: Run Behavior\ContentReplaceBehavior [ RunTime:0.000045s ]
INFO: [ template_filter ] --END-- [ RunTime:0.000089s ]
INFO: Run Behavior\ParseTemplateBehavior [ RunTime:0.004289s ]
INFO: [ view_parse ] --END-- [ RunTime:0.004329s ]
INFO: [ view_filter ] --START--
INFO: Run Behavior\WriteHtmlCacheBehavior [ RunTime:0.000152s ]
INFO: [ view_filter ] --END-- [ RunTime:0.000178s ]
INFO: [ app_end ] --START--
INFO: Run Behavior\ShowPageTraceBehavior [ RunTime:0.000409s ]
INFO: [ app_end ] --END-- [ RunTime:0.000440s ]

[ 2016-12-05T21:53:16+08:00 ] 127.0.0.1 /CES/index.php/Home/Access/access?signature=caa621a6cf879147199ffeef5123250709063488&timestamp=1480945990&nonce=2122399525&openid=ocoIvxLTumwc3gpi6SPvKWrzYlt0
INFO: [ app_init ] --START--
INFO: Run Behavior\BuildLiteBehavior [ RunTime:0.000027s ]
INFO: [ app_init ] --END-- [ RunTime:0.000937s ]
INFO: [ app_begin ] --START--
INFO: Run Behavior\ReadHtmlCacheBehavior [ RunTime:0.000395s ]
INFO: [ app_begin ] --END-- [ RunTime:0.000440s ]
NOTIC: [8] Undefined index: echostr /Users/lawrance/Data/CES/CES/Home/Controller/AccessController.class.php 第 77 行.
SQL: SHOW COLUMNS FROM `tb_user` [ RunTime:0.0022s ]
SQL: SELECT * FROM `tb_user` WHERE `openid` = 'ocoIvxLTumwc3gpi6SPvKWrzYlt0' LIMIT 1   [ RunTime:0.0003s ]
SQL: SHOW COLUMNS FROM `tb_survey_plan` [ RunTime:0.0012s ]
SQL: SELECT * FROM `tb_survey_plan` WHERE `openid` = 'ocoIvxLTumwc3gpi6SPvKWrzYlt0' AND `is_finish` = '0'  [ RunTime:0.0003s ]

[ 2016-12-05T21:53:16+08:00 ] 127.0.0.1 /CES/index.php/Home/Access/access?signature=caa621a6cf879147199ffeef5123250709063488&timestamp=1480945990&nonce=2122399525&openid=ocoIvxLTumwc3gpi6SPvKWrzYlt0
INFO: [ app_init ] --START--
INFO: Run Behavior\BuildLiteBehavior [ RunTime:0.000036s ]
INFO: [ app_init ] --END-- [ RunTime:0.000761s ]
INFO: [ app_begin ] --START--
INFO: Run Behavior\ReadHtmlCacheBehavior [ RunTime:0.000743s ]
INFO: [ app_begin ] --END-- [ RunTime:0.000799s ]
NOTIC: [8] Undefined index: echostr /Users/lawrance/Data/CES/CES/Home/Controller/AccessController.class.php 第 77 行.
SQL: SHOW COLUMNS FROM `tb_user` [ RunTime:0.0026s ]
SQL: SELECT * FROM `tb_user` WHERE `openid` = 'ocoIvxLTumwc3gpi6SPvKWrzYlt0' LIMIT 1   [ RunTime:0.0002s ]
SQL: SHOW COLUMNS FROM `tb_survey_plan` [ RunTime:0.0010s ]
SQL: SELECT * FROM `tb_survey_plan` WHERE `openid` = 'ocoIvxLTumwc3gpi6SPvKWrzYlt0' AND `is_finish` = '0'  [ RunTime:0.0003s ]

[ 2016-12-05T22:10:56+08:00 ] 127.0.0.1 /CES/index.php/Home/Access/access?signature=def0ce0aac2d257d710f240db5c327cd575ddec7&timestamp=1480947055&nonce=1296015339&openid=ocoIvxLTumwc3gpi6SPvKWrzYlt0
INFO: [ app_init ] --START--
INFO: Run Behavior\BuildLiteBehavior [ RunTime:0.000009s ]
INFO: [ app_init ] --END-- [ RunTime:0.000197s ]
INFO: [ app_begin ] --START--
INFO: Run Behavior\ReadHtmlCacheBehavior [ RunTime:0.000232s ]
INFO: [ app_begin ] --END-- [ RunTime:0.000253s ]
NOTIC: [8] Undefined index: echostr /Users/lawrance/Data/CES/CES/Home/Controller/AccessController.class.php 第 77 行.
SQL: SHOW COLUMNS FROM `tb_user` [ RunTime:0.0015s ]
SQL: SELECT * FROM `tb_user` WHERE `openid` = 'ocoIvxLTumwc3gpi6SPvKWrzYlt0' LIMIT 1   [ RunTime:0.0002s ]
SQL: SHOW COLUMNS FROM `tb_survey_plan` [ RunTime:0.0007s ]
SQL: SELECT * FROM `tb_survey_plan` WHERE `openid` = 'ocoIvxLTumwc3gpi6SPvKWrzYlt0' AND `is_finish` = '0'  [ RunTime:0.0002s ]

[ 2016-12-05T22:21:30+08:00 ] 127.0.0.1 /CES/index.php/Home/Access/access?signature=b9d2dd89d5c737f207d9c4f25ef098e43a4623b0&timestamp=1480947690&nonce=2075694379&openid=ocoIvxFWEKQVMV0XhvAXvnAerIdI
INFO: [ app_init ] --START--
INFO: Run Behavior\BuildLiteBehavior [ RunTime:0.000014s ]
INFO: [ app_init ] --END-- [ RunTime:0.000337s ]
INFO: [ app_begin ] --START--
INFO: Run Behavior\ReadHtmlCacheBehavior [ RunTime:0.000356s ]
INFO: [ app_begin ] --END-- [ RunTime:0.000399s ]
NOTIC: [8] Undefined index: echostr /Users/lawrance/Data/CES/CES/Home/Controller/AccessController.class.php 第 77 行.
SQL: SHOW COLUMNS FROM `tb_user` [ RunTime:0.0010s ]
SQL: SELECT * FROM `tb_user` WHERE `openid` = 'ocoIvxFWEKQVMV0XhvAXvnAerIdI' LIMIT 1   [ RunTime:0.0002s ]

[ 2016-12-05T22:21:45+08:00 ] 127.0.0.1 /CES/index.php/Home/Access/access?signature=07a3cbc131200ef4e0b0ae9d2129487deb34d9cb&timestamp=1480947705&nonce=112019414&openid=ocoIvxFWEKQVMV0XhvAXvnAerIdI
INFO: [ app_init ] --START--
INFO: Run Behavior\BuildLiteBehavior [ RunTime:0.000007s ]
INFO: [ app_init ] --END-- [ RunTime:0.000179s ]
INFO: [ app_begin ] --START--
INFO: Run Behavior\ReadHtmlCacheBehavior [ RunTime:0.000228s ]
INFO: [ app_begin ] --END-- [ RunTime:0.000247s ]
NOTIC: [8] Undefined index: echostr /Users/lawrance/Data/CES/CES/Home/Controller/AccessController.class.php 第 77 行.
SQL: SHOW COLUMNS FROM `tb_user` [ RunTime:0.0020s ]
SQL: SELECT * FROM `tb_user` WHERE `openid` = 'ocoIvxFWEKQVMV0XhvAXvnAerIdI' LIMIT 1   [ RunTime:0.0002s ]

[ 2016-12-05T22:21:52+08:00 ] 127.0.0.1 /CES/index.php/Home/UserManager/addOpenInfo?id=ocoIvxFWEKQVMV0XhvAXvnAerIdI
INFO: [ app_init ] --START--
INFO: Run Behavior\BuildLiteBehavior [ RunTime:0.000005s ]
INFO: [ app_init ] --END-- [ RunTime:0.000168s ]
INFO: [ app_begin ] --START--
INFO: Run Behavior\ReadHtmlCacheBehavior [ RunTime:0.000201s ]
INFO: [ app_begin ] --END-- [ RunTime:0.000220s ]
INFO: [ view_parse ] --START--
INFO: [ template_filter ] --START--
INFO: Run Behavior\ContentReplaceBehavior [ RunTime:0.000072s ]
INFO: [ template_filter ] --END-- [ RunTime:0.000167s ]
INFO: Run Behavior\ParseTemplateBehavior [ RunTime:0.009356s ]
INFO: [ view_parse ] --END-- [ RunTime:0.009386s ]
INFO: [ view_filter ] --START--
INFO: Run Behavior\WriteHtmlCacheBehavior [ RunTime:0.000283s ]
INFO: [ view_filter ] --END-- [ RunTime:0.000301s ]
INFO: [ app_end ] --START--
INFO: Run Behavior\ShowPageTraceBehavior [ RunTime:0.000470s ]
INFO: [ app_end ] --END-- [ RunTime:0.000494s ]

[ 2016-12-05T22:22:18+08:00 ] 127.0.0.1 /CES/index.php/Home/UserManager/bindUserInfo
INFO: [ app_init ] --START--
INFO: Run Behavior\BuildLiteBehavior [ RunTime:0.000006s ]
INFO: [ app_init ] --END-- [ RunTime:0.000187s ]
INFO: [ app_begin ] --START--
INFO: Run Behavior\ReadHtmlCacheBehavior [ RunTime:0.000226s ]
INFO: [ app_begin ] --END-- [ RunTime:0.000246s ]
SQL: SHOW COLUMNS FROM `tb_user` [ RunTime:0.0036s ]
SQL: SELECT * FROM `tb_user` WHERE `stu_num` = '20135581'  [ RunTime:0.0002s ]
SQL: SELECT * FROM `tb_user` WHERE `openid` = 'ocoIvxFWEKQVMV0XhvAXvnAerIdI' LIMIT 1   [ RunTime:0.0001s ]
SQL: UPDATE `tb_user` SET `openid`='ocoIvxFWEKQVMV0XhvAXvnAerIdI' WHERE `stu_num` = '20135581' [ RunTime:0.0007s ]

[ 2016-12-05T22:22:47+08:00 ] 127.0.0.1 /CES/index.php/Home/Access/access?signature=3d66151a93c176ca4fb12662ede0da5a834f5ebf&timestamp=1480947766&nonce=1159543703&openid=ocoIvxFWEKQVMV0XhvAXvnAerIdI
INFO: [ app_init ] --START--
INFO: Run Behavior\BuildLiteBehavior [ RunTime:0.000006s ]
INFO: [ app_init ] --END-- [ RunTime:0.000189s ]
INFO: [ app_begin ] --START--
INFO: Run Behavior\ReadHtmlCacheBehavior [ RunTime:0.000216s ]
INFO: [ app_begin ] --END-- [ RunTime:0.000235s ]
NOTIC: [8] Undefined index: echostr /Users/lawrance/Data/CES/CES/Home/Controller/AccessController.class.php 第 77 行.
SQL: SHOW COLUMNS FROM `tb_user` [ RunTime:0.0021s ]
SQL: SELECT * FROM `tb_user` WHERE `openid` = 'ocoIvxFWEKQVMV0XhvAXvnAerIdI' LIMIT 1   [ RunTime:0.0002s ]
SQL: SHOW COLUMNS FROM `tb_survey_plan` [ RunTime:0.0008s ]
SQL: SELECT * FROM `tb_survey_plan` WHERE `openid` = 'ocoIvxFWEKQVMV0XhvAXvnAerIdI' AND `is_finish` = '0'  [ RunTime:0.0002s ]

