[ 2016-12-26T11:05:58+08:00 ] ::1 /CES/index.php/Home/Data/underUpdate
INFO: [ app_init ] --START--
INFO: Run Behavior\BuildLiteBehavior [ RunTime:0.000008s ]
INFO: [ app_init ] --END-- [ RunTime:0.000389s ]
INFO: [ app_begin ] --START--
INFO: Run Behavior\ReadHtmlCacheBehavior [ RunTime:0.000432s ]
INFO: [ app_begin ] --END-- [ RunTime:0.000460s ]
NOTIC: [8] A session had already been started - ignoring session_start() /Users/lawrance/Data/CES/ThinkPHP/Common/functions.php 第 1263 行.
NOTIC: [2] curl_setopt(): Disabling safe uploads is no longer supported /Users/lawrance/Data/CES/CES/Home/Controller/MenuController.class.php 第 86 行.
NOTIC: [2] curl_setopt(): Disabling safe uploads is no longer supported /Users/lawrance/Data/CES/CES/Home/Controller/MenuController.class.php 第 86 行.
NOTIC: [4096] Object of class stdClass could not be converted to string /Users/lawrance/Data/CES/CES/Home/Controller/DataController.class.php 第 177 行.
NOTIC: [8] Undefined offset: 0 /Users/lawrance/Data/CES/CES/Home/Controller/DataController.class.php 第 183 行.
NOTIC: [8] Trying to get property of non-object /Users/lawrance/Data/CES/CES/Home/Controller/DataController.class.php 第 183 行.
NOTIC: [8] Undefined offset: 0 /Users/lawrance/Data/CES/CES/Home/Controller/DataController.class.php 第 185 行.
NOTIC: [8] Trying to get property of non-object /Users/lawrance/Data/CES/CES/Home/Controller/DataController.class.php 第 185 行.
NOTIC: [8] Undefined property: stdClass::$errcode /Users/lawrance/Data/CES/CES/Home/Controller/DataController.class.php 第 188 行.
NOTIC: [2] curl_setopt(): Disabling safe uploads is no longer supported /Users/lawrance/Data/CES/CES/Home/Controller/MenuController.class.php 第 86 行.
NOTIC: [8] Array to string conversion /Users/lawrance/Data/CES/CES/Home/Controller/MenuController.class.php 第 94 行.
NOTIC: [8] Undefined property: stdClass::$list /Users/lawrance/Data/CES/CES/Home/Controller/DataController.class.php 第 209 行.
NOTIC: [8] Trying to get property of non-object /Users/lawrance/Data/CES/CES/Home/Controller/DataController.class.php 第 212 行.
NOTIC: [8] Trying to get property of non-object /Users/lawrance/Data/CES/CES/Home/Controller/DataController.class.php 第 214 行.
SQL: SHOW COLUMNS FROM `tb_survey_plan` [ RunTime:0.0013s ]
SQL: SELECT count(*) AS total FROM `tb_survey_plan` [ RunTime:0.0002s ]
SQL: SHOW COLUMNS FROM `tb_user` [ RunTime:0.0009s ]
SQL: SELECT count(*) AS total FROM `tb_user`  WHERE ( openid!='NULL' ) [ RunTime:0.0006s ]
SQL: SHOW COLUMNS FROM `tb_home_count` [ RunTime:0.0009s ]
SQL: SELECT * FROM `tb_home_count` WHERE `time` = ''  [ RunTime:0.0004s ]
ERR: 1048:Column 'time' cannot be null
 [ SQL语句 ] : INSERT INTO `tb_home_count` (`time`,`new`,`all_user`,`survey`,`is_match`) VALUES (NULL,NULL,NULL,'17','49')
ERR: 1048:Column 'time' cannot be null
 [ SQL语句 ] : INSERT INTO `tb_home_count` (`time`,`new`,`all_user`,`survey`,`is_match`) VALUES (NULL,NULL,NULL,'17','49')

[ 2016-12-26T11:07:46+08:00 ] ::1 /CES/index.php/Home/Data/underUpdate
INFO: [ app_init ] --START--
INFO: Run Behavior\BuildLiteBehavior [ RunTime:0.000009s ]
INFO: [ app_init ] --END-- [ RunTime:0.000210s ]
INFO: [ app_begin ] --START--
INFO: Run Behavior\ReadHtmlCacheBehavior [ RunTime:0.000223s ]
INFO: [ app_begin ] --END-- [ RunTime:0.000242s ]
NOTIC: [8] A session had already been started - ignoring session_start() /Users/lawrance/Data/CES/ThinkPHP/Common/functions.php 第 1263 行.
NOTIC: [2] curl_setopt(): Disabling safe uploads is no longer supported /Users/lawrance/Data/CES/CES/Home/Controller/MenuController.class.php 第 86 行.
NOTIC: [2] curl_setopt(): Disabling safe uploads is no longer supported /Users/lawrance/Data/CES/CES/Home/Controller/MenuController.class.php 第 86 行.
NOTIC: [4096] Object of class stdClass could not be converted to string /Users/lawrance/Data/CES/CES/Home/Controller/DataController.class.php 第 177 行.
NOTIC: [8] Undefined offset: 0 /Users/lawrance/Data/CES/CES/Home/Controller/DataController.class.php 第 185 行.
NOTIC: [8] Trying to get property of non-object /Users/lawrance/Data/CES/CES/Home/Controller/DataController.class.php 第 185 行.
NOTIC: [8] Undefined offset: 0 /Users/lawrance/Data/CES/CES/Home/Controller/DataController.class.php 第 187 行.
NOTIC: [8] Trying to get property of non-object /Users/lawrance/Data/CES/CES/Home/Controller/DataController.class.php 第 187 行.
NOTIC: [8] Undefined property: stdClass::$errcode /Users/lawrance/Data/CES/CES/Home/Controller/DataController.class.php 第 190 行.
NOTIC: [2] curl_setopt(): Disabling safe uploads is no longer supported /Users/lawrance/Data/CES/CES/Home/Controller/MenuController.class.php 第 86 行.
NOTIC: [8] Array to string conversion /Users/lawrance/Data/CES/CES/Home/Controller/MenuController.class.php 第 94 行.
NOTIC: [8] Undefined property: stdClass::$list /Users/lawrance/Data/CES/CES/Home/Controller/DataController.class.php 第 211 行.
NOTIC: [8] Trying to get property of non-object /Users/lawrance/Data/CES/CES/Home/Controller/DataController.class.php 第 217 行.
NOTIC: [8] Trying to get property of non-object /Users/lawrance/Data/CES/CES/Home/Controller/DataController.class.php 第 219 行.
SQL: SHOW COLUMNS FROM `tb_survey_plan` [ RunTime:0.0010s ]
SQL: SELECT count(*) AS total FROM `tb_survey_plan` [ RunTime:0.0002s ]
SQL: SHOW COLUMNS FROM `tb_user` [ RunTime:0.0010s ]
SQL: SELECT count(*) AS total FROM `tb_user`  WHERE ( openid!='NULL' ) [ RunTime:0.0002s ]
SQL: SHOW COLUMNS FROM `tb_home_count` [ RunTime:0.0010s ]
SQL: SELECT * FROM `tb_home_count` WHERE `time` = ''  [ RunTime:0.0002s ]
ERR: 1048:Column 'time' cannot be null
 [ SQL语句 ] : INSERT INTO `tb_home_count` (`time`,`new`,`all_user`,`survey`,`is_match`) VALUES (NULL,NULL,NULL,'17','49')
ERR: 1048:Column 'time' cannot be null
 [ SQL语句 ] : INSERT INTO `tb_home_count` (`time`,`new`,`all_user`,`survey`,`is_match`) VALUES (NULL,NULL,NULL,'17','49')

[ 2016-12-26T11:08:41+08:00 ] ::1 /CES/index.php/Home/Data/underUpdate
INFO: [ app_init ] --START--
INFO: Run Behavior\BuildLiteBehavior [ RunTime:0.000009s ]
INFO: [ app_init ] --END-- [ RunTime:0.000213s ]
INFO: [ app_begin ] --START--
INFO: Run Behavior\ReadHtmlCacheBehavior [ RunTime:0.000221s ]
INFO: [ app_begin ] --END-- [ RunTime:0.000240s ]
NOTIC: [8] A session had already been started - ignoring session_start() /Users/lawrance/Data/CES/ThinkPHP/Common/functions.php 第 1263 行.
NOTIC: [2] curl_setopt(): Disabling safe uploads is no longer supported /Users/lawrance/Data/CES/CES/Home/Controller/MenuController.class.php 第 86 行.
NOTIC: [2] curl_setopt(): Disabling safe uploads is no longer supported /Users/lawrance/Data/CES/CES/Home/Controller/MenuController.class.php 第 86 行.
NOTIC: [4096] Object of class stdClass could not be converted to string /Users/lawrance/Data/CES/CES/Home/Controller/DataController.class.php 第 182 行.
NOTIC: [8] Undefined offset: 0 /Users/lawrance/Data/CES/CES/Home/Controller/DataController.class.php 第 189 行.
NOTIC: [8] Trying to get property of non-object /Users/lawrance/Data/CES/CES/Home/Controller/DataController.class.php 第 189 行.
NOTIC: [8] Undefined offset: 0 /Users/lawrance/Data/CES/CES/Home/Controller/DataController.class.php 第 191 行.
NOTIC: [8] Trying to get property of non-object /Users/lawrance/Data/CES/CES/Home/Controller/DataController.class.php 第 191 行.
NOTIC: [8] Undefined property: stdClass::$errcode /Users/lawrance/Data/CES/CES/Home/Controller/DataController.class.php 第 194 行.
NOTIC: [2] curl_setopt(): Disabling safe uploads is no longer supported /Users/lawrance/Data/CES/CES/Home/Controller/MenuController.class.php 第 86 行.
NOTIC: [8] Array to string conversion /Users/lawrance/Data/CES/CES/Home/Controller/MenuController.class.php 第 94 行.
NOTIC: [8] Undefined property: stdClass::$list /Users/lawrance/Data/CES/CES/Home/Controller/DataController.class.php 第 218 行.
NOTIC: [8] Trying to get property of non-object /Users/lawrance/Data/CES/CES/Home/Controller/DataController.class.php 第 221 行.
NOTIC: [8] Trying to get property of non-object /Users/lawrance/Data/CES/CES/Home/Controller/DataController.class.php 第 223 行.
SQL: SHOW COLUMNS FROM `tb_survey_plan` [ RunTime:0.0022s ]
SQL: SELECT count(*) AS total FROM `tb_survey_plan` [ RunTime:0.0002s ]
SQL: SHOW COLUMNS FROM `tb_user` [ RunTime:0.0010s ]
SQL: SELECT count(*) AS total FROM `tb_user`  WHERE ( openid!='NULL' ) [ RunTime:0.0002s ]
SQL: SHOW COLUMNS FROM `tb_home_count` [ RunTime:0.0009s ]
SQL: SELECT * FROM `tb_home_count` WHERE `time` = ''  [ RunTime:0.0003s ]
ERR: 1048:Column 'time' cannot be null
 [ SQL语句 ] : INSERT INTO `tb_home_count` (`time`,`new`,`all_user`,`survey`,`is_match`) VALUES (NULL,NULL,NULL,'17','49')
ERR: 1048:Column 'time' cannot be null
 [ SQL语句 ] : INSERT INTO `tb_home_count` (`time`,`new`,`all_user`,`survey`,`is_match`) VALUES (NULL,NULL,NULL,'17','49')

[ 2016-12-26T11:09:21+08:00 ] ::1 /CES/index.php/Home/Data/underUpdate
INFO: [ app_init ] --START--
INFO: Run Behavior\BuildLiteBehavior [ RunTime:0.000005s ]
INFO: [ app_init ] --END-- [ RunTime:0.000162s ]
INFO: [ app_begin ] --START--
INFO: Run Behavior\ReadHtmlCacheBehavior [ RunTime:0.000199s ]
INFO: [ app_begin ] --END-- [ RunTime:0.000218s ]
NOTIC: [8] A session had already been started - ignoring session_start() /Users/lawrance/Data/CES/ThinkPHP/Common/functions.php 第 1263 行.
NOTIC: [2] curl_setopt(): Disabling safe uploads is no longer supported /Users/lawrance/Data/CES/CES/Home/Controller/MenuController.class.php 第 86 行.
NOTIC: [2] curl_setopt(): Disabling safe uploads is no longer supported /Users/lawrance/Data/CES/CES/Home/Controller/MenuController.class.php 第 86 行.
NOTIC: [4096] Object of class stdClass could not be converted to string /Users/lawrance/Data/CES/CES/Home/Controller/DataController.class.php 第 182 行.
NOTIC: [8] Undefined offset: 0 /Users/lawrance/Data/CES/CES/Home/Controller/DataController.class.php 第 189 行.
NOTIC: [8] Trying to get property of non-object /Users/lawrance/Data/CES/CES/Home/Controller/DataController.class.php 第 189 行.
NOTIC: [8] Undefined offset: 0 /Users/lawrance/Data/CES/CES/Home/Controller/DataController.class.php 第 191 行.
NOTIC: [8] Trying to get property of non-object /Users/lawrance/Data/CES/CES/Home/Controller/DataController.class.php 第 191 行.
NOTIC: [8] Undefined property: stdClass::$errcode /Users/lawrance/Data/CES/CES/Home/Controller/DataController.class.php 第 194 行.
NOTIC: [2] curl_setopt(): Disabling safe uploads is no longer supported /Users/lawrance/Data/CES/CES/Home/Controller/MenuController.class.php 第 86 行.
NOTIC: [8] Array to string conversion /Users/lawrance/Data/CES/CES/Home/Controller/MenuController.class.php 第 94 行.
NOTIC: [8] Undefined property: stdClass::$list /Users/lawrance/Data/CES/CES/Home/Controller/DataController.class.php 第 218 行.
NOTIC: [8] Trying to get property of non-object /Users/lawrance/Data/CES/CES/Home/Controller/DataController.class.php 第 221 行.
NOTIC: [8] Trying to get property of non-object /Users/lawrance/Data/CES/CES/Home/Controller/DataController.class.php 第 223 行.
SQL: SHOW COLUMNS FROM `tb_survey_plan` [ RunTime:0.0020s ]
SQL: SELECT count(*) AS total FROM `tb_survey_plan` [ RunTime:0.0002s ]
SQL: SHOW COLUMNS FROM `tb_user` [ RunTime:0.0008s ]
SQL: SELECT count(*) AS total FROM `tb_user`  WHERE ( openid!='NULL' ) [ RunTime:0.0002s ]
SQL: SHOW COLUMNS FROM `tb_home_count` [ RunTime:0.0010s ]
SQL: SELECT * FROM `tb_home_count` WHERE `time` = ''  [ RunTime:0.0002s ]
ERR: 1048:Column 'time' cannot be null
 [ SQL语句 ] : INSERT INTO `tb_home_count` (`time`,`new`,`all_user`,`survey`,`is_match`) VALUES (NULL,NULL,NULL,'17','49')
ERR: 1048:Column 'time' cannot be null
 [ SQL语句 ] : INSERT INTO `tb_home_count` (`time`,`new`,`all_user`,`survey`,`is_match`) VALUES (NULL,NULL,NULL,'17','49')

[ 2016-12-26T11:17:09+08:00 ] ::1 /CES/index.php/Home/Data/underUpdate
INFO: [ app_init ] --START--
INFO: Run Behavior\BuildLiteBehavior [ RunTime:0.000008s ]
INFO: [ app_init ] --END-- [ RunTime:0.000222s ]
INFO: [ app_begin ] --START--
INFO: Run Behavior\ReadHtmlCacheBehavior [ RunTime:0.000427s ]
INFO: [ app_begin ] --END-- [ RunTime:0.000516s ]
NOTIC: [8] A session had already been started - ignoring session_start() /Users/lawrance/Data/CES/ThinkPHP/Common/functions.php 第 1263 行.
NOTIC: [2] curl_setopt(): Disabling safe uploads is no longer supported /Users/lawrance/Data/CES/CES/Home/Controller/MenuController.class.php 第 86 行.
NOTIC: [4096] Object of class stdClass could not be converted to string /Users/lawrance/Data/CES/CES/Home/Controller/DataController.class.php 第 198 行.
NOTIC: [8] Undefined property: stdClass::$errcode /Users/lawrance/Data/CES/CES/Home/Controller/DataController.class.php 第 210 行.
SQL: SHOW COLUMNS FROM `tb_survey_plan` [ RunTime:0.0028s ]
SQL: SELECT count(*) AS total FROM `tb_survey_plan` [ RunTime:0.0001s ]
SQL: SHOW COLUMNS FROM `tb_user` [ RunTime:0.0008s ]
SQL: SELECT count(*) AS total FROM `tb_user`  WHERE ( openid!='NULL' ) [ RunTime:0.0002s ]
NOTIC: [8] Undefined property: stdClass::$errcode /Users/lawrance/Data/CES/CES/Home/Controller/DataController.class.php 第 255 行.
NOTIC: [8] Undefined property: stdClass::$errcode /Users/lawrance/Data/CES/CES/Home/Controller/DataController.class.php 第 257 行.

[ 2016-12-26T11:20:24+08:00 ] ::1 /CES/index.php/Home/Data/underUpdate
INFO: [ app_init ] --START--
INFO: Run Behavior\BuildLiteBehavior [ RunTime:0.000009s ]
INFO: [ app_init ] --END-- [ RunTime:0.000204s ]
INFO: [ app_begin ] --START--
INFO: Run Behavior\ReadHtmlCacheBehavior [ RunTime:0.000219s ]
INFO: [ app_begin ] --END-- [ RunTime:0.000239s ]
NOTIC: [8] A session had already been started - ignoring session_start() /Users/lawrance/Data/CES/ThinkPHP/Common/functions.php 第 1263 行.
NOTIC: [2] curl_setopt(): Disabling safe uploads is no longer supported /Users/lawrance/Data/CES/CES/Home/Controller/MenuController.class.php 第 86 行.
NOTIC: [4096] Object of class stdClass could not be converted to string /Users/lawrance/Data/CES/CES/Home/Controller/DataController.class.php 第 198 行.
NOTIC: [8] Undefined property: stdClass::$errcode /Users/lawrance/Data/CES/CES/Home/Controller/DataController.class.php 第 210 行.
SQL: SHOW COLUMNS FROM `tb_survey_plan` [ RunTime:0.0019s ]
SQL: SELECT count(*) AS total FROM `tb_survey_plan` [ RunTime:0.0001s ]
SQL: SHOW COLUMNS FROM `tb_user` [ RunTime:0.0008s ]
SQL: SELECT count(*) AS total FROM `tb_user`  WHERE ( openid!='NULL' ) [ RunTime:0.0002s ]
NOTIC: [8] Undefined property: stdClass::$errcode /Users/lawrance/Data/CES/CES/Home/Controller/DataController.class.php 第 255 行.
SQL: SHOW COLUMNS FROM `tb_home_count` [ RunTime:0.0009s ]
SQL: SELECT * FROM `tb_home_count` WHERE `time` = '2016-12-17'  [ RunTime:0.0002s ]

[ 2016-12-26T11:21:09+08:00 ] ::1 /CES/index.php/Home/Data/underUpdate
INFO: [ app_init ] --START--
INFO: Run Behavior\BuildLiteBehavior [ RunTime:0.000006s ]
INFO: [ app_init ] --END-- [ RunTime:0.000187s ]
INFO: [ app_begin ] --START--
INFO: Run Behavior\ReadHtmlCacheBehavior [ RunTime:0.000207s ]
INFO: [ app_begin ] --END-- [ RunTime:0.000225s ]
NOTIC: [8] A session had already been started - ignoring session_start() /Users/lawrance/Data/CES/ThinkPHP/Common/functions.php 第 1263 行.
NOTIC: [2] curl_setopt(): Disabling safe uploads is no longer supported /Users/lawrance/Data/CES/CES/Home/Controller/MenuController.class.php 第 86 行.
NOTIC: [4096] Object of class stdClass could not be converted to string /Users/lawrance/Data/CES/CES/Home/Controller/DataController.class.php 第 198 行.
NOTIC: [8] Undefined property: stdClass::$errcode /Users/lawrance/Data/CES/CES/Home/Controller/DataController.class.php 第 210 行.
SQL: SHOW COLUMNS FROM `tb_survey_plan` [ RunTime:0.0019s ]
SQL: SELECT count(*) AS total FROM `tb_survey_plan` [ RunTime:0.0001s ]
SQL: SHOW COLUMNS FROM `tb_user` [ RunTime:0.0008s ]
SQL: SELECT count(*) AS total FROM `tb_user`  WHERE ( openid!='NULL' ) [ RunTime:0.0002s ]
NOTIC: [8] Undefined property: stdClass::$errcode /Users/lawrance/Data/CES/CES/Home/Controller/DataController.class.php 第 255 行.
SQL: SHOW COLUMNS FROM `tb_home_count` [ RunTime:0.0008s ]
SQL: SELECT * FROM `tb_home_count` WHERE `time` = '2016-12-17'  [ RunTime:0.0002s ]

[ 2016-12-26T11:21:14+08:00 ] ::1 /CES/index.php/Home/Data/underUpdate
INFO: [ app_init ] --START--
INFO: Run Behavior\BuildLiteBehavior [ RunTime:0.000005s ]
INFO: [ app_init ] --END-- [ RunTime:0.000155s ]
INFO: [ app_begin ] --START--
INFO: Run Behavior\ReadHtmlCacheBehavior [ RunTime:0.000195s ]
INFO: [ app_begin ] --END-- [ RunTime:0.000212s ]
NOTIC: [8] A session had already been started - ignoring session_start() /Users/lawrance/Data/CES/ThinkPHP/Common/functions.php 第 1263 行.
NOTIC: [2] curl_setopt(): Disabling safe uploads is no longer supported /Users/lawrance/Data/CES/CES/Home/Controller/MenuController.class.php 第 86 行.
NOTIC: [4096] Object of class stdClass could not be converted to string /Users/lawrance/Data/CES/CES/Home/Controller/DataController.class.php 第 198 行.
NOTIC: [8] Undefined property: stdClass::$errcode /Users/lawrance/Data/CES/CES/Home/Controller/DataController.class.php 第 210 行.
SQL: SHOW COLUMNS FROM `tb_survey_plan` [ RunTime:0.0020s ]
SQL: SELECT count(*) AS total FROM `tb_survey_plan` [ RunTime:0.0002s ]
SQL: SHOW COLUMNS FROM `tb_user` [ RunTime:0.0011s ]
SQL: SELECT count(*) AS total FROM `tb_user`  WHERE ( openid!='NULL' ) [ RunTime:0.0002s ]
NOTIC: [8] Undefined property: stdClass::$errcode /Users/lawrance/Data/CES/CES/Home/Controller/DataController.class.php 第 255 行.
SQL: SHOW COLUMNS FROM `tb_home_count` [ RunTime:0.0010s ]
SQL: SELECT * FROM `tb_home_count` WHERE `time` = '2016-12-17'  [ RunTime:0.0002s ]

[ 2016-12-26T11:21:24+08:00 ] ::1 /CES/index.php/Home/Data/underUpdate
INFO: [ app_init ] --START--
INFO: Run Behavior\BuildLiteBehavior [ RunTime:0.000005s ]
INFO: [ app_init ] --END-- [ RunTime:0.000155s ]
INFO: [ app_begin ] --START--
INFO: Run Behavior\ReadHtmlCacheBehavior [ RunTime:0.000195s ]
INFO: [ app_begin ] --END-- [ RunTime:0.000212s ]
NOTIC: [8] A session had already been started - ignoring session_start() /Users/lawrance/Data/CES/ThinkPHP/Common/functions.php 第 1263 行.
NOTIC: [2] curl_setopt(): Disabling safe uploads is no longer supported /Users/lawrance/Data/CES/CES/Home/Controller/MenuController.class.php 第 86 行.
NOTIC: [4096] Object of class stdClass could not be converted to string /Users/lawrance/Data/CES/CES/Home/Controller/DataController.class.php 第 198 行.
NOTIC: [8] Undefined property: stdClass::$errcode /Users/lawrance/Data/CES/CES/Home/Controller/DataController.class.php 第 210 行.
SQL: SHOW COLUMNS FROM `tb_survey_plan` [ RunTime:0.0019s ]
SQL: SELECT count(*) AS total FROM `tb_survey_plan` [ RunTime:0.0002s ]
SQL: SHOW COLUMNS FROM `tb_user` [ RunTime:0.0010s ]
SQL: SELECT count(*) AS total FROM `tb_user`  WHERE ( openid!='NULL' ) [ RunTime:0.0002s ]
NOTIC: [8] Undefined property: stdClass::$errcode /Users/lawrance/Data/CES/CES/Home/Controller/DataController.class.php 第 255 行.
SQL: SHOW COLUMNS FROM `tb_home_count` [ RunTime:0.0009s ]
SQL: SELECT * FROM `tb_home_count` WHERE `time` = '2016-12-17'  [ RunTime:0.0003s ]

[ 2016-12-26T11:21:54+08:00 ] ::1 /CES/index.php/Home/Data/underUpdate
INFO: [ app_init ] --START--
INFO: Run Behavior\BuildLiteBehavior [ RunTime:0.000006s ]
INFO: [ app_init ] --END-- [ RunTime:0.000158s ]
INFO: [ app_begin ] --START--
INFO: Run Behavior\ReadHtmlCacheBehavior [ RunTime:0.000197s ]
INFO: [ app_begin ] --END-- [ RunTime:0.000216s ]
NOTIC: [8] A session had already been started - ignoring session_start() /Users/lawrance/Data/CES/ThinkPHP/Common/functions.php 第 1263 行.
NOTIC: [2] curl_setopt(): Disabling safe uploads is no longer supported /Users/lawrance/Data/CES/CES/Home/Controller/MenuController.class.php 第 86 行.
NOTIC: [4096] Object of class stdClass could not be converted to string /Users/lawrance/Data/CES/CES/Home/Controller/DataController.class.php 第 198 行.
NOTIC: [8] Undefined property: stdClass::$errcode /Users/lawrance/Data/CES/CES/Home/Controller/DataController.class.php 第 210 行.
SQL: SHOW COLUMNS FROM `tb_survey_plan` [ RunTime:0.0012s ]
SQL: SELECT count(*) AS total FROM `tb_survey_plan` [ RunTime:0.0002s ]
SQL: SHOW COLUMNS FROM `tb_user` [ RunTime:0.0012s ]
SQL: SELECT count(*) AS total FROM `tb_user`  WHERE ( openid!='NULL' ) [ RunTime:0.0002s ]
NOTIC: [8] Undefined property: stdClass::$errcode /Users/lawrance/Data/CES/CES/Home/Controller/DataController.class.php 第 255 行.
SQL: SHOW COLUMNS FROM `tb_home_count` [ RunTime:0.0013s ]
SQL: SELECT * FROM `tb_home_count` WHERE `time` = '2016-12-17'  [ RunTime:0.0003s ]

[ 2016-12-26T11:21:58+08:00 ] ::1 /CES/index.php/Home/Data/underUpdate
INFO: [ app_init ] --START--
INFO: Run Behavior\BuildLiteBehavior [ RunTime:0.000006s ]
INFO: [ app_init ] --END-- [ RunTime:0.000171s ]
INFO: [ app_begin ] --START--
INFO: Run Behavior\ReadHtmlCacheBehavior [ RunTime:0.000212s ]
INFO: [ app_begin ] --END-- [ RunTime:0.000232s ]
NOTIC: [8] A session had already been started - ignoring session_start() /Users/lawrance/Data/CES/ThinkPHP/Common/functions.php 第 1263 行.
NOTIC: [2] curl_setopt(): Disabling safe uploads is no longer supported /Users/lawrance/Data/CES/CES/Home/Controller/MenuController.class.php 第 86 行.
NOTIC: [4096] Object of class stdClass could not be converted to string /Users/lawrance/Data/CES/CES/Home/Controller/DataController.class.php 第 198 行.
NOTIC: [8] Undefined property: stdClass::$errcode /Users/lawrance/Data/CES/CES/Home/Controller/DataController.class.php 第 210 行.
SQL: SHOW COLUMNS FROM `tb_survey_plan` [ RunTime:0.0018s ]
SQL: SELECT count(*) AS total FROM `tb_survey_plan` [ RunTime:0.0001s ]
SQL: SHOW COLUMNS FROM `tb_user` [ RunTime:0.0009s ]
SQL: SELECT count(*) AS total FROM `tb_user`  WHERE ( openid!='NULL' ) [ RunTime:0.0002s ]
NOTIC: [8] Undefined property: stdClass::$errcode /Users/lawrance/Data/CES/CES/Home/Controller/DataController.class.php 第 255 行.
SQL: SHOW COLUMNS FROM `tb_home_count` [ RunTime:0.0009s ]
SQL: SELECT * FROM `tb_home_count` WHERE `time` = '2016-12-17'  [ RunTime:0.0002s ]

[ 2016-12-26T11:22:02+08:00 ] ::1 /CES/index.php/Home/Data/underUpdate
INFO: [ app_init ] --START--
INFO: Run Behavior\BuildLiteBehavior [ RunTime:0.000005s ]
INFO: [ app_init ] --END-- [ RunTime:0.000162s ]
INFO: [ app_begin ] --START--
INFO: Run Behavior\ReadHtmlCacheBehavior [ RunTime:0.000209s ]
INFO: [ app_begin ] --END-- [ RunTime:0.000228s ]
NOTIC: [8] A session had already been started - ignoring session_start() /Users/lawrance/Data/CES/ThinkPHP/Common/functions.php 第 1263 行.
NOTIC: [2] curl_setopt(): Disabling safe uploads is no longer supported /Users/lawrance/Data/CES/CES/Home/Controller/MenuController.class.php 第 86 行.
NOTIC: [4096] Object of class stdClass could not be converted to string /Users/lawrance/Data/CES/CES/Home/Controller/DataController.class.php 第 198 行.
NOTIC: [8] Undefined property: stdClass::$errcode /Users/lawrance/Data/CES/CES/Home/Controller/DataController.class.php 第 210 行.
SQL: SHOW COLUMNS FROM `tb_survey_plan` [ RunTime:0.0019s ]
SQL: SELECT count(*) AS total FROM `tb_survey_plan` [ RunTime:0.0001s ]
SQL: SHOW COLUMNS FROM `tb_user` [ RunTime:0.0009s ]
SQL: SELECT count(*) AS total FROM `tb_user`  WHERE ( openid!='NULL' ) [ RunTime:0.0002s ]
NOTIC: [8] Undefined property: stdClass::$errcode /Users/lawrance/Data/CES/CES/Home/Controller/DataController.class.php 第 255 行.
SQL: SHOW COLUMNS FROM `tb_home_count` [ RunTime:0.0010s ]
SQL: SELECT * FROM `tb_home_count` WHERE `time` = '2016-12-17'  [ RunTime:0.0002s ]

[ 2016-12-26T11:22:27+08:00 ] ::1 /CES/index.php/Home/Data/underUpdate
INFO: [ app_init ] --START--
INFO: Run Behavior\BuildLiteBehavior [ RunTime:0.000008s ]
INFO: [ app_init ] --END-- [ RunTime:0.000288s ]
INFO: [ app_begin ] --START--
INFO: Run Behavior\ReadHtmlCacheBehavior [ RunTime:0.000342s ]
INFO: [ app_begin ] --END-- [ RunTime:0.000372s ]
NOTIC: [8] A session had already been started - ignoring session_start() /Users/lawrance/Data/CES/ThinkPHP/Common/functions.php 第 1263 行.
NOTIC: [2] curl_setopt(): Disabling safe uploads is no longer supported /Users/lawrance/Data/CES/CES/Home/Controller/MenuController.class.php 第 86 行.
NOTIC: [4096] Object of class stdClass could not be converted to string /Users/lawrance/Data/CES/CES/Home/Controller/DataController.class.php 第 198 行.
NOTIC: [8] Undefined property: stdClass::$errcode /Users/lawrance/Data/CES/CES/Home/Controller/DataController.class.php 第 210 行.
SQL: SHOW COLUMNS FROM `tb_survey_plan` [ RunTime:0.0021s ]
SQL: SELECT count(*) AS total FROM `tb_survey_plan` [ RunTime:0.0002s ]
SQL: SHOW COLUMNS FROM `tb_user` [ RunTime:0.0012s ]
SQL: SELECT count(*) AS total FROM `tb_user`  WHERE ( openid!='NULL' ) [ RunTime:0.0003s ]
NOTIC: [8] Undefined property: stdClass::$errcode /Users/lawrance/Data/CES/CES/Home/Controller/DataController.class.php 第 255 行.
SQL: SHOW COLUMNS FROM `tb_home_count` [ RunTime:0.0013s ]
SQL: SELECT * FROM `tb_home_count` WHERE `time` = '2016-12-17'  [ RunTime:0.0004s ]

[ 2016-12-26T11:23:14+08:00 ] ::1 /CES/index.php/Home/Data/underUpdate
INFO: [ app_init ] --START--
INFO: Run Behavior\BuildLiteBehavior [ RunTime:0.000006s ]
INFO: [ app_init ] --END-- [ RunTime:0.000172s ]
INFO: [ app_begin ] --START--
INFO: Run Behavior\ReadHtmlCacheBehavior [ RunTime:0.000213s ]
INFO: [ app_begin ] --END-- [ RunTime:0.000232s ]
NOTIC: [8] A session had already been started - ignoring session_start() /Users/lawrance/Data/CES/ThinkPHP/Common/functions.php 第 1263 行.
NOTIC: [2] curl_setopt(): Disabling safe uploads is no longer supported /Users/lawrance/Data/CES/CES/Home/Controller/MenuController.class.php 第 86 行.
NOTIC: [4096] Object of class stdClass could not be converted to string /Users/lawrance/Data/CES/CES/Home/Controller/DataController.class.php 第 198 行.
NOTIC: [8] Undefined property: stdClass::$errcode /Users/lawrance/Data/CES/CES/Home/Controller/DataController.class.php 第 210 行.
SQL: SHOW COLUMNS FROM `tb_survey_plan` [ RunTime:0.0020s ]
SQL: SELECT count(*) AS total FROM `tb_survey_plan` [ RunTime:0.0002s ]
SQL: SHOW COLUMNS FROM `tb_user` [ RunTime:0.0010s ]
SQL: SELECT count(*) AS total FROM `tb_user`  WHERE ( openid!='NULL' ) [ RunTime:0.0002s ]
NOTIC: [8] Undefined property: stdClass::$errcode /Users/lawrance/Data/CES/CES/Home/Controller/DataController.class.php 第 255 行.
SQL: SHOW COLUMNS FROM `tb_home_count` [ RunTime:0.0009s ]
SQL: SELECT * FROM `tb_home_count` WHERE `time` = '2016-12-07'  [ RunTime:0.0002s ]
SQL: INSERT INTO `tb_home_count` (`time`,`new`,`all_user`,`survey`,`is_match`) VALUES ('2016-12-07','0','1217056','17','49') [ RunTime:0.0233s ]

