[ 2016-11-22T09:55:47+08:00 ] ::1 /CES/index.php/Home/GroupSend/allSendNews
INFO: [ app_init ] --START--
INFO: Run Behavior\BuildLiteBehavior [ RunTime:0.000009s ]
INFO: [ app_init ] --END-- [ RunTime:0.000421s ]
INFO: [ app_begin ] --START--
INFO: Run Behavior\ReadHtmlCacheBehavior [ RunTime:0.000455s ]
INFO: [ app_begin ] --END-- [ RunTime:0.000517s ]
NOTIC: [8] Undefined index: ispost /Users/lawrance/Data/CES/CES/Home/Controller/GroupSendController.class.php 第 30 行.
INFO: [ app_end ] --START--
INFO: Run Behavior\ShowPageTraceBehavior [ RunTime:0.000547s ]
INFO: [ app_end ] --END-- [ RunTime:0.000584s ]

[ 2016-11-22T09:55:54+08:00 ] ::1 /CES/index.php/Home/GroupSend/allSendNews
INFO: [ app_init ] --START--
INFO: Run Behavior\BuildLiteBehavior [ RunTime:0.000009s ]
INFO: [ app_init ] --END-- [ RunTime:0.000235s ]
INFO: [ app_begin ] --START--
INFO: Run Behavior\ReadHtmlCacheBehavior [ RunTime:0.000252s ]
INFO: [ app_begin ] --END-- [ RunTime:0.000276s ]
NOTIC: [8] Undefined index: ispost /Users/lawrance/Data/CES/CES/Home/Controller/GroupSendController.class.php 第 30 行.
INFO: [ app_end ] --START--
INFO: Run Behavior\ShowPageTraceBehavior [ RunTime:0.000268s ]
INFO: [ app_end ] --END-- [ RunTime:0.000287s ]

[ 2016-11-22T09:56:27+08:00 ] ::1 /CES/index.php/Home/GroupSend/allSendNews
INFO: [ app_init ] --START--
INFO: Run Behavior\BuildLiteBehavior [ RunTime:0.000006s ]
INFO: [ app_init ] --END-- [ RunTime:0.000165s ]
INFO: [ app_begin ] --START--
INFO: Run Behavior\ReadHtmlCacheBehavior [ RunTime:0.000230s ]
INFO: [ app_begin ] --END-- [ RunTime:0.000265s ]
NOTIC: [8] Undefined index: ispost /Users/lawrance/Data/CES/CES/Home/Controller/GroupSendController.class.php 第 30 行.
INFO: [ app_end ] --START--
INFO: Run Behavior\ShowPageTraceBehavior [ RunTime:0.000237s ]
INFO: [ app_end ] --END-- [ RunTime:0.000254s ]

[ 2016-11-22T09:56:38+08:00 ] ::1 /CES/index.php/Home/GroupSend/allSendNews
INFO: [ app_init ] --START--
INFO: Run Behavior\BuildLiteBehavior [ RunTime:0.000005s ]
INFO: [ app_init ] --END-- [ RunTime:0.000167s ]
INFO: [ app_begin ] --START--
INFO: Run Behavior\ReadHtmlCacheBehavior [ RunTime:0.000215s ]
INFO: [ app_begin ] --END-- [ RunTime:0.000234s ]
NOTIC: [8] Undefined index: ispost /Users/lawrance/Data/CES/CES/Home/Controller/GroupSendController.class.php 第 30 行.
INFO: [ app_end ] --START--
INFO: Run Behavior\ShowPageTraceBehavior [ RunTime:0.000236s ]
INFO: [ app_end ] --END-- [ RunTime:0.000254s ]

[ 2016-11-22T09:57:40+08:00 ] ::1 /CES/index.php/Home/GroupSend/allSendNews
INFO: [ app_init ] --START--
INFO: Run Behavior\BuildLiteBehavior [ RunTime:0.000007s ]
INFO: [ app_init ] --END-- [ RunTime:0.000384s ]
INFO: [ app_begin ] --START--
INFO: Run Behavior\ReadHtmlCacheBehavior [ RunTime:0.000461s ]
INFO: [ app_begin ] --END-- [ RunTime:0.000491s ]
NOTIC: [8] Undefined index: ispost /Users/lawrance/Data/CES/CES/Home/Controller/GroupSendController.class.php 第 30 行.
INFO: [ app_end ] --START--
INFO: Run Behavior\ShowPageTraceBehavior [ RunTime:0.000442s ]
INFO: [ app_end ] --END-- [ RunTime:0.000467s ]

[ 2016-11-22T09:58:40+08:00 ] 127.0.0.1 /CES/index.php/Home/Access/access?signature=7964ee6446f0314cafb34b676ca1864969d832c6&echostr=4223145669063321567&timestamp=1479779920&nonce=985941040
INFO: [ app_init ] --START--
INFO: Run Behavior\BuildLiteBehavior [ RunTime:0.000009s ]
INFO: [ app_init ] --END-- [ RunTime:0.000248s ]
INFO: [ app_begin ] --START--
INFO: Run Behavior\ReadHtmlCacheBehavior [ RunTime:0.000240s ]
INFO: [ app_begin ] --END-- [ RunTime:0.000260s ]

[ 2016-11-22T10:01:09+08:00 ] ::1 /CES/index.php/Home/GroupSend/allSendNews
INFO: [ app_init ] --START--
INFO: Run Behavior\BuildLiteBehavior [ RunTime:0.000010s ]
INFO: [ app_init ] --END-- [ RunTime:0.000417s ]
INFO: [ app_begin ] --START--
INFO: Run Behavior\ReadHtmlCacheBehavior [ RunTime:0.000473s ]
INFO: [ app_begin ] --END-- [ RunTime:0.000503s ]

[ 2016-11-22T10:03:17+08:00 ] ::1 /CES/index.php/Home/GroupSend/allSendNews
INFO: [ app_init ] --START--
INFO: Run Behavior\BuildLiteBehavior [ RunTime:0.000008s ]
INFO: [ app_init ] --END-- [ RunTime:0.000203s ]
INFO: [ app_begin ] --START--
INFO: Run Behavior\ReadHtmlCacheBehavior [ RunTime:0.000239s ]
INFO: [ app_begin ] --END-- [ RunTime:0.000261s ]
NOTIC: [8] Undefined index: ispost /Users/lawrance/Data/CES/CES/Home/Controller/GroupSendController.class.php 第 30 行.
NOTIC: [2] curl_setopt(): Disabling safe uploads is no longer supported /Users/lawrance/Data/CES/CES/Home/Controller/MenuController.class.php 第 86 行.
NOTIC: [2] curl_setopt(): Disabling safe uploads is no longer supported /Users/lawrance/Data/CES/CES/Home/Controller/MenuController.class.php 第 86 行.
INFO: [ app_end ] --START--
INFO: Run Behavior\ShowPageTraceBehavior [ RunTime:0.001666s ]
INFO: [ app_end ] --END-- [ RunTime:0.001734s ]

[ 2016-11-22T10:03:31+08:00 ] ::1 /CES/index.php/Home/GroupSend/allSendNews
INFO: [ app_init ] --START--
INFO: Run Behavior\BuildLiteBehavior [ RunTime:0.000011s ]
INFO: [ app_init ] --END-- [ RunTime:0.000331s ]
INFO: [ app_begin ] --START--
INFO: Run Behavior\ReadHtmlCacheBehavior [ RunTime:0.000263s ]
INFO: [ app_begin ] --END-- [ RunTime:0.000286s ]
NOTIC: [8] Undefined index: ispost /Users/lawrance/Data/CES/CES/Home/Controller/GroupSendController.class.php 第 30 行.
NOTIC: [2] curl_setopt(): Disabling safe uploads is no longer supported /Users/lawrance/Data/CES/CES/Home/Controller/MenuController.class.php 第 86 行.
NOTIC: [2] curl_setopt(): Disabling safe uploads is no longer supported /Users/lawrance/Data/CES/CES/Home/Controller/MenuController.class.php 第 86 行.
INFO: [ app_end ] --START--
INFO: Run Behavior\ShowPageTraceBehavior [ RunTime:0.000500s ]
INFO: [ app_end ] --END-- [ RunTime:0.000546s ]

[ 2016-11-22T10:03:46+08:00 ] ::1 /CES/index.php/Home/GroupSend/allSendNews
INFO: [ app_init ] --START--
INFO: Run Behavior\BuildLiteBehavior [ RunTime:0.000007s ]
INFO: [ app_init ] --END-- [ RunTime:0.000193s ]
INFO: [ app_begin ] --START--
INFO: Run Behavior\ReadHtmlCacheBehavior [ RunTime:0.000278s ]
INFO: [ app_begin ] --END-- [ RunTime:0.000304s ]
NOTIC: [8] Undefined index: ispost /Users/lawrance/Data/CES/CES/Home/Controller/GroupSendController.class.php 第 30 行.

[ 2016-11-22T10:08:45+08:00 ] ::1 /CES/index.php/Home/GroupSend/allSendNews
INFO: [ app_init ] --START--
INFO: Run Behavior\BuildLiteBehavior [ RunTime:0.000012s ]
INFO: [ app_init ] --END-- [ RunTime:0.000268s ]
INFO: [ app_begin ] --START--
INFO: Run Behavior\ReadHtmlCacheBehavior [ RunTime:0.000295s ]
INFO: [ app_begin ] --END-- [ RunTime:0.000319s ]
NOTIC: [8] Undefined index: ispost /Users/lawrance/Data/CES/CES/Home/Controller/GroupSendController.class.php 第 30 行.
NOTIC: [2] curl_setopt(): Disabling safe uploads is no longer supported /Users/lawrance/Data/CES/CES/Home/Controller/MenuController.class.php 第 86 行.
NOTIC: [2] curl_setopt(): Disabling safe uploads is no longer supported /Users/lawrance/Data/CES/CES/Home/Controller/MenuController.class.php 第 86 行.
INFO: [ app_end ] --START--
INFO: Run Behavior\ShowPageTraceBehavior [ RunTime:0.000416s ]
INFO: [ app_end ] --END-- [ RunTime:0.000460s ]

[ 2016-11-22T10:09:10+08:00 ] ::1 /CES/index.php/Home/GroupSend/allSendNews
INFO: [ app_init ] --START--
INFO: Run Behavior\BuildLiteBehavior [ RunTime:0.000011s ]
INFO: [ app_init ] --END-- [ RunTime:0.000267s ]
INFO: [ app_begin ] --START--
INFO: Run Behavior\ReadHtmlCacheBehavior [ RunTime:0.000288s ]
INFO: [ app_begin ] --END-- [ RunTime:0.000315s ]
NOTIC: [8] Undefined index: ispost /Users/lawrance/Data/CES/CES/Home/Controller/GroupSendController.class.php 第 30 行.

[ 2016-11-22T10:09:30+08:00 ] ::1 /CES/index.php/Home/GroupSend/allSendNews
INFO: [ app_init ] --START--
INFO: Run Behavior\BuildLiteBehavior [ RunTime:0.000008s ]
INFO: [ app_init ] --END-- [ RunTime:0.000241s ]
INFO: [ app_begin ] --START--
INFO: Run Behavior\ReadHtmlCacheBehavior [ RunTime:0.000417s ]
INFO: [ app_begin ] --END-- [ RunTime:0.000454s ]
NOTIC: [8] Undefined index: ispost /Users/lawrance/Data/CES/CES/Home/Controller/GroupSendController.class.php 第 30 行.
NOTIC: [2] curl_setopt(): Disabling safe uploads is no longer supported /Users/lawrance/Data/CES/CES/Home/Controller/MenuController.class.php 第 86 行.
NOTIC: [2] curl_setopt(): Disabling safe uploads is no longer supported /Users/lawrance/Data/CES/CES/Home/Controller/MenuController.class.php 第 86 行.
NOTIC: [2] Illegal string offset 'status' /Users/lawrance/Data/CES/CES/Home/Controller/GroupSendController.class.php 第 110 行.

[ 2016-11-22T10:10:58+08:00 ] ::1 /CES/index.php/Home/GroupSend/allSendNews
INFO: [ app_init ] --START--
INFO: Run Behavior\BuildLiteBehavior [ RunTime:0.000008s ]
INFO: [ app_init ] --END-- [ RunTime:0.000184s ]
INFO: [ app_begin ] --START--
INFO: Run Behavior\ReadHtmlCacheBehavior [ RunTime:0.000623s ]
INFO: [ app_begin ] --END-- [ RunTime:0.000668s ]
NOTIC: [8] Undefined index: ispost /Users/lawrance/Data/CES/CES/Home/Controller/GroupSendController.class.php 第 30 行.
NOTIC: [2] curl_setopt(): Disabling safe uploads is no longer supported /Users/lawrance/Data/CES/CES/Home/Controller/MenuController.class.php 第 86 行.
NOTIC: [2] curl_setopt(): Disabling safe uploads is no longer supported /Users/lawrance/Data/CES/CES/Home/Controller/MenuController.class.php 第 86 行.
NOTIC: [2] Illegal string offset 'status' /Users/lawrance/Data/CES/CES/Home/Controller/GroupSendController.class.php 第 109 行.
NOTIC: [8] Undefined property: stdClass::$msg_id /Users/lawrance/Data/CES/CES/Home/Controller/GroupSendController.class.php 第 110 行.
NOTIC: [2] Illegal string offset 'message' /Users/lawrance/Data/CES/CES/Home/Controller/GroupSendController.class.php 第 110 行.

[ 2016-11-22T10:11:52+08:00 ] ::1 /CES/index.php/Home/GroupSend/allSendNews
INFO: [ app_init ] --START--
INFO: Run Behavior\BuildLiteBehavior [ RunTime:0.000009s ]
INFO: [ app_init ] --END-- [ RunTime:0.000239s ]
INFO: [ app_begin ] --START--
INFO: Run Behavior\ReadHtmlCacheBehavior [ RunTime:0.000286s ]
INFO: [ app_begin ] --END-- [ RunTime:0.000310s ]
NOTIC: [8] Undefined index: ispost /Users/lawrance/Data/CES/CES/Home/Controller/GroupSendController.class.php 第 30 行.
NOTIC: [2] curl_setopt(): Disabling safe uploads is no longer supported /Users/lawrance/Data/CES/CES/Home/Controller/MenuController.class.php 第 86 行.
NOTIC: [2] curl_setopt(): Disabling safe uploads is no longer supported /Users/lawrance/Data/CES/CES/Home/Controller/MenuController.class.php 第 86 行.
NOTIC: [2] Illegal string offset 'status' /Users/lawrance/Data/CES/CES/Home/Controller/GroupSendController.class.php 第 109 行.
NOTIC: [2] Illegal string offset 'message' /Users/lawrance/Data/CES/CES/Home/Controller/GroupSendController.class.php 第 110 行.

[ 2016-11-22T10:13:23+08:00 ] ::1 /CES/index.php/Home/GroupSend/allSendNews
INFO: [ app_init ] --START--
INFO: Run Behavior\BuildLiteBehavior [ RunTime:0.000011s ]
INFO: [ app_init ] --END-- [ RunTime:0.000297s ]
INFO: [ app_begin ] --START--
INFO: Run Behavior\ReadHtmlCacheBehavior [ RunTime:0.000416s ]
INFO: [ app_begin ] --END-- [ RunTime:0.000450s ]
NOTIC: [8] Undefined index: ispost /Users/lawrance/Data/CES/CES/Home/Controller/GroupSendController.class.php 第 30 行.
NOTIC: [2] curl_setopt(): Disabling safe uploads is no longer supported /Users/lawrance/Data/CES/CES/Home/Controller/MenuController.class.php 第 86 行.
NOTIC: [2] curl_setopt(): Disabling safe uploads is no longer supported /Users/lawrance/Data/CES/CES/Home/Controller/MenuController.class.php 第 86 行.
NOTIC: [2] Illegal string offset 'status' /Users/lawrance/Data/CES/CES/Home/Controller/GroupSendController.class.php 第 109 行.
NOTIC: [2] Illegal string offset 'message' /Users/lawrance/Data/CES/CES/Home/Controller/GroupSendController.class.php 第 110 行.

[ 2016-11-22T10:14:43+08:00 ] ::1 /CES/index.php/Home/GroupSend/allSendNews
INFO: [ app_init ] --START--
INFO: Run Behavior\BuildLiteBehavior [ RunTime:0.000007s ]
INFO: [ app_init ] --END-- [ RunTime:0.000185s ]
INFO: [ app_begin ] --START--
INFO: Run Behavior\ReadHtmlCacheBehavior [ RunTime:0.000276s ]
INFO: [ app_begin ] --END-- [ RunTime:0.000300s ]
NOTIC: [8] Undefined index: ispost /Users/lawrance/Data/CES/CES/Home/Controller/GroupSendController.class.php 第 30 行.
NOTIC: [2] curl_setopt(): Disabling safe uploads is no longer supported /Users/lawrance/Data/CES/CES/Home/Controller/MenuController.class.php 第 86 行.
NOTIC: [2] curl_setopt(): Disabling safe uploads is no longer supported /Users/lawrance/Data/CES/CES/Home/Controller/MenuController.class.php 第 86 行.
NOTIC: [2] Illegal string offset 'status' /Users/lawrance/Data/CES/CES/Home/Controller/GroupSendController.class.php 第 109 行.
NOTIC: [2] Illegal string offset 'message' /Users/lawrance/Data/CES/CES/Home/Controller/GroupSendController.class.php 第 110 行.

[ 2016-11-22T10:14:46+08:00 ] ::1 /CES/index.php/Home/GroupSend/allSendNews
INFO: [ app_init ] --START--
INFO: Run Behavior\BuildLiteBehavior [ RunTime:0.000007s ]
INFO: [ app_init ] --END-- [ RunTime:0.000174s ]
INFO: [ app_begin ] --START--
INFO: Run Behavior\ReadHtmlCacheBehavior [ RunTime:0.000217s ]
INFO: [ app_begin ] --END-- [ RunTime:0.000237s ]
NOTIC: [8] Undefined index: ispost /Users/lawrance/Data/CES/CES/Home/Controller/GroupSendController.class.php 第 30 行.
NOTIC: [2] curl_setopt(): Disabling safe uploads is no longer supported /Users/lawrance/Data/CES/CES/Home/Controller/MenuController.class.php 第 86 行.
NOTIC: [2] curl_setopt(): Disabling safe uploads is no longer supported /Users/lawrance/Data/CES/CES/Home/Controller/MenuController.class.php 第 86 行.
NOTIC: [2] Illegal string offset 'status' /Users/lawrance/Data/CES/CES/Home/Controller/GroupSendController.class.php 第 109 行.
NOTIC: [2] Illegal string offset 'message' /Users/lawrance/Data/CES/CES/Home/Controller/GroupSendController.class.php 第 110 行.

[ 2016-11-22T10:15:05+08:00 ] ::1 /CES/index.php/Home/GroupSend/allSendNews
INFO: [ app_init ] --START--
INFO: Run Behavior\BuildLiteBehavior [ RunTime:0.000009s ]
INFO: [ app_init ] --END-- [ RunTime:0.000204s ]
INFO: [ app_begin ] --START--
INFO: Run Behavior\ReadHtmlCacheBehavior [ RunTime:0.000248s ]
INFO: [ app_begin ] --END-- [ RunTime:0.000272s ]
NOTIC: [8] Undefined index: ispost /Users/lawrance/Data/CES/CES/Home/Controller/GroupSendController.class.php 第 30 行.
NOTIC: [2] curl_setopt(): Disabling safe uploads is no longer supported /Users/lawrance/Data/CES/CES/Home/Controller/MenuController.class.php 第 86 行.
NOTIC: [2] curl_setopt(): Disabling safe uploads is no longer supported /Users/lawrance/Data/CES/CES/Home/Controller/MenuController.class.php 第 86 行.
NOTIC: [2] Illegal string offset 'status' /Users/lawrance/Data/CES/CES/Home/Controller/GroupSendController.class.php 第 109 行.
NOTIC: [2] Illegal string offset 'message' /Users/lawrance/Data/CES/CES/Home/Controller/GroupSendController.class.php 第 110 行.

[ 2016-11-22T10:16:13+08:00 ] ::1 /CES/index.php/Home/GroupSend/allSendNews
INFO: [ app_init ] --START--
INFO: Run Behavior\BuildLiteBehavior [ RunTime:0.000007s ]
INFO: [ app_init ] --END-- [ RunTime:0.000187s ]
INFO: [ app_begin ] --START--
INFO: Run Behavior\ReadHtmlCacheBehavior [ RunTime:0.000236s ]
INFO: [ app_begin ] --END-- [ RunTime:0.000259s ]
NOTIC: [8] Undefined index: ispost /Users/lawrance/Data/CES/CES/Home/Controller/GroupSendController.class.php 第 30 行.

[ 2016-11-22T10:16:20+08:00 ] ::1 /CES/index.php/Home/GroupSend/allSendNews
INFO: [ app_init ] --START--
INFO: Run Behavior\BuildLiteBehavior [ RunTime:0.000011s ]
INFO: [ app_init ] --END-- [ RunTime:0.000282s ]
INFO: [ app_begin ] --START--
INFO: Run Behavior\ReadHtmlCacheBehavior [ RunTime:0.000401s ]
INFO: [ app_begin ] --END-- [ RunTime:0.000445s ]
NOTIC: [8] Undefined index: ispost /Users/lawrance/Data/CES/CES/Home/Controller/GroupSendController.class.php 第 30 行.

[ 2016-11-22T10:19:25+08:00 ] ::1 /CES/index.php/Home/GroupSend/allSendNews
INFO: [ app_init ] --START--
INFO: Run Behavior\BuildLiteBehavior [ RunTime:0.000008s ]
INFO: [ app_init ] --END-- [ RunTime:0.000209s ]
INFO: [ app_begin ] --START--
INFO: Run Behavior\ReadHtmlCacheBehavior [ RunTime:0.000249s ]
INFO: [ app_begin ] --END-- [ RunTime:0.000272s ]
NOTIC: [8] Undefined index: ispost /Users/lawrance/Data/CES/CES/Home/Controller/GroupSendController.class.php 第 30 行.
NOTIC: [8] Undefined offset: 1 /Users/lawrance/Data/CES/CES/Home/Controller/GroupSendController.class.php 第 92 行.

[ 2016-11-22T10:20:42+08:00 ] ::1 /CES/index.php/Home/GroupSend/allSendNews
INFO: [ app_init ] --START--
INFO: Run Behavior\BuildLiteBehavior [ RunTime:0.000008s ]
INFO: [ app_init ] --END-- [ RunTime:0.000193s ]
INFO: [ app_begin ] --START--
INFO: Run Behavior\ReadHtmlCacheBehavior [ RunTime:0.000230s ]
INFO: [ app_begin ] --END-- [ RunTime:0.000251s ]
NOTIC: [8] Undefined index: ispost /Users/lawrance/Data/CES/CES/Home/Controller/GroupSendController.class.php 第 30 行.

[ 2016-11-22T10:21:26+08:00 ] ::1 /CES/index.php/Home/GroupSend/allSendNews
INFO: [ app_init ] --START--
INFO: Run Behavior\BuildLiteBehavior [ RunTime:0.000009s ]
INFO: [ app_init ] --END-- [ RunTime:0.000201s ]
INFO: [ app_begin ] --START--
INFO: Run Behavior\ReadHtmlCacheBehavior [ RunTime:0.000343s ]
INFO: [ app_begin ] --END-- [ RunTime:0.000380s ]
NOTIC: [8] Undefined index: ispost /Users/lawrance/Data/CES/CES/Home/Controller/GroupSendController.class.php 第 30 行.

[ 2016-11-22T10:21:38+08:00 ] ::1 /CES/index.php/Home/GroupSend/allSendNews
INFO: [ app_init ] --START--
INFO: Run Behavior\BuildLiteBehavior [ RunTime:0.000012s ]
INFO: [ app_init ] --END-- [ RunTime:0.000300s ]
INFO: [ app_begin ] --START--
INFO: Run Behavior\ReadHtmlCacheBehavior [ RunTime:0.000279s ]
INFO: [ app_begin ] --END-- [ RunTime:0.000308s ]
NOTIC: [8] Undefined index: ispost /Users/lawrance/Data/CES/CES/Home/Controller/GroupSendController.class.php 第 30 行.

[ 2016-11-22T10:24:39+08:00 ] ::1 /CES/index.php/Home/GroupSend/allSendNews
INFO: [ app_init ] --START--
INFO: Run Behavior\BuildLiteBehavior [ RunTime:0.000011s ]
INFO: [ app_init ] --END-- [ RunTime:0.000470s ]
INFO: [ app_begin ] --START--
INFO: Run Behavior\ReadHtmlCacheBehavior [ RunTime:0.000509s ]
INFO: [ app_begin ] --END-- [ RunTime:0.000542s ]
NOTIC: [8] Undefined index: ispost /Users/lawrance/Data/CES/CES/Home/Controller/GroupSendController.class.php 第 30 行.
NOTIC: [8] Array to string conversion /Users/lawrance/Data/CES/CES/Home/Controller/GroupSendController.class.php 第 89 行.
NOTIC: [8] Array to string conversion /Users/lawrance/Data/CES/CES/Home/Controller/GroupSendController.class.php 第 89 行.

[ 2016-11-22T10:25:25+08:00 ] ::1 /CES/index.php/Home/GroupSend/allSendNews
INFO: [ app_init ] --START--
INFO: Run Behavior\BuildLiteBehavior [ RunTime:0.000007s ]
INFO: [ app_init ] --END-- [ RunTime:0.000189s ]
INFO: [ app_begin ] --START--
INFO: Run Behavior\ReadHtmlCacheBehavior [ RunTime:0.000236s ]
INFO: [ app_begin ] --END-- [ RunTime:0.000259s ]
NOTIC: [8] Undefined index: ispost /Users/lawrance/Data/CES/CES/Home/Controller/GroupSendController.class.php 第 30 行.

[ 2016-11-22T10:26:10+08:00 ] ::1 /CES/index.php/Home/GroupSend/allSendNews
INFO: [ app_init ] --START--
INFO: Run Behavior\BuildLiteBehavior [ RunTime:0.000008s ]
INFO: [ app_init ] --END-- [ RunTime:0.000189s ]
INFO: [ app_begin ] --START--
INFO: Run Behavior\ReadHtmlCacheBehavior [ RunTime:0.000293s ]
INFO: [ app_begin ] --END-- [ RunTime:0.000326s ]
NOTIC: [8] Undefined index: ispost /Users/lawrance/Data/CES/CES/Home/Controller/GroupSendController.class.php 第 30 行.

[ 2016-11-22T10:26:49+08:00 ] ::1 /CES/index.php/Home/GroupSend/allSendNews
INFO: [ app_init ] --START--
INFO: Run Behavior\BuildLiteBehavior [ RunTime:0.000007s ]
INFO: [ app_init ] --END-- [ RunTime:0.000189s ]
INFO: [ app_begin ] --START--
INFO: Run Behavior\ReadHtmlCacheBehavior [ RunTime:0.000343s ]
INFO: [ app_begin ] --END-- [ RunTime:0.000377s ]
NOTIC: [8] Undefined index: ispost /Users/lawrance/Data/CES/CES/Home/Controller/GroupSendController.class.php 第 30 行.
NOTIC: [2] curl_setopt(): Disabling safe uploads is no longer supported /Users/lawrance/Data/CES/CES/Home/Controller/MenuController.class.php 第 86 行.
NOTIC: [2] curl_setopt(): Disabling safe uploads is no longer supported /Users/lawrance/Data/CES/CES/Home/Controller/MenuController.class.php 第 86 行.
NOTIC: [2] Illegal string offset 'status' /Users/lawrance/Data/CES/CES/Home/Controller/GroupSendController.class.php 第 112 行.

[ 2016-11-22T10:26:50+08:00 ] 127.0.0.1 /CES/index.php/Home/Access/access?signature=394840b8dfe28c48304c6fd217020fdf8b9be4ce&timestamp=1479781610&nonce=2123379017&openid=ocoIvxO2yhmOTeuhoA2gmRCVDnSo
INFO: [ app_init ] --START--
INFO: Run Behavior\BuildLiteBehavior [ RunTime:0.000006s ]
INFO: [ app_init ] --END-- [ RunTime:0.000168s ]
INFO: [ app_begin ] --START--
INFO: Run Behavior\ReadHtmlCacheBehavior [ RunTime:0.000234s ]
INFO: [ app_begin ] --END-- [ RunTime:0.000253s ]
NOTIC: [8] Undefined index: echostr /Users/lawrance/Data/CES/CES/Home/Controller/AccessController.class.php 第 316 行.
SQL: SHOW COLUMNS FROM `tb_user` [ RunTime:0.0012s ]
SQL: SELECT * FROM `tb_user` WHERE `openid` = 'ocoIvxO2yhmOTeuhoA2gmRCVDnSo' LIMIT 1   [ RunTime:0.0002s ]

[ 2016-11-22T10:34:34+08:00 ] ::1 /CES/index.php/Home/GroupSend/allSendNews
INFO: [ app_init ] --START--
INFO: Run Behavior\BuildLiteBehavior [ RunTime:0.000007s ]
INFO: [ app_init ] --END-- [ RunTime:0.000181s ]
INFO: [ app_begin ] --START--
INFO: Run Behavior\ReadHtmlCacheBehavior [ RunTime:0.000298s ]
INFO: [ app_begin ] --END-- [ RunTime:0.000330s ]
NOTIC: [8] Undefined index: ispost /Users/lawrance/Data/CES/CES/Home/Controller/GroupSendController.class.php 第 30 行.
NOTIC: [2] curl_setopt(): Disabling safe uploads is no longer supported /Users/lawrance/Data/CES/CES/Home/Controller/MenuController.class.php 第 86 行.
NOTIC: [2] curl_setopt(): Disabling safe uploads is no longer supported /Users/lawrance/Data/CES/CES/Home/Controller/MenuController.class.php 第 86 行.
NOTIC: [2] Illegal string offset 'status' /Users/lawrance/Data/CES/CES/Home/Controller/GroupSendController.class.php 第 115 行.

[ 2016-11-22T10:34:41+08:00 ] 127.0.0.1 /CES/index.php/Home/Access/access?signature=6ec9016ab950e9a13bb462f37eb3bebe32afc7e0&timestamp=1479782075&nonce=1346473840&openid=ocoIvxO2yhmOTeuhoA2gmRCVDnSo
INFO: [ app_init ] --START--
INFO: Run Behavior\BuildLiteBehavior [ RunTime:0.000006s ]
INFO: [ app_init ] --END-- [ RunTime:0.000180s ]
INFO: [ app_begin ] --START--
INFO: Run Behavior\ReadHtmlCacheBehavior [ RunTime:0.000222s ]
INFO: [ app_begin ] --END-- [ RunTime:0.000243s ]
NOTIC: [8] Undefined index: echostr /Users/lawrance/Data/CES/CES/Home/Controller/AccessController.class.php 第 316 行.
SQL: SHOW COLUMNS FROM `tb_user` [ RunTime:0.0019s ]
SQL: SELECT * FROM `tb_user` WHERE `openid` = 'ocoIvxO2yhmOTeuhoA2gmRCVDnSo' LIMIT 1   [ RunTime:0.0002s ]

[ 2016-11-22T10:34:41+08:00 ] 127.0.0.1 /CES/index.php/Home/Access/access?signature=6ec9016ab950e9a13bb462f37eb3bebe32afc7e0&timestamp=1479782075&nonce=1346473840&openid=ocoIvxO2yhmOTeuhoA2gmRCVDnSo
INFO: [ app_init ] --START--
INFO: Run Behavior\BuildLiteBehavior [ RunTime:0.000007s ]
INFO: [ app_init ] --END-- [ RunTime:0.000207s ]
INFO: [ app_begin ] --START--
INFO: Run Behavior\ReadHtmlCacheBehavior [ RunTime:0.000243s ]
INFO: [ app_begin ] --END-- [ RunTime:0.000267s ]
NOTIC: [8] Undefined index: echostr /Users/lawrance/Data/CES/CES/Home/Controller/AccessController.class.php 第 316 行.
SQL: SHOW COLUMNS FROM `tb_user` [ RunTime:0.0011s ]
SQL: SELECT * FROM `tb_user` WHERE `openid` = 'ocoIvxO2yhmOTeuhoA2gmRCVDnSo' LIMIT 1   [ RunTime:0.0002s ]

[ 2016-11-22T10:35:19+08:00 ] ::1 /CES/index.php/Home/GroupSend/allSendNews
INFO: [ app_init ] --START--
INFO: Run Behavior\BuildLiteBehavior [ RunTime:0.000007s ]
INFO: [ app_init ] --END-- [ RunTime:0.000192s ]
INFO: [ app_begin ] --START--
INFO: Run Behavior\ReadHtmlCacheBehavior [ RunTime:0.000252s ]
INFO: [ app_begin ] --END-- [ RunTime:0.000282s ]
NOTIC: [8] Undefined index: ispost /Users/lawrance/Data/CES/CES/Home/Controller/GroupSendController.class.php 第 30 行.
NOTIC: [2] curl_setopt(): Disabling safe uploads is no longer supported /Users/lawrance/Data/CES/CES/Home/Controller/MenuController.class.php 第 86 行.
NOTIC: [2] curl_setopt(): Disabling safe uploads is no longer supported /Users/lawrance/Data/CES/CES/Home/Controller/MenuController.class.php 第 86 行.
NOTIC: [2] Illegal string offset 'status' /Users/lawrance/Data/CES/CES/Home/Controller/GroupSendController.class.php 第 115 行.

[ 2016-11-22T10:35:21+08:00 ] 127.0.0.1 /CES/index.php/Home/Access/access?signature=5d6a34c97d9ee1ec396d4ade04029e6ae11c3267&timestamp=1479782121&nonce=673293514&openid=ocoIvxO2yhmOTeuhoA2gmRCVDnSo
INFO: [ app_init ] --START--
INFO: Run Behavior\BuildLiteBehavior [ RunTime:0.000005s ]
INFO: [ app_init ] --END-- [ RunTime:0.000159s ]
INFO: [ app_begin ] --START--
INFO: Run Behavior\ReadHtmlCacheBehavior [ RunTime:0.000363s ]
INFO: [ app_begin ] --END-- [ RunTime:0.000404s ]
NOTIC: [8] Undefined index: echostr /Users/lawrance/Data/CES/CES/Home/Controller/AccessController.class.php 第 316 行.
SQL: SHOW COLUMNS FROM `tb_user` [ RunTime:0.0020s ]
SQL: SELECT * FROM `tb_user` WHERE `openid` = 'ocoIvxO2yhmOTeuhoA2gmRCVDnSo' LIMIT 1   [ RunTime:0.0002s ]

[ 2016-11-22T10:35:39+08:00 ] 127.0.0.1 /CES/index.php/Home/Access/access?signature=0f4badbc7af1bc841d48f454b9a1ff7b9bcc8626&timestamp=1479782138&nonce=133917221&openid=ocoIvxLTumwc3gpi6SPvKWrzYlt0
INFO: [ app_init ] --START--
INFO: Run Behavior\BuildLiteBehavior [ RunTime:0.000006s ]
INFO: [ app_init ] --END-- [ RunTime:0.000158s ]
INFO: [ app_begin ] --START--
INFO: Run Behavior\ReadHtmlCacheBehavior [ RunTime:0.000198s ]
INFO: [ app_begin ] --END-- [ RunTime:0.000216s ]
NOTIC: [8] Undefined index: echostr /Users/lawrance/Data/CES/CES/Home/Controller/AccessController.class.php 第 316 行.
SQL: SHOW COLUMNS FROM `tb_user` [ RunTime:0.0020s ]
SQL: SELECT * FROM `tb_user` WHERE `openid` = 'ocoIvxLTumwc3gpi6SPvKWrzYlt0' LIMIT 1   [ RunTime:0.0002s ]
SQL: SHOW COLUMNS FROM `tb_menu_content` [ RunTime:0.0009s ]
SQL: SELECT `content` FROM `tb_menu_content` WHERE `keyid` = 'fAiNC1479188229000' LIMIT 1   [ RunTime:0.0001s ]

[ 2016-11-22T10:37:03+08:00 ] ::1 /CES/index.php/Home/GroupSend/allSendNews
INFO: [ app_init ] --START--
INFO: Run Behavior\BuildLiteBehavior [ RunTime:0.000008s ]
INFO: [ app_init ] --END-- [ RunTime:0.000191s ]
INFO: [ app_begin ] --START--
INFO: Run Behavior\ReadHtmlCacheBehavior [ RunTime:0.000247s ]
INFO: [ app_begin ] --END-- [ RunTime:0.000269s ]
NOTIC: [8] Undefined index: ispost /Users/lawrance/Data/CES/CES/Home/Controller/GroupSendController.class.php 第 30 行.
NOTIC: [2] curl_setopt(): Disabling safe uploads is no longer supported /Users/lawrance/Data/CES/CES/Home/Controller/MenuController.class.php 第 86 行.
NOTIC: [2] curl_setopt(): Disabling safe uploads is no longer supported /Users/lawrance/Data/CES/CES/Home/Controller/MenuController.class.php 第 86 行.
NOTIC: [2] Illegal string offset 'status' /Users/lawrance/Data/CES/CES/Home/Controller/GroupSendController.class.php 第 115 行.

[ 2016-11-22T10:37:04+08:00 ] 127.0.0.1 /CES/index.php/Home/Access/access?signature=b505ce1b2f266f3a9566508aeca7420430bf689c&timestamp=1479782224&nonce=53529573&openid=ocoIvxO2yhmOTeuhoA2gmRCVDnSo
INFO: [ app_init ] --START--
INFO: Run Behavior\BuildLiteBehavior [ RunTime:0.000006s ]
INFO: [ app_init ] --END-- [ RunTime:0.000170s ]
INFO: [ app_begin ] --START--
INFO: Run Behavior\ReadHtmlCacheBehavior [ RunTime:0.000220s ]
INFO: [ app_begin ] --END-- [ RunTime:0.000266s ]
NOTIC: [8] Undefined index: echostr /Users/lawrance/Data/CES/CES/Home/Controller/AccessController.class.php 第 316 行.
SQL: SHOW COLUMNS FROM `tb_user` [ RunTime:0.0025s ]
SQL: SELECT * FROM `tb_user` WHERE `openid` = 'ocoIvxO2yhmOTeuhoA2gmRCVDnSo' LIMIT 1   [ RunTime:0.0004s ]

[ 2016-11-22T10:37:10+08:00 ] 127.0.0.1 /CES/index.php/Home/Access/access?signature=523bfdd3ec7ca12a63bbc67fae7d0bfbfd70ae68&timestamp=1479782230&nonce=1609200406&openid=ocoIvxLTumwc3gpi6SPvKWrzYlt0
INFO: [ app_init ] --START--
INFO: Run Behavior\BuildLiteBehavior [ RunTime:0.000006s ]
INFO: [ app_init ] --END-- [ RunTime:0.000178s ]
INFO: [ app_begin ] --START--
INFO: Run Behavior\ReadHtmlCacheBehavior [ RunTime:0.000232s ]
INFO: [ app_begin ] --END-- [ RunTime:0.000254s ]
NOTIC: [8] Undefined index: echostr /Users/lawrance/Data/CES/CES/Home/Controller/AccessController.class.php 第 316 行.
SQL: SHOW COLUMNS FROM `tb_user` [ RunTime:0.0020s ]
SQL: SELECT * FROM `tb_user` WHERE `openid` = 'ocoIvxLTumwc3gpi6SPvKWrzYlt0' LIMIT 1   [ RunTime:0.0002s ]
SQL: SHOW COLUMNS FROM `tb_menu_content` [ RunTime:0.0007s ]
SQL: SELECT `content` FROM `tb_menu_content` WHERE `keyid` = 'fAiNC1479188229000' LIMIT 1   [ RunTime:0.0001s ]

[ 2016-11-22T10:38:04+08:00 ] ::1 /CES/index.php/Home/GroupSend/allSendNews
INFO: [ app_init ] --START--
INFO: Run Behavior\BuildLiteBehavior [ RunTime:0.000009s ]
INFO: [ app_init ] --END-- [ RunTime:0.000216s ]
INFO: [ app_begin ] --START--
INFO: Run Behavior\ReadHtmlCacheBehavior [ RunTime:0.000302s ]
INFO: [ app_begin ] --END-- [ RunTime:0.000331s ]
NOTIC: [8] Undefined index: ispost /Users/lawrance/Data/CES/CES/Home/Controller/GroupSendController.class.php 第 30 行.
NOTIC: [2] curl_setopt(): Disabling safe uploads is no longer supported /Users/lawrance/Data/CES/CES/Home/Controller/MenuController.class.php 第 86 行.
NOTIC: [2] curl_setopt(): Disabling safe uploads is no longer supported /Users/lawrance/Data/CES/CES/Home/Controller/MenuController.class.php 第 86 行.
NOTIC: [2] Illegal string offset 'status' /Users/lawrance/Data/CES/CES/Home/Controller/GroupSendController.class.php 第 115 行.

[ 2016-11-22T10:38:06+08:00 ] 127.0.0.1 /CES/index.php/Home/Access/access?signature=a72f048674058c7cdf16a6964d3beda2b613aabd&timestamp=1479782286&nonce=976814529&openid=ocoIvxO2yhmOTeuhoA2gmRCVDnSo
INFO: [ app_init ] --START--
INFO: Run Behavior\BuildLiteBehavior [ RunTime:0.000012s ]
INFO: [ app_init ] --END-- [ RunTime:0.000543s ]
INFO: [ app_begin ] --START--
INFO: Run Behavior\ReadHtmlCacheBehavior [ RunTime:0.000369s ]
INFO: [ app_begin ] --END-- [ RunTime:0.000410s ]
NOTIC: [8] Undefined index: echostr /Users/lawrance/Data/CES/CES/Home/Controller/AccessController.class.php 第 316 行.
SQL: SHOW COLUMNS FROM `tb_user` [ RunTime:0.0019s ]
SQL: SELECT * FROM `tb_user` WHERE `openid` = 'ocoIvxO2yhmOTeuhoA2gmRCVDnSo' LIMIT 1   [ RunTime:0.0005s ]

[ 2016-11-22T10:38:58+08:00 ] ::1 /CES/index.php/Home/GroupSend/allSendNews
INFO: [ app_init ] --START--
INFO: Run Behavior\BuildLiteBehavior [ RunTime:0.000007s ]
INFO: [ app_init ] --END-- [ RunTime:0.000202s ]
INFO: [ app_begin ] --START--
INFO: Run Behavior\ReadHtmlCacheBehavior [ RunTime:0.000233s ]
INFO: [ app_begin ] --END-- [ RunTime:0.000255s ]
NOTIC: [8] Undefined index: ispost /Users/lawrance/Data/CES/CES/Home/Controller/GroupSendController.class.php 第 30 行.
NOTIC: [2] curl_setopt(): Disabling safe uploads is no longer supported /Users/lawrance/Data/CES/CES/Home/Controller/MenuController.class.php 第 86 行.
NOTIC: [2] curl_setopt(): Disabling safe uploads is no longer supported /Users/lawrance/Data/CES/CES/Home/Controller/MenuController.class.php 第 86 行.
NOTIC: [2] Illegal string offset 'status' /Users/lawrance/Data/CES/CES/Home/Controller/GroupSendController.class.php 第 115 行.

[ 2016-11-22T10:39:08+08:00 ] 127.0.0.1 /CES/index.php/Home/Access/access?signature=5b105d52a99d3acec57e861a608801ba5eefaa92&timestamp=1479782340&nonce=770224423&openid=ocoIvxO2yhmOTeuhoA2gmRCVDnSo
INFO: [ app_init ] --START--
INFO: Run Behavior\BuildLiteBehavior [ RunTime:0.000007s ]
INFO: [ app_init ] --END-- [ RunTime:0.000179s ]
INFO: [ app_begin ] --START--
INFO: Run Behavior\ReadHtmlCacheBehavior [ RunTime:0.000224s ]
INFO: [ app_begin ] --END-- [ RunTime:0.000245s ]
NOTIC: [8] Undefined index: echostr /Users/lawrance/Data/CES/CES/Home/Controller/AccessController.class.php 第 316 行.
SQL: SHOW COLUMNS FROM `tb_user` [ RunTime:0.0021s ]
SQL: SELECT * FROM `tb_user` WHERE `openid` = 'ocoIvxO2yhmOTeuhoA2gmRCVDnSo' LIMIT 1   [ RunTime:0.0002s ]

[ 2016-11-22T10:39:13+08:00 ] 127.0.0.1 /CES/index.php/Home/Access/access?signature=5b105d52a99d3acec57e861a608801ba5eefaa92&timestamp=1479782340&nonce=770224423&openid=ocoIvxO2yhmOTeuhoA2gmRCVDnSo
INFO: [ app_init ] --START--
INFO: Run Behavior\BuildLiteBehavior [ RunTime:0.000006s ]
INFO: [ app_init ] --END-- [ RunTime:0.000181s ]
INFO: [ app_begin ] --START--
INFO: Run Behavior\ReadHtmlCacheBehavior [ RunTime:0.000257s ]
INFO: [ app_begin ] --END-- [ RunTime:0.000279s ]
NOTIC: [8] Undefined index: echostr /Users/lawrance/Data/CES/CES/Home/Controller/AccessController.class.php 第 316 行.
SQL: SHOW COLUMNS FROM `tb_user` [ RunTime:0.0018s ]
SQL: SELECT * FROM `tb_user` WHERE `openid` = 'ocoIvxO2yhmOTeuhoA2gmRCVDnSo' LIMIT 1   [ RunTime:0.0002s ]

[ 2016-11-22T10:39:13+08:00 ] 127.0.0.1 /CES/index.php/Home/Access/access?signature=5b105d52a99d3acec57e861a608801ba5eefaa92&timestamp=1479782340&nonce=770224423&openid=ocoIvxO2yhmOTeuhoA2gmRCVDnSo
INFO: [ app_init ] --START--
INFO: Run Behavior\BuildLiteBehavior [ RunTime:0.000005s ]
INFO: [ app_init ] --END-- [ RunTime:0.000170s ]
INFO: [ app_begin ] --START--
INFO: Run Behavior\ReadHtmlCacheBehavior [ RunTime:0.000211s ]
INFO: [ app_begin ] --END-- [ RunTime:0.000232s ]
NOTIC: [8] Undefined index: echostr /Users/lawrance/Data/CES/CES/Home/Controller/AccessController.class.php 第 316 行.
SQL: SHOW COLUMNS FROM `tb_user` [ RunTime:0.0012s ]
SQL: SELECT * FROM `tb_user` WHERE `openid` = 'ocoIvxO2yhmOTeuhoA2gmRCVDnSo' LIMIT 1   [ RunTime:0.0002s ]

[ 2016-11-22T10:41:15+08:00 ] ::1 /CES/index.php/Home/GroupSend/allSendNews
INFO: [ app_init ] --START--
INFO: Run Behavior\BuildLiteBehavior [ RunTime:0.000007s ]
INFO: [ app_init ] --END-- [ RunTime:0.000179s ]
INFO: [ app_begin ] --START--
INFO: Run Behavior\ReadHtmlCacheBehavior [ RunTime:0.000239s ]
INFO: [ app_begin ] --END-- [ RunTime:0.000262s ]
NOTIC: [8] Undefined index: ispost /Users/lawrance/Data/CES/CES/Home/Controller/GroupSendController.class.php 第 30 行.

[ 2016-11-22T10:41:49+08:00 ] ::1 /CES/index.php/Home/GroupSend/allSendNews
INFO: [ app_init ] --START--
INFO: Run Behavior\BuildLiteBehavior [ RunTime:0.000008s ]
INFO: [ app_init ] --END-- [ RunTime:0.000199s ]
INFO: [ app_begin ] --START--
INFO: Run Behavior\ReadHtmlCacheBehavior [ RunTime:0.000236s ]
INFO: [ app_begin ] --END-- [ RunTime:0.000258s ]
NOTIC: [8] Undefined index: ispost /Users/lawrance/Data/CES/CES/Home/Controller/GroupSendController.class.php 第 30 行.

[ 2016-11-22T10:42:05+08:00 ] ::1 /CES/index.php/Home/GroupSend/allSendNews
INFO: [ app_init ] --START--
INFO: Run Behavior\BuildLiteBehavior [ RunTime:0.000011s ]
INFO: [ app_init ] --END-- [ RunTime:0.000302s ]
INFO: [ app_begin ] --START--
INFO: Run Behavior\ReadHtmlCacheBehavior [ RunTime:0.000351s ]
INFO: [ app_begin ] --END-- [ RunTime:0.000381s ]
NOTIC: [8] Undefined index: ispost /Users/lawrance/Data/CES/CES/Home/Controller/GroupSendController.class.php 第 30 行.
NOTIC: [2] curl_setopt(): Disabling safe uploads is no longer supported /Users/lawrance/Data/CES/CES/Home/Controller/MenuController.class.php 第 86 行.
NOTIC: [2] curl_setopt(): Disabling safe uploads is no longer supported /Users/lawrance/Data/CES/CES/Home/Controller/MenuController.class.php 第 86 行.
NOTIC: [2] Illegal string offset 'status' /Users/lawrance/Data/CES/CES/Home/Controller/GroupSendController.class.php 第 113 行.
NOTIC: [2] Illegal string offset 'message' /Users/lawrance/Data/CES/CES/Home/Controller/GroupSendController.class.php 第 114 行.

[ 2016-11-22T10:42:16+08:00 ] 127.0.0.1 /CES/index.php/Home/Access/access?signature=7f69a601dfe062c56c467945b92c1ec28f3b5654&timestamp=1479782526&nonce=227933727&openid=ocoIvxO2yhmOTeuhoA2gmRCVDnSo
INFO: [ app_init ] --START--
INFO: Run Behavior\BuildLiteBehavior [ RunTime:0.000012s ]
INFO: [ app_init ] --END-- [ RunTime:0.001374s ]
INFO: [ app_begin ] --START--
INFO: Run Behavior\ReadHtmlCacheBehavior [ RunTime:0.000348s ]
INFO: [ app_begin ] --END-- [ RunTime:0.000383s ]
NOTIC: [8] Undefined index: echostr /Users/lawrance/Data/CES/CES/Home/Controller/AccessController.class.php 第 316 行.
SQL: SHOW COLUMNS FROM `tb_user` [ RunTime:0.0033s ]
SQL: SELECT * FROM `tb_user` WHERE `openid` = 'ocoIvxO2yhmOTeuhoA2gmRCVDnSo' LIMIT 1   [ RunTime:0.0015s ]

[ 2016-11-22T10:42:16+08:00 ] 127.0.0.1 /CES/index.php/Home/Access/access?signature=7f69a601dfe062c56c467945b92c1ec28f3b5654&timestamp=1479782526&nonce=227933727&openid=ocoIvxO2yhmOTeuhoA2gmRCVDnSo
INFO: [ app_init ] --START--
INFO: Run Behavior\BuildLiteBehavior [ RunTime:0.000010s ]
INFO: [ app_init ] --END-- [ RunTime:0.000282s ]
INFO: [ app_begin ] --START--
INFO: Run Behavior\ReadHtmlCacheBehavior [ RunTime:0.000365s ]
INFO: [ app_begin ] --END-- [ RunTime:0.000405s ]
NOTIC: [8] Undefined index: echostr /Users/lawrance/Data/CES/CES/Home/Controller/AccessController.class.php 第 316 行.
SQL: SHOW COLUMNS FROM `tb_user` [ RunTime:0.0040s ]
SQL: SELECT * FROM `tb_user` WHERE `openid` = 'ocoIvxO2yhmOTeuhoA2gmRCVDnSo' LIMIT 1   [ RunTime:0.0006s ]

[ 2016-11-22T10:42:16+08:00 ] 127.0.0.1 /CES/index.php/Home/Access/access?signature=7f69a601dfe062c56c467945b92c1ec28f3b5654&timestamp=1479782526&nonce=227933727&openid=ocoIvxO2yhmOTeuhoA2gmRCVDnSo
INFO: [ app_init ] --START--
INFO: Run Behavior\BuildLiteBehavior [ RunTime:0.000013s ]
INFO: [ app_init ] --END-- [ RunTime:0.000299s ]
INFO: [ app_begin ] --START--
INFO: Run Behavior\ReadHtmlCacheBehavior [ RunTime:0.000366s ]
INFO: [ app_begin ] --END-- [ RunTime:0.000401s ]
NOTIC: [8] Undefined index: echostr /Users/lawrance/Data/CES/CES/Home/Controller/AccessController.class.php 第 316 行.
SQL: SHOW COLUMNS FROM `tb_user` [ RunTime:0.0026s ]
SQL: SELECT * FROM `tb_user` WHERE `openid` = 'ocoIvxO2yhmOTeuhoA2gmRCVDnSo' LIMIT 1   [ RunTime:0.0004s ]

[ 2016-11-22T10:42:23+08:00 ] ::1 /CES/index.php/Home/GroupSend/allSendNews
INFO: [ app_init ] --START--
INFO: Run Behavior\BuildLiteBehavior [ RunTime:0.000012s ]
INFO: [ app_init ] --END-- [ RunTime:0.000308s ]
INFO: [ app_begin ] --START--
INFO: Run Behavior\ReadHtmlCacheBehavior [ RunTime:0.000283s ]
INFO: [ app_begin ] --END-- [ RunTime:0.000314s ]
NOTIC: [8] Undefined index: ispost /Users/lawrance/Data/CES/CES/Home/Controller/GroupSendController.class.php 第 30 行.
NOTIC: [2] curl_setopt(): Disabling safe uploads is no longer supported /Users/lawrance/Data/CES/CES/Home/Controller/MenuController.class.php 第 86 行.
NOTIC: [2] curl_setopt(): Disabling safe uploads is no longer supported /Users/lawrance/Data/CES/CES/Home/Controller/MenuController.class.php 第 86 行.
NOTIC: [2] Illegal string offset 'status' /Users/lawrance/Data/CES/CES/Home/Controller/GroupSendController.class.php 第 113 行.
NOTIC: [2] Illegal string offset 'message' /Users/lawrance/Data/CES/CES/Home/Controller/GroupSendController.class.php 第 114 行.

[ 2016-11-22T10:42:24+08:00 ] 127.0.0.1 /CES/index.php/Home/Access/access?signature=565d0cc3bc0b6d9fe0751a5a1334650650efb9de&timestamp=1479782544&nonce=1096474251&openid=ocoIvxO2yhmOTeuhoA2gmRCVDnSo
INFO: [ app_init ] --START--
INFO: Run Behavior\BuildLiteBehavior [ RunTime:0.000009s ]
INFO: [ app_init ] --END-- [ RunTime:0.000275s ]
INFO: [ app_begin ] --START--
INFO: Run Behavior\ReadHtmlCacheBehavior [ RunTime:0.000484s ]
INFO: [ app_begin ] --END-- [ RunTime:0.000530s ]
NOTIC: [8] Undefined index: echostr /Users/lawrance/Data/CES/CES/Home/Controller/AccessController.class.php 第 316 行.
SQL: SHOW COLUMNS FROM `tb_user` [ RunTime:0.0032s ]
SQL: SELECT * FROM `tb_user` WHERE `openid` = 'ocoIvxO2yhmOTeuhoA2gmRCVDnSo' LIMIT 1   [ RunTime:0.0002s ]

[ 2016-11-22T10:42:47+08:00 ] ::1 /CES/index.php/Home/GroupSend/allSendNews
INFO: [ app_init ] --START--
INFO: Run Behavior\BuildLiteBehavior [ RunTime:0.000007s ]
INFO: [ app_init ] --END-- [ RunTime:0.000184s ]
INFO: [ app_begin ] --START--
INFO: Run Behavior\ReadHtmlCacheBehavior [ RunTime:0.000224s ]
INFO: [ app_begin ] --END-- [ RunTime:0.000245s ]
NOTIC: [8] Undefined index: ispost /Users/lawrance/Data/CES/CES/Home/Controller/GroupSendController.class.php 第 30 行.
NOTIC: [2] curl_setopt(): Disabling safe uploads is no longer supported /Users/lawrance/Data/CES/CES/Home/Controller/MenuController.class.php 第 86 行.
NOTIC: [2] curl_setopt(): Disabling safe uploads is no longer supported /Users/lawrance/Data/CES/CES/Home/Controller/MenuController.class.php 第 86 行.
NOTIC: [2] Illegal string offset 'status' /Users/lawrance/Data/CES/CES/Home/Controller/GroupSendController.class.php 第 111 行.
NOTIC: [2] Illegal string offset 'message' /Users/lawrance/Data/CES/CES/Home/Controller/GroupSendController.class.php 第 112 行.

[ 2016-11-22T10:42:48+08:00 ] 127.0.0.1 /CES/index.php/Home/Access/access?signature=5b1e46b9c714e5271b7a1b042361a30beee7a1ba&timestamp=1479782568&nonce=1622546664&openid=ocoIvxO2yhmOTeuhoA2gmRCVDnSo
INFO: [ app_init ] --START--
INFO: Run Behavior\BuildLiteBehavior [ RunTime:0.000006s ]
INFO: [ app_init ] --END-- [ RunTime:0.000163s ]
INFO: [ app_begin ] --START--
INFO: Run Behavior\ReadHtmlCacheBehavior [ RunTime:0.000199s ]
INFO: [ app_begin ] --END-- [ RunTime:0.000217s ]
NOTIC: [8] Undefined index: echostr /Users/lawrance/Data/CES/CES/Home/Controller/AccessController.class.php 第 316 行.
SQL: SHOW COLUMNS FROM `tb_user` [ RunTime:0.0021s ]
SQL: SELECT * FROM `tb_user` WHERE `openid` = 'ocoIvxO2yhmOTeuhoA2gmRCVDnSo' LIMIT 1   [ RunTime:0.0002s ]

[ 2016-11-22T10:43:11+08:00 ] ::1 /CES/index.php/Home/GroupSend/allSendNews
INFO: [ app_init ] --START--
INFO: Run Behavior\BuildLiteBehavior [ RunTime:0.000011s ]
INFO: [ app_init ] --END-- [ RunTime:0.000261s ]
INFO: [ app_begin ] --START--
INFO: Run Behavior\ReadHtmlCacheBehavior [ RunTime:0.000325s ]
INFO: [ app_begin ] --END-- [ RunTime:0.000358s ]
NOTIC: [8] Undefined index: ispost /Users/lawrance/Data/CES/CES/Home/Controller/GroupSendController.class.php 第 30 行.
NOTIC: [2] curl_setopt(): Disabling safe uploads is no longer supported /Users/lawrance/Data/CES/CES/Home/Controller/MenuController.class.php 第 86 行.

[ 2016-11-22T10:47:58+08:00 ] ::1 /CES/index.php/Home/GroupSend/allSendNews
INFO: [ app_init ] --START--
INFO: Run Behavior\BuildLiteBehavior [ RunTime:0.000007s ]
INFO: [ app_init ] --END-- [ RunTime:0.000463s ]
INFO: [ app_begin ] --START--
INFO: Run Behavior\ReadHtmlCacheBehavior [ RunTime:0.000518s ]
INFO: [ app_begin ] --END-- [ RunTime:0.000548s ]
NOTIC: [8] Undefined index: ispost /Users/lawrance/Data/CES/CES/Home/Controller/GroupSendController.class.php 第 30 行.
NOTIC: [2] curl_setopt(): Disabling safe uploads is no longer supported /Users/lawrance/Data/CES/CES/Home/Controller/MenuController.class.php 第 86 行.
NOTIC: [2] curl_setopt(): Disabling safe uploads is no longer supported /Users/lawrance/Data/CES/CES/Home/Controller/MenuController.class.php 第 86 行.
NOTIC: [2] Illegal string offset 'status' /Users/lawrance/Data/CES/CES/Home/Controller/GroupSendController.class.php 第 110 行.
NOTIC: [2] Illegal string offset 'message' /Users/lawrance/Data/CES/CES/Home/Controller/GroupSendController.class.php 第 111 行.

[ 2016-11-22T10:47:59+08:00 ] 127.0.0.1 /CES/index.php/Home/Access/access?signature=339cb3363bb91fd3d2c0a1f96831100138c6ef0c&timestamp=1479782879&nonce=737351898&openid=ocoIvxO2yhmOTeuhoA2gmRCVDnSo
INFO: [ app_init ] --START--
INFO: Run Behavior\BuildLiteBehavior [ RunTime:0.000006s ]
INFO: [ app_init ] --END-- [ RunTime:0.000171s ]
INFO: [ app_begin ] --START--
INFO: Run Behavior\ReadHtmlCacheBehavior [ RunTime:0.000301s ]
INFO: [ app_begin ] --END-- [ RunTime:0.000328s ]
NOTIC: [8] Undefined index: echostr /Users/lawrance/Data/CES/CES/Home/Controller/AccessController.class.php 第 316 行.
SQL: SHOW COLUMNS FROM `tb_user` [ RunTime:0.0023s ]
SQL: SELECT * FROM `tb_user` WHERE `openid` = 'ocoIvxO2yhmOTeuhoA2gmRCVDnSo' LIMIT 1   [ RunTime:0.0003s ]

[ 2016-11-22T10:48:16+08:00 ] 127.0.0.1 /CES/index.php/Home/Access/access?signature=3e4bb5a82ec5530cca76a36ba4c5f63708c3660c&timestamp=1479782895&nonce=301093367&openid=ocoIvxLTumwc3gpi6SPvKWrzYlt0
INFO: [ app_init ] --START--
INFO: Run Behavior\BuildLiteBehavior [ RunTime:0.000007s ]
INFO: [ app_init ] --END-- [ RunTime:0.000185s ]
INFO: [ app_begin ] --START--
INFO: Run Behavior\ReadHtmlCacheBehavior [ RunTime:0.000227s ]
INFO: [ app_begin ] --END-- [ RunTime:0.000248s ]
NOTIC: [8] Undefined index: echostr /Users/lawrance/Data/CES/CES/Home/Controller/AccessController.class.php 第 316 行.
SQL: SHOW COLUMNS FROM `tb_user` [ RunTime:0.0019s ]
SQL: SELECT * FROM `tb_user` WHERE `openid` = 'ocoIvxLTumwc3gpi6SPvKWrzYlt0' LIMIT 1   [ RunTime:0.0002s ]
SQL: SHOW COLUMNS FROM `tb_menu_content` [ RunTime:0.0008s ]
SQL: SELECT `content` FROM `tb_menu_content` WHERE `keyid` = 'fAiNC1479188229000' LIMIT 1   [ RunTime:0.0001s ]

[ 2016-11-22T10:49:28+08:00 ] ::1 /CES/index.php/Home/GroupSend/allSendNews
INFO: [ app_init ] --START--
INFO: Run Behavior\BuildLiteBehavior [ RunTime:0.000017s ]
INFO: [ app_init ] --END-- [ RunTime:0.000865s ]
INFO: [ app_begin ] --START--
INFO: Run Behavior\ReadHtmlCacheBehavior [ RunTime:0.000386s ]
INFO: [ app_begin ] --END-- [ RunTime:0.000421s ]
NOTIC: [8] Undefined index: ispost /Users/lawrance/Data/CES/CES/Home/Controller/GroupSendController.class.php 第 30 行.
NOTIC: [2] curl_setopt(): Disabling safe uploads is no longer supported /Users/lawrance/Data/CES/CES/Home/Controller/MenuController.class.php 第 86 行.

[ 2016-11-22T10:49:59+08:00 ] ::1 /CES/index.php/Home/GroupSend/allSendNews
INFO: [ app_init ] --START--
INFO: Run Behavior\BuildLiteBehavior [ RunTime:0.000008s ]
INFO: [ app_init ] --END-- [ RunTime:0.000409s ]
INFO: [ app_begin ] --START--
INFO: Run Behavior\ReadHtmlCacheBehavior [ RunTime:0.000473s ]
INFO: [ app_begin ] --END-- [ RunTime:0.000505s ]
NOTIC: [8] Undefined index: ispost /Users/lawrance/Data/CES/CES/Home/Controller/GroupSendController.class.php 第 30 行.
NOTIC: [2] curl_setopt(): Disabling safe uploads is no longer supported /Users/lawrance/Data/CES/CES/Home/Controller/MenuController.class.php 第 86 行.
NOTIC: [2] curl_setopt(): Disabling safe uploads is no longer supported /Users/lawrance/Data/CES/CES/Home/Controller/MenuController.class.php 第 86 行.
NOTIC: [2] Illegal string offset 'status' /Users/lawrance/Data/CES/CES/Home/Controller/GroupSendController.class.php 第 119 行.

[ 2016-11-22T10:50:06+08:00 ] 127.0.0.1 /CES/index.php/Home/Access/access?signature=017227e0b98412adcd391c58269dca3d8d1f5e33&timestamp=1479783000&nonce=646370017&openid=ocoIvxO2yhmOTeuhoA2gmRCVDnSo
INFO: [ app_init ] --START--
INFO: Run Behavior\BuildLiteBehavior [ RunTime:0.000006s ]
INFO: [ app_init ] --END-- [ RunTime:0.000175s ]
INFO: [ app_begin ] --START--
INFO: Run Behavior\ReadHtmlCacheBehavior [ RunTime:0.000220s ]
INFO: [ app_begin ] --END-- [ RunTime:0.000241s ]
NOTIC: [8] Undefined index: echostr /Users/lawrance/Data/CES/CES/Home/Controller/AccessController.class.php 第 316 行.
SQL: SHOW COLUMNS FROM `tb_user` [ RunTime:0.0015s ]
SQL: SELECT * FROM `tb_user` WHERE `openid` = 'ocoIvxO2yhmOTeuhoA2gmRCVDnSo' LIMIT 1   [ RunTime:0.0002s ]

[ 2016-11-22T10:50:06+08:00 ] 127.0.0.1 /CES/index.php/Home/Access/access?signature=017227e0b98412adcd391c58269dca3d8d1f5e33&timestamp=1479783000&nonce=646370017&openid=ocoIvxO2yhmOTeuhoA2gmRCVDnSo
INFO: [ app_init ] --START--
INFO: Run Behavior\BuildLiteBehavior [ RunTime:0.000005s ]
INFO: [ app_init ] --END-- [ RunTime:0.000176s ]
INFO: [ app_begin ] --START--
INFO: Run Behavior\ReadHtmlCacheBehavior [ RunTime:0.000204s ]
INFO: [ app_begin ] --END-- [ RunTime:0.000223s ]
NOTIC: [8] Undefined index: echostr /Users/lawrance/Data/CES/CES/Home/Controller/AccessController.class.php 第 316 行.
SQL: SHOW COLUMNS FROM `tb_user` [ RunTime:0.0009s ]
SQL: SELECT * FROM `tb_user` WHERE `openid` = 'ocoIvxO2yhmOTeuhoA2gmRCVDnSo' LIMIT 1   [ RunTime:0.0002s ]

[ 2016-11-22T10:51:20+08:00 ] ::1 /CES/index.php/Home/GroupSend/allSendNews
INFO: [ app_init ] --START--
INFO: Run Behavior\BuildLiteBehavior [ RunTime:0.000007s ]
INFO: [ app_init ] --END-- [ RunTime:0.000180s ]
INFO: [ app_begin ] --START--
INFO: Run Behavior\ReadHtmlCacheBehavior [ RunTime:0.000224s ]
INFO: [ app_begin ] --END-- [ RunTime:0.000245s ]
NOTIC: [8] Undefined index: ispost /Users/lawrance/Data/CES/CES/Home/Controller/GroupSendController.class.php 第 30 行.
NOTIC: [2] curl_setopt(): Disabling safe uploads is no longer supported /Users/lawrance/Data/CES/CES/Home/Controller/MenuController.class.php 第 86 行.
NOTIC: [2] curl_setopt(): Disabling safe uploads is no longer supported /Users/lawrance/Data/CES/CES/Home/Controller/MenuController.class.php 第 86 行.
NOTIC: [2] Illegal string offset 'status' /Users/lawrance/Data/CES/CES/Home/Controller/GroupSendController.class.php 第 116 行.
NOTIC: [2] Illegal string offset 'message' /Users/lawrance/Data/CES/CES/Home/Controller/GroupSendController.class.php 第 117 行.

[ 2016-11-22T10:51:27+08:00 ] 127.0.0.1 /CES/index.php/Home/Access/access?signature=337bd774b3b7772c38a6a688271a1b3292114fb7&timestamp=1479783081&nonce=261221084&openid=ocoIvxO2yhmOTeuhoA2gmRCVDnSo
INFO: [ app_init ] --START--
INFO: Run Behavior\BuildLiteBehavior [ RunTime:0.000014s ]
INFO: [ app_init ] --END-- [ RunTime:0.000295s ]
INFO: [ app_begin ] --START--
INFO: Run Behavior\ReadHtmlCacheBehavior [ RunTime:0.000704s ]
INFO: [ app_begin ] --END-- [ RunTime:0.000794s ]
NOTIC: [8] Undefined index: echostr /Users/lawrance/Data/CES/CES/Home/Controller/AccessController.class.php 第 316 行.
SQL: SHOW COLUMNS FROM `tb_user` [ RunTime:0.0012s ]
SQL: SELECT * FROM `tb_user` WHERE `openid` = 'ocoIvxO2yhmOTeuhoA2gmRCVDnSo' LIMIT 1   [ RunTime:0.0002s ]

[ 2016-11-22T10:51:32+08:00 ] 127.0.0.1 /CES/index.php/Home/Access/access?signature=337bd774b3b7772c38a6a688271a1b3292114fb7&timestamp=1479783081&nonce=261221084&openid=ocoIvxO2yhmOTeuhoA2gmRCVDnSo
INFO: [ app_init ] --START--
INFO: Run Behavior\BuildLiteBehavior [ RunTime:0.000006s ]
INFO: [ app_init ] --END-- [ RunTime:0.000181s ]
INFO: [ app_begin ] --START--
INFO: Run Behavior\ReadHtmlCacheBehavior [ RunTime:0.000224s ]
INFO: [ app_begin ] --END-- [ RunTime:0.000245s ]
NOTIC: [8] Undefined index: echostr /Users/lawrance/Data/CES/CES/Home/Controller/AccessController.class.php 第 316 行.
SQL: SHOW COLUMNS FROM `tb_user` [ RunTime:0.0020s ]
SQL: SELECT * FROM `tb_user` WHERE `openid` = 'ocoIvxO2yhmOTeuhoA2gmRCVDnSo' LIMIT 1   [ RunTime:0.0001s ]

[ 2016-11-22T10:51:32+08:00 ] 127.0.0.1 /CES/index.php/Home/Access/access?signature=337bd774b3b7772c38a6a688271a1b3292114fb7&timestamp=1479783081&nonce=261221084&openid=ocoIvxO2yhmOTeuhoA2gmRCVDnSo
INFO: [ app_init ] --START--
INFO: Run Behavior\BuildLiteBehavior [ RunTime:0.000006s ]
INFO: [ app_init ] --END-- [ RunTime:0.000177s ]
INFO: [ app_begin ] --START--
INFO: Run Behavior\ReadHtmlCacheBehavior [ RunTime:0.000229s ]
INFO: [ app_begin ] --END-- [ RunTime:0.000249s ]
NOTIC: [8] Undefined index: echostr /Users/lawrance/Data/CES/CES/Home/Controller/AccessController.class.php 第 316 行.
SQL: SHOW COLUMNS FROM `tb_user` [ RunTime:0.0012s ]
SQL: SELECT * FROM `tb_user` WHERE `openid` = 'ocoIvxO2yhmOTeuhoA2gmRCVDnSo' LIMIT 1   [ RunTime:0.0002s ]

[ 2016-11-22T10:51:41+08:00 ] ::1 /CES/index.php/Home/GroupSend/allSendNews
INFO: [ app_init ] --START--
INFO: Run Behavior\BuildLiteBehavior [ RunTime:0.000007s ]
INFO: [ app_init ] --END-- [ RunTime:0.000183s ]
INFO: [ app_begin ] --START--
INFO: Run Behavior\ReadHtmlCacheBehavior [ RunTime:0.000230s ]
INFO: [ app_begin ] --END-- [ RunTime:0.000251s ]
NOTIC: [8] Undefined index: ispost /Users/lawrance/Data/CES/CES/Home/Controller/GroupSendController.class.php 第 30 行.
NOTIC: [2] curl_setopt(): Disabling safe uploads is no longer supported /Users/lawrance/Data/CES/CES/Home/Controller/MenuController.class.php 第 86 行.
NOTIC: [2] curl_setopt(): Disabling safe uploads is no longer supported /Users/lawrance/Data/CES/CES/Home/Controller/MenuController.class.php 第 86 行.
NOTIC: [2] Illegal string offset 'status' /Users/lawrance/Data/CES/CES/Home/Controller/GroupSendController.class.php 第 116 行.
NOTIC: [2] Illegal string offset 'message' /Users/lawrance/Data/CES/CES/Home/Controller/GroupSendController.class.php 第 117 行.

[ 2016-11-22T10:51:43+08:00 ] 127.0.0.1 /CES/index.php/Home/Access/access?signature=107c7f28a3c5a386d302f01597269ceb7b079c97&timestamp=1479783103&nonce=2008974736&openid=ocoIvxO2yhmOTeuhoA2gmRCVDnSo
INFO: [ app_init ] --START--
INFO: Run Behavior\BuildLiteBehavior [ RunTime:0.000125s ]
INFO: [ app_init ] --END-- [ RunTime:0.000342s ]
INFO: [ app_begin ] --START--
INFO: Run Behavior\ReadHtmlCacheBehavior [ RunTime:0.000641s ]
INFO: [ app_begin ] --END-- [ RunTime:0.000712s ]
NOTIC: [8] Undefined index: echostr /Users/lawrance/Data/CES/CES/Home/Controller/AccessController.class.php 第 316 行.
SQL: SHOW COLUMNS FROM `tb_user` [ RunTime:0.0015s ]
SQL: SELECT * FROM `tb_user` WHERE `openid` = 'ocoIvxO2yhmOTeuhoA2gmRCVDnSo' LIMIT 1   [ RunTime:0.0004s ]

[ 2016-11-22T10:52:31+08:00 ] ::1 /CES/index.php/Home/GroupSend/allSendNews
INFO: [ app_init ] --START--
INFO: Run Behavior\BuildLiteBehavior [ RunTime:0.000008s ]
INFO: [ app_init ] --END-- [ RunTime:0.000195s ]
INFO: [ app_begin ] --START--
INFO: Run Behavior\ReadHtmlCacheBehavior [ RunTime:0.000266s ]
INFO: [ app_begin ] --END-- [ RunTime:0.000295s ]
NOTIC: [8] Undefined index: ispost /Users/lawrance/Data/CES/CES/Home/Controller/GroupSendController.class.php 第 30 行.
NOTIC: [2] curl_setopt(): Disabling safe uploads is no longer supported /Users/lawrance/Data/CES/CES/Home/Controller/MenuController.class.php 第 86 行.
NOTIC: [2] curl_setopt(): Disabling safe uploads is no longer supported /Users/lawrance/Data/CES/CES/Home/Controller/MenuController.class.php 第 86 行.
NOTIC: [2] Illegal string offset 'status' /Users/lawrance/Data/CES/CES/Home/Controller/GroupSendController.class.php 第 116 行.
NOTIC: [2] Illegal string offset 'message' /Users/lawrance/Data/CES/CES/Home/Controller/GroupSendController.class.php 第 117 行.
INFO: [ app_end ] --START--
INFO: Run Behavior\ShowPageTraceBehavior [ RunTime:0.001307s ]
INFO: [ app_end ] --END-- [ RunTime:0.001355s ]

[ 2016-11-22T10:52:32+08:00 ] 127.0.0.1 /CES/index.php/Home/Access/access?signature=20ded89b88d44f650b6ed6599e5d25daec9276aa&timestamp=1479783152&nonce=1861340357&openid=ocoIvxO2yhmOTeuhoA2gmRCVDnSo
INFO: [ app_init ] --START--
INFO: Run Behavior\BuildLiteBehavior [ RunTime:0.000028s ]
INFO: [ app_init ] --END-- [ RunTime:0.000548s ]
INFO: [ app_begin ] --START--
INFO: Run Behavior\ReadHtmlCacheBehavior [ RunTime:0.000496s ]
INFO: [ app_begin ] --END-- [ RunTime:0.000555s ]
NOTIC: [8] Undefined index: echostr /Users/lawrance/Data/CES/CES/Home/Controller/AccessController.class.php 第 316 行.
SQL: SHOW COLUMNS FROM `tb_user` [ RunTime:0.0029s ]
SQL: SELECT * FROM `tb_user` WHERE `openid` = 'ocoIvxO2yhmOTeuhoA2gmRCVDnSo' LIMIT 1   [ RunTime:0.0004s ]

[ 2016-11-22T10:52:48+08:00 ] ::1 /CES/index.php/Home/GroupSend/allSendNews
INFO: [ app_init ] --START--
INFO: Run Behavior\BuildLiteBehavior [ RunTime:0.000007s ]
INFO: [ app_init ] --END-- [ RunTime:0.000195s ]
INFO: [ app_begin ] --START--
INFO: Run Behavior\ReadHtmlCacheBehavior [ RunTime:0.000233s ]
INFO: [ app_begin ] --END-- [ RunTime:0.000253s ]
NOTIC: [8] Undefined index: ispost /Users/lawrance/Data/CES/CES/Home/Controller/GroupSendController.class.php 第 30 行.
NOTIC: [2] curl_setopt(): Disabling safe uploads is no longer supported /Users/lawrance/Data/CES/CES/Home/Controller/MenuController.class.php 第 86 行.
INFO: [ app_end ] --START--
INFO: Run Behavior\ShowPageTraceBehavior [ RunTime:0.000436s ]
INFO: [ app_end ] --END-- [ RunTime:0.000484s ]

[ 2016-11-22T10:53:10+08:00 ] ::1 /CES/index.php/Home/GroupSend/allSendNews
INFO: [ app_init ] --START--
INFO: Run Behavior\BuildLiteBehavior [ RunTime:0.000007s ]
INFO: [ app_init ] --END-- [ RunTime:0.000179s ]
INFO: [ app_begin ] --START--
INFO: Run Behavior\ReadHtmlCacheBehavior [ RunTime:0.000307s ]
INFO: [ app_begin ] --END-- [ RunTime:0.000337s ]
NOTIC: [8] Undefined index: ispost /Users/lawrance/Data/CES/CES/Home/Controller/GroupSendController.class.php 第 30 行.
NOTIC: [2] curl_setopt(): Disabling safe uploads is no longer supported /Users/lawrance/Data/CES/CES/Home/Controller/MenuController.class.php 第 86 行.

[ 2016-11-22T10:54:24+08:00 ] ::1 /CES/index.php/Home/GroupSend/allSendNews
INFO: [ app_init ] --START--
INFO: Run Behavior\BuildLiteBehavior [ RunTime:0.000006s ]
INFO: [ app_init ] --END-- [ RunTime:0.000182s ]
INFO: [ app_begin ] --START--
INFO: Run Behavior\ReadHtmlCacheBehavior [ RunTime:0.000501s ]
INFO: [ app_begin ] --END-- [ RunTime:0.000531s ]
NOTIC: [8] Undefined index: ispost /Users/lawrance/Data/CES/CES/Home/Controller/GroupSendController.class.php 第 30 行.
NOTIC: [2] curl_setopt(): Disabling safe uploads is no longer supported /Users/lawrance/Data/CES/CES/Home/Controller/MenuController.class.php 第 86 行.
NOTIC: [2] curl_setopt(): Disabling safe uploads is no longer supported /Users/lawrance/Data/CES/CES/Home/Controller/MenuController.class.php 第 86 行.
NOTIC: [2] Illegal string offset 'status' /Users/lawrance/Data/CES/CES/Home/Controller/GroupSendController.class.php 第 111 行.

[ 2016-11-22T10:54:31+08:00 ] 127.0.0.1 /CES/index.php/Home/Access/access?signature=847aa1cd0dc80b991d0c65de9073cdb020168bfd&timestamp=1479783265&nonce=2127975324&openid=ocoIvxO2yhmOTeuhoA2gmRCVDnSo
INFO: [ app_init ] --START--
INFO: Run Behavior\BuildLiteBehavior [ RunTime:0.000006s ]
INFO: [ app_init ] --END-- [ RunTime:0.000191s ]
INFO: [ app_begin ] --START--
INFO: Run Behavior\ReadHtmlCacheBehavior [ RunTime:0.000234s ]
INFO: [ app_begin ] --END-- [ RunTime:0.000255s ]
NOTIC: [8] Undefined index: echostr /Users/lawrance/Data/CES/CES/Home/Controller/AccessController.class.php 第 316 行.
SQL: SHOW COLUMNS FROM `tb_user` [ RunTime:0.0018s ]
SQL: SELECT * FROM `tb_user` WHERE `openid` = 'ocoIvxO2yhmOTeuhoA2gmRCVDnSo' LIMIT 1   [ RunTime:0.0002s ]

[ 2016-11-22T10:54:31+08:00 ] 127.0.0.1 /CES/index.php/Home/Access/access?signature=847aa1cd0dc80b991d0c65de9073cdb020168bfd&timestamp=1479783265&nonce=2127975324&openid=ocoIvxO2yhmOTeuhoA2gmRCVDnSo
INFO: [ app_init ] --START--
INFO: Run Behavior\BuildLiteBehavior [ RunTime:0.000007s ]
INFO: [ app_init ] --END-- [ RunTime:0.000173s ]
INFO: [ app_begin ] --START--
INFO: Run Behavior\ReadHtmlCacheBehavior [ RunTime:0.000214s ]
INFO: [ app_begin ] --END-- [ RunTime:0.000234s ]
NOTIC: [8] Undefined index: echostr /Users/lawrance/Data/CES/CES/Home/Controller/AccessController.class.php 第 316 行.
SQL: SHOW COLUMNS FROM `tb_user` [ RunTime:0.0011s ]
SQL: SELECT * FROM `tb_user` WHERE `openid` = 'ocoIvxO2yhmOTeuhoA2gmRCVDnSo' LIMIT 1   [ RunTime:0.0003s ]

[ 2016-11-22T10:55:06+08:00 ] ::1 /CES/index.php/Home/GroupSend/allSendNews
INFO: [ app_init ] --START--
INFO: Run Behavior\BuildLiteBehavior [ RunTime:0.000008s ]
INFO: [ app_init ] --END-- [ RunTime:0.000260s ]
INFO: [ app_begin ] --START--
INFO: Run Behavior\ReadHtmlCacheBehavior [ RunTime:0.000253s ]
INFO: [ app_begin ] --END-- [ RunTime:0.000277s ]
NOTIC: [8] Undefined index: ispost /Users/lawrance/Data/CES/CES/Home/Controller/GroupSendController.class.php 第 30 行.
NOTIC: [2] curl_setopt(): Disabling safe uploads is no longer supported /Users/lawrance/Data/CES/CES/Home/Controller/MenuController.class.php 第 86 行.
NOTIC: [2] curl_setopt(): Disabling safe uploads is no longer supported /Users/lawrance/Data/CES/CES/Home/Controller/MenuController.class.php 第 86 行.
NOTIC: [2] Illegal string offset 'status' /Users/lawrance/Data/CES/CES/Home/Controller/GroupSendController.class.php 第 111 行.

[ 2016-11-22T10:55:07+08:00 ] 127.0.0.1 /CES/index.php/Home/Access/access?signature=c8e2c98309cc956c690a4df38e4594e44f346290&timestamp=1479783306&nonce=1371144881&openid=ocoIvxO2yhmOTeuhoA2gmRCVDnSo
INFO: [ app_init ] --START--
INFO: Run Behavior\BuildLiteBehavior [ RunTime:0.000006s ]
INFO: [ app_init ] --END-- [ RunTime:0.000160s ]
INFO: [ app_begin ] --START--
INFO: Run Behavior\ReadHtmlCacheBehavior [ RunTime:0.000202s ]
INFO: [ app_begin ] --END-- [ RunTime:0.000220s ]
NOTIC: [8] Undefined index: echostr /Users/lawrance/Data/CES/CES/Home/Controller/AccessController.class.php 第 316 行.
SQL: SHOW COLUMNS FROM `tb_user` [ RunTime:0.0046s ]
SQL: SELECT * FROM `tb_user` WHERE `openid` = 'ocoIvxO2yhmOTeuhoA2gmRCVDnSo' LIMIT 1   [ RunTime:0.0005s ]

[ 2016-11-22T10:56:35+08:00 ] ::1 /CES/index.php/Home/GroupSend/allSendNews
INFO: [ app_init ] --START--
INFO: Run Behavior\BuildLiteBehavior [ RunTime:0.000008s ]
INFO: [ app_init ] --END-- [ RunTime:0.000196s ]
INFO: [ app_begin ] --START--
INFO: Run Behavior\ReadHtmlCacheBehavior [ RunTime:0.000261s ]
INFO: [ app_begin ] --END-- [ RunTime:0.000284s ]
NOTIC: [8] Undefined index: ispost /Users/lawrance/Data/CES/CES/Home/Controller/GroupSendController.class.php 第 30 行.
NOTIC: [2] curl_setopt(): Disabling safe uploads is no longer supported /Users/lawrance/Data/CES/CES/Home/Controller/MenuController.class.php 第 86 行.
NOTIC: [2] curl_setopt(): Disabling safe uploads is no longer supported /Users/lawrance/Data/CES/CES/Home/Controller/MenuController.class.php 第 86 行.

[ 2016-11-22T10:56:42+08:00 ] 127.0.0.1 /CES/index.php/Home/Access/access?signature=eb30ca3a53830a705eacf58030cfd826ccbd0737&timestamp=1479783397&nonce=102794622&openid=ocoIvxO2yhmOTeuhoA2gmRCVDnSo
INFO: [ app_init ] --START--
INFO: Run Behavior\BuildLiteBehavior [ RunTime:0.000033s ]
INFO: [ app_init ] --END-- [ RunTime:0.000869s ]
INFO: [ app_begin ] --START--
INFO: Run Behavior\ReadHtmlCacheBehavior [ RunTime:0.000556s ]
INFO: [ app_begin ] --END-- [ RunTime:0.000647s ]
NOTIC: [8] Undefined index: echostr /Users/lawrance/Data/CES/CES/Home/Controller/AccessController.class.php 第 316 行.
SQL: SHOW COLUMNS FROM `tb_user` [ RunTime:0.0020s ]
SQL: SELECT * FROM `tb_user` WHERE `openid` = 'ocoIvxO2yhmOTeuhoA2gmRCVDnSo' LIMIT 1   [ RunTime:0.0002s ]

[ 2016-11-22T10:56:47+08:00 ] 127.0.0.1 /CES/index.php/Home/Access/access?signature=eb30ca3a53830a705eacf58030cfd826ccbd0737&timestamp=1479783397&nonce=102794622&openid=ocoIvxO2yhmOTeuhoA2gmRCVDnSo
INFO: [ app_init ] --START--
INFO: Run Behavior\BuildLiteBehavior [ RunTime:0.000011s ]
INFO: [ app_init ] --END-- [ RunTime:0.000261s ]
INFO: [ app_begin ] --START--
INFO: Run Behavior\ReadHtmlCacheBehavior [ RunTime:0.000222s ]
INFO: [ app_begin ] --END-- [ RunTime:0.000243s ]
NOTIC: [8] Undefined index: echostr /Users/lawrance/Data/CES/CES/Home/Controller/AccessController.class.php 第 316 行.
SQL: SHOW COLUMNS FROM `tb_user` [ RunTime:0.0022s ]
SQL: SELECT * FROM `tb_user` WHERE `openid` = 'ocoIvxO2yhmOTeuhoA2gmRCVDnSo' LIMIT 1   [ RunTime:0.0003s ]

[ 2016-11-22T10:56:47+08:00 ] 127.0.0.1 /CES/index.php/Home/Access/access?signature=eb30ca3a53830a705eacf58030cfd826ccbd0737&timestamp=1479783397&nonce=102794622&openid=ocoIvxO2yhmOTeuhoA2gmRCVDnSo
INFO: [ app_init ] --START--
INFO: Run Behavior\BuildLiteBehavior [ RunTime:0.000007s ]
INFO: [ app_init ] --END-- [ RunTime:0.000225s ]
INFO: [ app_begin ] --START--
INFO: Run Behavior\ReadHtmlCacheBehavior [ RunTime:0.000221s ]
INFO: [ app_begin ] --END-- [ RunTime:0.000241s ]
NOTIC: [8] Undefined index: echostr /Users/lawrance/Data/CES/CES/Home/Controller/AccessController.class.php 第 316 行.
SQL: SHOW COLUMNS FROM `tb_user` [ RunTime:0.0012s ]
SQL: SELECT * FROM `tb_user` WHERE `openid` = 'ocoIvxO2yhmOTeuhoA2gmRCVDnSo' LIMIT 1   [ RunTime:0.0003s ]

[ 2016-11-22T10:57:02+08:00 ] ::1 /CES/index.php/Home/GroupSend/allSendNews
INFO: [ app_init ] --START--
INFO: Run Behavior\BuildLiteBehavior [ RunTime:0.000008s ]
INFO: [ app_init ] --END-- [ RunTime:0.000190s ]
INFO: [ app_begin ] --START--
INFO: Run Behavior\ReadHtmlCacheBehavior [ RunTime:0.000232s ]
INFO: [ app_begin ] --END-- [ RunTime:0.000254s ]
NOTIC: [8] Undefined index: ispost /Users/lawrance/Data/CES/CES/Home/Controller/GroupSendController.class.php 第 30 行.
NOTIC: [2] curl_setopt(): Disabling safe uploads is no longer supported /Users/lawrance/Data/CES/CES/Home/Controller/MenuController.class.php 第 86 行.
NOTIC: [2] curl_setopt(): Disabling safe uploads is no longer supported /Users/lawrance/Data/CES/CES/Home/Controller/MenuController.class.php 第 86 行.

[ 2016-11-22T10:57:04+08:00 ] 127.0.0.1 /CES/index.php/Home/Access/access?signature=35c89af0e1ded6606a07d0178ddcab77a4deda37&timestamp=1479783423&nonce=55474048&openid=ocoIvxO2yhmOTeuhoA2gmRCVDnSo
INFO: [ app_init ] --START--
INFO: Run Behavior\BuildLiteBehavior [ RunTime:0.000007s ]
INFO: [ app_init ] --END-- [ RunTime:0.000172s ]
INFO: [ app_begin ] --START--
INFO: Run Behavior\ReadHtmlCacheBehavior [ RunTime:0.000314s ]
INFO: [ app_begin ] --END-- [ RunTime:0.000337s ]
NOTIC: [8] Undefined index: echostr /Users/lawrance/Data/CES/CES/Home/Controller/AccessController.class.php 第 316 行.
SQL: SHOW COLUMNS FROM `tb_user` [ RunTime:0.0012s ]
SQL: SELECT * FROM `tb_user` WHERE `openid` = 'ocoIvxO2yhmOTeuhoA2gmRCVDnSo' LIMIT 1   [ RunTime:0.0004s ]

[ 2016-11-22T10:59:36+08:00 ] ::1 /CES/index.php/Home/GroupSend/allSendNews
INFO: [ app_init ] --START--
INFO: Run Behavior\BuildLiteBehavior [ RunTime:0.000009s ]
INFO: [ app_init ] --END-- [ RunTime:0.000256s ]
INFO: [ app_begin ] --START--
INFO: Run Behavior\ReadHtmlCacheBehavior [ RunTime:0.000266s ]
INFO: [ app_begin ] --END-- [ RunTime:0.000292s ]
NOTIC: [8] Undefined index: ispost /Users/lawrance/Data/CES/CES/Home/Controller/GroupSendController.class.php 第 30 行.
NOTIC: [2] curl_setopt(): Disabling safe uploads is no longer supported /Users/lawrance/Data/CES/CES/Home/Controller/MenuController.class.php 第 86 行.
NOTIC: [2] curl_setopt(): Disabling safe uploads is no longer supported /Users/lawrance/Data/CES/CES/Home/Controller/MenuController.class.php 第 86 行.

[ 2016-11-22T10:59:43+08:00 ] 127.0.0.1 /CES/index.php/Home/Access/access?signature=7b3255e47a884a020c0c7fdd8441e3ef537ad5f9&timestamp=1479783577&nonce=1888184767&openid=ocoIvxO2yhmOTeuhoA2gmRCVDnSo
INFO: [ app_init ] --START--
INFO: Run Behavior\BuildLiteBehavior [ RunTime:0.000005s ]
INFO: [ app_init ] --END-- [ RunTime:0.000174s ]
INFO: [ app_begin ] --START--
INFO: Run Behavior\ReadHtmlCacheBehavior [ RunTime:0.000220s ]
INFO: [ app_begin ] --END-- [ RunTime:0.000240s ]
NOTIC: [8] Undefined index: echostr /Users/lawrance/Data/CES/CES/Home/Controller/AccessController.class.php 第 316 行.
SQL: SHOW COLUMNS FROM `tb_user` [ RunTime:0.0020s ]
SQL: SELECT * FROM `tb_user` WHERE `openid` = 'ocoIvxO2yhmOTeuhoA2gmRCVDnSo' LIMIT 1   [ RunTime:0.0002s ]

[ 2016-11-22T10:59:43+08:00 ] 127.0.0.1 /CES/index.php/Home/Access/access?signature=7b3255e47a884a020c0c7fdd8441e3ef537ad5f9&timestamp=1479783577&nonce=1888184767&openid=ocoIvxO2yhmOTeuhoA2gmRCVDnSo
INFO: [ app_init ] --START--
INFO: Run Behavior\BuildLiteBehavior [ RunTime:0.000007s ]
INFO: [ app_init ] --END-- [ RunTime:0.000177s ]
INFO: [ app_begin ] --START--
INFO: Run Behavior\ReadHtmlCacheBehavior [ RunTime:0.000213s ]
INFO: [ app_begin ] --END-- [ RunTime:0.000232s ]
NOTIC: [8] Undefined index: echostr /Users/lawrance/Data/CES/CES/Home/Controller/AccessController.class.php 第 316 行.
SQL: SHOW COLUMNS FROM `tb_user` [ RunTime:0.0018s ]
SQL: SELECT * FROM `tb_user` WHERE `openid` = 'ocoIvxO2yhmOTeuhoA2gmRCVDnSo' LIMIT 1   [ RunTime:0.0009s ]

[ 2016-11-22T11:07:38+08:00 ] ::1 /CES/index.php/Home/GroupSend/allSendNews
INFO: [ app_init ] --START--
INFO: Run Behavior\BuildLiteBehavior [ RunTime:0.000010s ]
INFO: [ app_init ] --END-- [ RunTime:0.000419s ]
INFO: [ app_begin ] --START--
INFO: Run Behavior\ReadHtmlCacheBehavior [ RunTime:0.000564s ]
INFO: [ app_begin ] --END-- [ RunTime:0.000604s ]
NOTIC: [8] Undefined index: ispost /Users/lawrance/Data/CES/CES/Home/Controller/GroupSendController.class.php 第 30 行.
NOTIC: [2] curl_setopt(): Disabling safe uploads is no longer supported /Users/lawrance/Data/CES/CES/Home/Controller/MenuController.class.php 第 86 行.
NOTIC: [2] curl_setopt(): Disabling safe uploads is no longer supported /Users/lawrance/Data/CES/CES/Home/Controller/MenuController.class.php 第 86 行.

[ 2016-11-22T11:07:44+08:00 ] 127.0.0.1 /CES/index.php/Home/Access/access?signature=e491e1ffea257d0dfb3a167855d98cbd70c99c76&timestamp=1479784059&nonce=818406847&openid=ocoIvxO2yhmOTeuhoA2gmRCVDnSo
INFO: [ app_init ] --START--
INFO: Run Behavior\BuildLiteBehavior [ RunTime:0.000007s ]
INFO: [ app_init ] --END-- [ RunTime:0.000181s ]
INFO: [ app_begin ] --START--
INFO: Run Behavior\ReadHtmlCacheBehavior [ RunTime:0.000222s ]
INFO: [ app_begin ] --END-- [ RunTime:0.000244s ]
NOTIC: [8] Undefined index: echostr /Users/lawrance/Data/CES/CES/Home/Controller/AccessController.class.php 第 316 行.
SQL: SHOW COLUMNS FROM `tb_user` [ RunTime:0.0012s ]
SQL: SELECT * FROM `tb_user` WHERE `openid` = 'ocoIvxO2yhmOTeuhoA2gmRCVDnSo' LIMIT 1   [ RunTime:0.0002s ]

[ 2016-11-22T11:07:44+08:00 ] 127.0.0.1 /CES/index.php/Home/Access/access?signature=e491e1ffea257d0dfb3a167855d98cbd70c99c76&timestamp=1479784059&nonce=818406847&openid=ocoIvxO2yhmOTeuhoA2gmRCVDnSo
INFO: [ app_init ] --START--
INFO: Run Behavior\BuildLiteBehavior [ RunTime:0.000006s ]
INFO: [ app_init ] --END-- [ RunTime:0.000178s ]
INFO: [ app_begin ] --START--
INFO: Run Behavior\ReadHtmlCacheBehavior [ RunTime:0.000210s ]
INFO: [ app_begin ] --END-- [ RunTime:0.000230s ]
NOTIC: [8] Undefined index: echostr /Users/lawrance/Data/CES/CES/Home/Controller/AccessController.class.php 第 316 行.
SQL: SHOW COLUMNS FROM `tb_user` [ RunTime:0.0012s ]
SQL: SELECT * FROM `tb_user` WHERE `openid` = 'ocoIvxO2yhmOTeuhoA2gmRCVDnSo' LIMIT 1   [ RunTime:0.0002s ]

[ 2016-11-22T11:11:13+08:00 ] ::1 /CES/index.php/Home/GroupSend/allSendNews
INFO: [ app_init ] --START--
INFO: Run Behavior\BuildLiteBehavior [ RunTime:0.000005s ]
INFO: [ app_init ] --END-- [ RunTime:0.000165s ]
INFO: [ app_begin ] --START--
INFO: Run Behavior\ReadHtmlCacheBehavior [ RunTime:0.000209s ]
INFO: [ app_begin ] --END-- [ RunTime:0.000228s ]
NOTIC: [8] Undefined index: ispost /Users/lawrance/Data/CES/CES/Home/Controller/GroupSendController.class.php 第 30 行.
NOTIC: [2] curl_setopt(): Disabling safe uploads is no longer supported /Users/lawrance/Data/CES/CES/Home/Controller/MenuController.class.php 第 86 行.
NOTIC: [2] curl_setopt(): Disabling safe uploads is no longer supported /Users/lawrance/Data/CES/CES/Home/Controller/MenuController.class.php 第 86 行.

[ 2016-11-22T11:11:20+08:00 ] 127.0.0.1 /CES/index.php/Home/Access/access?signature=73f84a883fedfa3d27ecfd9835c23f9818de7165&timestamp=1479784274&nonce=1328572494&openid=ocoIvxO2yhmOTeuhoA2gmRCVDnSo
INFO: [ app_init ] --START--
INFO: Run Behavior\BuildLiteBehavior [ RunTime:0.000025s ]
INFO: [ app_init ] --END-- [ RunTime:0.000496s ]
INFO: [ app_begin ] --START--
INFO: Run Behavior\ReadHtmlCacheBehavior [ RunTime:0.000390s ]
INFO: [ app_begin ] --END-- [ RunTime:0.000447s ]
NOTIC: [8] Undefined index: echostr /Users/lawrance/Data/CES/CES/Home/Controller/AccessController.class.php 第 316 行.
SQL: SHOW COLUMNS FROM `tb_user` [ RunTime:0.0015s ]
SQL: SELECT * FROM `tb_user` WHERE `openid` = 'ocoIvxO2yhmOTeuhoA2gmRCVDnSo' LIMIT 1   [ RunTime:0.0003s ]

[ 2016-11-22T11:11:20+08:00 ] 127.0.0.1 /CES/index.php/Home/Access/access?signature=73f84a883fedfa3d27ecfd9835c23f9818de7165&timestamp=1479784274&nonce=1328572494&openid=ocoIvxO2yhmOTeuhoA2gmRCVDnSo
INFO: [ app_init ] --START--
INFO: Run Behavior\BuildLiteBehavior [ RunTime:0.000009s ]
INFO: [ app_init ] --END-- [ RunTime:0.000258s ]
INFO: [ app_begin ] --START--
INFO: Run Behavior\ReadHtmlCacheBehavior [ RunTime:0.000847s ]
INFO: [ app_begin ] --END-- [ RunTime:0.000947s ]
NOTIC: [8] Undefined index: echostr /Users/lawrance/Data/CES/CES/Home/Controller/AccessController.class.php 第 316 行.
SQL: SHOW COLUMNS FROM `tb_user` [ RunTime:0.0015s ]
SQL: SELECT * FROM `tb_user` WHERE `openid` = 'ocoIvxO2yhmOTeuhoA2gmRCVDnSo' LIMIT 1   [ RunTime:0.0003s ]

[ 2016-11-22T11:12:13+08:00 ] ::1 /CES/index.php/Home/GroupSend/allSendNews
INFO: [ app_init ] --START--
INFO: Run Behavior\BuildLiteBehavior [ RunTime:0.000009s ]
INFO: [ app_init ] --END-- [ RunTime:0.000201s ]
INFO: [ app_begin ] --START--
INFO: Run Behavior\ReadHtmlCacheBehavior [ RunTime:0.000393s ]
INFO: [ app_begin ] --END-- [ RunTime:0.000429s ]
NOTIC: [8] Undefined index: ispost /Users/lawrance/Data/CES/CES/Home/Controller/GroupSendController.class.php 第 30 行.
NOTIC: [2] curl_setopt(): Disabling safe uploads is no longer supported /Users/lawrance/Data/CES/CES/Home/Controller/MenuController.class.php 第 86 行.
NOTIC: [2] curl_setopt(): Disabling safe uploads is no longer supported /Users/lawrance/Data/CES/CES/Home/Controller/MenuController.class.php 第 86 行.

[ 2016-11-22T11:12:14+08:00 ] 127.0.0.1 /CES/index.php/Home/Access/access?signature=5a0d455b829bd48e1776128113adc3bd3d0b44ca&timestamp=1479784334&nonce=984312456&openid=ocoIvxO2yhmOTeuhoA2gmRCVDnSo
INFO: [ app_init ] --START--
INFO: Run Behavior\BuildLiteBehavior [ RunTime:0.000030s ]
INFO: [ app_init ] --END-- [ RunTime:0.001100s ]
INFO: [ app_begin ] --START--
INFO: Run Behavior\ReadHtmlCacheBehavior [ RunTime:0.000443s ]
INFO: [ app_begin ] --END-- [ RunTime:0.000506s ]
NOTIC: [8] Undefined index: echostr /Users/lawrance/Data/CES/CES/Home/Controller/AccessController.class.php 第 316 行.
SQL: SHOW COLUMNS FROM `tb_user` [ RunTime:0.0024s ]
SQL: SELECT * FROM `tb_user` WHERE `openid` = 'ocoIvxO2yhmOTeuhoA2gmRCVDnSo' LIMIT 1   [ RunTime:0.0003s ]

[ 2016-11-22T13:50:48+08:00 ] ::1 /CES/index.php/Home/GroupSend/allSendNews
INFO: [ app_init ] --START--
INFO: Run Behavior\BuildLiteBehavior [ RunTime:0.000013s ]
INFO: [ app_init ] --END-- [ RunTime:0.000717s ]
INFO: [ app_begin ] --START--
INFO: Run Behavior\ReadHtmlCacheBehavior [ RunTime:0.000582s ]
INFO: [ app_begin ] --END-- [ RunTime:0.000626s ]
NOTIC: [8] Undefined index: ispost /Users/lawrance/Data/CES/CES/Home/Controller/GroupSendController.class.php 第 30 行.
NOTIC: [2] curl_setopt(): Disabling safe uploads is no longer supported /Users/lawrance/Data/CES/CES/Home/Controller/MenuController.class.php 第 86 行.
NOTIC: [2] curl_setopt(): Disabling safe uploads is no longer supported /Users/lawrance/Data/CES/CES/Home/Controller/MenuController.class.php 第 86 行.

[ 2016-11-22T13:50:55+08:00 ] 127.0.0.1 /CES/index.php/Home/Access/access?signature=7390ec1eddc4968802a927d64ed665d329c57f71&timestamp=1479793849&nonce=1293373635&openid=ocoIvxO2yhmOTeuhoA2gmRCVDnSo
INFO: [ app_init ] --START--
INFO: Run Behavior\BuildLiteBehavior [ RunTime:0.000030s ]
INFO: [ app_init ] --END-- [ RunTime:0.000728s ]
INFO: [ app_begin ] --START--
INFO: Run Behavior\ReadHtmlCacheBehavior [ RunTime:0.000366s ]
INFO: [ app_begin ] --END-- [ RunTime:0.000402s ]
NOTIC: [8] Undefined index: echostr /Users/lawrance/Data/CES/CES/Home/Controller/AccessController.class.php 第 316 行.
SQL: SHOW COLUMNS FROM `tb_user` [ RunTime:0.0024s ]
SQL: SELECT * FROM `tb_user` WHERE `openid` = 'ocoIvxO2yhmOTeuhoA2gmRCVDnSo' LIMIT 1   [ RunTime:0.0004s ]

[ 2016-11-22T13:50:55+08:00 ] 127.0.0.1 /CES/index.php/Home/Access/access?signature=7390ec1eddc4968802a927d64ed665d329c57f71&timestamp=1479793849&nonce=1293373635&openid=ocoIvxO2yhmOTeuhoA2gmRCVDnSo
INFO: [ app_init ] --START--
INFO: Run Behavior\BuildLiteBehavior [ RunTime:0.000022s ]
INFO: [ app_init ] --END-- [ RunTime:0.000536s ]
INFO: [ app_begin ] --START--
INFO: Run Behavior\ReadHtmlCacheBehavior [ RunTime:0.000840s ]
INFO: [ app_begin ] --END-- [ RunTime:0.000976s ]
NOTIC: [8] Undefined index: echostr /Users/lawrance/Data/CES/CES/Home/Controller/AccessController.class.php 第 316 行.
SQL: SHOW COLUMNS FROM `tb_user` [ RunTime:0.0026s ]
SQL: SELECT * FROM `tb_user` WHERE `openid` = 'ocoIvxO2yhmOTeuhoA2gmRCVDnSo' LIMIT 1   [ RunTime:0.0003s ]

[ 2016-11-22T15:12:58+08:00 ] ::1 /CES/index.php/Home/GroupSend/sendTextPreview
INFO: [ app_init ] --START--
INFO: Run Behavior\BuildLiteBehavior [ RunTime:0.000008s ]
INFO: [ app_init ] --END-- [ RunTime:0.000357s ]
INFO: [ app_begin ] --START--
INFO: Run Behavior\ReadHtmlCacheBehavior [ RunTime:0.000501s ]
INFO: [ app_begin ] --END-- [ RunTime:0.000527s ]
NOTIC: [2] curl_setopt(): Disabling safe uploads is no longer supported /Users/lawrance/Data/CES/CES/Home/Controller/MenuController.class.php 第 86 行.
NOTIC: [2] curl_setopt(): Disabling safe uploads is no longer supported /Users/lawrance/Data/CES/CES/Home/Controller/MenuController.class.php 第 86 行.

[ 2016-11-22T15:13:23+08:00 ] 127.0.0.1 /CES/index.php/Home/Access/access?signature=e3516a124de45d66184b4ffeeec8c9008db95457&timestamp=1479798798&nonce=125368587&openid=ocoIvxLTumwc3gpi6SPvKWrzYlt0
INFO: [ app_init ] --START--
INFO: Run Behavior\BuildLiteBehavior [ RunTime:0.000006s ]
INFO: [ app_init ] --END-- [ RunTime:0.000176s ]
INFO: [ app_begin ] --START--
INFO: Run Behavior\ReadHtmlCacheBehavior [ RunTime:0.000221s ]
INFO: [ app_begin ] --END-- [ RunTime:0.000240s ]
NOTIC: [8] Undefined index: echostr /Users/lawrance/Data/CES/CES/Home/Controller/AccessController.class.php 第 316 行.
SQL: SHOW COLUMNS FROM `tb_user` [ RunTime:0.0010s ]
SQL: SELECT * FROM `tb_user` WHERE `openid` = 'ocoIvxLTumwc3gpi6SPvKWrzYlt0' LIMIT 1   [ RunTime:0.0002s ]
SQL: SHOW COLUMNS FROM `tb_menu_content` [ RunTime:0.0010s ]
SQL: SELECT `content` FROM `tb_menu_content` WHERE `keyid` = 'fAiNC1479188229000' LIMIT 1   [ RunTime:0.0003s ]

[ 2016-11-22T15:13:23+08:00 ] 127.0.0.1 /CES/index.php/Home/Access/access?signature=e3516a124de45d66184b4ffeeec8c9008db95457&timestamp=1479798798&nonce=125368587&openid=ocoIvxLTumwc3gpi6SPvKWrzYlt0
INFO: [ app_init ] --START--
INFO: Run Behavior\BuildLiteBehavior [ RunTime:0.000005s ]
INFO: [ app_init ] --END-- [ RunTime:0.000157s ]
INFO: [ app_begin ] --START--
INFO: Run Behavior\ReadHtmlCacheBehavior [ RunTime:0.000193s ]
INFO: [ app_begin ] --END-- [ RunTime:0.000212s ]
NOTIC: [8] Undefined index: echostr /Users/lawrance/Data/CES/CES/Home/Controller/AccessController.class.php 第 316 行.
SQL: SHOW COLUMNS FROM `tb_user` [ RunTime:0.0010s ]
SQL: SELECT * FROM `tb_user` WHERE `openid` = 'ocoIvxLTumwc3gpi6SPvKWrzYlt0' LIMIT 1   [ RunTime:0.0002s ]
SQL: SHOW COLUMNS FROM `tb_menu_content` [ RunTime:0.0009s ]
SQL: SELECT `content` FROM `tb_menu_content` WHERE `keyid` = 'fAiNC1479188229000' LIMIT 1   [ RunTime:0.0002s ]

[ 2016-11-22T15:13:29+08:00 ] 127.0.0.1 /CES/index.php/Home/Access/access?signature=73c357f2dc011a04e8b50ff7623921dc27ea2852&timestamp=1479798808&nonce=1903305203&openid=ocoIvxLTumwc3gpi6SPvKWrzYlt0
INFO: [ app_init ] --START--
INFO: Run Behavior\BuildLiteBehavior [ RunTime:0.000008s ]
INFO: [ app_init ] --END-- [ RunTime:0.000235s ]
INFO: [ app_begin ] --START--
INFO: Run Behavior\ReadHtmlCacheBehavior [ RunTime:0.000231s ]
INFO: [ app_begin ] --END-- [ RunTime:0.000252s ]
NOTIC: [8] Undefined index: echostr /Users/lawrance/Data/CES/CES/Home/Controller/AccessController.class.php 第 316 行.
SQL: SHOW COLUMNS FROM `tb_user` [ RunTime:0.0011s ]
SQL: SELECT * FROM `tb_user` WHERE `openid` = 'ocoIvxLTumwc3gpi6SPvKWrzYlt0' LIMIT 1   [ RunTime:0.0002s ]
SQL: SHOW COLUMNS FROM `tb_menu_content` [ RunTime:0.0008s ]
SQL: SELECT `content` FROM `tb_menu_content` WHERE `keyid` = 'fAiNC1479188229000' LIMIT 1   [ RunTime:0.0001s ]

[ 2016-11-22T15:13:32+08:00 ] 127.0.0.1 /CES/index.php/Home/Access/access?signature=0fb1d900edab3436ca7242d975defba4a4fcd55c&timestamp=1479798812&nonce=661708334&openid=ocoIvxLTumwc3gpi6SPvKWrzYlt0
INFO: [ app_init ] --START--
INFO: Run Behavior\BuildLiteBehavior [ RunTime:0.000006s ]
INFO: [ app_init ] --END-- [ RunTime:0.000181s ]
INFO: [ app_begin ] --START--
INFO: Run Behavior\ReadHtmlCacheBehavior [ RunTime:0.000244s ]
INFO: [ app_begin ] --END-- [ RunTime:0.000264s ]
NOTIC: [8] Undefined index: echostr /Users/lawrance/Data/CES/CES/Home/Controller/AccessController.class.php 第 316 行.
SQL: SHOW COLUMNS FROM `tb_user` [ RunTime:0.0022s ]
SQL: SELECT * FROM `tb_user` WHERE `openid` = 'ocoIvxLTumwc3gpi6SPvKWrzYlt0' LIMIT 1   [ RunTime:0.0003s ]
SQL: SHOW COLUMNS FROM `tb_menu_content` [ RunTime:0.0009s ]
SQL: SELECT `content` FROM `tb_menu_content` WHERE `keyid` = 'PjaM21479188229000' LIMIT 1   [ RunTime:0.0001s ]

[ 2016-11-22T15:13:44+08:00 ] ::1 /CES/index.php/Home/GroupSend/sendTextPreview
INFO: [ app_init ] --START--
INFO: Run Behavior\BuildLiteBehavior [ RunTime:0.000008s ]
INFO: [ app_init ] --END-- [ RunTime:0.000219s ]
INFO: [ app_begin ] --START--
INFO: Run Behavior\ReadHtmlCacheBehavior [ RunTime:0.000219s ]
INFO: [ app_begin ] --END-- [ RunTime:0.000240s ]
NOTIC: [2] curl_setopt(): Disabling safe uploads is no longer supported /Users/lawrance/Data/CES/CES/Home/Controller/MenuController.class.php 第 86 行.
NOTIC: [2] curl_setopt(): Disabling safe uploads is no longer supported /Users/lawrance/Data/CES/CES/Home/Controller/MenuController.class.php 第 86 行.

[ 2016-11-22T15:17:50+08:00 ] 127.0.0.1 /CES/index.php/Home/Access/access?signature=5ccc56db5e54e72dd631186abb3ef71f7399f394&timestamp=1479799065&nonce=2041252054&openid=ocoIvxLTumwc3gpi6SPvKWrzYlt0
INFO: [ app_init ] --START--
INFO: Run Behavior\BuildLiteBehavior [ RunTime:0.000057s ]
INFO: [ app_init ] --END-- [ RunTime:0.000418s ]
INFO: [ app_begin ] --START--
INFO: Run Behavior\ReadHtmlCacheBehavior [ RunTime:0.000432s ]
INFO: [ app_begin ] --END-- [ RunTime:0.000460s ]
NOTIC: [8] Undefined index: echostr /Users/lawrance/Data/CES/CES/Home/Controller/AccessController.class.php 第 316 行.
SQL: SHOW COLUMNS FROM `tb_user` [ RunTime:0.0020s ]
SQL: SELECT * FROM `tb_user` WHERE `openid` = 'ocoIvxLTumwc3gpi6SPvKWrzYlt0' LIMIT 1   [ RunTime:0.0008s ]
SQL: SHOW COLUMNS FROM `tb_menu_content` [ RunTime:0.0015s ]
SQL: SELECT `content` FROM `tb_menu_content` WHERE `keyid` = 'PjaM21479188229000' LIMIT 1   [ RunTime:0.0003s ]

[ 2016-11-22T15:17:50+08:00 ] 127.0.0.1 /CES/index.php/Home/Access/access?signature=b50769f23416cb07c051dbcfa54b5691cfd42d47&timestamp=1479799069&nonce=911834510&openid=ocoIvxLTumwc3gpi6SPvKWrzYlt0
INFO: [ app_init ] --START--
INFO: Run Behavior\BuildLiteBehavior [ RunTime:0.000020s ]
INFO: [ app_init ] --END-- [ RunTime:0.000268s ]
INFO: [ app_begin ] --START--
INFO: Run Behavior\ReadHtmlCacheBehavior [ RunTime:0.000330s ]
INFO: [ app_begin ] --END-- [ RunTime:0.000509s ]
NOTIC: [8] Undefined index: echostr /Users/lawrance/Data/CES/CES/Home/Controller/AccessController.class.php 第 316 行.
SQL: SHOW COLUMNS FROM `tb_user` [ RunTime:0.0014s ]
SQL: SELECT * FROM `tb_user` WHERE `openid` = 'ocoIvxLTumwc3gpi6SPvKWrzYlt0' LIMIT 1   [ RunTime:0.0002s ]
SQL: SHOW COLUMNS FROM `tb_menu_content` [ RunTime:0.0009s ]
SQL: SELECT `content` FROM `tb_menu_content` WHERE `keyid` = 'fAiNC1479188229000' LIMIT 1   [ RunTime:0.0002s ]

[ 2016-11-22T15:17:55+08:00 ] 127.0.0.1 /CES/index.php/Home/Access/access?signature=5ccc56db5e54e72dd631186abb3ef71f7399f394&timestamp=1479799065&nonce=2041252054&openid=ocoIvxLTumwc3gpi6SPvKWrzYlt0
INFO: [ app_init ] --START--
INFO: Run Behavior\BuildLiteBehavior [ RunTime:0.000006s ]
INFO: [ app_init ] --END-- [ RunTime:0.000171s ]
INFO: [ app_begin ] --START--
INFO: Run Behavior\ReadHtmlCacheBehavior [ RunTime:0.000213s ]
INFO: [ app_begin ] --END-- [ RunTime:0.000232s ]
NOTIC: [8] Undefined index: echostr /Users/lawrance/Data/CES/CES/Home/Controller/AccessController.class.php 第 316 行.
SQL: SHOW COLUMNS FROM `tb_user` [ RunTime:0.0019s ]
SQL: SELECT * FROM `tb_user` WHERE `openid` = 'ocoIvxLTumwc3gpi6SPvKWrzYlt0' LIMIT 1   [ RunTime:0.0003s ]
SQL: SHOW COLUMNS FROM `tb_menu_content` [ RunTime:0.0011s ]
SQL: SELECT `content` FROM `tb_menu_content` WHERE `keyid` = 'PjaM21479188229000' LIMIT 1   [ RunTime:0.0002s ]

[ 2016-11-22T15:17:55+08:00 ] 127.0.0.1 /CES/index.php/Home/Access/access?signature=ae3feaa39b07dcbbed6102ccf7742ca1b46abd55&timestamp=1479799074&nonce=1076565718&openid=ocoIvxLTumwc3gpi6SPvKWrzYlt0
INFO: [ app_init ] --START--
INFO: Run Behavior\BuildLiteBehavior [ RunTime:0.000008s ]
INFO: [ app_init ] --END-- [ RunTime:0.000230s ]
INFO: [ app_begin ] --START--
INFO: Run Behavior\ReadHtmlCacheBehavior [ RunTime:0.000313s ]
INFO: [ app_begin ] --END-- [ RunTime:0.000342s ]
NOTIC: [8] Undefined index: echostr /Users/lawrance/Data/CES/CES/Home/Controller/AccessController.class.php 第 316 行.
SQL: SHOW COLUMNS FROM `tb_user` [ RunTime:0.0019s ]
SQL: SELECT * FROM `tb_user` WHERE `openid` = 'ocoIvxLTumwc3gpi6SPvKWrzYlt0' LIMIT 1   [ RunTime:0.0006s ]
SQL: SHOW COLUMNS FROM `tb_menu_content` [ RunTime:0.0011s ]
SQL: SELECT `content` FROM `tb_menu_content` WHERE `keyid` = 'PjaM21479188229000' LIMIT 1   [ RunTime:0.0002s ]

[ 2016-11-22T15:17:55+08:00 ] 127.0.0.1 /CES/index.php/Home/Access/access?signature=5ccc56db5e54e72dd631186abb3ef71f7399f394&timestamp=1479799065&nonce=2041252054&openid=ocoIvxLTumwc3gpi6SPvKWrzYlt0
INFO: [ app_init ] --START--
INFO: Run Behavior\BuildLiteBehavior [ RunTime:0.000009s ]
INFO: [ app_init ] --END-- [ RunTime:0.000257s ]
INFO: [ app_begin ] --START--
INFO: Run Behavior\ReadHtmlCacheBehavior [ RunTime:0.000230s ]
INFO: [ app_begin ] --END-- [ RunTime:0.000251s ]
NOTIC: [8] Undefined index: echostr /Users/lawrance/Data/CES/CES/Home/Controller/AccessController.class.php 第 316 行.
SQL: SHOW COLUMNS FROM `tb_user` [ RunTime:0.0014s ]
SQL: SELECT * FROM `tb_user` WHERE `openid` = 'ocoIvxLTumwc3gpi6SPvKWrzYlt0' LIMIT 1   [ RunTime:0.0003s ]
SQL: SHOW COLUMNS FROM `tb_menu_content` [ RunTime:0.0015s ]
SQL: SELECT `content` FROM `tb_menu_content` WHERE `keyid` = 'PjaM21479188229000' LIMIT 1   [ RunTime:0.0002s ]

[ 2016-11-22T15:21:32+08:00 ] ::1 /CES/index.php/Home/GroupSend/sendTextPreview
INFO: [ app_init ] --START--
INFO: Run Behavior\BuildLiteBehavior [ RunTime:0.000005s ]
INFO: [ app_init ] --END-- [ RunTime:0.000179s ]
INFO: [ app_begin ] --START--
INFO: Run Behavior\ReadHtmlCacheBehavior [ RunTime:0.000207s ]
INFO: [ app_begin ] --END-- [ RunTime:0.000225s ]
NOTIC: [2] curl_setopt(): Disabling safe uploads is no longer supported /Users/lawrance/Data/CES/CES/Home/Controller/MenuController.class.php 第 86 行.
NOTIC: [2] curl_setopt(): Disabling safe uploads is no longer supported /Users/lawrance/Data/CES/CES/Home/Controller/MenuController.class.php 第 86 行.

[ 2016-11-22T15:21:39+08:00 ] 127.0.0.1 /CES/index.php/Home/Access/access?signature=8e667a603d58ee91f8ea71d64f6202e32d2afbf5&timestamp=1479799299&nonce=1817483289&openid=ocoIvxLTumwc3gpi6SPvKWrzYlt0
INFO: [ app_init ] --START--
INFO: Run Behavior\BuildLiteBehavior [ RunTime:0.000007s ]
INFO: [ app_init ] --END-- [ RunTime:0.000188s ]
INFO: [ app_begin ] --START--
INFO: Run Behavior\ReadHtmlCacheBehavior [ RunTime:0.000240s ]
INFO: [ app_begin ] --END-- [ RunTime:0.000260s ]
NOTIC: [8] Undefined index: echostr /Users/lawrance/Data/CES/CES/Home/Controller/AccessController.class.php 第 316 行.
SQL: SHOW COLUMNS FROM `tb_user` [ RunTime:0.0012s ]
SQL: SELECT * FROM `tb_user` WHERE `openid` = 'ocoIvxLTumwc3gpi6SPvKWrzYlt0' LIMIT 1   [ RunTime:0.0002s ]
SQL: SHOW COLUMNS FROM `tb_menu_content` [ RunTime:0.0008s ]
SQL: SELECT `content` FROM `tb_menu_content` WHERE `keyid` = 'fAiNC1479188229000' LIMIT 1   [ RunTime:0.0001s ]

[ 2016-11-22T15:21:45+08:00 ] 127.0.0.1 /CES/index.php/Home/Access/access?signature=e33caffa0f521ec9c9d26d41b7df9ffd20c8423c&timestamp=1479799305&nonce=914518269&openid=ocoIvxLTumwc3gpi6SPvKWrzYlt0
INFO: [ app_init ] --START--
INFO: Run Behavior\BuildLiteBehavior [ RunTime:0.000006s ]
INFO: [ app_init ] --END-- [ RunTime:0.000179s ]
INFO: [ app_begin ] --START--
INFO: Run Behavior\ReadHtmlCacheBehavior [ RunTime:0.000224s ]
INFO: [ app_begin ] --END-- [ RunTime:0.000245s ]
NOTIC: [8] Undefined index: echostr /Users/lawrance/Data/CES/CES/Home/Controller/AccessController.class.php 第 316 行.
SQL: SHOW COLUMNS FROM `tb_user` [ RunTime:0.0020s ]
SQL: SELECT * FROM `tb_user` WHERE `openid` = 'ocoIvxLTumwc3gpi6SPvKWrzYlt0' LIMIT 1   [ RunTime:0.0002s ]
SQL: SHOW COLUMNS FROM `tb_menu_content` [ RunTime:0.0007s ]
SQL: SELECT `content` FROM `tb_menu_content` WHERE `keyid` = 'fAiNC1479188229000' LIMIT 1   [ RunTime:0.0001s ]

[ 2016-11-22T15:21:48+08:00 ] 127.0.0.1 /CES/index.php/Home/Access/access?signature=25a1097f8396687460d9888b4c1da9833f89cfb4&timestamp=1479799307&nonce=1168817092&openid=ocoIvxLTumwc3gpi6SPvKWrzYlt0
INFO: [ app_init ] --START--
INFO: Run Behavior\BuildLiteBehavior [ RunTime:0.000005s ]
INFO: [ app_init ] --END-- [ RunTime:0.000177s ]
INFO: [ app_begin ] --START--
INFO: Run Behavior\ReadHtmlCacheBehavior [ RunTime:0.000224s ]
INFO: [ app_begin ] --END-- [ RunTime:0.000245s ]
NOTIC: [8] Undefined index: echostr /Users/lawrance/Data/CES/CES/Home/Controller/AccessController.class.php 第 316 行.
SQL: SHOW COLUMNS FROM `tb_user` [ RunTime:0.0020s ]
SQL: SELECT * FROM `tb_user` WHERE `openid` = 'ocoIvxLTumwc3gpi6SPvKWrzYlt0' LIMIT 1   [ RunTime:0.0002s ]
SQL: SHOW COLUMNS FROM `tb_menu_content` [ RunTime:0.0008s ]
SQL: SELECT `content` FROM `tb_menu_content` WHERE `keyid` = 'fAiNC1479188229000' LIMIT 1   [ RunTime:0.0001s ]

[ 2016-11-22T15:21:53+08:00 ] 127.0.0.1 /CES/index.php/Home/Access/access?signature=31721244c4c5a9e512559990988d4a3b3025e621&timestamp=1479799310&nonce=1655680348&openid=ocoIvxLTumwc3gpi6SPvKWrzYlt0
INFO: [ app_init ] --START--
INFO: Run Behavior\BuildLiteBehavior [ RunTime:0.000007s ]
INFO: [ app_init ] --END-- [ RunTime:0.000186s ]
INFO: [ app_begin ] --START--
INFO: Run Behavior\ReadHtmlCacheBehavior [ RunTime:0.000224s ]
INFO: [ app_begin ] --END-- [ RunTime:0.000244s ]
NOTIC: [8] Undefined index: echostr /Users/lawrance/Data/CES/CES/Home/Controller/AccessController.class.php 第 316 行.
SQL: SHOW COLUMNS FROM `tb_user` [ RunTime:0.0020s ]
SQL: SELECT * FROM `tb_user` WHERE `openid` = 'ocoIvxLTumwc3gpi6SPvKWrzYlt0' LIMIT 1   [ RunTime:0.0002s ]
SQL: SHOW COLUMNS FROM `tb_menu_content` [ RunTime:0.0009s ]
SQL: SELECT `content` FROM `tb_menu_content` WHERE `keyid` = 'PjaM21479188229000' LIMIT 1   [ RunTime:0.0002s ]

[ 2016-11-22T15:23:31+08:00 ] ::1 /CES/index.php/Home/GroupSend/allSendNews
INFO: [ app_init ] --START--
INFO: Run Behavior\BuildLiteBehavior [ RunTime:0.000006s ]
INFO: [ app_init ] --END-- [ RunTime:0.000160s ]
INFO: [ app_begin ] --START--
INFO: Run Behavior\ReadHtmlCacheBehavior [ RunTime:0.000198s ]
INFO: [ app_begin ] --END-- [ RunTime:0.000216s ]
NOTIC: [8] Undefined index: ispost /Users/lawrance/Data/CES/CES/Home/Controller/GroupSendController.class.php 第 30 行.

[ 2016-11-22T15:23:36+08:00 ] ::1 /CES/index.php/Home/GroupSend/allSendNews
INFO: [ app_init ] --START--
INFO: Run Behavior\BuildLiteBehavior [ RunTime:0.000006s ]
INFO: [ app_init ] --END-- [ RunTime:0.000175s ]
INFO: [ app_begin ] --START--
INFO: Run Behavior\ReadHtmlCacheBehavior [ RunTime:0.000213s ]
INFO: [ app_begin ] --END-- [ RunTime:0.000232s ]
NOTIC: [8] Undefined index: ispost /Users/lawrance/Data/CES/CES/Home/Controller/GroupSendController.class.php 第 30 行.

[ 2016-11-22T15:25:13+08:00 ] ::1 /CES/index.php/Home/GroupSend/allSendNews
INFO: [ app_init ] --START--
INFO: Run Behavior\BuildLiteBehavior [ RunTime:0.000011s ]
INFO: [ app_init ] --END-- [ RunTime:0.000545s ]
INFO: [ app_begin ] --START--
INFO: Run Behavior\ReadHtmlCacheBehavior [ RunTime:0.000481s ]
INFO: [ app_begin ] --END-- [ RunTime:0.000509s ]
NOTIC: [8] Undefined index: ispost /Users/lawrance/Data/CES/CES/Home/Controller/GroupSendController.class.php 第 30 行.

[ 2016-11-22T15:25:37+08:00 ] ::1 /CES/index.php/Home/GroupSend/allSendNews
INFO: [ app_init ] --START--
INFO: Run Behavior\BuildLiteBehavior [ RunTime:0.000005s ]
INFO: [ app_init ] --END-- [ RunTime:0.000154s ]
INFO: [ app_begin ] --START--
INFO: Run Behavior\ReadHtmlCacheBehavior [ RunTime:0.000193s ]
INFO: [ app_begin ] --END-- [ RunTime:0.000211s ]
NOTIC: [8] Undefined index: ispost /Users/lawrance/Data/CES/CES/Home/Controller/GroupSendController.class.php 第 30 行.
NOTIC: [2] curl_setopt(): Disabling safe uploads is no longer supported /Users/lawrance/Data/CES/CES/Home/Controller/MenuController.class.php 第 86 行.
NOTIC: [2] curl_setopt(): Disabling safe uploads is no longer supported /Users/lawrance/Data/CES/CES/Home/Controller/MenuController.class.php 第 86 行.

[ 2016-11-22T15:25:44+08:00 ] 127.0.0.1 /CES/index.php/Home/Access/access?signature=aa9aa57483bba5268b52be81fe3c5a9ea21516df&timestamp=1479799538&nonce=733929964&openid=ocoIvxO2yhmOTeuhoA2gmRCVDnSo
INFO: [ app_init ] --START--
INFO: Run Behavior\BuildLiteBehavior [ RunTime:0.000006s ]
INFO: [ app_init ] --END-- [ RunTime:0.000179s ]
INFO: [ app_begin ] --START--
INFO: Run Behavior\ReadHtmlCacheBehavior [ RunTime:0.000223s ]
INFO: [ app_begin ] --END-- [ RunTime:0.000244s ]
NOTIC: [8] Undefined index: echostr /Users/lawrance/Data/CES/CES/Home/Controller/AccessController.class.php 第 316 行.
SQL: SHOW COLUMNS FROM `tb_user` [ RunTime:0.0011s ]
SQL: SELECT * FROM `tb_user` WHERE `openid` = 'ocoIvxO2yhmOTeuhoA2gmRCVDnSo' LIMIT 1   [ RunTime:0.0002s ]

[ 2016-11-22T15:25:44+08:00 ] 127.0.0.1 /CES/index.php/Home/Access/access?signature=aa9aa57483bba5268b52be81fe3c5a9ea21516df&timestamp=1479799538&nonce=733929964&openid=ocoIvxO2yhmOTeuhoA2gmRCVDnSo
INFO: [ app_init ] --START--
INFO: Run Behavior\BuildLiteBehavior [ RunTime:0.000015s ]
INFO: [ app_init ] --END-- [ RunTime:0.000409s ]
INFO: [ app_begin ] --START--
INFO: Run Behavior\ReadHtmlCacheBehavior [ RunTime:0.000328s ]
INFO: [ app_begin ] --END-- [ RunTime:0.000382s ]
NOTIC: [8] Undefined index: echostr /Users/lawrance/Data/CES/CES/Home/Controller/AccessController.class.php 第 316 行.
SQL: SHOW COLUMNS FROM `tb_user` [ RunTime:0.0020s ]
SQL: SELECT * FROM `tb_user` WHERE `openid` = 'ocoIvxO2yhmOTeuhoA2gmRCVDnSo' LIMIT 1   [ RunTime:0.0002s ]

[ 2016-11-22T16:31:11+08:00 ] ::1 /CES/index.php/Home/GroupSend/allSendNews
INFO: [ app_init ] --START--
INFO: Run Behavior\BuildLiteBehavior [ RunTime:0.000005s ]
INFO: [ app_init ] --END-- [ RunTime:0.000168s ]
INFO: [ app_begin ] --START--
INFO: Run Behavior\ReadHtmlCacheBehavior [ RunTime:0.000206s ]
INFO: [ app_begin ] --END-- [ RunTime:0.000225s ]
NOTIC: [8] Undefined index: ispost /Users/lawrance/Data/CES/CES/Home/Controller/GroupSendController.class.php 第 29 行.
NOTIC: [2] curl_setopt(): Disabling safe uploads is no longer supported /Users/lawrance/Data/CES/CES/Home/Controller/MenuController.class.php 第 86 行.
NOTIC: [2] curl_setopt(): Disabling safe uploads is no longer supported /Users/lawrance/Data/CES/CES/Home/Controller/MenuController.class.php 第 86 行.

[ 2016-11-22T16:31:18+08:00 ] 127.0.0.1 /CES/index.php/Home/Access/access?signature=b2c1869aebf78374f22667b97216a10a2ac4dc7f&timestamp=1479803472&nonce=368895342&openid=ocoIvxO2yhmOTeuhoA2gmRCVDnSo
INFO: [ app_init ] --START--
INFO: Run Behavior\BuildLiteBehavior [ RunTime:0.000006s ]
INFO: [ app_init ] --END-- [ RunTime:0.000185s ]
INFO: [ app_begin ] --START--
INFO: Run Behavior\ReadHtmlCacheBehavior [ RunTime:0.000226s ]
INFO: [ app_begin ] --END-- [ RunTime:0.000247s ]
NOTIC: [8] Undefined index: echostr /Users/lawrance/Data/CES/CES/Home/Controller/AccessController.class.php 第 303 行.
SQL: SHOW COLUMNS FROM `tb_user` [ RunTime:0.0013s ]
SQL: SELECT * FROM `tb_user` WHERE `openid` = 'ocoIvxO2yhmOTeuhoA2gmRCVDnSo' LIMIT 1   [ RunTime:0.0002s ]

[ 2016-11-22T16:31:18+08:00 ] 127.0.0.1 /CES/index.php/Home/Access/access?signature=b2c1869aebf78374f22667b97216a10a2ac4dc7f&timestamp=1479803472&nonce=368895342&openid=ocoIvxO2yhmOTeuhoA2gmRCVDnSo
INFO: [ app_init ] --START--
INFO: Run Behavior\BuildLiteBehavior [ RunTime:0.000011s ]
INFO: [ app_init ] --END-- [ RunTime:0.000284s ]
INFO: [ app_begin ] --START--
INFO: Run Behavior\ReadHtmlCacheBehavior [ RunTime:0.000248s ]
INFO: [ app_begin ] --END-- [ RunTime:0.000271s ]
NOTIC: [8] Undefined index: echostr /Users/lawrance/Data/CES/CES/Home/Controller/AccessController.class.php 第 303 行.
SQL: SHOW COLUMNS FROM `tb_user` [ RunTime:0.0014s ]
SQL: SELECT * FROM `tb_user` WHERE `openid` = 'ocoIvxO2yhmOTeuhoA2gmRCVDnSo' LIMIT 1   [ RunTime:0.0003s ]

[ 2016-11-22T16:34:03+08:00 ] ::1 /CES/index.php/Home/GroupSend/allSendNews
INFO: [ app_init ] --START--
INFO: Run Behavior\BuildLiteBehavior [ RunTime:0.000050s ]
INFO: [ app_init ] --END-- [ RunTime:0.001497s ]
INFO: [ app_begin ] --START--
INFO: Run Behavior\ReadHtmlCacheBehavior [ RunTime:0.000390s ]
INFO: [ app_begin ] --END-- [ RunTime:0.000441s ]
NOTIC: [8] Undefined index: ispost /Users/lawrance/Data/CES/CES/Home/Controller/GroupSendController.class.php 第 29 行.
NOTIC: [2] curl_setopt(): Disabling safe uploads is no longer supported /Users/lawrance/Data/CES/CES/Home/Controller/MenuController.class.php 第 86 行.
NOTIC: [2] curl_setopt(): Disabling safe uploads is no longer supported /Users/lawrance/Data/CES/CES/Home/Controller/MenuController.class.php 第 86 行.

[ 2016-11-22T16:34:09+08:00 ] 127.0.0.1 /CES/index.php/Home/Access/access?signature=42e65f38f3cf978fd4f2e1d0813262db583d6531&timestamp=1479803644&nonce=790914734&openid=ocoIvxO2yhmOTeuhoA2gmRCVDnSo
INFO: [ app_init ] --START--
INFO: Run Behavior\BuildLiteBehavior [ RunTime:0.000006s ]
INFO: [ app_init ] --END-- [ RunTime:0.000186s ]
INFO: [ app_begin ] --START--
INFO: Run Behavior\ReadHtmlCacheBehavior [ RunTime:0.000224s ]
INFO: [ app_begin ] --END-- [ RunTime:0.000245s ]
NOTIC: [8] Undefined index: echostr /Users/lawrance/Data/CES/CES/Home/Controller/AccessController.class.php 第 303 行.
SQL: SHOW COLUMNS FROM `tb_user` [ RunTime:0.0012s ]
SQL: SELECT * FROM `tb_user` WHERE `openid` = 'ocoIvxO2yhmOTeuhoA2gmRCVDnSo' LIMIT 1   [ RunTime:0.0002s ]

[ 2016-11-22T16:34:14+08:00 ] 127.0.0.1 /CES/index.php/Home/Access/access?signature=42e65f38f3cf978fd4f2e1d0813262db583d6531&timestamp=1479803644&nonce=790914734&openid=ocoIvxO2yhmOTeuhoA2gmRCVDnSo
INFO: [ app_init ] --START--
INFO: Run Behavior\BuildLiteBehavior [ RunTime:0.000006s ]
INFO: [ app_init ] --END-- [ RunTime:0.000182s ]
INFO: [ app_begin ] --START--
INFO: Run Behavior\ReadHtmlCacheBehavior [ RunTime:0.000227s ]
INFO: [ app_begin ] --END-- [ RunTime:0.000248s ]
NOTIC: [8] Undefined index: echostr /Users/lawrance/Data/CES/CES/Home/Controller/AccessController.class.php 第 303 行.
SQL: SHOW COLUMNS FROM `tb_user` [ RunTime:0.0017s ]
SQL: SELECT * FROM `tb_user` WHERE `openid` = 'ocoIvxO2yhmOTeuhoA2gmRCVDnSo' LIMIT 1   [ RunTime:0.0002s ]

[ 2016-11-22T16:34:14+08:00 ] 127.0.0.1 /CES/index.php/Home/Access/access?signature=42e65f38f3cf978fd4f2e1d0813262db583d6531&timestamp=1479803644&nonce=790914734&openid=ocoIvxO2yhmOTeuhoA2gmRCVDnSo
INFO: [ app_init ] --START--
INFO: Run Behavior\BuildLiteBehavior [ RunTime:0.000005s ]
INFO: [ app_init ] --END-- [ RunTime:0.000169s ]
INFO: [ app_begin ] --START--
INFO: Run Behavior\ReadHtmlCacheBehavior [ RunTime:0.000223s ]
INFO: [ app_begin ] --END-- [ RunTime:0.000245s ]
NOTIC: [8] Undefined index: echostr /Users/lawrance/Data/CES/CES/Home/Controller/AccessController.class.php 第 303 行.
SQL: SHOW COLUMNS FROM `tb_user` [ RunTime:0.0012s ]
SQL: SELECT * FROM `tb_user` WHERE `openid` = 'ocoIvxO2yhmOTeuhoA2gmRCVDnSo' LIMIT 1   [ RunTime:0.0003s ]

