[ 2016-12-06T08:46:22+08:00 ] 127.0.0.1 /CES/index.php/Home/Access/access?signature=01f9f78525ded6c701207bf450a929362d7229c9&timestamp=1480985180&nonce=868694568&openid=ocoIvxLTumwc3gpi6SPvKWrzYlt0
INFO: [ app_init ] --START--
INFO: Run Behavior\BuildLiteBehavior [ RunTime:0.000008s ]
INFO: [ app_init ] --END-- [ RunTime:0.000442s ]
INFO: [ app_begin ] --START--
INFO: Run Behavior\ReadHtmlCacheBehavior [ RunTime:0.000512s ]
INFO: [ app_begin ] --END-- [ RunTime:0.000544s ]
NOTIC: [8] Undefined index: echostr /Users/lawrance/Data/CES/CES/Home/Controller/AccessController.class.php 第 77 行.
SQL: SHOW COLUMNS FROM `tb_user` [ RunTime:0.0009s ]
SQL: SELECT * FROM `tb_user` WHERE `openid` = 'ocoIvxLTumwc3gpi6SPvKWrzYlt0' LIMIT 1   [ RunTime:0.0002s ]
SQL: SHOW COLUMNS FROM `tb_auto_response` [ RunTime:0.0008s ]
SQL: SELECT * FROM `tb_auto_response` WHERE `user_input` = '新闻' LIMIT 1   [ RunTime:0.0005s ]

[ 2016-12-06T08:50:30+08:00 ] 127.0.0.1 /CES/index.php/Home/Access/access?signature=ad33f33c603ba5d05d03bfa108df73596b1bef8e&timestamp=1480985431&nonce=151109083&openid=ocoIvxCVcVSHjFzhL_ZYBBdJoIG0
INFO: [ app_init ] --START--
INFO: Run Behavior\BuildLiteBehavior [ RunTime:0.000006s ]
INFO: [ app_init ] --END-- [ RunTime:0.000178s ]
INFO: [ app_begin ] --START--
INFO: Run Behavior\ReadHtmlCacheBehavior [ RunTime:0.000230s ]
INFO: [ app_begin ] --END-- [ RunTime:0.000252s ]
NOTIC: [8] Undefined index: echostr /Users/lawrance/Data/CES/CES/Home/Controller/AccessController.class.php 第 77 行.
SQL: SHOW COLUMNS FROM `tb_user` [ RunTime:0.0013s ]
SQL: SELECT * FROM `tb_user` WHERE `openid` = 'ocoIvxCVcVSHjFzhL_ZYBBdJoIG0' LIMIT 1   [ RunTime:0.0002s ]

[ 2016-12-06T08:50:34+08:00 ] 127.0.0.1 /CES/index.php/Home/UserManager/addOpenInfo?id=ocoIvxCVcVSHjFzhL_ZYBBdJoIG0
INFO: [ app_init ] --START--
INFO: Run Behavior\BuildLiteBehavior [ RunTime:0.000007s ]
INFO: [ app_init ] --END-- [ RunTime:0.000174s ]
INFO: [ app_begin ] --START--
INFO: Run Behavior\ReadHtmlCacheBehavior [ RunTime:0.000226s ]
INFO: [ app_begin ] --END-- [ RunTime:0.000246s ]
INFO: [ view_parse ] --START--
INFO: [ template_filter ] --START--
INFO: Run Behavior\ContentReplaceBehavior [ RunTime:0.000032s ]
INFO: [ template_filter ] --END-- [ RunTime:0.000058s ]
INFO: Run Behavior\ParseTemplateBehavior [ RunTime:0.006762s ]
INFO: [ view_parse ] --END-- [ RunTime:0.006798s ]
INFO: [ view_filter ] --START--
INFO: Run Behavior\WriteHtmlCacheBehavior [ RunTime:0.000294s ]
INFO: [ view_filter ] --END-- [ RunTime:0.000317s ]
INFO: [ app_end ] --START--
INFO: Run Behavior\ShowPageTraceBehavior [ RunTime:0.000465s ]
INFO: [ app_end ] --END-- [ RunTime:0.000487s ]

[ 2016-12-06T08:51:08+08:00 ] 127.0.0.1 /CES/index.php/Home/UserManager/bindUserInfo
INFO: [ app_init ] --START--
INFO: Run Behavior\BuildLiteBehavior [ RunTime:0.000008s ]
INFO: [ app_init ] --END-- [ RunTime:0.000458s ]
INFO: [ app_begin ] --START--
INFO: Run Behavior\ReadHtmlCacheBehavior [ RunTime:0.000494s ]
INFO: [ app_begin ] --END-- [ RunTime:0.000528s ]
SQL: SHOW COLUMNS FROM `tb_user` [ RunTime:0.0010s ]
SQL: SELECT * FROM `tb_user` WHERE `stu_num` = '20135577'  [ RunTime:0.0002s ]
SQL: SELECT * FROM `tb_user` WHERE `openid` = 'ocoIvxCVcVSHjFzhL_ZYBBdJoIG0' LIMIT 1   [ RunTime:0.0001s ]
SQL: UPDATE `tb_user` SET `openid`='ocoIvxCVcVSHjFzhL_ZYBBdJoIG0' WHERE `stu_num` = '20135577' [ RunTime:0.0009s ]

[ 2016-12-06T08:51:08+08:00 ] 127.0.0.1 /CES/index.php/Home/UserManager/bindUserInfo
INFO: [ app_init ] --START--
INFO: Run Behavior\BuildLiteBehavior [ RunTime:0.000005s ]
INFO: [ app_init ] --END-- [ RunTime:0.000177s ]
INFO: [ app_begin ] --START--
INFO: Run Behavior\ReadHtmlCacheBehavior [ RunTime:0.000221s ]
INFO: [ app_begin ] --END-- [ RunTime:0.000241s ]
SQL: SHOW COLUMNS FROM `tb_user` [ RunTime:0.0022s ]
SQL: SELECT * FROM `tb_user` WHERE `stu_num` = '20135577'  [ RunTime:0.0002s ]
SQL: SELECT * FROM `tb_user` WHERE `openid` = 'ocoIvxCVcVSHjFzhL_ZYBBdJoIG0' LIMIT 1   [ RunTime:0.0001s ]

[ 2016-12-06T08:54:25+08:00 ] 127.0.0.1 /CES/index.php/Home/Access/access?signature=92f0502ac5e33ec89db376d86e552617191e2c4f&timestamp=1480985666&nonce=355358267&openid=ocoIvxCVcVSHjFzhL_ZYBBdJoIG0
INFO: [ app_init ] --START--
INFO: Run Behavior\BuildLiteBehavior [ RunTime:0.000007s ]
INFO: [ app_init ] --END-- [ RunTime:0.000187s ]
INFO: [ app_begin ] --START--
INFO: Run Behavior\ReadHtmlCacheBehavior [ RunTime:0.000233s ]
INFO: [ app_begin ] --END-- [ RunTime:0.000254s ]
NOTIC: [8] Undefined index: echostr /Users/lawrance/Data/CES/CES/Home/Controller/AccessController.class.php 第 77 行.
SQL: SHOW COLUMNS FROM `tb_user` [ RunTime:0.0010s ]
SQL: SELECT * FROM `tb_user` WHERE `openid` = 'ocoIvxCVcVSHjFzhL_ZYBBdJoIG0' LIMIT 1   [ RunTime:0.0002s ]
SQL: SHOW COLUMNS FROM `tb_survey_plan` [ RunTime:0.0008s ]
SQL: SELECT * FROM `tb_survey_plan` WHERE `openid` = 'ocoIvxCVcVSHjFzhL_ZYBBdJoIG0' AND `is_finish` = '0'  [ RunTime:0.0002s ]

[ 2016-12-06T08:56:00+08:00 ] 127.0.0.1 /CES/index.php/Home/Access/access?signature=a8e5e4af45a891b5d8da510140844299d97750c8&timestamp=1480985760&nonce=1311371744&openid=ocoIvxLTumwc3gpi6SPvKWrzYlt0
INFO: [ app_init ] --START--
INFO: Run Behavior\BuildLiteBehavior [ RunTime:0.000010s ]
INFO: [ app_init ] --END-- [ RunTime:0.000249s ]
INFO: [ app_begin ] --START--
INFO: Run Behavior\ReadHtmlCacheBehavior [ RunTime:0.000268s ]
INFO: [ app_begin ] --END-- [ RunTime:0.000292s ]
NOTIC: [8] Undefined index: echostr /Users/lawrance/Data/CES/CES/Home/Controller/AccessController.class.php 第 77 行.
SQL: SHOW COLUMNS FROM `tb_user` [ RunTime:0.0021s ]
SQL: SELECT * FROM `tb_user` WHERE `openid` = 'ocoIvxLTumwc3gpi6SPvKWrzYlt0' LIMIT 1   [ RunTime:0.0002s ]

[ 2016-12-06T08:56:09+08:00 ] 127.0.0.1 /CES/index.php/Home/Access/access?signature=d0b6a9e2f476c19510c72ae99f59b8be5a694cb4&timestamp=1480985770&nonce=539000834&openid=ocoIvxLTumwc3gpi6SPvKWrzYlt0
INFO: [ app_init ] --START--
INFO: Run Behavior\BuildLiteBehavior [ RunTime:0.000006s ]
INFO: [ app_init ] --END-- [ RunTime:0.000182s ]
INFO: [ app_begin ] --START--
INFO: Run Behavior\ReadHtmlCacheBehavior [ RunTime:0.000228s ]
INFO: [ app_begin ] --END-- [ RunTime:0.000248s ]
NOTIC: [8] Undefined index: echostr /Users/lawrance/Data/CES/CES/Home/Controller/AccessController.class.php 第 77 行.
SQL: SHOW COLUMNS FROM `tb_user` [ RunTime:0.0018s ]
SQL: SELECT * FROM `tb_user` WHERE `openid` = 'ocoIvxLTumwc3gpi6SPvKWrzYlt0' LIMIT 1   [ RunTime:0.0002s ]

[ 2016-12-06T08:56:12+08:00 ] 127.0.0.1 /CES/index.php/Home/UserManager/addOpenInfo?id=ocoIvxLTumwc3gpi6SPvKWrzYlt0
INFO: [ app_init ] --START--
INFO: Run Behavior\BuildLiteBehavior [ RunTime:0.000006s ]
INFO: [ app_init ] --END-- [ RunTime:0.000183s ]
INFO: [ app_begin ] --START--
INFO: Run Behavior\ReadHtmlCacheBehavior [ RunTime:0.000231s ]
INFO: [ app_begin ] --END-- [ RunTime:0.000252s ]
INFO: [ view_parse ] --START--
INFO: [ template_filter ] --START--
INFO: Run Behavior\ContentReplaceBehavior [ RunTime:0.000034s ]
INFO: [ template_filter ] --END-- [ RunTime:0.000063s ]
INFO: Run Behavior\ParseTemplateBehavior [ RunTime:0.005531s ]
INFO: [ view_parse ] --END-- [ RunTime:0.005551s ]
INFO: [ view_filter ] --START--
INFO: Run Behavior\WriteHtmlCacheBehavior [ RunTime:0.000313s ]
INFO: [ view_filter ] --END-- [ RunTime:0.000336s ]
INFO: [ app_end ] --START--
INFO: Run Behavior\ShowPageTraceBehavior [ RunTime:0.000499s ]
INFO: [ app_end ] --END-- [ RunTime:0.000526s ]

[ 2016-12-06T08:56:51+08:00 ] 127.0.0.1 /CES/index.php/Home/UserManager/addOpenInfo?id=ocoIvxLTumwc3gpi6SPvKWrzYlt0
INFO: [ app_init ] --START--
INFO: Run Behavior\BuildLiteBehavior [ RunTime:0.000007s ]
INFO: [ app_init ] --END-- [ RunTime:0.000183s ]
INFO: [ app_begin ] --START--
INFO: Run Behavior\ReadHtmlCacheBehavior [ RunTime:0.000229s ]
INFO: [ app_begin ] --END-- [ RunTime:0.000250s ]
INFO: [ view_parse ] --START--
INFO: [ template_filter ] --START--
INFO: Run Behavior\ContentReplaceBehavior [ RunTime:0.000033s ]
INFO: [ template_filter ] --END-- [ RunTime:0.000057s ]
INFO: Run Behavior\ParseTemplateBehavior [ RunTime:0.002781s ]
INFO: [ view_parse ] --END-- [ RunTime:0.002802s ]
INFO: [ view_filter ] --START--
INFO: Run Behavior\WriteHtmlCacheBehavior [ RunTime:0.000089s ]
INFO: [ view_filter ] --END-- [ RunTime:0.000102s ]
INFO: [ app_end ] --START--
INFO: Run Behavior\ShowPageTraceBehavior [ RunTime:0.000261s ]
INFO: [ app_end ] --END-- [ RunTime:0.000278s ]

[ 2016-12-06T08:56:52+08:00 ] 127.0.0.1 /CES/index.php/Home/UserManager/addOpenInfo?id=ocoIvxLTumwc3gpi6SPvKWrzYlt0&visitDstTime=1480985812707
INFO: [ app_init ] --START--
INFO: Run Behavior\BuildLiteBehavior [ RunTime:0.000006s ]
INFO: [ app_init ] --END-- [ RunTime:0.000178s ]
INFO: [ app_begin ] --START--
INFO: Run Behavior\ReadHtmlCacheBehavior [ RunTime:0.000227s ]
INFO: [ app_begin ] --END-- [ RunTime:0.000248s ]
INFO: [ view_parse ] --START--
INFO: [ template_filter ] --START--
INFO: Run Behavior\ContentReplaceBehavior [ RunTime:0.000034s ]
INFO: [ template_filter ] --END-- [ RunTime:0.000058s ]
INFO: Run Behavior\ParseTemplateBehavior [ RunTime:0.002786s ]
INFO: [ view_parse ] --END-- [ RunTime:0.002808s ]
INFO: [ view_filter ] --START--
INFO: Run Behavior\WriteHtmlCacheBehavior [ RunTime:0.000091s ]
INFO: [ view_filter ] --END-- [ RunTime:0.000104s ]
INFO: [ app_end ] --START--
INFO: Run Behavior\ShowPageTraceBehavior [ RunTime:0.000265s ]
INFO: [ app_end ] --END-- [ RunTime:0.000281s ]

[ 2016-12-06T16:30:42+08:00 ] 127.0.0.1 /CES/index.php/Home/Access/access?signature=936a54ca7006d971b69997cdd9c3fd7a732b2553&timestamp=1481013042&nonce=751642727&openid=ocoIvxLTumwc3gpi6SPvKWrzYlt0
INFO: [ app_init ] --START--
INFO: Run Behavior\BuildLiteBehavior [ RunTime:0.000008s ]
INFO: [ app_init ] --END-- [ RunTime:0.000438s ]
INFO: [ app_begin ] --START--
INFO: Run Behavior\ReadHtmlCacheBehavior [ RunTime:0.000487s ]
INFO: [ app_begin ] --END-- [ RunTime:0.000522s ]
NOTIC: [8] Undefined index: echostr /Users/lawrance/Data/CES/CES/Home/Controller/AccessController.class.php 第 77 行.
SQL: SHOW COLUMNS FROM `tb_user` [ RunTime:0.0012s ]
SQL: SELECT * FROM `tb_user` WHERE `openid` = 'ocoIvxLTumwc3gpi6SPvKWrzYlt0' LIMIT 1   [ RunTime:0.0002s ]

[ 2016-12-06T16:30:47+08:00 ] 127.0.0.1 /CES/index.php/Home/UserManager/addOpenInfo?id=ocoIvxLTumwc3gpi6SPvKWrzYlt0
INFO: [ app_init ] --START--
INFO: Run Behavior\BuildLiteBehavior [ RunTime:0.000006s ]
INFO: [ app_init ] --END-- [ RunTime:0.000176s ]
INFO: [ app_begin ] --START--
INFO: Run Behavior\ReadHtmlCacheBehavior [ RunTime:0.000233s ]
INFO: [ app_begin ] --END-- [ RunTime:0.000253s ]
INFO: [ view_parse ] --START--
INFO: [ template_filter ] --START--
INFO: Run Behavior\ContentReplaceBehavior [ RunTime:0.000041s ]
INFO: [ template_filter ] --END-- [ RunTime:0.000068s ]
INFO: Run Behavior\ParseTemplateBehavior [ RunTime:0.005578s ]
INFO: [ view_parse ] --END-- [ RunTime:0.005630s ]
INFO: [ view_filter ] --START--
INFO: Run Behavior\WriteHtmlCacheBehavior [ RunTime:0.000364s ]
INFO: [ view_filter ] --END-- [ RunTime:0.000385s ]
INFO: [ app_end ] --START--
INFO: Run Behavior\ShowPageTraceBehavior [ RunTime:0.000487s ]
INFO: [ app_end ] --END-- [ RunTime:0.000513s ]

[ 2016-12-06T16:30:59+08:00 ] 127.0.0.1 /CES/index.php/Home/UserManager/bindUserInfo
INFO: [ app_init ] --START--
INFO: Run Behavior\BuildLiteBehavior [ RunTime:0.000006s ]
INFO: [ app_init ] --END-- [ RunTime:0.000181s ]
INFO: [ app_begin ] --START--
INFO: Run Behavior\ReadHtmlCacheBehavior [ RunTime:0.000221s ]
INFO: [ app_begin ] --END-- [ RunTime:0.000240s ]
SQL: SHOW COLUMNS FROM `tb_user` [ RunTime:0.0022s ]
SQL: SELECT * FROM `tb_user` WHERE `stu_num` = '20135580'  [ RunTime:0.0002s ]
SQL: SELECT * FROM `tb_user` WHERE `openid` = 'ocoIvxLTumwc3gpi6SPvKWrzYlt0' LIMIT 1   [ RunTime:0.0001s ]
SQL: UPDATE `tb_user` SET `openid`='ocoIvxLTumwc3gpi6SPvKWrzYlt0' WHERE `stu_num` = '20135580' [ RunTime:0.0005s ]

[ 2016-12-06T16:31:14+08:00 ] 127.0.0.1 /CES/index.php/Home/Access/access?signature=1cceaaca8fa0919b914d7e9fc1b6b945af824f81&timestamp=1481013074&nonce=880354887&openid=ocoIvxLTumwc3gpi6SPvKWrzYlt0
INFO: [ app_init ] --START--
INFO: Run Behavior\BuildLiteBehavior [ RunTime:0.000006s ]
INFO: [ app_init ] --END-- [ RunTime:0.000177s ]
INFO: [ app_begin ] --START--
INFO: Run Behavior\ReadHtmlCacheBehavior [ RunTime:0.000223s ]
INFO: [ app_begin ] --END-- [ RunTime:0.000242s ]
NOTIC: [8] Undefined index: echostr /Users/lawrance/Data/CES/CES/Home/Controller/AccessController.class.php 第 77 行.
SQL: SHOW COLUMNS FROM `tb_user` [ RunTime:0.0018s ]
SQL: SELECT * FROM `tb_user` WHERE `openid` = 'ocoIvxLTumwc3gpi6SPvKWrzYlt0' LIMIT 1   [ RunTime:0.0002s ]
SQL: SHOW COLUMNS FROM `tb_survey_plan` [ RunTime:0.0007s ]
SQL: SELECT * FROM `tb_survey_plan` WHERE `openid` = 'ocoIvxLTumwc3gpi6SPvKWrzYlt0' AND `is_finish` = '0'  [ RunTime:0.0002s ]

