[ 2016-12-15T13:59:43+08:00 ] ::1 /CES/index.php/Home/GroupSend/allSendNews
INFO: [ app_init ] --START--
INFO: Run Behavior\BuildLiteBehavior [ RunTime:0.000020s ]
INFO: [ app_init ] --END-- [ RunTime:0.000764s ]
INFO: [ app_begin ] --START--
INFO: Run Behavior\ReadHtmlCacheBehavior [ RunTime:0.000741s ]
INFO: [ app_begin ] --END-- [ RunTime:0.000793s ]
NOTIC: [8] A session had already been started - ignoring session_start() /Users/lawrance/Data/CES/ThinkPHP/Common/functions.php 第 1263 行.
NOTIC: [2] curl_setopt(): Disabling safe uploads is no longer supported /Users/lawrance/Data/CES/CES/Home/Controller/MenuController.class.php 第 86 行.
NOTIC: [2] curl_setopt(): Disabling safe uploads is no longer supported /Users/lawrance/Data/CES/CES/Home/Controller/MenuController.class.php 第 86 行.

[ 2016-12-15T14:11:30+08:00 ] ::1 /CES/index.php/Home/GroupSend/allSendNews
INFO: [ app_init ] --START--
INFO: Run Behavior\BuildLiteBehavior [ RunTime:0.000008s ]
INFO: [ app_init ] --END-- [ RunTime:0.000380s ]
INFO: [ app_begin ] --START--
INFO: Run Behavior\ReadHtmlCacheBehavior [ RunTime:0.000451s ]
INFO: [ app_begin ] --END-- [ RunTime:0.000481s ]
NOTIC: [8] A session had already been started - ignoring session_start() /Users/lawrance/Data/CES/ThinkPHP/Common/functions.php 第 1263 行.
NOTIC: [2] curl_setopt(): Disabling safe uploads is no longer supported /Users/lawrance/Data/CES/CES/Home/Controller/MenuController.class.php 第 86 行.
NOTIC: [2] curl_setopt(): Disabling safe uploads is no longer supported /Users/lawrance/Data/CES/CES/Home/Controller/MenuController.class.php 第 86 行.

[ 2016-12-15T14:33:06+08:00 ] ::1 /CES/index.php/Home/Method/expSurveyCondition
INFO: [ app_init ] --START--
INFO: Run Behavior\BuildLiteBehavior [ RunTime:0.000009s ]
INFO: [ app_init ] --END-- [ RunTime:0.000433s ]
INFO: [ app_begin ] --START--
INFO: Run Behavior\ReadHtmlCacheBehavior [ RunTime:0.000478s ]
INFO: [ app_begin ] --END-- [ RunTime:0.000508s ]
NOTIC: [8] A session had already been started - ignoring session_start() /Users/lawrance/Data/CES/ThinkPHP/Common/functions.php 第 1263 行.
ERR: 无法加载控制器:Method

