[ 2016-11-11T10:12:07+08:00 ] ::1 /CES/index.php/Home/Menu/upMenuList
INFO: [ app_init ] --START--
INFO: Run Behavior\BuildLiteBehavior [ RunTime:0.000017s ]
INFO: [ app_init ] --END-- [ RunTime:0.000719s ]
INFO: [ app_begin ] --START--
INFO: Run Behavior\ReadHtmlCacheBehavior [ RunTime:0.000993s ]
INFO: [ app_begin ] --END-- [ RunTime:0.001214s ]
NOTIC: [8] Undefined index: menu /Users/lawrance/Data/CES/CES/Home/Controller/MenuController.class.php 第 39 行.
NOTIC: [2] curl_setopt(): Disabling safe uploads is no longer supported /Users/lawrance/Data/CES/CES/Home/Controller/MenuController.class.php 第 85 行.
NOTIC: [2] curl_setopt(): Disabling safe uploads is no longer supported /Users/lawrance/Data/CES/CES/Home/Controller/MenuController.class.php 第 85 行.
NOTIC: [2] Illegal string offset 'status' /Users/lawrance/Data/CES/CES/Home/Controller/MenuController.class.php 第 69 行.
NOTIC: [2] Illegal string offset 'hint' /Users/lawrance/Data/CES/CES/Home/Controller/MenuController.class.php 第 70 行.

[ 2016-11-11T10:18:08+08:00 ] ::1 /CES/index.php/Home/Menu/upMenuList
INFO: [ app_init ] --START--
INFO: Run Behavior\BuildLiteBehavior [ RunTime:0.000009s ]
INFO: [ app_init ] --END-- [ RunTime:0.000239s ]
INFO: [ app_begin ] --START--
INFO: Run Behavior\ReadHtmlCacheBehavior [ RunTime:0.000394s ]
INFO: [ app_begin ] --END-- [ RunTime:0.000441s ]
NOTIC: [8] Undefined index: menu /Users/lawrance/Data/CES/CES/Home/Controller/MenuController.class.php 第 39 行.
NOTIC: [2] curl_setopt(): Disabling safe uploads is no longer supported /Users/lawrance/Data/CES/CES/Home/Controller/MenuController.class.php 第 87 行.
NOTIC: [2] curl_setopt(): Disabling safe uploads is no longer supported /Users/lawrance/Data/CES/CES/Home/Controller/MenuController.class.php 第 87 行.
NOTIC: [2] Illegal string offset 'status' /Users/lawrance/Data/CES/CES/Home/Controller/MenuController.class.php 第 69 行.
NOTIC: [2] Illegal string offset 'hint' /Users/lawrance/Data/CES/CES/Home/Controller/MenuController.class.php 第 70 行.
NOTIC: [2] Illegal string offset 'access_token' /Users/lawrance/Data/CES/CES/Home/Controller/MenuController.class.php 第 71 行.

[ 2016-11-11T10:21:22+08:00 ] ::1 /CES/index.php/Home/Menu/upMenuList
INFO: [ app_init ] --START--
INFO: Run Behavior\BuildLiteBehavior [ RunTime:0.000017s ]
INFO: [ app_init ] --END-- [ RunTime:0.000561s ]
INFO: [ app_begin ] --START--
INFO: Run Behavior\ReadHtmlCacheBehavior [ RunTime:0.000631s ]
INFO: [ app_begin ] --END-- [ RunTime:0.000712s ]
NOTIC: [2] curl_setopt(): Disabling safe uploads is no longer supported /Users/lawrance/Data/CES/CES/Home/Controller/MenuController.class.php 第 87 行.
NOTIC: [2] curl_setopt(): Disabling safe uploads is no longer supported /Users/lawrance/Data/CES/CES/Home/Controller/MenuController.class.php 第 87 行.
NOTIC: [2] Illegal string offset 'status' /Users/lawrance/Data/CES/CES/Home/Controller/MenuController.class.php 第 69 行.
NOTIC: [2] Illegal string offset 'hint' /Users/lawrance/Data/CES/CES/Home/Controller/MenuController.class.php 第 70 行.
NOTIC: [2] Illegal string offset 'access_token' /Users/lawrance/Data/CES/CES/Home/Controller/MenuController.class.php 第 71 行.

[ 2016-11-11T10:23:31+08:00 ] ::1 /CES/index.php/Home/Menu/upMenuList
INFO: [ app_init ] --START--
INFO: Run Behavior\BuildLiteBehavior [ RunTime:0.000007s ]
INFO: [ app_init ] --END-- [ RunTime:0.000179s ]
INFO: [ app_begin ] --START--
INFO: Run Behavior\ReadHtmlCacheBehavior [ RunTime:0.000208s ]
INFO: [ app_begin ] --END-- [ RunTime:0.000226s ]
NOTIC: [2] curl_setopt(): Disabling safe uploads is no longer supported /Users/lawrance/Data/CES/CES/Home/Controller/MenuController.class.php 第 87 行.
NOTIC: [2] curl_setopt(): Disabling safe uploads is no longer supported /Users/lawrance/Data/CES/CES/Home/Controller/MenuController.class.php 第 87 行.

[ 2016-11-11T10:23:59+08:00 ] ::1 /CES/index.php/Home/Menu/upMenuList
INFO: [ app_init ] --START--
INFO: Run Behavior\BuildLiteBehavior [ RunTime:0.000009s ]
INFO: [ app_init ] --END-- [ RunTime:0.000231s ]
INFO: [ app_begin ] --START--
INFO: Run Behavior\ReadHtmlCacheBehavior [ RunTime:0.000404s ]
INFO: [ app_begin ] --END-- [ RunTime:0.000444s ]
NOTIC: [2] curl_setopt(): Disabling safe uploads is no longer supported /Users/lawrance/Data/CES/CES/Home/Controller/MenuController.class.php 第 87 行.
NOTIC: [2] curl_setopt(): Disabling safe uploads is no longer supported /Users/lawrance/Data/CES/CES/Home/Controller/MenuController.class.php 第 87 行.

[ 2016-11-11T10:24:30+08:00 ] ::1 /CES/index.php/Home/Menu/upMenuList
INFO: [ app_init ] --START--
INFO: Run Behavior\BuildLiteBehavior [ RunTime:0.000017s ]
INFO: [ app_init ] --END-- [ RunTime:0.000467s ]
INFO: [ app_begin ] --START--
INFO: Run Behavior\ReadHtmlCacheBehavior [ RunTime:0.000831s ]
INFO: [ app_begin ] --END-- [ RunTime:0.000893s ]
NOTIC: [2] curl_setopt(): Disabling safe uploads is no longer supported /Users/lawrance/Data/CES/CES/Home/Controller/MenuController.class.php 第 87 行.
NOTIC: [2] curl_setopt(): Disabling safe uploads is no longer supported /Users/lawrance/Data/CES/CES/Home/Controller/MenuController.class.php 第 87 行.

[ 2016-11-11T10:51:41+08:00 ] ::1 /CES/index.php/Home/Menu/upMenuList
INFO: [ app_init ] --START--
INFO: Run Behavior\BuildLiteBehavior [ RunTime:0.000013s ]
INFO: [ app_init ] --END-- [ RunTime:0.000342s ]
INFO: [ app_begin ] --START--
INFO: Run Behavior\ReadHtmlCacheBehavior [ RunTime:0.000425s ]
INFO: [ app_begin ] --END-- [ RunTime:0.000472s ]
NOTIC: [2] curl_setopt(): Disabling safe uploads is no longer supported /Users/lawrance/Data/CES/CES/Home/Controller/MenuController.class.php 第 70 行.
NOTIC: [2] curl_setopt(): Disabling safe uploads is no longer supported /Users/lawrance/Data/CES/CES/Home/Controller/MenuController.class.php 第 70 行.

[ 2016-11-11T10:52:32+08:00 ] ::1 /CES/index.php/Home/Menu/upMenuList
INFO: [ app_init ] --START--
INFO: Run Behavior\BuildLiteBehavior [ RunTime:0.000006s ]
INFO: [ app_init ] --END-- [ RunTime:0.000168s ]
INFO: [ app_begin ] --START--
INFO: Run Behavior\ReadHtmlCacheBehavior [ RunTime:0.000200s ]
INFO: [ app_begin ] --END-- [ RunTime:0.000218s ]
NOTIC: [2] curl_setopt(): Disabling safe uploads is no longer supported /Users/lawrance/Data/CES/CES/Home/Controller/MenuController.class.php 第 70 行.
NOTIC: [2] curl_setopt(): Disabling safe uploads is no longer supported /Users/lawrance/Data/CES/CES/Home/Controller/MenuController.class.php 第 70 行.

[ 2016-11-11T10:54:34+08:00 ] ::1 /CES/index.php/Home/Menu/upMenuList
INFO: [ app_init ] --START--
INFO: Run Behavior\BuildLiteBehavior [ RunTime:0.000012s ]
INFO: [ app_init ] --END-- [ RunTime:0.000324s ]
INFO: [ app_begin ] --START--
INFO: Run Behavior\ReadHtmlCacheBehavior [ RunTime:0.000482s ]
INFO: [ app_begin ] --END-- [ RunTime:0.000534s ]
NOTIC: [2] curl_setopt(): Disabling safe uploads is no longer supported /Users/lawrance/Data/CES/CES/Home/Controller/MenuController.class.php 第 70 行.
NOTIC: [2] curl_setopt(): Disabling safe uploads is no longer supported /Users/lawrance/Data/CES/CES/Home/Controller/MenuController.class.php 第 70 行.

[ 2016-11-11T13:32:56+08:00 ] ::1 /CES/index.php/Home/Menu/upMenuList
INFO: [ app_init ] --START--
INFO: Run Behavior\BuildLiteBehavior [ RunTime:0.000018s ]
INFO: [ app_init ] --END-- [ RunTime:0.000475s ]
INFO: [ app_begin ] --START--
INFO: Run Behavior\ReadHtmlCacheBehavior [ RunTime:0.000395s ]
INFO: [ app_begin ] --END-- [ RunTime:0.000433s ]

[ 2016-11-11T13:37:36+08:00 ] ::1 /CES/index.php/Home/Menu/upMenuList
INFO: [ app_init ] --START--
INFO: Run Behavior\BuildLiteBehavior [ RunTime:0.000006s ]
INFO: [ app_init ] --END-- [ RunTime:0.000168s ]
INFO: [ app_begin ] --START--
INFO: Run Behavior\ReadHtmlCacheBehavior [ RunTime:0.000211s ]
INFO: [ app_begin ] --END-- [ RunTime:0.000231s ]

[ 2016-11-11T14:03:02+08:00 ] ::1 /CES/index.php/Home/Menu/upMenuList
INFO: [ app_init ] --START--
INFO: Run Behavior\BuildLiteBehavior [ RunTime:0.000010s ]
INFO: [ app_init ] --END-- [ RunTime:0.000400s ]
INFO: [ app_begin ] --START--
INFO: Run Behavior\ReadHtmlCacheBehavior [ RunTime:0.000487s ]
INFO: [ app_begin ] --END-- [ RunTime:0.000516s ]
ERR: Array callback has to contain indices 0 and 1

[ 2016-11-11T14:05:45+08:00 ] ::1 /CES/index.php/Home/Menu/upMenuList
INFO: [ app_init ] --START--
INFO: Run Behavior\BuildLiteBehavior [ RunTime:0.000012s ]
INFO: [ app_init ] --END-- [ RunTime:0.000304s ]
INFO: [ app_begin ] --START--
INFO: Run Behavior\ReadHtmlCacheBehavior [ RunTime:0.000419s ]
INFO: [ app_begin ] --END-- [ RunTime:0.000467s ]
ERR: Array callback has to contain indices 0 and 1

[ 2016-11-11T14:06:48+08:00 ] ::1 /CES/index.php/Home/Menu/upMenuList
INFO: [ app_init ] --START--
INFO: Run Behavior\BuildLiteBehavior [ RunTime:0.000010s ]
INFO: [ app_init ] --END-- [ RunTime:0.000285s ]
INFO: [ app_begin ] --START--
INFO: Run Behavior\ReadHtmlCacheBehavior [ RunTime:0.000492s ]
INFO: [ app_begin ] --END-- [ RunTime:0.000534s ]
ERR: Array callback has to contain indices 0 and 1

[ 2016-11-11T14:07:00+08:00 ] ::1 /CES/index.php/Home/Menu/upMenuList
INFO: [ app_init ] --START--
INFO: Run Behavior\BuildLiteBehavior [ RunTime:0.000006s ]
INFO: [ app_init ] --END-- [ RunTime:0.000168s ]
INFO: [ app_begin ] --START--
INFO: Run Behavior\ReadHtmlCacheBehavior [ RunTime:0.000199s ]
INFO: [ app_begin ] --END-- [ RunTime:0.000217s ]
ERR: Array callback has to contain indices 0 and 1

[ 2016-11-11T14:10:40+08:00 ] ::1 /CES/index.php/Home/Menu/upMenuList
INFO: [ app_init ] --START--
INFO: Run Behavior\BuildLiteBehavior [ RunTime:0.000009s ]
INFO: [ app_init ] --END-- [ RunTime:0.000226s ]
INFO: [ app_begin ] --START--
INFO: Run Behavior\ReadHtmlCacheBehavior [ RunTime:0.000466s ]
INFO: [ app_begin ] --END-- [ RunTime:0.000556s ]
ERR: Array callback has to contain indices 0 and 1

[ 2016-11-11T14:13:21+08:00 ] ::1 /CES/index.php/Home/Menu/upMenuList
INFO: [ app_init ] --START--
INFO: Run Behavior\BuildLiteBehavior [ RunTime:0.000011s ]
INFO: [ app_init ] --END-- [ RunTime:0.000313s ]
INFO: [ app_begin ] --START--
INFO: Run Behavior\ReadHtmlCacheBehavior [ RunTime:0.000431s ]
INFO: [ app_begin ] --END-- [ RunTime:0.000480s ]
ERR: Array callback has to contain indices 0 and 1

[ 2016-11-11T14:13:30+08:00 ] ::1 /CES/index.php/Home/Menu/upMenuList
INFO: [ app_init ] --START--
INFO: Run Behavior\BuildLiteBehavior [ RunTime:0.000006s ]
INFO: [ app_init ] --END-- [ RunTime:0.000169s ]
INFO: [ app_begin ] --START--
INFO: Run Behavior\ReadHtmlCacheBehavior [ RunTime:0.000217s ]
INFO: [ app_begin ] --END-- [ RunTime:0.000235s ]
ERR: Array callback has to contain indices 0 and 1

[ 2016-11-11T14:16:13+08:00 ] ::1 /CES/index.php/Home/Menu/upMenuList
INFO: [ app_init ] --START--
INFO: Run Behavior\BuildLiteBehavior [ RunTime:0.000009s ]
INFO: [ app_init ] --END-- [ RunTime:0.000218s ]
INFO: [ app_begin ] --START--
INFO: Run Behavior\ReadHtmlCacheBehavior [ RunTime:0.000218s ]
INFO: [ app_begin ] --END-- [ RunTime:0.000237s ]
ERR: Array callback has to contain indices 0 and 1

[ 2016-11-11T14:20:23+08:00 ] ::1 /CES/index.php/Home/Menu/upMenuList
INFO: [ app_init ] --START--
INFO: Run Behavior\BuildLiteBehavior [ RunTime:0.000011s ]
INFO: [ app_init ] --END-- [ RunTime:0.000305s ]
INFO: [ app_begin ] --START--
INFO: Run Behavior\ReadHtmlCacheBehavior [ RunTime:0.000428s ]
INFO: [ app_begin ] --END-- [ RunTime:0.000470s ]
ERR: Array callback has to contain indices 0 and 1

[ 2016-11-11T14:22:11+08:00 ] ::1 /CES/index.php/Home/Menu/upMenuList
INFO: [ app_init ] --START--
INFO: Run Behavior\BuildLiteBehavior [ RunTime:0.000009s ]
INFO: [ app_init ] --END-- [ RunTime:0.000241s ]
INFO: [ app_begin ] --START--
INFO: Run Behavior\ReadHtmlCacheBehavior [ RunTime:0.000291s ]
INFO: [ app_begin ] --END-- [ RunTime:0.000315s ]
ERR: Array callback has to contain indices 0 and 1

[ 2016-11-11T14:23:30+08:00 ] ::1 /CES/index.php/Home/Menu/upMenuList
INFO: [ app_init ] --START--
INFO: Run Behavior\BuildLiteBehavior [ RunTime:0.000006s ]
INFO: [ app_init ] --END-- [ RunTime:0.000200s ]
INFO: [ app_begin ] --START--
INFO: Run Behavior\ReadHtmlCacheBehavior [ RunTime:0.000211s ]
INFO: [ app_begin ] --END-- [ RunTime:0.000230s ]
ERR: Array callback has to contain indices 0 and 1

[ 2016-11-11T14:24:02+08:00 ] ::1 /CES/index.php/Home/Menu/upMenuList
INFO: [ app_init ] --START--
INFO: Run Behavior\BuildLiteBehavior [ RunTime:0.000006s ]
INFO: [ app_init ] --END-- [ RunTime:0.000169s ]
INFO: [ app_begin ] --START--
INFO: Run Behavior\ReadHtmlCacheBehavior [ RunTime:0.000207s ]
INFO: [ app_begin ] --END-- [ RunTime:0.000224s ]
ERR: Array callback has to contain indices 0 and 1

[ 2016-11-11T14:27:13+08:00 ] ::1 /CES/index.php/Home/Menu/upMenuList
INFO: [ app_init ] --START--
INFO: Run Behavior\BuildLiteBehavior [ RunTime:0.000021s ]
INFO: [ app_init ] --END-- [ RunTime:0.000323s ]
INFO: [ app_begin ] --START--
INFO: Run Behavior\ReadHtmlCacheBehavior [ RunTime:0.000758s ]
INFO: [ app_begin ] --END-- [ RunTime:0.000825s ]
ERR: Array callback has to contain indices 0 and 1

[ 2016-11-11T14:28:05+08:00 ] ::1 /CES/index.php/Home/Menu/upMenuList
INFO: [ app_init ] --START--
INFO: Run Behavior\BuildLiteBehavior [ RunTime:0.000009s ]
INFO: [ app_init ] --END-- [ RunTime:0.000212s ]
INFO: [ app_begin ] --START--
INFO: Run Behavior\ReadHtmlCacheBehavior [ RunTime:0.000401s ]
INFO: [ app_begin ] --END-- [ RunTime:0.000428s ]
ERR: Array callback has to contain indices 0 and 1

[ 2016-11-11T14:28:45+08:00 ] ::1 /CES/index.php/Home/Menu/upMenuList
INFO: [ app_init ] --START--
INFO: Run Behavior\BuildLiteBehavior [ RunTime:0.000011s ]
INFO: [ app_init ] --END-- [ RunTime:0.000256s ]
INFO: [ app_begin ] --START--
INFO: Run Behavior\ReadHtmlCacheBehavior [ RunTime:0.000403s ]
INFO: [ app_begin ] --END-- [ RunTime:0.000476s ]
ERR: Array callback has to contain indices 0 and 1

[ 2016-11-11T14:29:54+08:00 ] ::1 /CES/index.php/Home/Menu/upMenuList
INFO: [ app_init ] --START--
INFO: Run Behavior\BuildLiteBehavior [ RunTime:0.000006s ]
INFO: [ app_init ] --END-- [ RunTime:0.000165s ]
INFO: [ app_begin ] --START--
INFO: Run Behavior\ReadHtmlCacheBehavior [ RunTime:0.000202s ]
INFO: [ app_begin ] --END-- [ RunTime:0.000220s ]
ERR: Array callback has to contain indices 0 and 1

[ 2016-11-11T14:31:42+08:00 ] ::1 /CES/index.php/Home/Menu/upMenuList
INFO: [ app_init ] --START--
INFO: Run Behavior\BuildLiteBehavior [ RunTime:0.000006s ]
INFO: [ app_init ] --END-- [ RunTime:0.000175s ]
INFO: [ app_begin ] --START--
INFO: Run Behavior\ReadHtmlCacheBehavior [ RunTime:0.000208s ]
INFO: [ app_begin ] --END-- [ RunTime:0.000226s ]
ERR: Array callback has to contain indices 0 and 1

[ 2016-11-11T14:35:37+08:00 ] ::1 /CES/index.php/Home/Menu/upMenuList
INFO: [ app_init ] --START--
INFO: Run Behavior\BuildLiteBehavior [ RunTime:0.000019s ]
INFO: [ app_init ] --END-- [ RunTime:0.000379s ]
INFO: [ app_begin ] --START--
INFO: Run Behavior\ReadHtmlCacheBehavior [ RunTime:0.003196s ]
INFO: [ app_begin ] --END-- [ RunTime:0.003265s ]
NOTIC: [8] Undefined index: menu /Users/lawrance/Data/CES/CES/Home/Controller/MenuController.class.php 第 39 行.
ERR: Function name must be a string

[ 2016-11-11T14:36:20+08:00 ] ::1 /CES/index.php/Home/Menu/upMenuList
INFO: [ app_init ] --START--
INFO: Run Behavior\BuildLiteBehavior [ RunTime:0.000014s ]
INFO: [ app_init ] --END-- [ RunTime:0.000479s ]
INFO: [ app_begin ] --START--
INFO: Run Behavior\ReadHtmlCacheBehavior [ RunTime:0.000390s ]
INFO: [ app_begin ] --END-- [ RunTime:0.000474s ]
ERR: Array callback has to contain indices 0 and 1

[ 2016-11-11T14:36:58+08:00 ] ::1 /CES/index.php/Home/Menu/upMenuList
INFO: [ app_init ] --START--
INFO: Run Behavior\BuildLiteBehavior [ RunTime:0.000009s ]
INFO: [ app_init ] --END-- [ RunTime:0.000211s ]
INFO: [ app_begin ] --START--
INFO: Run Behavior\ReadHtmlCacheBehavior [ RunTime:0.000220s ]
INFO: [ app_begin ] --END-- [ RunTime:0.000239s ]
NOTIC: [8] Undefined index: menu /Users/lawrance/Data/CES/CES/Home/Controller/MenuController.class.php 第 39 行.
ERR: Function name must be a string

[ 2016-11-11T14:37:39+08:00 ] ::1 /CES/index.php/Home/Menu/upMenuList
INFO: [ app_init ] --START--
INFO: Run Behavior\BuildLiteBehavior [ RunTime:0.000007s ]
INFO: [ app_init ] --END-- [ RunTime:0.000181s ]
INFO: [ app_begin ] --START--
INFO: Run Behavior\ReadHtmlCacheBehavior [ RunTime:0.000230s ]
INFO: [ app_begin ] --END-- [ RunTime:0.000251s ]
NOTIC: [8] Undefined index: menu /Users/lawrance/Data/CES/CES/Home/Controller/MenuController.class.php 第 39 行.
ERR: Function name must be a string

[ 2016-11-11T14:37:42+08:00 ] ::1 /CES/index.php/Home/Menu/upMenuList
INFO: [ app_init ] --START--
INFO: Run Behavior\BuildLiteBehavior [ RunTime:0.000010s ]
INFO: [ app_init ] --END-- [ RunTime:0.000278s ]
INFO: [ app_begin ] --START--
INFO: Run Behavior\ReadHtmlCacheBehavior [ RunTime:0.000301s ]
INFO: [ app_begin ] --END-- [ RunTime:0.000331s ]
NOTIC: [8] Undefined index: menu /Users/lawrance/Data/CES/CES/Home/Controller/MenuController.class.php 第 39 行.
ERR: Function name must be a string

[ 2016-11-11T14:39:42+08:00 ] ::1 /CES/index.php/Home/Menu/upMenuList
INFO: [ app_init ] --START--
INFO: Run Behavior\BuildLiteBehavior [ RunTime:0.000008s ]
INFO: [ app_init ] --END-- [ RunTime:0.000226s ]
INFO: [ app_begin ] --START--
INFO: Run Behavior\ReadHtmlCacheBehavior [ RunTime:0.000237s ]
INFO: [ app_begin ] --END-- [ RunTime:0.000259s ]
NOTIC: [8] Undefined index: menu /Users/lawrance/Data/CES/CES/Home/Controller/MenuController.class.php 第 39 行.
NOTIC: [8] Undefined index: data /Users/lawrance/Data/CES/CES/Home/Controller/MenuController.class.php 第 42 行.
NOTIC: [8] Undefined index: data /Users/lawrance/Data/CES/CES/Home/Controller/MenuController.class.php 第 43 行.
NOTIC: [2] Invalid argument supplied for foreach() /Users/lawrance/Data/CES/CES/Home/Controller/MenuController.class.php 第 45 行.
NOTIC: [8] Undefined variable: temp /Users/lawrance/Data/CES/CES/Home/Controller/MenuController.class.php 第 78 行.

[ 2016-11-11T14:39:58+08:00 ] ::1 /CES/index.php/Home/Menu/upMenuList
INFO: [ app_init ] --START--
INFO: Run Behavior\BuildLiteBehavior [ RunTime:0.000006s ]
INFO: [ app_init ] --END-- [ RunTime:0.000161s ]
INFO: [ app_begin ] --START--
INFO: Run Behavior\ReadHtmlCacheBehavior [ RunTime:0.000206s ]
INFO: [ app_begin ] --END-- [ RunTime:0.000223s ]
NOTIC: [2] json_decode() expects parameter 1 to be string, array given /Users/lawrance/Data/CES/CES/Home/Controller/MenuController.class.php 第 47 行.
NOTIC: [8] Trying to get property of non-object /Users/lawrance/Data/CES/CES/Home/Controller/MenuController.class.php 第 49 行.
NOTIC: [8] Trying to get property of non-object /Users/lawrance/Data/CES/CES/Home/Controller/MenuController.class.php 第 49 行.
SQL: SHOW COLUMNS FROM `tb_menu_key2content` [ RunTime:0.0026s ]
ERR: 1048:Column 'key' cannot be null
 [ SQL语句 ] : INSERT INTO `tb_menu_key2content` (`key`,`content`) VALUES (NULL,NULL)
ERR: 1048:Column 'key' cannot be null
 [ SQL语句 ] : INSERT INTO `tb_menu_key2content` (`key`,`content`) VALUES (NULL,NULL)

[ 2016-11-11T14:41:27+08:00 ] ::1 /CES/index.php/Home/Menu/upMenuList
INFO: [ app_init ] --START--
INFO: Run Behavior\BuildLiteBehavior [ RunTime:0.000007s ]
INFO: [ app_init ] --END-- [ RunTime:0.000168s ]
INFO: [ app_begin ] --START--
INFO: Run Behavior\ReadHtmlCacheBehavior [ RunTime:0.000206s ]
INFO: [ app_begin ] --END-- [ RunTime:0.000224s ]
NOTIC: [8] Undefined index: menu /Users/lawrance/Data/CES/CES/Home/Controller/MenuController.class.php 第 39 行.
NOTIC: [8] Undefined index: data /Users/lawrance/Data/CES/CES/Home/Controller/MenuController.class.php 第 42 行.
NOTIC: [8] Undefined index: data /Users/lawrance/Data/CES/CES/Home/Controller/MenuController.class.php 第 43 行.
NOTIC: [2] Invalid argument supplied for foreach() /Users/lawrance/Data/CES/CES/Home/Controller/MenuController.class.php 第 45 行.
NOTIC: [8] Undefined variable: temp /Users/lawrance/Data/CES/CES/Home/Controller/MenuController.class.php 第 78 行.

[ 2016-11-11T14:41:33+08:00 ] ::1 /CES/index.php/Home/Menu/upMenuList
INFO: [ app_init ] --START--
INFO: Run Behavior\BuildLiteBehavior [ RunTime:0.000008s ]
INFO: [ app_init ] --END-- [ RunTime:0.000221s ]
INFO: [ app_begin ] --START--
INFO: Run Behavior\ReadHtmlCacheBehavior [ RunTime:0.000317s ]
INFO: [ app_begin ] --END-- [ RunTime:0.000344s ]
NOTIC: [8] Undefined index: menu /Users/lawrance/Data/CES/CES/Home/Controller/MenuController.class.php 第 39 行.
NOTIC: [8] Undefined index: data /Users/lawrance/Data/CES/CES/Home/Controller/MenuController.class.php 第 42 行.
NOTIC: [8] Undefined index: data /Users/lawrance/Data/CES/CES/Home/Controller/MenuController.class.php 第 43 行.
NOTIC: [2] Invalid argument supplied for foreach() /Users/lawrance/Data/CES/CES/Home/Controller/MenuController.class.php 第 45 行.
NOTIC: [8] Undefined variable: temp /Users/lawrance/Data/CES/CES/Home/Controller/MenuController.class.php 第 78 行.

[ 2016-11-11T14:41:36+08:00 ] ::1 /CES/index.php/Home/Menu/upMenuList
INFO: [ app_init ] --START--
INFO: Run Behavior\BuildLiteBehavior [ RunTime:0.000010s ]
INFO: [ app_init ] --END-- [ RunTime:0.000271s ]
INFO: [ app_begin ] --START--
INFO: Run Behavior\ReadHtmlCacheBehavior [ RunTime:0.000398s ]
INFO: [ app_begin ] --END-- [ RunTime:0.000442s ]
NOTIC: [8] Undefined index: menu /Users/lawrance/Data/CES/CES/Home/Controller/MenuController.class.php 第 39 行.
NOTIC: [8] Undefined index: data /Users/lawrance/Data/CES/CES/Home/Controller/MenuController.class.php 第 42 行.
NOTIC: [8] Undefined index: data /Users/lawrance/Data/CES/CES/Home/Controller/MenuController.class.php 第 43 行.
NOTIC: [2] Invalid argument supplied for foreach() /Users/lawrance/Data/CES/CES/Home/Controller/MenuController.class.php 第 45 行.
NOTIC: [8] Undefined variable: temp /Users/lawrance/Data/CES/CES/Home/Controller/MenuController.class.php 第 78 行.

[ 2016-11-11T14:41:37+08:00 ] ::1 /CES/index.php/Home/Menu/upMenuList
INFO: [ app_init ] --START--
INFO: Run Behavior\BuildLiteBehavior [ RunTime:0.000006s ]
INFO: [ app_init ] --END-- [ RunTime:0.000172s ]
INFO: [ app_begin ] --START--
INFO: Run Behavior\ReadHtmlCacheBehavior [ RunTime:0.000214s ]
INFO: [ app_begin ] --END-- [ RunTime:0.000233s ]
NOTIC: [8] Undefined index: menu /Users/lawrance/Data/CES/CES/Home/Controller/MenuController.class.php 第 39 行.
NOTIC: [8] Undefined index: data /Users/lawrance/Data/CES/CES/Home/Controller/MenuController.class.php 第 42 行.
NOTIC: [8] Undefined index: data /Users/lawrance/Data/CES/CES/Home/Controller/MenuController.class.php 第 43 行.
NOTIC: [2] Invalid argument supplied for foreach() /Users/lawrance/Data/CES/CES/Home/Controller/MenuController.class.php 第 45 行.
NOTIC: [8] Undefined variable: temp /Users/lawrance/Data/CES/CES/Home/Controller/MenuController.class.php 第 78 行.

[ 2016-11-11T14:41:38+08:00 ] ::1 /CES/index.php/Home/Menu/upMenuList
INFO: [ app_init ] --START--
INFO: Run Behavior\BuildLiteBehavior [ RunTime:0.000006s ]
INFO: [ app_init ] --END-- [ RunTime:0.000174s ]
INFO: [ app_begin ] --START--
INFO: Run Behavior\ReadHtmlCacheBehavior [ RunTime:0.000269s ]
INFO: [ app_begin ] --END-- [ RunTime:0.000299s ]
NOTIC: [8] Undefined index: menu /Users/lawrance/Data/CES/CES/Home/Controller/MenuController.class.php 第 39 行.
NOTIC: [8] Undefined index: data /Users/lawrance/Data/CES/CES/Home/Controller/MenuController.class.php 第 42 行.
NOTIC: [8] Undefined index: data /Users/lawrance/Data/CES/CES/Home/Controller/MenuController.class.php 第 43 行.
NOTIC: [2] Invalid argument supplied for foreach() /Users/lawrance/Data/CES/CES/Home/Controller/MenuController.class.php 第 45 行.
NOTIC: [8] Undefined variable: temp /Users/lawrance/Data/CES/CES/Home/Controller/MenuController.class.php 第 78 行.

[ 2016-11-11T14:41:40+08:00 ] ::1 /CES/index.php/Home/Menu/upMenuList
INFO: [ app_init ] --START--
INFO: Run Behavior\BuildLiteBehavior [ RunTime:0.000007s ]
INFO: [ app_init ] --END-- [ RunTime:0.000233s ]
INFO: [ app_begin ] --START--
INFO: Run Behavior\ReadHtmlCacheBehavior [ RunTime:0.000332s ]
INFO: [ app_begin ] --END-- [ RunTime:0.000373s ]
NOTIC: [8] Undefined index: menu /Users/lawrance/Data/CES/CES/Home/Controller/MenuController.class.php 第 39 行.
NOTIC: [8] Undefined index: data /Users/lawrance/Data/CES/CES/Home/Controller/MenuController.class.php 第 42 行.
NOTIC: [8] Undefined index: data /Users/lawrance/Data/CES/CES/Home/Controller/MenuController.class.php 第 43 行.
NOTIC: [2] Invalid argument supplied for foreach() /Users/lawrance/Data/CES/CES/Home/Controller/MenuController.class.php 第 45 行.
NOTIC: [8] Undefined variable: temp /Users/lawrance/Data/CES/CES/Home/Controller/MenuController.class.php 第 78 行.

[ 2016-11-11T14:41:56+08:00 ] ::1 /CES/index.php/Home/Menu/upMenuList
INFO: [ app_init ] --START--
INFO: Run Behavior\BuildLiteBehavior [ RunTime:0.000009s ]
INFO: [ app_init ] --END-- [ RunTime:0.000268s ]
INFO: [ app_begin ] --START--
INFO: Run Behavior\ReadHtmlCacheBehavior [ RunTime:0.000469s ]
INFO: [ app_begin ] --END-- [ RunTime:0.000504s ]
NOTIC: [8] Undefined index: menu /Users/lawrance/Data/CES/CES/Home/Controller/MenuController.class.php 第 39 行.
NOTIC: [8] Undefined index: data /Users/lawrance/Data/CES/CES/Home/Controller/MenuController.class.php 第 42 行.
NOTIC: [8] Undefined index: data /Users/lawrance/Data/CES/CES/Home/Controller/MenuController.class.php 第 43 行.
NOTIC: [2] Invalid argument supplied for foreach() /Users/lawrance/Data/CES/CES/Home/Controller/MenuController.class.php 第 45 行.
NOTIC: [8] Undefined variable: temp /Users/lawrance/Data/CES/CES/Home/Controller/MenuController.class.php 第 78 行.

[ 2016-11-11T14:41:57+08:00 ] ::1 /CES/index.php/Home/Menu/upMenuList
INFO: [ app_init ] --START--
INFO: Run Behavior\BuildLiteBehavior [ RunTime:0.000006s ]
INFO: [ app_init ] --END-- [ RunTime:0.000166s ]
INFO: [ app_begin ] --START--
INFO: Run Behavior\ReadHtmlCacheBehavior [ RunTime:0.000206s ]
INFO: [ app_begin ] --END-- [ RunTime:0.000225s ]
NOTIC: [8] Undefined index: menu /Users/lawrance/Data/CES/CES/Home/Controller/MenuController.class.php 第 39 行.
NOTIC: [8] Undefined index: data /Users/lawrance/Data/CES/CES/Home/Controller/MenuController.class.php 第 42 行.
NOTIC: [8] Undefined index: data /Users/lawrance/Data/CES/CES/Home/Controller/MenuController.class.php 第 43 行.
NOTIC: [2] Invalid argument supplied for foreach() /Users/lawrance/Data/CES/CES/Home/Controller/MenuController.class.php 第 45 行.
NOTIC: [8] Undefined variable: temp /Users/lawrance/Data/CES/CES/Home/Controller/MenuController.class.php 第 78 行.

[ 2016-11-11T14:42:40+08:00 ] ::1 /CES/index.php/Home/Menu/upMenuList
INFO: [ app_init ] --START--
INFO: Run Behavior\BuildLiteBehavior [ RunTime:0.000015s ]
INFO: [ app_init ] --END-- [ RunTime:0.000392s ]
INFO: [ app_begin ] --START--
INFO: Run Behavior\ReadHtmlCacheBehavior [ RunTime:0.000439s ]
INFO: [ app_begin ] --END-- [ RunTime:0.000486s ]
NOTIC: [2] json_decode() expects parameter 1 to be string, array given /Users/lawrance/Data/CES/CES/Home/Controller/MenuController.class.php 第 47 行.
NOTIC: [8] Trying to get property of non-object /Users/lawrance/Data/CES/CES/Home/Controller/MenuController.class.php 第 49 行.
NOTIC: [8] Trying to get property of non-object /Users/lawrance/Data/CES/CES/Home/Controller/MenuController.class.php 第 49 行.
SQL: SHOW COLUMNS FROM `tb_menu_key2content` [ RunTime:0.0046s ]
ERR: 1048:Column 'key' cannot be null
 [ SQL语句 ] : INSERT INTO `tb_menu_key2content` (`key`,`content`) VALUES (NULL,NULL)
ERR: 1048:Column 'key' cannot be null
 [ SQL语句 ] : INSERT INTO `tb_menu_key2content` (`key`,`content`) VALUES (NULL,NULL)

[ 2016-11-11T14:43:41+08:00 ] ::1 /CES/index.php/Home/Menu/upMenuList
INFO: [ app_init ] --START--
INFO: Run Behavior\BuildLiteBehavior [ RunTime:0.000007s ]
INFO: [ app_init ] --END-- [ RunTime:0.000191s ]
INFO: [ app_begin ] --START--
INFO: Run Behavior\ReadHtmlCacheBehavior [ RunTime:0.000276s ]
INFO: [ app_begin ] --END-- [ RunTime:0.000305s ]

[ 2016-11-11T14:43:57+08:00 ] ::1 /CES/index.php/Home/Menu/upMenuList
INFO: [ app_init ] --START--
INFO: Run Behavior\BuildLiteBehavior [ RunTime:0.000008s ]
INFO: [ app_init ] --END-- [ RunTime:0.000191s ]
INFO: [ app_begin ] --START--
INFO: Run Behavior\ReadHtmlCacheBehavior [ RunTime:0.000333s ]
INFO: [ app_begin ] --END-- [ RunTime:0.000374s ]

[ 2016-11-11T14:44:27+08:00 ] ::1 /CES/index.php/Home/Menu/upMenuList
INFO: [ app_init ] --START--
INFO: Run Behavior\BuildLiteBehavior [ RunTime:0.000009s ]
INFO: [ app_init ] --END-- [ RunTime:0.000214s ]
INFO: [ app_begin ] --START--
INFO: Run Behavior\ReadHtmlCacheBehavior [ RunTime:0.000220s ]
INFO: [ app_begin ] --END-- [ RunTime:0.000238s ]

[ 2016-11-11T14:44:37+08:00 ] ::1 /CES/index.php/Home/Menu/upMenuList
INFO: [ app_init ] --START--
INFO: Run Behavior\BuildLiteBehavior [ RunTime:0.000007s ]
INFO: [ app_init ] --END-- [ RunTime:0.000255s ]
INFO: [ app_begin ] --START--
INFO: Run Behavior\ReadHtmlCacheBehavior [ RunTime:0.000274s ]
INFO: [ app_begin ] --END-- [ RunTime:0.000301s ]

[ 2016-11-11T14:45:15+08:00 ] ::1 /CES/index.php/Home/Menu/upMenuList
INFO: [ app_init ] --START--
INFO: Run Behavior\BuildLiteBehavior [ RunTime:0.000011s ]
INFO: [ app_init ] --END-- [ RunTime:0.000247s ]
INFO: [ app_begin ] --START--
INFO: Run Behavior\ReadHtmlCacheBehavior [ RunTime:0.000265s ]
INFO: [ app_begin ] --END-- [ RunTime:0.000291s ]
NOTIC: [8] Trying to get property of non-object /Users/lawrance/Data/CES/CES/Home/Controller/MenuController.class.php 第 49 行.
NOTIC: [8] Trying to get property of non-object /Users/lawrance/Data/CES/CES/Home/Controller/MenuController.class.php 第 49 行.
SQL: SHOW COLUMNS FROM `tb_menu_key2content` [ RunTime:0.0020s ]
ERR: 1048:Column 'key' cannot be null
 [ SQL语句 ] : INSERT INTO `tb_menu_key2content` (`key`,`content`) VALUES (NULL,NULL)
ERR: 1048:Column 'key' cannot be null
 [ SQL语句 ] : INSERT INTO `tb_menu_key2content` (`key`,`content`) VALUES (NULL,NULL)

[ 2016-11-11T14:45:26+08:00 ] ::1 /CES/index.php/Home/Menu/upMenuList
INFO: [ app_init ] --START--
INFO: Run Behavior\BuildLiteBehavior [ RunTime:0.000010s ]
INFO: [ app_init ] --END-- [ RunTime:0.000226s ]
INFO: [ app_begin ] --START--
INFO: Run Behavior\ReadHtmlCacheBehavior [ RunTime:0.000257s ]
INFO: [ app_begin ] --END-- [ RunTime:0.000282s ]
ERR: Cannot use object of type stdClass as array

[ 2016-11-11T14:45:43+08:00 ] ::1 /CES/index.php/Home/Menu/upMenuList
INFO: [ app_init ] --START--
INFO: Run Behavior\BuildLiteBehavior [ RunTime:0.000010s ]
INFO: [ app_init ] --END-- [ RunTime:0.000228s ]
INFO: [ app_begin ] --START--
INFO: Run Behavior\ReadHtmlCacheBehavior [ RunTime:0.000322s ]
INFO: [ app_begin ] --END-- [ RunTime:0.000350s ]

[ 2016-11-11T14:49:53+08:00 ] ::1 /CES/index.php/Home/Menu/upMenuList
INFO: [ app_init ] --START--
INFO: Run Behavior\BuildLiteBehavior [ RunTime:0.000009s ]
INFO: [ app_init ] --END-- [ RunTime:0.000254s ]
INFO: [ app_begin ] --START--
INFO: Run Behavior\ReadHtmlCacheBehavior [ RunTime:0.000327s ]
INFO: [ app_begin ] --END-- [ RunTime:0.000357s ]
SQL: SHOW COLUMNS FROM `tb_menu_key2content` [ RunTime:0.0015s ]
SQL: INSERT INTO `tb_menu_key2content` (`key`,`content`) VALUES ('14788469930000','1') [ RunTime:0.0221s ]
ERR: 1062:Duplicate entry '147884699300' for key 'PRIMARY'
 [ SQL语句 ] : INSERT INTO `tb_menu_key2content` (`key`,`content`) VALUES ('14788469930001','2')
ERR: 1062:Duplicate entry '147884699300' for key 'PRIMARY'
 [ SQL语句 ] : INSERT INTO `tb_menu_key2content` (`key`,`content`) VALUES ('14788469930001','2')

[ 2016-11-11T14:50:19+08:00 ] ::1 /CES/index.php/Home/Menu/upMenuList
INFO: [ app_init ] --START--
INFO: Run Behavior\BuildLiteBehavior [ RunTime:0.000010s ]
INFO: [ app_init ] --END-- [ RunTime:0.000271s ]
INFO: [ app_begin ] --START--
INFO: Run Behavior\ReadHtmlCacheBehavior [ RunTime:0.000345s ]
INFO: [ app_begin ] --END-- [ RunTime:0.000376s ]
SQL: SHOW COLUMNS FROM `tb_menu_key2content` [ RunTime:0.0023s ]
SQL: INSERT INTO `tb_menu_key2content` (`key`,`content`) VALUES ('14788470190000','1') [ RunTime:0.0027s ]
ERR: 1062:Duplicate entry '147884701900' for key 'PRIMARY'
 [ SQL语句 ] : INSERT INTO `tb_menu_key2content` (`key`,`content`) VALUES ('14788470190001','2')
ERR: 1062:Duplicate entry '147884701900' for key 'PRIMARY'
 [ SQL语句 ] : INSERT INTO `tb_menu_key2content` (`key`,`content`) VALUES ('14788470190001','2')

[ 2016-11-11T14:50:59+08:00 ] ::1 /CES/index.php/Home/Menu/upMenuList
INFO: [ app_init ] --START--
INFO: Run Behavior\BuildLiteBehavior [ RunTime:0.000007s ]
INFO: [ app_init ] --END-- [ RunTime:0.000200s ]
INFO: [ app_begin ] --START--
INFO: Run Behavior\ReadHtmlCacheBehavior [ RunTime:0.000383s ]
INFO: [ app_begin ] --END-- [ RunTime:0.000426s ]
SQL: SHOW COLUMNS FROM `tb_menu_key2content` [ RunTime:0.0019s ]
SQL: INSERT INTO `tb_menu_key2content` (`key`,`content`) VALUES ('14788470580000','1') [ RunTime:0.0013s ]
ERR: 1062:Duplicate entry '147884705800' for key 'PRIMARY'
 [ SQL语句 ] : INSERT INTO `tb_menu_key2content` (`key`,`content`) VALUES ('14788470580001','2')
ERR: 1062:Duplicate entry '147884705800' for key 'PRIMARY'
 [ SQL语句 ] : INSERT INTO `tb_menu_key2content` (`key`,`content`) VALUES ('14788470580001','2')

[ 2016-11-11T14:51:03+08:00 ] ::1 /CES/index.php/Home/Menu/upMenuList
INFO: [ app_init ] --START--
INFO: Run Behavior\BuildLiteBehavior [ RunTime:0.000007s ]
INFO: [ app_init ] --END-- [ RunTime:0.000191s ]
INFO: [ app_begin ] --START--
INFO: Run Behavior\ReadHtmlCacheBehavior [ RunTime:0.000216s ]
INFO: [ app_begin ] --END-- [ RunTime:0.000236s ]
SQL: SHOW COLUMNS FROM `tb_menu_key2content` [ RunTime:0.0019s ]
SQL: INSERT INTO `tb_menu_key2content` (`key`,`content`) VALUES ('14788470630000','1') [ RunTime:0.0006s ]
ERR: 1062:Duplicate entry '147884706300' for key 'PRIMARY'
 [ SQL语句 ] : INSERT INTO `tb_menu_key2content` (`key`,`content`) VALUES ('14788470630001','2')
ERR: 1062:Duplicate entry '147884706300' for key 'PRIMARY'
 [ SQL语句 ] : INSERT INTO `tb_menu_key2content` (`key`,`content`) VALUES ('14788470630001','2')

[ 2016-11-11T14:52:13+08:00 ] ::1 /CES/index.php/Home/Menu/upMenuList
INFO: [ app_init ] --START--
INFO: Run Behavior\BuildLiteBehavior [ RunTime:0.000011s ]
INFO: [ app_init ] --END-- [ RunTime:0.000312s ]
INFO: [ app_begin ] --START--
INFO: Run Behavior\ReadHtmlCacheBehavior [ RunTime:0.000421s ]
INFO: [ app_begin ] --END-- [ RunTime:0.000465s ]
SQL: SHOW COLUMNS FROM `tb_menu_key2content` [ RunTime:0.0027s ]
SQL: INSERT INTO `tb_menu_key2content` (`key`,`content`) VALUES ('14788471330000','1') [ RunTime:0.0025s ]
ERR: 1062:Duplicate entry '147884713300' for key 'PRIMARY'
 [ SQL语句 ] : INSERT INTO `tb_menu_key2content` (`key`,`content`) VALUES ('14788471330001','2')
ERR: 1062:Duplicate entry '147884713300' for key 'PRIMARY'
 [ SQL语句 ] : INSERT INTO `tb_menu_key2content` (`key`,`content`) VALUES ('14788471330001','2')

[ 2016-11-11T14:52:53+08:00 ] ::1 /CES/index.php/Home/Menu/upMenuList
INFO: [ app_init ] --START--
INFO: Run Behavior\BuildLiteBehavior [ RunTime:0.000010s ]
INFO: [ app_init ] --END-- [ RunTime:0.000225s ]
INFO: [ app_begin ] --START--
INFO: Run Behavior\ReadHtmlCacheBehavior [ RunTime:0.000355s ]
INFO: [ app_begin ] --END-- [ RunTime:0.000385s ]

[ 2016-11-11T14:53:53+08:00 ] ::1 /CES/index.php/Home/Menu/upMenuList
INFO: [ app_init ] --START--
INFO: Run Behavior\BuildLiteBehavior [ RunTime:0.000008s ]
INFO: [ app_init ] --END-- [ RunTime:0.000285s ]
INFO: [ app_begin ] --START--
INFO: Run Behavior\ReadHtmlCacheBehavior [ RunTime:0.000402s ]
INFO: [ app_begin ] --END-- [ RunTime:0.000439s ]

[ 2016-11-11T14:54:06+08:00 ] ::1 /CES/index.php/Home/Menu/upMenuList
INFO: [ app_init ] --START--
INFO: Run Behavior\BuildLiteBehavior [ RunTime:0.000009s ]
INFO: [ app_init ] --END-- [ RunTime:0.000217s ]
INFO: [ app_begin ] --START--
INFO: Run Behavior\ReadHtmlCacheBehavior [ RunTime:0.000224s ]
INFO: [ app_begin ] --END-- [ RunTime:0.000242s ]

[ 2016-11-11T14:54:08+08:00 ] ::1 /CES/index.php/Home/Menu/upMenuList
INFO: [ app_init ] --START--
INFO: Run Behavior\BuildLiteBehavior [ RunTime:0.000013s ]
INFO: [ app_init ] --END-- [ RunTime:0.000260s ]
INFO: [ app_begin ] --START--
INFO: Run Behavior\ReadHtmlCacheBehavior [ RunTime:0.000321s ]
INFO: [ app_begin ] --END-- [ RunTime:0.000350s ]

[ 2016-11-11T14:55:03+08:00 ] ::1 /CES/index.php/Home/Menu/upMenuList
INFO: [ app_init ] --START--
INFO: Run Behavior\BuildLiteBehavior [ RunTime:0.000006s ]
INFO: [ app_init ] --END-- [ RunTime:0.000159s ]
INFO: [ app_begin ] --START--
INFO: Run Behavior\ReadHtmlCacheBehavior [ RunTime:0.000196s ]
INFO: [ app_begin ] --END-- [ RunTime:0.000214s ]

[ 2016-11-11T14:55:50+08:00 ] ::1 /CES/index.php/Home/Menu/upMenuList
INFO: [ app_init ] --START--
INFO: Run Behavior\BuildLiteBehavior [ RunTime:0.000010s ]
INFO: [ app_init ] --END-- [ RunTime:0.000245s ]
INFO: [ app_begin ] --START--
INFO: Run Behavior\ReadHtmlCacheBehavior [ RunTime:0.000312s ]
INFO: [ app_begin ] --END-- [ RunTime:0.000360s ]

[ 2016-11-11T14:57:49+08:00 ] ::1 /CES/index.php/Home/Menu/upMenuList
INFO: [ app_init ] --START--
INFO: Run Behavior\BuildLiteBehavior [ RunTime:0.000008s ]
INFO: [ app_init ] --END-- [ RunTime:0.000292s ]
INFO: [ app_begin ] --START--
INFO: Run Behavior\ReadHtmlCacheBehavior [ RunTime:0.000395s ]
INFO: [ app_begin ] --END-- [ RunTime:0.000434s ]

[ 2016-11-11T14:58:25+08:00 ] ::1 /CES/index.php/Home/Menu/upMenuList
INFO: [ app_init ] --START--
INFO: Run Behavior\BuildLiteBehavior [ RunTime:0.000008s ]
INFO: [ app_init ] --END-- [ RunTime:0.000203s ]
INFO: [ app_begin ] --START--
INFO: Run Behavior\ReadHtmlCacheBehavior [ RunTime:0.000355s ]
INFO: [ app_begin ] --END-- [ RunTime:0.000391s ]
NOTIC: [8] Trying to get property of non-object /Users/lawrance/Data/CES/CES/Home/Controller/MenuController.class.php 第 52 行.

[ 2016-11-11T14:59:54+08:00 ] ::1 /CES/index.php/Home/Menu/upMenuList
INFO: [ app_init ] --START--
INFO: Run Behavior\BuildLiteBehavior [ RunTime:0.000007s ]
INFO: [ app_init ] --END-- [ RunTime:0.000182s ]
INFO: [ app_begin ] --START--
INFO: Run Behavior\ReadHtmlCacheBehavior [ RunTime:0.000376s ]
INFO: [ app_begin ] --END-- [ RunTime:0.000413s ]

[ 2016-11-11T15:00:19+08:00 ] ::1 /CES/index.php/Home/Menu/upMenuList
INFO: [ app_init ] --START--
INFO: Run Behavior\BuildLiteBehavior [ RunTime:0.000010s ]
INFO: [ app_init ] --END-- [ RunTime:0.000327s ]
INFO: [ app_begin ] --START--
INFO: Run Behavior\ReadHtmlCacheBehavior [ RunTime:0.000299s ]
INFO: [ app_begin ] --END-- [ RunTime:0.000327s ]

[ 2016-11-11T15:01:11+08:00 ] ::1 /CES/index.php/Home/Menu/upMenuList
INFO: [ app_init ] --START--
INFO: Run Behavior\BuildLiteBehavior [ RunTime:0.000010s ]
INFO: [ app_init ] --END-- [ RunTime:0.000301s ]
INFO: [ app_begin ] --START--
INFO: Run Behavior\ReadHtmlCacheBehavior [ RunTime:0.000402s ]
INFO: [ app_begin ] --END-- [ RunTime:0.000444s ]

[ 2016-11-11T15:01:21+08:00 ] ::1 /CES/index.php/Home/Menu/upMenuList
INFO: [ app_init ] --START--
INFO: Run Behavior\BuildLiteBehavior [ RunTime:0.000009s ]
INFO: [ app_init ] --END-- [ RunTime:0.000275s ]
INFO: [ app_begin ] --START--
INFO: Run Behavior\ReadHtmlCacheBehavior [ RunTime:0.000387s ]
INFO: [ app_begin ] --END-- [ RunTime:0.000422s ]
NOTIC: [8] Trying to get property of non-object /Users/lawrance/Data/CES/CES/Home/Controller/MenuController.class.php 第 48 行.

[ 2016-11-11T15:01:53+08:00 ] ::1 /CES/index.php/Home/Menu/upMenuList
INFO: [ app_init ] --START--
INFO: Run Behavior\BuildLiteBehavior [ RunTime:0.000009s ]
INFO: [ app_init ] --END-- [ RunTime:0.000243s ]
INFO: [ app_begin ] --START--
INFO: Run Behavior\ReadHtmlCacheBehavior [ RunTime:0.000409s ]
INFO: [ app_begin ] --END-- [ RunTime:0.000451s ]

[ 2016-11-11T15:03:38+08:00 ] ::1 /CES/index.php/Home/Menu/upMenuList
INFO: [ app_init ] --START--
INFO: Run Behavior\BuildLiteBehavior [ RunTime:0.000011s ]
INFO: [ app_init ] --END-- [ RunTime:0.000282s ]
INFO: [ app_begin ] --START--
INFO: Run Behavior\ReadHtmlCacheBehavior [ RunTime:0.000355s ]
INFO: [ app_begin ] --END-- [ RunTime:0.000392s ]

[ 2016-11-11T15:04:07+08:00 ] ::1 /CES/index.php/Home/Menu/upMenuList
INFO: [ app_init ] --START--
INFO: Run Behavior\BuildLiteBehavior [ RunTime:0.000014s ]
INFO: [ app_init ] --END-- [ RunTime:0.000672s ]
INFO: [ app_begin ] --START--
INFO: Run Behavior\ReadHtmlCacheBehavior [ RunTime:0.000314s ]
INFO: [ app_begin ] --END-- [ RunTime:0.000351s ]

[ 2016-11-11T15:04:46+08:00 ] ::1 /CES/index.php/Home/Menu/upMenuList
INFO: [ app_init ] --START--
INFO: Run Behavior\BuildLiteBehavior [ RunTime:0.000009s ]
INFO: [ app_init ] --END-- [ RunTime:0.000246s ]
INFO: [ app_begin ] --START--
INFO: Run Behavior\ReadHtmlCacheBehavior [ RunTime:0.000242s ]
INFO: [ app_begin ] --END-- [ RunTime:0.000266s ]
SQL: SHOW COLUMNS FROM `tb_menu_key2content` [ RunTime:0.0023s ]
SQL: INSERT INTO `tb_menu_key2content` (`key`,`content`) VALUES ('14788478860000','1') [ RunTime:0.0015s ]
ERR: 1062:Duplicate entry '147884788600' for key 'PRIMARY'
 [ SQL语句 ] : INSERT INTO `tb_menu_key2content` (`key`,`content`) VALUES ('14788478860001','2')
ERR: 1062:Duplicate entry '147884788600' for key 'PRIMARY'
 [ SQL语句 ] : INSERT INTO `tb_menu_key2content` (`key`,`content`) VALUES ('14788478860001','2')

[ 2016-11-11T15:05:22+08:00 ] ::1 /CES/index.php/Home/Menu/upMenuList
INFO: [ app_init ] --START--
INFO: Run Behavior\BuildLiteBehavior [ RunTime:0.000007s ]
INFO: [ app_init ] --END-- [ RunTime:0.000213s ]
INFO: [ app_begin ] --START--
INFO: Run Behavior\ReadHtmlCacheBehavior [ RunTime:0.000269s ]
INFO: [ app_begin ] --END-- [ RunTime:0.000298s ]
SQL: SHOW COLUMNS FROM `tb_menu_key2content` [ RunTime:0.0019s ]
SQL: INSERT INTO `tb_menu_key2content` (`key`,`content`) VALUES ('14788479220000','1') [ RunTime:0.0006s ]

[ 2016-11-11T15:09:25+08:00 ] ::1 /CES/index.php/Home/Menu/upMenuList
INFO: [ app_init ] --START--
INFO: Run Behavior\BuildLiteBehavior [ RunTime:0.000007s ]
INFO: [ app_init ] --END-- [ RunTime:0.000401s ]
INFO: [ app_begin ] --START--
INFO: Run Behavior\ReadHtmlCacheBehavior [ RunTime:0.000464s ]
INFO: [ app_begin ] --END-- [ RunTime:0.000491s ]
SQL: SHOW COLUMNS FROM `tb_menu_key2content` [ RunTime:0.0012s ]
SQL: INSERT INTO `tb_menu_key2content` (`key`,`content`) VALUES ('14788481650000','1') [ RunTime:0.0006s ]
ERR: 1062:Duplicate entry '147884816500' for key 'PRIMARY'
 [ SQL语句 ] : INSERT INTO `tb_menu_key2content` (`key`,`content`) VALUES ('14788481650001','2')
ERR: 1062:Duplicate entry '147884816500' for key 'PRIMARY'
 [ SQL语句 ] : INSERT INTO `tb_menu_key2content` (`key`,`content`) VALUES ('14788481650001','2')

[ 2016-11-11T15:11:08+08:00 ] ::1 /CES/index.php/Home/Menu/upMenuList
INFO: [ app_init ] --START--
INFO: Run Behavior\BuildLiteBehavior [ RunTime:0.000013s ]
INFO: [ app_init ] --END-- [ RunTime:0.000310s ]
INFO: [ app_begin ] --START--
INFO: Run Behavior\ReadHtmlCacheBehavior [ RunTime:0.000372s ]
INFO: [ app_begin ] --END-- [ RunTime:0.000411s ]
SQL: SHOW COLUMNS FROM `tb_menu_key2content` [ RunTime:0.0021s ]
SQL: INSERT INTO `tb_menu_key2content` (`key`,`content`) VALUES ('14788482680000','1') [ RunTime:0.0006s ]
ERR: 1062:Duplicate entry '147884826800' for key 'PRIMARY'
 [ SQL语句 ] : INSERT INTO `tb_menu_key2content` (`key`,`content`) VALUES ('14788482680001','2')
ERR: 1062:Duplicate entry '147884826800' for key 'PRIMARY'
 [ SQL语句 ] : INSERT INTO `tb_menu_key2content` (`key`,`content`) VALUES ('14788482680001','2')

[ 2016-11-11T15:11:32+08:00 ] ::1 /CES/index.php/Home/Menu/upMenuList
INFO: [ app_init ] --START--
INFO: Run Behavior\BuildLiteBehavior [ RunTime:0.000007s ]
INFO: [ app_init ] --END-- [ RunTime:0.000177s ]
INFO: [ app_begin ] --START--
INFO: Run Behavior\ReadHtmlCacheBehavior [ RunTime:0.000278s ]
INFO: [ app_begin ] --END-- [ RunTime:0.000309s ]
SQL: SHOW COLUMNS FROM `tb_menu_key2content` [ RunTime:0.0022s ]
SQL: INSERT INTO `tb_menu_key2content` (`key`,`content`) VALUES ('14788482920000','1') [ RunTime:0.0006s ]
ERR: 1062:Duplicate entry '147884829200' for key 'PRIMARY'
 [ SQL语句 ] : INSERT INTO `tb_menu_key2content` (`key`,`content`) VALUES ('14788482920001','2')
ERR: 1062:Duplicate entry '147884829200' for key 'PRIMARY'
 [ SQL语句 ] : INSERT INTO `tb_menu_key2content` (`key`,`content`) VALUES ('14788482920001','2')

[ 2016-11-11T15:12:49+08:00 ] ::1 /CES/index.php/Home/Menu/upMenuList
INFO: [ app_init ] --START--
INFO: Run Behavior\BuildLiteBehavior [ RunTime:0.000008s ]
INFO: [ app_init ] --END-- [ RunTime:0.000201s ]
INFO: [ app_begin ] --START--
INFO: Run Behavior\ReadHtmlCacheBehavior [ RunTime:0.000315s ]
INFO: [ app_begin ] --END-- [ RunTime:0.000397s ]
SQL: SHOW COLUMNS FROM `tb_menu_key2content` [ RunTime:0.0019s ]
SQL: INSERT INTO `tb_menu_key2content` (`key`,`content`) VALUES ('14788483690000','1') [ RunTime:0.0006s ]
ERR: 1062:Duplicate entry '147884836900' for key 'PRIMARY'
 [ SQL语句 ] : INSERT INTO `tb_menu_key2content` (`key`,`content`) VALUES ('14788483690001','2')
ERR: 1062:Duplicate entry '147884836900' for key 'PRIMARY'
 [ SQL语句 ] : INSERT INTO `tb_menu_key2content` (`key`,`content`) VALUES ('14788483690001','2')

[ 2016-11-11T15:15:01+08:00 ] ::1 /CES/index.php/Home/Menu/upMenuList
INFO: [ app_init ] --START--
INFO: Run Behavior\BuildLiteBehavior [ RunTime:0.000013s ]
INFO: [ app_init ] --END-- [ RunTime:0.000334s ]
INFO: [ app_begin ] --START--
INFO: Run Behavior\ReadHtmlCacheBehavior [ RunTime:0.000290s ]
INFO: [ app_begin ] --END-- [ RunTime:0.000331s ]
SQL: SHOW COLUMNS FROM `tb_menu_key2content` [ RunTime:0.0024s ]
SQL: INSERT INTO `tb_menu_key2content` (`key`,`content`) VALUES ('14788485010000','1') [ RunTime:0.0006s ]
ERR: 1062:Duplicate entry '147884850100' for key 'PRIMARY'
 [ SQL语句 ] : INSERT INTO `tb_menu_key2content` (`key`,`content`) VALUES ('14788485010001','2')
ERR: 1062:Duplicate entry '147884850100' for key 'PRIMARY'
 [ SQL语句 ] : INSERT INTO `tb_menu_key2content` (`key`,`content`) VALUES ('14788485010001','2')

[ 2016-11-11T15:15:03+08:00 ] ::1 /CES/index.php/Home/Menu/upMenuList
INFO: [ app_init ] --START--
INFO: Run Behavior\BuildLiteBehavior [ RunTime:0.000012s ]
INFO: [ app_init ] --END-- [ RunTime:0.000398s ]
INFO: [ app_begin ] --START--
INFO: Run Behavior\ReadHtmlCacheBehavior [ RunTime:0.000240s ]
INFO: [ app_begin ] --END-- [ RunTime:0.000262s ]
SQL: SHOW COLUMNS FROM `tb_menu_key2content` [ RunTime:0.0008s ]
SQL: INSERT INTO `tb_menu_key2content` (`key`,`content`) VALUES ('14788485030000','1') [ RunTime:0.0005s ]
ERR: 1062:Duplicate entry '147884850300' for key 'PRIMARY'
 [ SQL语句 ] : INSERT INTO `tb_menu_key2content` (`key`,`content`) VALUES ('14788485030001','2')
ERR: 1062:Duplicate entry '147884850300' for key 'PRIMARY'
 [ SQL语句 ] : INSERT INTO `tb_menu_key2content` (`key`,`content`) VALUES ('14788485030001','2')

[ 2016-11-11T15:16:54+08:00 ] ::1 /CES/index.php/Home/Menu/upMenuList
INFO: [ app_init ] --START--
INFO: Run Behavior\BuildLiteBehavior [ RunTime:0.000007s ]
INFO: [ app_init ] --END-- [ RunTime:0.000187s ]
INFO: [ app_begin ] --START--
INFO: Run Behavior\ReadHtmlCacheBehavior [ RunTime:0.000371s ]
INFO: [ app_begin ] --END-- [ RunTime:0.000410s ]
SQL: SHOW COLUMNS FROM `tb_menu_key2content` [ RunTime:0.0022s ]
SQL: INSERT INTO `tb_menu_key2content` (`key`,`content`) VALUES ('14788486140000','1') [ RunTime:0.0008s ]
ERR: 1062:Duplicate entry '147884861400' for key 'PRIMARY'
 [ SQL语句 ] : INSERT INTO `tb_menu_key2content` (`key`,`content`) VALUES ('14788486140001','2')
ERR: 1062:Duplicate entry '147884861400' for key 'PRIMARY'
 [ SQL语句 ] : INSERT INTO `tb_menu_key2content` (`key`,`content`) VALUES ('14788486140001','2')

[ 2016-11-11T15:16:55+08:00 ] ::1 /CES/index.php/Home/Menu/upMenuList
INFO: [ app_init ] --START--
INFO: Run Behavior\BuildLiteBehavior [ RunTime:0.000006s ]
INFO: [ app_init ] --END-- [ RunTime:0.000167s ]
INFO: [ app_begin ] --START--
INFO: Run Behavior\ReadHtmlCacheBehavior [ RunTime:0.000209s ]
INFO: [ app_begin ] --END-- [ RunTime:0.000227s ]
SQL: SHOW COLUMNS FROM `tb_menu_key2content` [ RunTime:0.0018s ]
SQL: INSERT INTO `tb_menu_key2content` (`key`,`content`) VALUES ('14788486150000','1') [ RunTime:0.0006s ]
ERR: 1062:Duplicate entry '147884861500' for key 'PRIMARY'
 [ SQL语句 ] : INSERT INTO `tb_menu_key2content` (`key`,`content`) VALUES ('14788486150001','2')
ERR: 1062:Duplicate entry '147884861500' for key 'PRIMARY'
 [ SQL语句 ] : INSERT INTO `tb_menu_key2content` (`key`,`content`) VALUES ('14788486150001','2')

[ 2016-11-11T15:16:56+08:00 ] ::1 /CES/index.php/Home/Menu/upMenuList
INFO: [ app_init ] --START--
INFO: Run Behavior\BuildLiteBehavior [ RunTime:0.000007s ]
INFO: [ app_init ] --END-- [ RunTime:0.000174s ]
INFO: [ app_begin ] --START--
INFO: Run Behavior\ReadHtmlCacheBehavior [ RunTime:0.000215s ]
INFO: [ app_begin ] --END-- [ RunTime:0.000235s ]
SQL: SHOW COLUMNS FROM `tb_menu_key2content` [ RunTime:0.0018s ]
SQL: INSERT INTO `tb_menu_key2content` (`key`,`content`) VALUES ('14788486160000','1') [ RunTime:0.0006s ]
ERR: 1062:Duplicate entry '147884861600' for key 'PRIMARY'
 [ SQL语句 ] : INSERT INTO `tb_menu_key2content` (`key`,`content`) VALUES ('14788486160001','2')
ERR: 1062:Duplicate entry '147884861600' for key 'PRIMARY'
 [ SQL语句 ] : INSERT INTO `tb_menu_key2content` (`key`,`content`) VALUES ('14788486160001','2')

[ 2016-11-11T15:16:56+08:00 ] ::1 /CES/index.php/Home/Menu/upMenuList
INFO: [ app_init ] --START--
INFO: Run Behavior\BuildLiteBehavior [ RunTime:0.000006s ]
INFO: [ app_init ] --END-- [ RunTime:0.000168s ]
INFO: [ app_begin ] --START--
INFO: Run Behavior\ReadHtmlCacheBehavior [ RunTime:0.000220s ]
INFO: [ app_begin ] --END-- [ RunTime:0.000241s ]
SQL: SHOW COLUMNS FROM `tb_menu_key2content` [ RunTime:0.0017s ]
ERR: 1062:Duplicate entry '147884861600' for key 'PRIMARY'
 [ SQL语句 ] : INSERT INTO `tb_menu_key2content` (`key`,`content`) VALUES ('14788486160000','1')
ERR: 1062:Duplicate entry '147884861600' for key 'PRIMARY'
 [ SQL语句 ] : INSERT INTO `tb_menu_key2content` (`key`,`content`) VALUES ('14788486160000','1')

[ 2016-11-11T15:16:57+08:00 ] ::1 /CES/index.php/Home/Menu/upMenuList
INFO: [ app_init ] --START--
INFO: Run Behavior\BuildLiteBehavior [ RunTime:0.000006s ]
INFO: [ app_init ] --END-- [ RunTime:0.000177s ]
INFO: [ app_begin ] --START--
INFO: Run Behavior\ReadHtmlCacheBehavior [ RunTime:0.000209s ]
INFO: [ app_begin ] --END-- [ RunTime:0.000227s ]
SQL: SHOW COLUMNS FROM `tb_menu_key2content` [ RunTime:0.0018s ]
SQL: INSERT INTO `tb_menu_key2content` (`key`,`content`) VALUES ('14788486170000','1') [ RunTime:0.0007s ]
ERR: 1062:Duplicate entry '147884861700' for key 'PRIMARY'
 [ SQL语句 ] : INSERT INTO `tb_menu_key2content` (`key`,`content`) VALUES ('14788486170001','2')
ERR: 1062:Duplicate entry '147884861700' for key 'PRIMARY'
 [ SQL语句 ] : INSERT INTO `tb_menu_key2content` (`key`,`content`) VALUES ('14788486170001','2')

[ 2016-11-11T15:16:58+08:00 ] ::1 /CES/index.php/Home/Menu/upMenuList
INFO: [ app_init ] --START--
INFO: Run Behavior\BuildLiteBehavior [ RunTime:0.000006s ]
INFO: [ app_init ] --END-- [ RunTime:0.000169s ]
INFO: [ app_begin ] --START--
INFO: Run Behavior\ReadHtmlCacheBehavior [ RunTime:0.000209s ]
INFO: [ app_begin ] --END-- [ RunTime:0.000227s ]
SQL: SHOW COLUMNS FROM `tb_menu_key2content` [ RunTime:0.0020s ]
SQL: INSERT INTO `tb_menu_key2content` (`key`,`content`) VALUES ('14788486180000','1') [ RunTime:0.0006s ]
ERR: 1062:Duplicate entry '147884861800' for key 'PRIMARY'
 [ SQL语句 ] : INSERT INTO `tb_menu_key2content` (`key`,`content`) VALUES ('14788486180001','2')
ERR: 1062:Duplicate entry '147884861800' for key 'PRIMARY'
 [ SQL语句 ] : INSERT INTO `tb_menu_key2content` (`key`,`content`) VALUES ('14788486180001','2')

[ 2016-11-11T15:16:58+08:00 ] ::1 /CES/index.php/Home/Menu/upMenuList
INFO: [ app_init ] --START--
INFO: Run Behavior\BuildLiteBehavior [ RunTime:0.000007s ]
INFO: [ app_init ] --END-- [ RunTime:0.000179s ]
INFO: [ app_begin ] --START--
INFO: Run Behavior\ReadHtmlCacheBehavior [ RunTime:0.000214s ]
INFO: [ app_begin ] --END-- [ RunTime:0.000232s ]
SQL: SHOW COLUMNS FROM `tb_menu_key2content` [ RunTime:0.0019s ]
ERR: 1062:Duplicate entry '147884861800' for key 'PRIMARY'
 [ SQL语句 ] : INSERT INTO `tb_menu_key2content` (`key`,`content`) VALUES ('14788486180000','1')
ERR: 1062:Duplicate entry '147884861800' for key 'PRIMARY'
 [ SQL语句 ] : INSERT INTO `tb_menu_key2content` (`key`,`content`) VALUES ('14788486180000','1')

[ 2016-11-11T15:16:59+08:00 ] ::1 /CES/index.php/Home/Menu/upMenuList
INFO: [ app_init ] --START--
INFO: Run Behavior\BuildLiteBehavior [ RunTime:0.000007s ]
INFO: [ app_init ] --END-- [ RunTime:0.000173s ]
INFO: [ app_begin ] --START--
INFO: Run Behavior\ReadHtmlCacheBehavior [ RunTime:0.000213s ]
INFO: [ app_begin ] --END-- [ RunTime:0.000232s ]
SQL: SHOW COLUMNS FROM `tb_menu_key2content` [ RunTime:0.0019s ]
SQL: INSERT INTO `tb_menu_key2content` (`key`,`content`) VALUES ('14788486190000','1') [ RunTime:0.0009s ]
ERR: 1062:Duplicate entry '147884861900' for key 'PRIMARY'
 [ SQL语句 ] : INSERT INTO `tb_menu_key2content` (`key`,`content`) VALUES ('14788486190001','2')
ERR: 1062:Duplicate entry '147884861900' for key 'PRIMARY'
 [ SQL语句 ] : INSERT INTO `tb_menu_key2content` (`key`,`content`) VALUES ('14788486190001','2')

[ 2016-11-11T15:17:00+08:00 ] ::1 /CES/index.php/Home/Menu/upMenuList
INFO: [ app_init ] --START--
INFO: Run Behavior\BuildLiteBehavior [ RunTime:0.000005s ]
INFO: [ app_init ] --END-- [ RunTime:0.000170s ]
INFO: [ app_begin ] --START--
INFO: Run Behavior\ReadHtmlCacheBehavior [ RunTime:0.000261s ]
INFO: [ app_begin ] --END-- [ RunTime:0.000283s ]
SQL: SHOW COLUMNS FROM `tb_menu_key2content` [ RunTime:0.0029s ]
SQL: INSERT INTO `tb_menu_key2content` (`key`,`content`) VALUES ('14788486200000','1') [ RunTime:0.0008s ]
ERR: 1062:Duplicate entry '147884862000' for key 'PRIMARY'
 [ SQL语句 ] : INSERT INTO `tb_menu_key2content` (`key`,`content`) VALUES ('14788486200001','2')
ERR: 1062:Duplicate entry '147884862000' for key 'PRIMARY'
 [ SQL语句 ] : INSERT INTO `tb_menu_key2content` (`key`,`content`) VALUES ('14788486200001','2')

[ 2016-11-11T15:17:01+08:00 ] ::1 /CES/index.php/Home/Menu/upMenuList
INFO: [ app_init ] --START--
INFO: Run Behavior\BuildLiteBehavior [ RunTime:0.000007s ]
INFO: [ app_init ] --END-- [ RunTime:0.000184s ]
INFO: [ app_begin ] --START--
INFO: Run Behavior\ReadHtmlCacheBehavior [ RunTime:0.000221s ]
INFO: [ app_begin ] --END-- [ RunTime:0.000239s ]
SQL: SHOW COLUMNS FROM `tb_menu_key2content` [ RunTime:0.0019s ]
ERR: 1062:Duplicate entry '147884862000' for key 'PRIMARY'
 [ SQL语句 ] : INSERT INTO `tb_menu_key2content` (`key`,`content`) VALUES ('14788486200000','1')
ERR: 1062:Duplicate entry '147884862000' for key 'PRIMARY'
 [ SQL语句 ] : INSERT INTO `tb_menu_key2content` (`key`,`content`) VALUES ('14788486200000','1')

[ 2016-11-11T15:17:02+08:00 ] ::1 /CES/index.php/Home/Menu/upMenuList
INFO: [ app_init ] --START--
INFO: Run Behavior\BuildLiteBehavior [ RunTime:0.000008s ]
INFO: [ app_init ] --END-- [ RunTime:0.000189s ]
INFO: [ app_begin ] --START--
INFO: Run Behavior\ReadHtmlCacheBehavior [ RunTime:0.000362s ]
INFO: [ app_begin ] --END-- [ RunTime:0.000413s ]
SQL: SHOW COLUMNS FROM `tb_menu_key2content` [ RunTime:0.0019s ]
SQL: INSERT INTO `tb_menu_key2content` (`key`,`content`) VALUES ('14788486220000','1') [ RunTime:0.0011s ]
ERR: 1062:Duplicate entry '147884862200' for key 'PRIMARY'
 [ SQL语句 ] : INSERT INTO `tb_menu_key2content` (`key`,`content`) VALUES ('14788486220001','2')
ERR: 1062:Duplicate entry '147884862200' for key 'PRIMARY'
 [ SQL语句 ] : INSERT INTO `tb_menu_key2content` (`key`,`content`) VALUES ('14788486220001','2')

[ 2016-11-11T15:20:51+08:00 ] ::1 /CES/index.php/Home/Menu/upMenuList
INFO: [ app_init ] --START--
INFO: Run Behavior\BuildLiteBehavior [ RunTime:0.000006s ]
INFO: [ app_init ] --END-- [ RunTime:0.000172s ]
INFO: [ app_begin ] --START--
INFO: Run Behavior\ReadHtmlCacheBehavior [ RunTime:0.000212s ]
INFO: [ app_begin ] --END-- [ RunTime:0.000230s ]
SQL: SHOW COLUMNS FROM `tb_menu_key2content` [ RunTime:0.0023s ]
SQL: INSERT INTO `tb_menu_key2content` (`key`,`content`) VALUES ('14788488500000','1') [ RunTime:0.0006s ]
NOTIC: [2] curl_setopt(): Disabling safe uploads is no longer supported /Users/lawrance/Data/CES/CES/Home/Controller/MenuController.class.php 第 86 行.
NOTIC: [2] curl_setopt(): Disabling safe uploads is no longer supported /Users/lawrance/Data/CES/CES/Home/Controller/MenuController.class.php 第 86 行.

[ 2016-11-11T15:21:06+08:00 ] ::1 /CES/index.php/Home/Menu/upMenuList
INFO: [ app_init ] --START--
INFO: Run Behavior\BuildLiteBehavior [ RunTime:0.000011s ]
INFO: [ app_init ] --END-- [ RunTime:0.000270s ]
INFO: [ app_begin ] --START--
INFO: Run Behavior\ReadHtmlCacheBehavior [ RunTime:0.000319s ]
INFO: [ app_begin ] --END-- [ RunTime:0.000346s ]
SQL: SHOW COLUMNS FROM `tb_menu_key2content` [ RunTime:0.0019s ]
SQL: INSERT INTO `tb_menu_key2content` (`key`,`content`) VALUES ('14788488650000','1') [ RunTime:0.0007s ]
NOTIC: [2] curl_setopt(): Disabling safe uploads is no longer supported /Users/lawrance/Data/CES/CES/Home/Controller/MenuController.class.php 第 86 行.
NOTIC: [2] curl_setopt(): Disabling safe uploads is no longer supported /Users/lawrance/Data/CES/CES/Home/Controller/MenuController.class.php 第 86 行.

[ 2016-11-11T15:25:42+08:00 ] ::1 /CES/index.php/Home/Menu/upMenuList
INFO: [ app_init ] --START--
INFO: Run Behavior\BuildLiteBehavior [ RunTime:0.000006s ]
INFO: [ app_init ] --END-- [ RunTime:0.000181s ]
INFO: [ app_begin ] --START--
INFO: Run Behavior\ReadHtmlCacheBehavior [ RunTime:0.000234s ]
INFO: [ app_begin ] --END-- [ RunTime:0.000253s ]
SQL: SHOW COLUMNS FROM `tb_menu_key2content` [ RunTime:0.0025s ]
SQL: INSERT INTO `tb_menu_key2content` (`key`,`content`) VALUES ('14788491420000','1') [ RunTime:0.0037s ]
ERR: 1062:Duplicate entry '147884914200' for key 'PRIMARY'
 [ SQL语句 ] : INSERT INTO `tb_menu_key2content` (`key`,`content`) VALUES ('14788491420001','3')
ERR: 1062:Duplicate entry '147884914200' for key 'PRIMARY'
 [ SQL语句 ] : INSERT INTO `tb_menu_key2content` (`key`,`content`) VALUES ('14788491420001','3')

[ 2016-11-11T15:25:45+08:00 ] ::1 /CES/index.php/Home/Menu/upMenuList
INFO: [ app_init ] --START--
INFO: Run Behavior\BuildLiteBehavior [ RunTime:0.000011s ]
INFO: [ app_init ] --END-- [ RunTime:0.000272s ]
INFO: [ app_begin ] --START--
INFO: Run Behavior\ReadHtmlCacheBehavior [ RunTime:0.000402s ]
INFO: [ app_begin ] --END-- [ RunTime:0.000445s ]
SQL: SHOW COLUMNS FROM `tb_menu_key2content` [ RunTime:0.0008s ]
SQL: INSERT INTO `tb_menu_key2content` (`key`,`content`) VALUES ('14788491450000','1') [ RunTime:0.0009s ]
ERR: 1062:Duplicate entry '147884914500' for key 'PRIMARY'
 [ SQL语句 ] : INSERT INTO `tb_menu_key2content` (`key`,`content`) VALUES ('14788491450001','3')
ERR: 1062:Duplicate entry '147884914500' for key 'PRIMARY'
 [ SQL语句 ] : INSERT INTO `tb_menu_key2content` (`key`,`content`) VALUES ('14788491450001','3')

[ 2016-11-11T15:27:00+08:00 ] ::1 /CES/index.php/Home/Menu/upMenuList
INFO: [ app_init ] --START--
INFO: Run Behavior\BuildLiteBehavior [ RunTime:0.000006s ]
INFO: [ app_init ] --END-- [ RunTime:0.000172s ]
INFO: [ app_begin ] --START--
INFO: Run Behavior\ReadHtmlCacheBehavior [ RunTime:0.000212s ]
INFO: [ app_begin ] --END-- [ RunTime:0.000231s ]
SQL: SHOW COLUMNS FROM `tb_menu_key2content` [ RunTime:0.0044s ]
SQL: INSERT INTO `tb_menu_key2content` (`key`,`content`) VALUES ('14788492200000','1') [ RunTime:0.0006s ]
ERR: 1062:Duplicate entry '147884922000' for key 'PRIMARY'
 [ SQL语句 ] : INSERT INTO `tb_menu_key2content` (`key`,`content`) VALUES ('14788492200001','2')
ERR: 1062:Duplicate entry '147884922000' for key 'PRIMARY'
 [ SQL语句 ] : INSERT INTO `tb_menu_key2content` (`key`,`content`) VALUES ('14788492200001','2')

[ 2016-11-11T15:32:11+08:00 ] ::1 /CES/index.php/Home/Menu/upMenuList
INFO: [ app_init ] --START--
INFO: Run Behavior\BuildLiteBehavior [ RunTime:0.000006s ]
INFO: [ app_init ] --END-- [ RunTime:0.000173s ]
INFO: [ app_begin ] --START--
INFO: Run Behavior\ReadHtmlCacheBehavior [ RunTime:0.000230s ]
INFO: [ app_begin ] --END-- [ RunTime:0.000251s ]
SQL: SHOW COLUMNS FROM `tb_menu_key2content` [ RunTime:0.0024s ]
SQL: INSERT INTO `tb_menu_key2content` (`key`,`content`) VALUES ('14788495310000','1') [ RunTime:0.0012s ]
ERR: 1062:Duplicate entry '147884953100' for key 'PRIMARY'
 [ SQL语句 ] : INSERT INTO `tb_menu_key2content` (`key`,`content`) VALUES ('14788495310001','2')
ERR: 1062:Duplicate entry '147884953100' for key 'PRIMARY'
 [ SQL语句 ] : INSERT INTO `tb_menu_key2content` (`key`,`content`) VALUES ('14788495310001','2')

[ 2016-11-11T15:32:12+08:00 ] ::1 /CES/index.php/Home/Menu/upMenuList
INFO: [ app_init ] --START--
INFO: Run Behavior\BuildLiteBehavior [ RunTime:0.000007s ]
INFO: [ app_init ] --END-- [ RunTime:0.000244s ]
INFO: [ app_begin ] --START--
INFO: Run Behavior\ReadHtmlCacheBehavior [ RunTime:0.000276s ]
INFO: [ app_begin ] --END-- [ RunTime:0.000306s ]
SQL: SHOW COLUMNS FROM `tb_menu_key2content` [ RunTime:0.0009s ]
SQL: INSERT INTO `tb_menu_key2content` (`key`,`content`) VALUES ('14788495320000','1') [ RunTime:0.0006s ]
ERR: 1062:Duplicate entry '147884953200' for key 'PRIMARY'
 [ SQL语句 ] : INSERT INTO `tb_menu_key2content` (`key`,`content`) VALUES ('14788495320001','2')
ERR: 1062:Duplicate entry '147884953200' for key 'PRIMARY'
 [ SQL语句 ] : INSERT INTO `tb_menu_key2content` (`key`,`content`) VALUES ('14788495320001','2')

[ 2016-11-11T15:32:13+08:00 ] ::1 /CES/index.php/Home/Menu/upMenuList
INFO: [ app_init ] --START--
INFO: Run Behavior\BuildLiteBehavior [ RunTime:0.000006s ]
INFO: [ app_init ] --END-- [ RunTime:0.000174s ]
INFO: [ app_begin ] --START--
INFO: Run Behavior\ReadHtmlCacheBehavior [ RunTime:0.000212s ]
INFO: [ app_begin ] --END-- [ RunTime:0.000231s ]
SQL: SHOW COLUMNS FROM `tb_menu_key2content` [ RunTime:0.0019s ]
SQL: INSERT INTO `tb_menu_key2content` (`key`,`content`) VALUES ('14788495330000','1') [ RunTime:0.0014s ]
ERR: 1062:Duplicate entry '147884953300' for key 'PRIMARY'
 [ SQL语句 ] : INSERT INTO `tb_menu_key2content` (`key`,`content`) VALUES ('14788495330001','2')
ERR: 1062:Duplicate entry '147884953300' for key 'PRIMARY'
 [ SQL语句 ] : INSERT INTO `tb_menu_key2content` (`key`,`content`) VALUES ('14788495330001','2')

[ 2016-11-11T15:32:13+08:00 ] ::1 /CES/index.php/Home/Menu/upMenuList
INFO: [ app_init ] --START--
INFO: Run Behavior\BuildLiteBehavior [ RunTime:0.000007s ]
INFO: [ app_init ] --END-- [ RunTime:0.000214s ]
INFO: [ app_begin ] --START--
INFO: Run Behavior\ReadHtmlCacheBehavior [ RunTime:0.000244s ]
INFO: [ app_begin ] --END-- [ RunTime:0.000267s ]
SQL: SHOW COLUMNS FROM `tb_menu_key2content` [ RunTime:0.0051s ]
ERR: 1062:Duplicate entry '147884953300' for key 'PRIMARY'
 [ SQL语句 ] : INSERT INTO `tb_menu_key2content` (`key`,`content`) VALUES ('14788495330000','1')
ERR: 1062:Duplicate entry '147884953300' for key 'PRIMARY'
 [ SQL语句 ] : INSERT INTO `tb_menu_key2content` (`key`,`content`) VALUES ('14788495330000','1')

[ 2016-11-11T15:32:14+08:00 ] ::1 /CES/index.php/Home/Menu/upMenuList
INFO: [ app_init ] --START--
INFO: Run Behavior\BuildLiteBehavior [ RunTime:0.000010s ]
INFO: [ app_init ] --END-- [ RunTime:0.000271s ]
INFO: [ app_begin ] --START--
INFO: Run Behavior\ReadHtmlCacheBehavior [ RunTime:0.000291s ]
INFO: [ app_begin ] --END-- [ RunTime:0.000320s ]
SQL: SHOW COLUMNS FROM `tb_menu_key2content` [ RunTime:0.0024s ]
SQL: INSERT INTO `tb_menu_key2content` (`key`,`content`) VALUES ('14788495340000','1') [ RunTime:0.0009s ]
ERR: 1062:Duplicate entry '147884953400' for key 'PRIMARY'
 [ SQL语句 ] : INSERT INTO `tb_menu_key2content` (`key`,`content`) VALUES ('14788495340001','2')
ERR: 1062:Duplicate entry '147884953400' for key 'PRIMARY'
 [ SQL语句 ] : INSERT INTO `tb_menu_key2content` (`key`,`content`) VALUES ('14788495340001','2')

[ 2016-11-11T15:32:14+08:00 ] ::1 /CES/index.php/Home/Menu/upMenuList
INFO: [ app_init ] --START--
INFO: Run Behavior\BuildLiteBehavior [ RunTime:0.000008s ]
INFO: [ app_init ] --END-- [ RunTime:0.000276s ]
INFO: [ app_begin ] --START--
INFO: Run Behavior\ReadHtmlCacheBehavior [ RunTime:0.000248s ]
INFO: [ app_begin ] --END-- [ RunTime:0.000272s ]
SQL: SHOW COLUMNS FROM `tb_menu_key2content` [ RunTime:0.0009s ]
ERR: 1062:Duplicate entry '147884953400' for key 'PRIMARY'
 [ SQL语句 ] : INSERT INTO `tb_menu_key2content` (`key`,`content`) VALUES ('14788495340000','1')
ERR: 1062:Duplicate entry '147884953400' for key 'PRIMARY'
 [ SQL语句 ] : INSERT INTO `tb_menu_key2content` (`key`,`content`) VALUES ('14788495340000','1')

[ 2016-11-11T15:32:14+08:00 ] ::1 /CES/index.php/Home/Menu/upMenuList
INFO: [ app_init ] --START--
INFO: Run Behavior\BuildLiteBehavior [ RunTime:0.000006s ]
INFO: [ app_init ] --END-- [ RunTime:0.000169s ]
INFO: [ app_begin ] --START--
INFO: Run Behavior\ReadHtmlCacheBehavior [ RunTime:0.000207s ]
INFO: [ app_begin ] --END-- [ RunTime:0.000226s ]
SQL: SHOW COLUMNS FROM `tb_menu_key2content` [ RunTime:0.0020s ]
ERR: 1062:Duplicate entry '147884953400' for key 'PRIMARY'
 [ SQL语句 ] : INSERT INTO `tb_menu_key2content` (`key`,`content`) VALUES ('14788495340000','1')
ERR: 1062:Duplicate entry '147884953400' for key 'PRIMARY'
 [ SQL语句 ] : INSERT INTO `tb_menu_key2content` (`key`,`content`) VALUES ('14788495340000','1')

[ 2016-11-11T15:32:14+08:00 ] ::1 /CES/index.php/Home/Menu/upMenuList
INFO: [ app_init ] --START--
INFO: Run Behavior\BuildLiteBehavior [ RunTime:0.000007s ]
INFO: [ app_init ] --END-- [ RunTime:0.000175s ]
INFO: [ app_begin ] --START--
INFO: Run Behavior\ReadHtmlCacheBehavior [ RunTime:0.000213s ]
INFO: [ app_begin ] --END-- [ RunTime:0.000232s ]
SQL: SHOW COLUMNS FROM `tb_menu_key2content` [ RunTime:0.0019s ]
ERR: 1062:Duplicate entry '147884953400' for key 'PRIMARY'
 [ SQL语句 ] : INSERT INTO `tb_menu_key2content` (`key`,`content`) VALUES ('14788495340000','1')
ERR: 1062:Duplicate entry '147884953400' for key 'PRIMARY'
 [ SQL语句 ] : INSERT INTO `tb_menu_key2content` (`key`,`content`) VALUES ('14788495340000','1')

[ 2016-11-11T15:32:15+08:00 ] ::1 /CES/index.php/Home/Menu/upMenuList
INFO: [ app_init ] --START--
INFO: Run Behavior\BuildLiteBehavior [ RunTime:0.000006s ]
INFO: [ app_init ] --END-- [ RunTime:0.000188s ]
INFO: [ app_begin ] --START--
INFO: Run Behavior\ReadHtmlCacheBehavior [ RunTime:0.000210s ]
INFO: [ app_begin ] --END-- [ RunTime:0.000229s ]
SQL: SHOW COLUMNS FROM `tb_menu_key2content` [ RunTime:0.0018s ]
SQL: INSERT INTO `tb_menu_key2content` (`key`,`content`) VALUES ('14788495350000','1') [ RunTime:0.0006s ]
ERR: 1062:Duplicate entry '147884953500' for key 'PRIMARY'
 [ SQL语句 ] : INSERT INTO `tb_menu_key2content` (`key`,`content`) VALUES ('14788495350001','2')
ERR: 1062:Duplicate entry '147884953500' for key 'PRIMARY'
 [ SQL语句 ] : INSERT INTO `tb_menu_key2content` (`key`,`content`) VALUES ('14788495350001','2')

[ 2016-11-11T15:32:15+08:00 ] ::1 /CES/index.php/Home/Menu/upMenuList
INFO: [ app_init ] --START--
INFO: Run Behavior\BuildLiteBehavior [ RunTime:0.000005s ]
INFO: [ app_init ] --END-- [ RunTime:0.000170s ]
INFO: [ app_begin ] --START--
INFO: Run Behavior\ReadHtmlCacheBehavior [ RunTime:0.000207s ]
INFO: [ app_begin ] --END-- [ RunTime:0.000226s ]
SQL: SHOW COLUMNS FROM `tb_menu_key2content` [ RunTime:0.0019s ]
ERR: 1062:Duplicate entry '147884953500' for key 'PRIMARY'
 [ SQL语句 ] : INSERT INTO `tb_menu_key2content` (`key`,`content`) VALUES ('14788495350000','1')
ERR: 1062:Duplicate entry '147884953500' for key 'PRIMARY'
 [ SQL语句 ] : INSERT INTO `tb_menu_key2content` (`key`,`content`) VALUES ('14788495350000','1')

[ 2016-11-11T15:33:21+08:00 ] ::1 /CES/index.php/Home/Menu/upMenuList
INFO: [ app_init ] --START--
INFO: Run Behavior\BuildLiteBehavior [ RunTime:0.000016s ]
INFO: [ app_init ] --END-- [ RunTime:0.000415s ]
INFO: [ app_begin ] --START--
INFO: Run Behavior\ReadHtmlCacheBehavior [ RunTime:0.000241s ]
INFO: [ app_begin ] --END-- [ RunTime:0.000260s ]
SQL: SHOW COLUMNS FROM `tb_menu_key2content` [ RunTime:0.0017s ]
ERR: 1062:Duplicate entry '147884922000' for key 'PRIMARY'
 [ SQL语句 ] : INSERT INTO `tb_menu_key2content` (`key`,`content`) VALUES ('14788492200000','1')
ERR: 1062:Duplicate entry '147884922000' for key 'PRIMARY'
 [ SQL语句 ] : INSERT INTO `tb_menu_key2content` (`key`,`content`) VALUES ('14788492200000','1')

[ 2016-11-11T15:33:23+08:00 ] ::1 /CES/index.php/Home/Menu/upMenuList
INFO: [ app_init ] --START--
INFO: Run Behavior\BuildLiteBehavior [ RunTime:0.000015s ]
INFO: [ app_init ] --END-- [ RunTime:0.000361s ]
INFO: [ app_begin ] --START--
INFO: Run Behavior\ReadHtmlCacheBehavior [ RunTime:0.000403s ]
INFO: [ app_begin ] --END-- [ RunTime:0.000437s ]
SQL: SHOW COLUMNS FROM `tb_menu_key2content` [ RunTime:0.0019s ]
ERR: 1062:Duplicate entry '147884922000' for key 'PRIMARY'
 [ SQL语句 ] : INSERT INTO `tb_menu_key2content` (`key`,`content`) VALUES ('14788492200000','1')
ERR: 1062:Duplicate entry '147884922000' for key 'PRIMARY'
 [ SQL语句 ] : INSERT INTO `tb_menu_key2content` (`key`,`content`) VALUES ('14788492200000','1')

[ 2016-11-11T15:35:00+08:00 ] ::1 /CES/index.php/Home/Menu/upMenuList
INFO: [ app_init ] --START--
INFO: Run Behavior\BuildLiteBehavior [ RunTime:0.000008s ]
INFO: [ app_init ] --END-- [ RunTime:0.000254s ]
INFO: [ app_begin ] --START--
INFO: Run Behavior\ReadHtmlCacheBehavior [ RunTime:0.000427s ]
INFO: [ app_begin ] --END-- [ RunTime:0.000470s ]
ERR: Cannot use object of type stdClass as array

[ 2016-11-11T15:35:02+08:00 ] ::1 /CES/index.php/Home/Menu/upMenuList
INFO: [ app_init ] --START--
INFO: Run Behavior\BuildLiteBehavior [ RunTime:0.000007s ]
INFO: [ app_init ] --END-- [ RunTime:0.000182s ]
INFO: [ app_begin ] --START--
INFO: Run Behavior\ReadHtmlCacheBehavior [ RunTime:0.000328s ]
INFO: [ app_begin ] --END-- [ RunTime:0.000360s ]
ERR: Cannot use object of type stdClass as array

[ 2016-11-11T15:35:03+08:00 ] ::1 /CES/index.php/Home/Menu/upMenuList
INFO: [ app_init ] --START--
INFO: Run Behavior\BuildLiteBehavior [ RunTime:0.000007s ]
INFO: [ app_init ] --END-- [ RunTime:0.000177s ]
INFO: [ app_begin ] --START--
INFO: Run Behavior\ReadHtmlCacheBehavior [ RunTime:0.000225s ]
INFO: [ app_begin ] --END-- [ RunTime:0.000245s ]
ERR: Cannot use object of type stdClass as array

[ 2016-11-11T15:36:24+08:00 ] ::1 /CES/index.php/Home/Menu/upMenuList
INFO: [ app_init ] --START--
INFO: Run Behavior\BuildLiteBehavior [ RunTime:0.000008s ]
INFO: [ app_init ] --END-- [ RunTime:0.000209s ]
INFO: [ app_begin ] --START--
INFO: Run Behavior\ReadHtmlCacheBehavior [ RunTime:0.000261s ]
INFO: [ app_begin ] --END-- [ RunTime:0.000284s ]

[ 2016-11-11T15:38:25+08:00 ] ::1 /CES/index.php/Home/Menu/upMenuList
INFO: [ app_init ] --START--
INFO: Run Behavior\BuildLiteBehavior [ RunTime:0.000012s ]
INFO: [ app_init ] --END-- [ RunTime:0.000335s ]
INFO: [ app_begin ] --START--
INFO: Run Behavior\ReadHtmlCacheBehavior [ RunTime:0.000266s ]
INFO: [ app_begin ] --END-- [ RunTime:0.000300s ]
ERR: Cannot use object of type stdClass as array

[ 2016-11-11T15:38:27+08:00 ] ::1 /CES/index.php/Home/Menu/upMenuList
INFO: [ app_init ] --START--
INFO: Run Behavior\BuildLiteBehavior [ RunTime:0.000008s ]
INFO: [ app_init ] --END-- [ RunTime:0.000203s ]
INFO: [ app_begin ] --START--
INFO: Run Behavior\ReadHtmlCacheBehavior [ RunTime:0.000370s ]
INFO: [ app_begin ] --END-- [ RunTime:0.000411s ]
ERR: Cannot use object of type stdClass as array

[ 2016-11-11T15:40:37+08:00 ] ::1 /CES/index.php/Home/Menu/upMenuList
INFO: [ app_init ] --START--
INFO: Run Behavior\BuildLiteBehavior [ RunTime:0.000012s ]
INFO: [ app_init ] --END-- [ RunTime:0.000323s ]
INFO: [ app_begin ] --START--
INFO: Run Behavior\ReadHtmlCacheBehavior [ RunTime:0.000348s ]
INFO: [ app_begin ] --END-- [ RunTime:0.000383s ]
ERR: Cannot use object of type stdClass as array

[ 2016-11-11T15:40:38+08:00 ] ::1 /CES/index.php/Home/Menu/upMenuList
INFO: [ app_init ] --START--
INFO: Run Behavior\BuildLiteBehavior [ RunTime:0.000006s ]
INFO: [ app_init ] --END-- [ RunTime:0.000167s ]
INFO: [ app_begin ] --START--
INFO: Run Behavior\ReadHtmlCacheBehavior [ RunTime:0.000206s ]
INFO: [ app_begin ] --END-- [ RunTime:0.000224s ]
ERR: Cannot use object of type stdClass as array

[ 2016-11-11T15:40:38+08:00 ] ::1 /CES/index.php/Home/Menu/upMenuList
INFO: [ app_init ] --START--
INFO: Run Behavior\BuildLiteBehavior [ RunTime:0.000006s ]
INFO: [ app_init ] --END-- [ RunTime:0.000189s ]
INFO: [ app_begin ] --START--
INFO: Run Behavior\ReadHtmlCacheBehavior [ RunTime:0.000208s ]
INFO: [ app_begin ] --END-- [ RunTime:0.000227s ]
ERR: Cannot use object of type stdClass as array

[ 2016-11-11T15:40:38+08:00 ] ::1 /CES/index.php/Home/Menu/upMenuList
INFO: [ app_init ] --START--
INFO: Run Behavior\BuildLiteBehavior [ RunTime:0.000006s ]
INFO: [ app_init ] --END-- [ RunTime:0.000182s ]
INFO: [ app_begin ] --START--
INFO: Run Behavior\ReadHtmlCacheBehavior [ RunTime:0.000211s ]
INFO: [ app_begin ] --END-- [ RunTime:0.000230s ]
ERR: Cannot use object of type stdClass as array

[ 2016-11-11T15:41:13+08:00 ] ::1 /CES/index.php/Home/Menu/upMenuList
INFO: [ app_init ] --START--
INFO: Run Behavior\BuildLiteBehavior [ RunTime:0.000009s ]
INFO: [ app_init ] --END-- [ RunTime:0.000219s ]
INFO: [ app_begin ] --START--
INFO: Run Behavior\ReadHtmlCacheBehavior [ RunTime:0.000228s ]
INFO: [ app_begin ] --END-- [ RunTime:0.000248s ]
NOTIC: [8] Trying to get property of non-object /Users/lawrance/Data/CES/CES/Home/Controller/MenuController.class.php 第 51 行.
NOTIC: [8] Trying to get property of non-object /Users/lawrance/Data/CES/CES/Home/Controller/MenuController.class.php 第 56 行.
NOTIC: [8] Trying to get property of non-object /Users/lawrance/Data/CES/CES/Home/Controller/MenuController.class.php 第 56 行.
NOTIC: [8] Trying to get property of non-object /Users/lawrance/Data/CES/CES/Home/Controller/MenuController.class.php 第 51 行.
NOTIC: [8] Trying to get property of non-object /Users/lawrance/Data/CES/CES/Home/Controller/MenuController.class.php 第 56 行.
NOTIC: [8] Trying to get property of non-object /Users/lawrance/Data/CES/CES/Home/Controller/MenuController.class.php 第 56 行.
NOTIC: [8] Trying to get property of non-object /Users/lawrance/Data/CES/CES/Home/Controller/MenuController.class.php 第 51 行.
NOTIC: [8] Trying to get property of non-object /Users/lawrance/Data/CES/CES/Home/Controller/MenuController.class.php 第 56 行.
NOTIC: [8] Trying to get property of non-object /Users/lawrance/Data/CES/CES/Home/Controller/MenuController.class.php 第 56 行.

[ 2016-11-11T15:42:15+08:00 ] ::1 /CES/index.php/Home/Menu/upMenuList
INFO: [ app_init ] --START--
INFO: Run Behavior\BuildLiteBehavior [ RunTime:0.000007s ]
INFO: [ app_init ] --END-- [ RunTime:0.000188s ]
INFO: [ app_begin ] --START--
INFO: Run Behavior\ReadHtmlCacheBehavior [ RunTime:0.000236s ]
INFO: [ app_begin ] --END-- [ RunTime:0.000259s ]
ERR: Cannot use object of type stdClass as array

[ 2016-11-11T15:48:26+08:00 ] ::1 /CES/index.php/Home/Menu/upMenuList
INFO: [ app_init ] --START--
INFO: Run Behavior\BuildLiteBehavior [ RunTime:0.000031s ]
INFO: [ app_init ] --END-- [ RunTime:0.000465s ]
INFO: [ app_begin ] --START--
INFO: Run Behavior\ReadHtmlCacheBehavior [ RunTime:0.000494s ]
INFO: [ app_begin ] --END-- [ RunTime:0.000558s ]

[ 2016-11-11T15:49:27+08:00 ] ::1 /CES/index.php/Home/Menu/upMenuList
INFO: [ app_init ] --START--
INFO: Run Behavior\BuildLiteBehavior [ RunTime:0.000007s ]
INFO: [ app_init ] --END-- [ RunTime:0.000186s ]
INFO: [ app_begin ] --START--
INFO: Run Behavior\ReadHtmlCacheBehavior [ RunTime:0.000312s ]
INFO: [ app_begin ] --END-- [ RunTime:0.000361s ]
SQL: SHOW COLUMNS FROM `tb_menu_key2content` [ RunTime:0.0020s ]
SQL: INSERT INTO `tb_menu_key2content` (`key`,`content`) VALUES ('14788505670000','1') [ RunTime:0.0186s ]
ERR: 1062:Duplicate entry '147885056700' for key 'PRIMARY'
 [ SQL语句 ] : INSERT INTO `tb_menu_key2content` (`key`,`content`) VALUES ('14788505670001','2')
ERR: 1062:Duplicate entry '147885056700' for key 'PRIMARY'
 [ SQL语句 ] : INSERT INTO `tb_menu_key2content` (`key`,`content`) VALUES ('14788505670001','2')

[ 2016-11-11T15:49:56+08:00 ] ::1 /CES/index.php/Home/Menu/upMenuList
INFO: [ app_init ] --START--
INFO: Run Behavior\BuildLiteBehavior [ RunTime:0.000008s ]
INFO: [ app_init ] --END-- [ RunTime:0.000285s ]
INFO: [ app_begin ] --START--
INFO: Run Behavior\ReadHtmlCacheBehavior [ RunTime:0.000293s ]
INFO: [ app_begin ] --END-- [ RunTime:0.000324s ]
NOTIC: [2] curl_setopt(): Disabling safe uploads is no longer supported /Users/lawrance/Data/CES/CES/Home/Controller/MenuController.class.php 第 88 行.
NOTIC: [2] curl_setopt(): Disabling safe uploads is no longer supported /Users/lawrance/Data/CES/CES/Home/Controller/MenuController.class.php 第 88 行.

[ 2016-11-11T15:49:58+08:00 ] ::1 /CES/index.php/Home/Menu/upMenuList
INFO: [ app_init ] --START--
INFO: Run Behavior\BuildLiteBehavior [ RunTime:0.000011s ]
INFO: [ app_init ] --END-- [ RunTime:0.000267s ]
INFO: [ app_begin ] --START--
INFO: Run Behavior\ReadHtmlCacheBehavior [ RunTime:0.000237s ]
INFO: [ app_begin ] --END-- [ RunTime:0.000256s ]
NOTIC: [2] curl_setopt(): Disabling safe uploads is no longer supported /Users/lawrance/Data/CES/CES/Home/Controller/MenuController.class.php 第 88 行.
NOTIC: [2] curl_setopt(): Disabling safe uploads is no longer supported /Users/lawrance/Data/CES/CES/Home/Controller/MenuController.class.php 第 88 行.

[ 2016-11-11T15:52:58+08:00 ] ::1 /CES/index.php/Home/Menu/upMenuList
INFO: [ app_init ] --START--
INFO: Run Behavior\BuildLiteBehavior [ RunTime:0.000009s ]
INFO: [ app_init ] --END-- [ RunTime:0.000227s ]
INFO: [ app_begin ] --START--
INFO: Run Behavior\ReadHtmlCacheBehavior [ RunTime:0.000239s ]
INFO: [ app_begin ] --END-- [ RunTime:0.000261s ]
SQL: SHOW COLUMNS FROM `tb_menu_key2content` [ RunTime:0.0019s ]
SQL: INSERT INTO `tb_menu_key2content` (`key`,`content`) VALUES ('14788507780000','1') [ RunTime:0.0006s ]
ERR: 1062:Duplicate entry '147885077800' for key 'PRIMARY'
 [ SQL语句 ] : INSERT INTO `tb_menu_key2content` (`key`,`content`) VALUES ('14788507780001','2')
ERR: 1062:Duplicate entry '147885077800' for key 'PRIMARY'
 [ SQL语句 ] : INSERT INTO `tb_menu_key2content` (`key`,`content`) VALUES ('14788507780001','2')

[ 2016-11-11T15:55:01+08:00 ] ::1 /CES/index.php/Home/Menu/upMenuList
INFO: [ app_init ] --START--
INFO: Run Behavior\BuildLiteBehavior [ RunTime:0.000007s ]
INFO: [ app_init ] --END-- [ RunTime:0.000216s ]
INFO: [ app_begin ] --START--
INFO: Run Behavior\ReadHtmlCacheBehavior [ RunTime:0.000289s ]
INFO: [ app_begin ] --END-- [ RunTime:0.000315s ]

[ 2016-11-11T15:55:15+08:00 ] ::1 /CES/index.php/Home/Menu/upMenuList
INFO: [ app_init ] --START--
INFO: Run Behavior\BuildLiteBehavior [ RunTime:0.000010s ]
INFO: [ app_init ] --END-- [ RunTime:0.000256s ]
INFO: [ app_begin ] --START--
INFO: Run Behavior\ReadHtmlCacheBehavior [ RunTime:0.000391s ]
INFO: [ app_begin ] --END-- [ RunTime:0.000428s ]
NOTIC: [2] curl_setopt(): Disabling safe uploads is no longer supported /Users/lawrance/Data/CES/CES/Home/Controller/MenuController.class.php 第 89 行.
NOTIC: [2] curl_setopt(): Disabling safe uploads is no longer supported /Users/lawrance/Data/CES/CES/Home/Controller/MenuController.class.php 第 89 行.

[ 2016-11-11T15:59:04+08:00 ] ::1 /CES/index.php/Home/Menu/upMenuList
INFO: [ app_init ] --START--
INFO: Run Behavior\BuildLiteBehavior [ RunTime:0.000016s ]
INFO: [ app_init ] --END-- [ RunTime:0.000379s ]
INFO: [ app_begin ] --START--
INFO: Run Behavior\ReadHtmlCacheBehavior [ RunTime:0.000270s ]
INFO: [ app_begin ] --END-- [ RunTime:0.000297s ]
SQL: SHOW COLUMNS FROM `tb_menu_key2content` [ RunTime:0.0018s ]
SQL: INSERT INTO `tb_menu_key2content` (`key`,`content`) VALUES ('14788511430000','1') [ RunTime:0.0005s ]
ERR: 1062:Duplicate entry '147885114300' for key 'PRIMARY'
 [ SQL语句 ] : INSERT INTO `tb_menu_key2content` (`key`,`content`) VALUES ('14788511430001','2')
ERR: 1062:Duplicate entry '147885114300' for key 'PRIMARY'
 [ SQL语句 ] : INSERT INTO `tb_menu_key2content` (`key`,`content`) VALUES ('14788511430001','2')

[ 2016-11-11T16:04:21+08:00 ] ::1 /CES/index.php/Home/Menu/upMenuList
INFO: [ app_init ] --START--
INFO: Run Behavior\BuildLiteBehavior [ RunTime:0.000010s ]
INFO: [ app_init ] --END-- [ RunTime:0.000282s ]
INFO: [ app_begin ] --START--
INFO: Run Behavior\ReadHtmlCacheBehavior [ RunTime:0.000321s ]
INFO: [ app_begin ] --END-- [ RunTime:0.000346s ]
NOTIC: [2] curl_setopt(): Disabling safe uploads is no longer supported /Users/lawrance/Data/CES/CES/Home/Controller/MenuController.class.php 第 92 行.
NOTIC: [2] curl_setopt(): Disabling safe uploads is no longer supported /Users/lawrance/Data/CES/CES/Home/Controller/MenuController.class.php 第 92 行.

[ 2016-11-11T16:19:36+08:00 ] ::1 /CES/index.php/Home/Menu/upMenuList
INFO: [ app_init ] --START--
INFO: Run Behavior\BuildLiteBehavior [ RunTime:0.000011s ]
INFO: [ app_init ] --END-- [ RunTime:0.000285s ]
INFO: [ app_begin ] --START--
INFO: Run Behavior\ReadHtmlCacheBehavior [ RunTime:0.000305s ]
INFO: [ app_begin ] --END-- [ RunTime:0.000337s ]
NOTIC: [2] json_decode() expects parameter 1 to be string, array given /Users/lawrance/Data/CES/CES/Home/Controller/MenuController.class.php 第 45 行.
NOTIC: [2] curl_setopt(): Disabling safe uploads is no longer supported /Users/lawrance/Data/CES/CES/Home/Controller/MenuController.class.php 第 89 行.
NOTIC: [2] curl_setopt(): Disabling safe uploads is no longer supported /Users/lawrance/Data/CES/CES/Home/Controller/MenuController.class.php 第 89 行.

[ 2016-11-11T16:24:55+08:00 ] ::1 /CES/index.php/Home/Menu/upMenuList
INFO: [ app_init ] --START--
INFO: Run Behavior\BuildLiteBehavior [ RunTime:0.000008s ]
INFO: [ app_init ] --END-- [ RunTime:0.000172s ]
INFO: [ app_begin ] --START--
INFO: Run Behavior\ReadHtmlCacheBehavior [ RunTime:0.000204s ]
INFO: [ app_begin ] --END-- [ RunTime:0.000223s ]
NOTIC: [2] curl_setopt(): Disabling safe uploads is no longer supported /Users/lawrance/Data/CES/CES/Home/Controller/MenuController.class.php 第 89 行.
NOTIC: [2] curl_setopt(): Disabling safe uploads is no longer supported /Users/lawrance/Data/CES/CES/Home/Controller/MenuController.class.php 第 89 行.
ERR: Cannot use object of type stdClass as array

[ 2016-11-11T16:27:46+08:00 ] ::1 /CES/index.php/Home/Menu/upMenuList
INFO: [ app_init ] --START--
INFO: Run Behavior\BuildLiteBehavior [ RunTime:0.000020s ]
INFO: [ app_init ] --END-- [ RunTime:0.000469s ]
INFO: [ app_begin ] --START--
INFO: Run Behavior\ReadHtmlCacheBehavior [ RunTime:0.000479s ]
INFO: [ app_begin ] --END-- [ RunTime:0.000528s ]
NOTIC: [2] curl_setopt(): Disabling safe uploads is no longer supported /Users/lawrance/Data/CES/CES/Home/Controller/MenuController.class.php 第 89 行.
NOTIC: [2] curl_setopt(): Disabling safe uploads is no longer supported /Users/lawrance/Data/CES/CES/Home/Controller/MenuController.class.php 第 89 行.
ERR: Cannot use object of type stdClass as array

[ 2016-11-11T16:29:18+08:00 ] ::1 /CES/index.php/Home/Menu/upMenuList
INFO: [ app_init ] --START--
INFO: Run Behavior\BuildLiteBehavior [ RunTime:0.000007s ]
INFO: [ app_init ] --END-- [ RunTime:0.000260s ]
INFO: [ app_begin ] --START--
INFO: Run Behavior\ReadHtmlCacheBehavior [ RunTime:0.000300s ]
INFO: [ app_begin ] --END-- [ RunTime:0.000327s ]
ERR: Cannot use object of type stdClass as array

[ 2016-11-11T16:30:11+08:00 ] ::1 /CES/index.php/Home/Menu/upMenuList
INFO: [ app_init ] --START--
INFO: Run Behavior\BuildLiteBehavior [ RunTime:0.000009s ]
INFO: [ app_init ] --END-- [ RunTime:0.000291s ]
INFO: [ app_begin ] --START--
INFO: Run Behavior\ReadHtmlCacheBehavior [ RunTime:0.000363s ]
INFO: [ app_begin ] --END-- [ RunTime:0.000396s ]
ERR: Cannot use object of type stdClass as array

[ 2016-11-11T16:30:16+08:00 ] ::1 /CES/index.php/Home/Menu/upMenuList
INFO: [ app_init ] --START--
INFO: Run Behavior\BuildLiteBehavior [ RunTime:0.000007s ]
INFO: [ app_init ] --END-- [ RunTime:0.000176s ]
INFO: [ app_begin ] --START--
INFO: Run Behavior\ReadHtmlCacheBehavior [ RunTime:0.000212s ]
INFO: [ app_begin ] --END-- [ RunTime:0.000231s ]
ERR: Cannot use object of type stdClass as array

[ 2016-11-11T16:30:51+08:00 ] ::1 /CES/index.php/Home/Menu/upMenuList
INFO: [ app_init ] --START--
INFO: Run Behavior\BuildLiteBehavior [ RunTime:0.000011s ]
INFO: [ app_init ] --END-- [ RunTime:0.000276s ]
INFO: [ app_begin ] --START--
INFO: Run Behavior\ReadHtmlCacheBehavior [ RunTime:0.000324s ]
INFO: [ app_begin ] --END-- [ RunTime:0.000356s ]

[ 2016-11-11T16:31:50+08:00 ] ::1 /CES/index.php/Home/Menu/upMenuList
INFO: [ app_init ] --START--
INFO: Run Behavior\BuildLiteBehavior [ RunTime:0.000011s ]
INFO: [ app_init ] --END-- [ RunTime:0.000278s ]
INFO: [ app_begin ] --START--
INFO: Run Behavior\ReadHtmlCacheBehavior [ RunTime:0.000299s ]
INFO: [ app_begin ] --END-- [ RunTime:0.000332s ]

[ 2016-11-11T16:32:22+08:00 ] ::1 /CES/index.php/Home/Menu/upMenuList
INFO: [ app_init ] --START--
INFO: Run Behavior\BuildLiteBehavior [ RunTime:0.000009s ]
INFO: [ app_init ] --END-- [ RunTime:0.000213s ]
INFO: [ app_begin ] --START--
INFO: Run Behavior\ReadHtmlCacheBehavior [ RunTime:0.000240s ]
INFO: [ app_begin ] --END-- [ RunTime:0.000264s ]

[ 2016-11-11T16:32:53+08:00 ] ::1 /CES/index.php/Home/Menu/upMenuList
INFO: [ app_init ] --START--
INFO: Run Behavior\BuildLiteBehavior [ RunTime:0.000017s ]
INFO: [ app_init ] --END-- [ RunTime:0.000392s ]
INFO: [ app_begin ] --START--
INFO: Run Behavior\ReadHtmlCacheBehavior [ RunTime:0.000246s ]
INFO: [ app_begin ] --END-- [ RunTime:0.000265s ]
ERR: Cannot use object of type stdClass as array

[ 2016-11-11T16:33:07+08:00 ] ::1 /CES/index.php/Home/Menu/upMenuList
INFO: [ app_init ] --START--
INFO: Run Behavior\BuildLiteBehavior [ RunTime:0.000011s ]
INFO: [ app_init ] --END-- [ RunTime:0.000409s ]
INFO: [ app_begin ] --START--
INFO: Run Behavior\ReadHtmlCacheBehavior [ RunTime:0.000318s ]
INFO: [ app_begin ] --END-- [ RunTime:0.000348s ]
ERR: Cannot use object of type stdClass as array

[ 2016-11-11T16:33:17+08:00 ] ::1 /CES/index.php/Home/Menu/upMenuList
INFO: [ app_init ] --START--
INFO: Run Behavior\BuildLiteBehavior [ RunTime:0.000006s ]
INFO: [ app_init ] --END-- [ RunTime:0.000234s ]
INFO: [ app_begin ] --START--
INFO: Run Behavior\ReadHtmlCacheBehavior [ RunTime:0.000284s ]
INFO: [ app_begin ] --END-- [ RunTime:0.000313s ]
ERR: Cannot use object of type stdClass as array

[ 2016-11-11T16:34:05+08:00 ] ::1 /CES/index.php/Home/Menu/upMenuList
INFO: [ app_init ] --START--
INFO: Run Behavior\BuildLiteBehavior [ RunTime:0.000007s ]
INFO: [ app_init ] --END-- [ RunTime:0.000186s ]
INFO: [ app_begin ] --START--
INFO: Run Behavior\ReadHtmlCacheBehavior [ RunTime:0.000233s ]
INFO: [ app_begin ] --END-- [ RunTime:0.000253s ]
NOTIC: [8] Trying to get property of non-object /Users/lawrance/Data/CES/CES/Home/Controller/MenuController.class.php 第 54 行.
NOTIC: [8] Trying to get property of non-object /Users/lawrance/Data/CES/CES/Home/Controller/MenuController.class.php 第 60 行.
NOTIC: [8] Trying to get property of non-object /Users/lawrance/Data/CES/CES/Home/Controller/MenuController.class.php 第 60 行.
NOTIC: [8] Trying to get property of non-object /Users/lawrance/Data/CES/CES/Home/Controller/MenuController.class.php 第 54 行.
NOTIC: [8] Trying to get property of non-object /Users/lawrance/Data/CES/CES/Home/Controller/MenuController.class.php 第 60 行.
NOTIC: [8] Trying to get property of non-object /Users/lawrance/Data/CES/CES/Home/Controller/MenuController.class.php 第 60 行.
NOTIC: [8] Trying to get property of non-object /Users/lawrance/Data/CES/CES/Home/Controller/MenuController.class.php 第 54 行.
NOTIC: [8] Trying to get property of non-object /Users/lawrance/Data/CES/CES/Home/Controller/MenuController.class.php 第 60 行.
NOTIC: [8] Trying to get property of non-object /Users/lawrance/Data/CES/CES/Home/Controller/MenuController.class.php 第 60 行.

[ 2016-11-11T16:34:23+08:00 ] ::1 /CES/index.php/Home/Menu/upMenuList
INFO: [ app_init ] --START--
INFO: Run Behavior\BuildLiteBehavior [ RunTime:0.000008s ]
INFO: [ app_init ] --END-- [ RunTime:0.000257s ]
INFO: [ app_begin ] --START--
INFO: Run Behavior\ReadHtmlCacheBehavior [ RunTime:0.000270s ]
INFO: [ app_begin ] --END-- [ RunTime:0.000298s ]
NOTIC: [8] Trying to get property of non-object /Users/lawrance/Data/CES/CES/Home/Controller/MenuController.class.php 第 54 行.
NOTIC: [8] Trying to get property of non-object /Users/lawrance/Data/CES/CES/Home/Controller/MenuController.class.php 第 60 行.
NOTIC: [8] Trying to get property of non-object /Users/lawrance/Data/CES/CES/Home/Controller/MenuController.class.php 第 60 行.
NOTIC: [8] Trying to get property of non-object /Users/lawrance/Data/CES/CES/Home/Controller/MenuController.class.php 第 54 行.
NOTIC: [8] Trying to get property of non-object /Users/lawrance/Data/CES/CES/Home/Controller/MenuController.class.php 第 60 行.
NOTIC: [8] Trying to get property of non-object /Users/lawrance/Data/CES/CES/Home/Controller/MenuController.class.php 第 60 行.
NOTIC: [8] Trying to get property of non-object /Users/lawrance/Data/CES/CES/Home/Controller/MenuController.class.php 第 54 行.
NOTIC: [8] Trying to get property of non-object /Users/lawrance/Data/CES/CES/Home/Controller/MenuController.class.php 第 60 行.
NOTIC: [8] Trying to get property of non-object /Users/lawrance/Data/CES/CES/Home/Controller/MenuController.class.php 第 60 行.

[ 2016-11-11T16:34:48+08:00 ] ::1 /CES/index.php/Home/Menu/upMenuList
INFO: [ app_init ] --START--
INFO: Run Behavior\BuildLiteBehavior [ RunTime:0.000011s ]
INFO: [ app_init ] --END-- [ RunTime:0.000252s ]
INFO: [ app_begin ] --START--
INFO: Run Behavior\ReadHtmlCacheBehavior [ RunTime:0.000241s ]
INFO: [ app_begin ] --END-- [ RunTime:0.000272s ]
NOTIC: [8] Trying to get property of non-object /Users/lawrance/Data/CES/CES/Home/Controller/MenuController.class.php 第 60 行.
NOTIC: [8] Trying to get property of non-object /Users/lawrance/Data/CES/CES/Home/Controller/MenuController.class.php 第 60 行.
NOTIC: [8] Trying to get property of non-object /Users/lawrance/Data/CES/CES/Home/Controller/MenuController.class.php 第 60 行.
NOTIC: [8] Trying to get property of non-object /Users/lawrance/Data/CES/CES/Home/Controller/MenuController.class.php 第 60 行.
NOTIC: [8] Trying to get property of non-object /Users/lawrance/Data/CES/CES/Home/Controller/MenuController.class.php 第 60 行.
NOTIC: [8] Trying to get property of non-object /Users/lawrance/Data/CES/CES/Home/Controller/MenuController.class.php 第 60 行.

[ 2016-11-11T16:34:57+08:00 ] ::1 /CES/index.php/Home/Menu/upMenuList
INFO: [ app_init ] --START--
INFO: Run Behavior\BuildLiteBehavior [ RunTime:0.000011s ]
INFO: [ app_init ] --END-- [ RunTime:0.000304s ]
INFO: [ app_begin ] --START--
INFO: Run Behavior\ReadHtmlCacheBehavior [ RunTime:0.000395s ]
INFO: [ app_begin ] --END-- [ RunTime:0.000432s ]
NOTIC: [8] Trying to get property of non-object /Users/lawrance/Data/CES/CES/Home/Controller/MenuController.class.php 第 60 行.
NOTIC: [8] Trying to get property of non-object /Users/lawrance/Data/CES/CES/Home/Controller/MenuController.class.php 第 60 行.
NOTIC: [8] Trying to get property of non-object /Users/lawrance/Data/CES/CES/Home/Controller/MenuController.class.php 第 60 行.
NOTIC: [8] Trying to get property of non-object /Users/lawrance/Data/CES/CES/Home/Controller/MenuController.class.php 第 60 行.
NOTIC: [8] Trying to get property of non-object /Users/lawrance/Data/CES/CES/Home/Controller/MenuController.class.php 第 60 行.
NOTIC: [8] Trying to get property of non-object /Users/lawrance/Data/CES/CES/Home/Controller/MenuController.class.php 第 60 行.

[ 2016-11-11T16:37:27+08:00 ] ::1 /CES/index.php/Home/Menu/upMenuList
INFO: [ app_init ] --START--
INFO: Run Behavior\BuildLiteBehavior [ RunTime:0.000008s ]
INFO: [ app_init ] --END-- [ RunTime:0.000190s ]
INFO: [ app_begin ] --START--
INFO: Run Behavior\ReadHtmlCacheBehavior [ RunTime:0.000293s ]
INFO: [ app_begin ] --END-- [ RunTime:0.000320s ]
ERR: Cannot use object of type stdClass as array

[ 2016-11-11T16:39:55+08:00 ] ::1 /CES/index.php/Home/Menu/upMenuList
INFO: [ app_init ] --START--
INFO: Run Behavior\BuildLiteBehavior [ RunTime:0.000006s ]
INFO: [ app_init ] --END-- [ RunTime:0.000160s ]
INFO: [ app_begin ] --START--
INFO: Run Behavior\ReadHtmlCacheBehavior [ RunTime:0.000198s ]
INFO: [ app_begin ] --END-- [ RunTime:0.000216s ]
ERR: Cannot use object of type stdClass as array

[ 2016-11-11T16:40:46+08:00 ] ::1 /CES/index.php/Home/Menu/upMenuList
INFO: [ app_init ] --START--
INFO: Run Behavior\BuildLiteBehavior [ RunTime:0.000011s ]
INFO: [ app_init ] --END-- [ RunTime:0.000221s ]
INFO: [ app_begin ] --START--
INFO: Run Behavior\ReadHtmlCacheBehavior [ RunTime:0.000434s ]
INFO: [ app_begin ] --END-- [ RunTime:0.000483s ]
ERR: Cannot use object of type stdClass as array

[ 2016-11-11T16:45:54+08:00 ] ::1 /CES/index.php/Home/Menu/upMenuList
INFO: [ app_init ] --START--
INFO: Run Behavior\BuildLiteBehavior [ RunTime:0.000009s ]
INFO: [ app_init ] --END-- [ RunTime:0.000269s ]
INFO: [ app_begin ] --START--
INFO: Run Behavior\ReadHtmlCacheBehavior [ RunTime:0.000254s ]
INFO: [ app_begin ] --END-- [ RunTime:0.000281s ]
ERR: Cannot use object of type stdClass as array

[ 2016-11-11T16:48:25+08:00 ] ::1 /CES/index.php/Home/Menu/upMenuList
INFO: [ app_init ] --START--
INFO: Run Behavior\BuildLiteBehavior [ RunTime:0.000011s ]
INFO: [ app_init ] --END-- [ RunTime:0.000251s ]
INFO: [ app_begin ] --START--
INFO: Run Behavior\ReadHtmlCacheBehavior [ RunTime:0.000757s ]
INFO: [ app_begin ] --END-- [ RunTime:0.000822s ]
ERR: Cannot use object of type stdClass as array

[ 2016-11-11T16:48:30+08:00 ] ::1 /CES/index.php/Home/Menu/upMenuList
INFO: [ app_init ] --START--
INFO: Run Behavior\BuildLiteBehavior [ RunTime:0.000007s ]
INFO: [ app_init ] --END-- [ RunTime:0.000201s ]
INFO: [ app_begin ] --START--
INFO: Run Behavior\ReadHtmlCacheBehavior [ RunTime:0.000375s ]
INFO: [ app_begin ] --END-- [ RunTime:0.000408s ]
ERR: Cannot use object of type stdClass as array

[ 2016-11-11T16:50:39+08:00 ] ::1 /CES/index.php/Home/Menu/upMenuList
INFO: [ app_init ] --START--
INFO: Run Behavior\BuildLiteBehavior [ RunTime:0.000025s ]
INFO: [ app_init ] --END-- [ RunTime:0.000342s ]
INFO: [ app_begin ] --START--
INFO: Run Behavior\ReadHtmlCacheBehavior [ RunTime:0.000402s ]
INFO: [ app_begin ] --END-- [ RunTime:0.000440s ]
SQL: SHOW COLUMNS FROM `tb_menu_content` [ RunTime:0.0022s ]
SQL: INSERT INTO `tb_menu_content` (`keyid`,`content`) VALUES ('N7iSR1478854238000','1') [ RunTime:0.0193s ]
SQL: INSERT INTO `tb_menu_content` (`keyid`,`content`) VALUES ('PhApy1478854238000','2') [ RunTime:0.0008s ]
SQL: INSERT INTO `tb_menu_content` (`keyid`,`content`) VALUES ('RGZZ51478854238000','3') [ RunTime:0.0007s ]
NOTIC: [2] curl_setopt(): Disabling safe uploads is no longer supported /Users/lawrance/Data/CES/CES/Home/Controller/MenuController.class.php 第 92 行.
NOTIC: [2] curl_setopt(): Disabling safe uploads is no longer supported /Users/lawrance/Data/CES/CES/Home/Controller/MenuController.class.php 第 92 行.

[ 2016-11-11T16:51:07+08:00 ] ::1 /CES/index.php/Home/Menu/upMenuList
INFO: [ app_init ] --START--
INFO: Run Behavior\BuildLiteBehavior [ RunTime:0.000009s ]
INFO: [ app_init ] --END-- [ RunTime:0.000275s ]
INFO: [ app_begin ] --START--
INFO: Run Behavior\ReadHtmlCacheBehavior [ RunTime:0.000354s ]
INFO: [ app_begin ] --END-- [ RunTime:0.000392s ]
SQL: SHOW COLUMNS FROM `tb_menu_content` [ RunTime:0.0021s ]
SQL: INSERT INTO `tb_menu_content` (`keyid`,`content`) VALUES ('fys8H1478854266000','1') [ RunTime:0.0012s ]
SQL: INSERT INTO `tb_menu_content` (`keyid`,`content`) VALUES ('2Zyir1478854266000','2') [ RunTime:0.0006s ]
SQL: INSERT INTO `tb_menu_content` (`keyid`,`content`) VALUES ('83G7K1478854266000','3') [ RunTime:0.0007s ]
NOTIC: [2] curl_setopt(): Disabling safe uploads is no longer supported /Users/lawrance/Data/CES/CES/Home/Controller/MenuController.class.php 第 92 行.
NOTIC: [2] curl_setopt(): Disabling safe uploads is no longer supported /Users/lawrance/Data/CES/CES/Home/Controller/MenuController.class.php 第 92 行.

[ 2016-11-11T16:51:26+08:00 ] ::1 /CES/index.php/Home/Menu/upMenuList
INFO: [ app_init ] --START--
INFO: Run Behavior\BuildLiteBehavior [ RunTime:0.000007s ]
INFO: [ app_init ] --END-- [ RunTime:0.000186s ]
INFO: [ app_begin ] --START--
INFO: Run Behavior\ReadHtmlCacheBehavior [ RunTime:0.000252s ]
INFO: [ app_begin ] --END-- [ RunTime:0.000280s ]
SQL: SHOW COLUMNS FROM `tb_menu_content` [ RunTime:0.0019s ]
SQL: INSERT INTO `tb_menu_content` (`keyid`,`content`) VALUES ('mXp6W1478854285000','1') [ RunTime:0.0007s ]
SQL: INSERT INTO `tb_menu_content` (`keyid`,`content`) VALUES ('hDNCW1478854285000','2') [ RunTime:0.0003s ]
SQL: INSERT INTO `tb_menu_content` (`keyid`,`content`) VALUES ('bPA6M1478854285000','3') [ RunTime:0.0005s ]
NOTIC: [2] curl_setopt(): Disabling safe uploads is no longer supported /Users/lawrance/Data/CES/CES/Home/Controller/MenuController.class.php 第 90 行.
NOTIC: [2] curl_setopt(): Disabling safe uploads is no longer supported /Users/lawrance/Data/CES/CES/Home/Controller/MenuController.class.php 第 90 行.

[ 2016-11-11T16:53:45+08:00 ] ::1 /CES/index.php/Home/Menu/upMenuList
INFO: [ app_init ] --START--
INFO: Run Behavior\BuildLiteBehavior [ RunTime:0.000010s ]
INFO: [ app_init ] --END-- [ RunTime:0.000333s ]
INFO: [ app_begin ] --START--
INFO: Run Behavior\ReadHtmlCacheBehavior [ RunTime:0.000252s ]
INFO: [ app_begin ] --END-- [ RunTime:0.000276s ]
SQL: SHOW COLUMNS FROM `tb_menu_content` [ RunTime:0.0027s ]
SQL: INSERT INTO `tb_menu_content` (`keyid`,`content`) VALUES ('cjhae1478854423000','1') [ RunTime:0.0018s ]
SQL: INSERT INTO `tb_menu_content` (`keyid`,`content`) VALUES ('HmcPh1478854423000','2') [ RunTime:0.0008s ]
SQL: INSERT INTO `tb_menu_content` (`keyid`,`content`) VALUES ('DJYXG1478854423000','3') [ RunTime:0.0023s ]
NOTIC: [2] curl_setopt(): Disabling safe uploads is no longer supported /Users/lawrance/Data/CES/CES/Home/Controller/MenuController.class.php 第 86 行.
NOTIC: [2] curl_setopt(): Disabling safe uploads is no longer supported /Users/lawrance/Data/CES/CES/Home/Controller/MenuController.class.php 第 86 行.

